2026-02-13 20:18:37 | INFO | Starting run with seed = 42 and Batch Size = 1024
2026-02-13 20:18:37 | INFO | The Device is : cuda
2026-02-13 20:18:37 | INFO | Total Epochs = 3
2026-02-13 20:18:40 | INFO | Total iterations = 165
2026-02-13 20:18:41 | INFO | | An Iteration is Completed| epoch=1/3 | Iteration = 1/165| loss=2.305967| acc=9.77%
2026-02-13 20:18:41 | INFO | | An Iteration is Completed| epoch=1/3 | Iteration = 2/165| loss=2.074077| acc=45.61%
2026-02-13 20:18:41 | INFO | | An Iteration is Completed| epoch=1/3 | Iteration = 3/165| loss=1.537097| acc=60.94%
2026-02-13 20:18:41 | INFO | | An Iteration is Completed| epoch=1/3 | Iteration = 4/165| loss=1.183521| acc=63.09%
2026-02-13 20:18:41 | INFO | | An Iteration is Completed| epoch=1/3 | Iteration = 5/165| loss=1.010114| acc=67.58%
2026-02-13 20:18:41 | INFO | | An Iteration is Completed| epoch=1/3 | Iteration = 6/165| loss=1.188429| acc=56.64%
2026-02-13 20:18:41 | INFO | | An Iteration is Completed| epoch=1/3 | Iteration = 7/165| loss=0.729959| acc=77.34%
2026-02-13 20:18:41 | INFO | | An Iteration is Completed| epoch=1/3 | Iteration = 8/165| loss=0.886450| acc=72.85%
2026-02-13 20:18:41 | INFO | | An Iteration is Completed| epoch=1/3 | Iteration = 9/165| loss=0.795172| acc=77.34%
2026-02-13 20:18:41 | INFO | | An Iteration is Completed| epoch=1/3 | Iteration = 10/165| loss=0.694412| acc=77.25%
2026-02-13 20:18:41 | INFO | | An Iteration is Completed| epoch=1/3 | Iteration = 11/165| loss=0.621134| acc=79.98%
2026-02-13 20:18:41 | INFO | | An Iteration is Completed| epoch=1/3 | Iteration = 12/165| loss=0.557239| acc=84.08%
2026-02-13 20:18:41 | INFO | | An Iteration is Completed| epoch=1/3 | Iteration = 13/165| loss=0.469547| acc=87.70%
2026-02-13 20:18:41 | INFO | | An Iteration is Completed| epoch=1/3 | Iteration = 14/165| loss=0.500415| acc=85.25%
2026-02-13 20:18:41 | INFO | | An Iteration is Completed| epoch=1/3 | Iteration = 15/165| loss=0.495421| acc=83.79%
2026-02-13 20:18:41 | INFO | | An Iteration is Completed| epoch=1/3 | Iteration = 16/165| loss=0.427251| acc=88.57%
2026-02-13 20:18:41 | INFO | | An Iteration is Completed| epoch=1/3 | Iteration = 17/165| loss=0.408503| acc=87.21%
2026-02-13 20:18:41 | INFO | | An Iteration is Completed| epoch=1/3 | Iteration = 18/165| loss=0.316535| acc=90.82%
2026-02-13 20:18:41 | INFO | | An Iteration is Completed| epoch=1/3 | Iteration = 19/165| loss=0.372876| acc=89.26%
2026-02-13 20:18:41 | INFO | | An Iteration is Completed| epoch=1/3 | Iteration = 20/165| loss=0.385724| acc=89.06%
2026-02-13 20:18:41 | INFO | | An Iteration is Completed| epoch=1/3 | Iteration = 21/165| loss=0.381068| acc=88.67%
2026-02-13 20:18:41 | INFO | | An Iteration is Completed| epoch=1/3 | Iteration = 22/165| loss=0.270113| acc=91.70%
2026-02-13 20:18:41 | INFO | | An Iteration is Completed| epoch=1/3 | Iteration = 23/165| loss=0.323466| acc=90.14%
2026-02-13 20:18:41 | INFO | | An Iteration is Completed| epoch=1/3 | Iteration = 24/165| loss=0.298121| acc=92.09%
2026-02-13 20:18:41 | INFO | | An Iteration is Completed| epoch=1/3 | Iteration = 25/165| loss=0.293083| acc=91.60%
2026-02-13 20:18:41 | INFO | | An Iteration is Completed| epoch=1/3 | Iteration = 26/165| loss=0.293463| acc=90.82%
2026-02-13 20:18:41 | INFO | | An Iteration is Completed| epoch=1/3 | Iteration = 27/165| loss=0.253178| acc=92.58%
2026-02-13 20:18:41 | INFO | | An Iteration is Completed| epoch=1/3 | Iteration = 28/165| loss=0.236837| acc=92.68%
2026-02-13 20:18:41 | INFO | | An Iteration is Completed| epoch=1/3 | Iteration = 29/165| loss=0.225192| acc=92.29%
2026-02-13 20:18:41 | INFO | | An Iteration is Completed| epoch=1/3 | Iteration = 30/165| loss=0.272352| acc=91.21%
2026-02-13 20:18:41 | INFO | | An Iteration is Completed| epoch=1/3 | Iteration = 31/165| loss=0.296731| acc=90.62%
2026-02-13 20:18:41 | INFO | | An Iteration is Completed| epoch=1/3 | Iteration = 32/165| loss=0.207911| acc=93.46%
2026-02-13 20:18:41 | INFO | | An Iteration is Completed| epoch=1/3 | Iteration = 33/165| loss=0.258609| acc=92.97%
2026-02-13 20:18:41 | INFO | | An Iteration is Completed| epoch=1/3 | Iteration = 34/165| loss=0.228182| acc=92.19%
2026-02-13 20:18:41 | INFO | | An Iteration is Completed| epoch=1/3 | Iteration = 35/165| loss=0.229065| acc=93.07%
2026-02-13 20:18:41 | INFO | | An Iteration is Completed| epoch=1/3 | Iteration = 36/165| loss=0.209067| acc=93.95%
2026-02-13 20:18:41 | INFO | | An Iteration is Completed| epoch=1/3 | Iteration = 37/165| loss=0.228919| acc=92.29%
2026-02-13 20:18:41 | INFO | | An Iteration is Completed| epoch=1/3 | Iteration = 38/165| loss=0.205565| acc=93.07%
2026-02-13 20:18:41 | INFO | | An Iteration is Completed| epoch=1/3 | Iteration = 39/165| loss=0.221359| acc=93.07%
2026-02-13 20:18:41 | INFO | | An Iteration is Completed| epoch=1/3 | Iteration = 40/165| loss=0.196386| acc=94.24%
2026-02-13 20:18:41 | INFO | | An Iteration is Completed| epoch=1/3 | Iteration = 41/165| loss=0.241856| acc=94.24%
2026-02-13 20:18:41 | INFO | | An Iteration is Completed| epoch=1/3 | Iteration = 42/165| loss=0.199827| acc=94.24%
2026-02-13 20:18:41 | INFO | | An Iteration is Completed| epoch=1/3 | Iteration = 43/165| loss=0.202259| acc=93.85%
2026-02-13 20:18:41 | INFO | | An Iteration is Completed| epoch=1/3 | Iteration = 44/165| loss=0.209183| acc=93.75%
2026-02-13 20:18:41 | INFO | | An Iteration is Completed| epoch=1/3 | Iteration = 45/165| loss=0.202817| acc=93.75%
2026-02-13 20:18:41 | INFO | | An Iteration is Completed| epoch=1/3 | Iteration = 46/165| loss=0.198945| acc=93.55%
2026-02-13 20:18:41 | INFO | | An Iteration is Completed| epoch=1/3 | Iteration = 47/165| loss=0.223371| acc=93.26%
2026-02-13 20:18:41 | INFO | | An Iteration is Completed| epoch=1/3 | Iteration = 48/165| loss=0.182159| acc=93.85%
2026-02-13 20:18:41 | INFO | | An Iteration is Completed| epoch=1/3 | Iteration = 49/165| loss=0.173848| acc=94.82%
2026-02-13 20:18:41 | INFO | | An Iteration is Completed| epoch=1/3 | Iteration = 50/165| loss=0.170851| acc=93.95%
2026-02-13 20:18:41 | INFO | | An Iteration is Completed| epoch=1/3 | Iteration = 51/165| loss=0.172254| acc=95.02%
2026-02-13 20:18:41 | INFO | | An Iteration is Completed| epoch=1/3 | Iteration = 52/165| loss=0.195476| acc=94.43%
2026-02-13 20:18:41 | INFO | | An Iteration is Completed| epoch=1/3 | Iteration = 53/165| loss=0.186529| acc=94.92%
2026-02-13 20:18:41 | INFO | | An Iteration is Completed| epoch=1/3 | Iteration = 54/165| loss=0.156245| acc=95.02%
2026-02-13 20:18:41 | INFO | | An Iteration is Completed| epoch=1/3 | Iteration = 55/165| loss=0.181869| acc=94.88%
2026-02-13 20:18:41 | INFO | | Epoch Done | seed=42 | bs=1024 | epoch=1/3 | loss=0.455853 | train_acc=85.96% | val_acc=95.00% | test_acc=94.94% | t_first=0.3943s | t_steady=None
2026-02-13 20:18:41 | INFO | | An Iteration is Completed| epoch=2/3 | Iteration = 56/165| loss=0.137006| acc=96.19%
2026-02-13 20:18:41 | INFO | | An Iteration is Completed| epoch=2/3 | Iteration = 57/165| loss=0.141073| acc=96.00%
2026-02-13 20:18:41 | INFO | | An Iteration is Completed| epoch=2/3 | Iteration = 58/165| loss=0.126432| acc=96.09%
2026-02-13 20:18:41 | INFO | | An Iteration is Completed| epoch=2/3 | Iteration = 59/165| loss=0.152276| acc=95.12%
2026-02-13 20:18:41 | INFO | | An Iteration is Completed| epoch=2/3 | Iteration = 60/165| loss=0.167217| acc=94.63%
2026-02-13 20:18:41 | INFO | | An Iteration is Completed| epoch=2/3 | Iteration = 61/165| loss=0.127924| acc=95.90%
2026-02-13 20:18:41 | INFO | | An Iteration is Completed| epoch=2/3 | Iteration = 62/165| loss=0.159407| acc=95.31%
2026-02-13 20:18:41 | INFO | | An Iteration is Completed| epoch=2/3 | Iteration = 63/165| loss=0.145420| acc=96.29%
2026-02-13 20:18:41 | INFO | | An Iteration is Completed| epoch=2/3 | Iteration = 64/165| loss=0.143973| acc=95.70%
2026-02-13 20:18:41 | INFO | | An Iteration is Completed| epoch=2/3 | Iteration = 65/165| loss=0.176787| acc=94.43%
2026-02-13 20:18:41 | INFO | | An Iteration is Completed| epoch=2/3 | Iteration = 66/165| loss=0.117046| acc=96.09%
2026-02-13 20:18:41 | INFO | | An Iteration is Completed| epoch=2/3 | Iteration = 67/165| loss=0.129277| acc=96.00%
2026-02-13 20:18:41 | INFO | | An Iteration is Completed| epoch=2/3 | Iteration = 68/165| loss=0.123067| acc=96.29%
2026-02-13 20:18:41 | INFO | | An Iteration is Completed| epoch=2/3 | Iteration = 69/165| loss=0.137496| acc=95.51%
2026-02-13 20:18:41 | INFO | | An Iteration is Completed| epoch=2/3 | Iteration = 70/165| loss=0.105615| acc=96.39%
2026-02-13 20:18:41 | INFO | | An Iteration is Completed| epoch=2/3 | Iteration = 71/165| loss=0.120325| acc=96.09%
2026-02-13 20:18:41 | INFO | | An Iteration is Completed| epoch=2/3 | Iteration = 72/165| loss=0.130940| acc=95.90%
2026-02-13 20:18:41 | INFO | | An Iteration is Completed| epoch=2/3 | Iteration = 73/165| loss=0.165888| acc=95.12%
2026-02-13 20:18:41 | INFO | | An Iteration is Completed| epoch=2/3 | Iteration = 74/165| loss=0.117890| acc=96.78%
2026-02-13 20:18:41 | INFO | | An Iteration is Completed| epoch=2/3 | Iteration = 75/165| loss=0.133207| acc=95.51%
2026-02-13 20:18:41 | INFO | | An Iteration is Completed| epoch=2/3 | Iteration = 76/165| loss=0.120530| acc=96.58%
2026-02-13 20:18:41 | INFO | | An Iteration is Completed| epoch=2/3 | Iteration = 77/165| loss=0.117130| acc=96.19%
2026-02-13 20:18:41 | INFO | | An Iteration is Completed| epoch=2/3 | Iteration = 78/165| loss=0.103148| acc=96.68%
2026-02-13 20:18:41 | INFO | | An Iteration is Completed| epoch=2/3 | Iteration = 79/165| loss=0.101239| acc=96.97%
2026-02-13 20:18:41 | INFO | | An Iteration is Completed| epoch=2/3 | Iteration = 80/165| loss=0.115490| acc=96.68%
2026-02-13 20:18:41 | INFO | | An Iteration is Completed| epoch=2/3 | Iteration = 81/165| loss=0.133401| acc=95.70%
2026-02-13 20:18:41 | INFO | | An Iteration is Completed| epoch=2/3 | Iteration = 82/165| loss=0.098931| acc=96.88%
2026-02-13 20:18:41 | INFO | Saved halfway checkpoint: checkpoints/torch_seed42_bs1024_half.pt
2026-02-13 20:18:41 | INFO | | An Iteration is Completed| epoch=2/3 | Iteration = 83/165| loss=0.096910| acc=97.36%
2026-02-13 20:18:41 | INFO | | An Iteration is Completed| epoch=2/3 | Iteration = 84/165| loss=0.074759| acc=97.66%
2026-02-13 20:18:41 | INFO | | An Iteration is Completed| epoch=2/3 | Iteration = 85/165| loss=0.107696| acc=96.29%
2026-02-13 20:18:41 | INFO | | An Iteration is Completed| epoch=2/3 | Iteration = 86/165| loss=0.129555| acc=96.39%
2026-02-13 20:18:41 | INFO | | An Iteration is Completed| epoch=2/3 | Iteration = 87/165| loss=0.094251| acc=97.07%
2026-02-13 20:18:41 | INFO | | An Iteration is Completed| epoch=2/3 | Iteration = 88/165| loss=0.135285| acc=95.61%
2026-02-13 20:18:41 | INFO | | An Iteration is Completed| epoch=2/3 | Iteration = 89/165| loss=0.100435| acc=97.17%
2026-02-13 20:18:41 | INFO | | An Iteration is Completed| epoch=2/3 | Iteration = 90/165| loss=0.109693| acc=96.48%
2026-02-13 20:18:41 | INFO | | An Iteration is Completed| epoch=2/3 | Iteration = 91/165| loss=0.106390| acc=96.88%
2026-02-13 20:18:41 | INFO | | An Iteration is Completed| epoch=2/3 | Iteration = 92/165| loss=0.126769| acc=96.00%
2026-02-13 20:18:41 | INFO | | An Iteration is Completed| epoch=2/3 | Iteration = 93/165| loss=0.110448| acc=96.48%
2026-02-13 20:18:41 | INFO | | An Iteration is Completed| epoch=2/3 | Iteration = 94/165| loss=0.121310| acc=96.58%
2026-02-13 20:18:41 | INFO | | An Iteration is Completed| epoch=2/3 | Iteration = 95/165| loss=0.088232| acc=96.97%
2026-02-13 20:18:41 | INFO | | An Iteration is Completed| epoch=2/3 | Iteration = 96/165| loss=0.108490| acc=96.78%
2026-02-13 20:18:41 | INFO | | An Iteration is Completed| epoch=2/3 | Iteration = 97/165| loss=0.091934| acc=97.27%
2026-02-13 20:18:41 | INFO | | An Iteration is Completed| epoch=2/3 | Iteration = 98/165| loss=0.101522| acc=96.97%
2026-02-13 20:18:41 | INFO | | An Iteration is Completed| epoch=2/3 | Iteration = 99/165| loss=0.104299| acc=96.97%
2026-02-13 20:18:41 | INFO | | An Iteration is Completed| epoch=2/3 | Iteration = 100/165| loss=0.091223| acc=96.78%
2026-02-13 20:18:41 | INFO | | An Iteration is Completed| epoch=2/3 | Iteration = 101/165| loss=0.120376| acc=96.29%
2026-02-13 20:18:41 | INFO | | An Iteration is Completed| epoch=2/3 | Iteration = 102/165| loss=0.067295| acc=97.85%
2026-02-13 20:18:41 | INFO | | An Iteration is Completed| epoch=2/3 | Iteration = 103/165| loss=0.124211| acc=96.29%
2026-02-13 20:18:41 | INFO | | An Iteration is Completed| epoch=2/3 | Iteration = 104/165| loss=0.086026| acc=97.36%
2026-02-13 20:18:41 | INFO | | An Iteration is Completed| epoch=2/3 | Iteration = 105/165| loss=0.074923| acc=97.56%
2026-02-13 20:18:41 | INFO | | An Iteration is Completed| epoch=2/3 | Iteration = 106/165| loss=0.118732| acc=96.48%
2026-02-13 20:18:41 | INFO | | An Iteration is Completed| epoch=2/3 | Iteration = 107/165| loss=0.102039| acc=96.78%
2026-02-13 20:18:41 | INFO | | An Iteration is Completed| epoch=2/3 | Iteration = 108/165| loss=0.103156| acc=97.27%
2026-02-13 20:18:41 | INFO | | An Iteration is Completed| epoch=2/3 | Iteration = 109/165| loss=0.099349| acc=96.48%
2026-02-13 20:18:41 | INFO | | An Iteration is Completed| epoch=2/3 | Iteration = 110/165| loss=0.097427| acc=97.16%
2026-02-13 20:18:42 | INFO | | Epoch Done | seed=42 | bs=1024 | epoch=2/3 | loss=0.117220 | train_acc=96.40% | val_acc=96.49% | test_acc=96.46% | t_first=0.3943s | t_steady=0.36956143379211426
2026-02-13 20:18:42 | INFO | | An Iteration is Completed| epoch=3/3 | Iteration = 111/165| loss=0.062411| acc=98.54%
2026-02-13 20:18:42 | INFO | | An Iteration is Completed| epoch=3/3 | Iteration = 112/165| loss=0.060384| acc=98.34%
2026-02-13 20:18:42 | INFO | | An Iteration is Completed| epoch=3/3 | Iteration = 113/165| loss=0.082841| acc=97.46%
2026-02-13 20:18:42 | INFO | | An Iteration is Completed| epoch=3/3 | Iteration = 114/165| loss=0.067862| acc=98.05%
2026-02-13 20:18:42 | INFO | | An Iteration is Completed| epoch=3/3 | Iteration = 115/165| loss=0.117155| acc=96.88%
2026-02-13 20:18:42 | INFO | | An Iteration is Completed| epoch=3/3 | Iteration = 116/165| loss=0.070327| acc=97.95%
2026-02-13 20:18:42 | INFO | | An Iteration is Completed| epoch=3/3 | Iteration = 117/165| loss=0.059447| acc=97.95%
2026-02-13 20:18:42 | INFO | | An Iteration is Completed| epoch=3/3 | Iteration = 118/165| loss=0.065535| acc=97.95%
2026-02-13 20:18:42 | INFO | | An Iteration is Completed| epoch=3/3 | Iteration = 119/165| loss=0.074641| acc=98.05%
2026-02-13 20:18:42 | INFO | | An Iteration is Completed| epoch=3/3 | Iteration = 120/165| loss=0.065922| acc=97.75%
2026-02-13 20:18:42 | INFO | | An Iteration is Completed| epoch=3/3 | Iteration = 121/165| loss=0.053814| acc=97.85%
2026-02-13 20:18:42 | INFO | | An Iteration is Completed| epoch=3/3 | Iteration = 122/165| loss=0.071573| acc=97.66%
2026-02-13 20:18:42 | INFO | | An Iteration is Completed| epoch=3/3 | Iteration = 123/165| loss=0.083264| acc=96.58%
2026-02-13 20:18:42 | INFO | | An Iteration is Completed| epoch=3/3 | Iteration = 124/165| loss=0.061875| acc=97.95%
2026-02-13 20:18:42 | INFO | | An Iteration is Completed| epoch=3/3 | Iteration = 125/165| loss=0.080766| acc=97.95%
2026-02-13 20:18:42 | INFO | | An Iteration is Completed| epoch=3/3 | Iteration = 126/165| loss=0.100125| acc=96.88%
2026-02-13 20:18:42 | INFO | | An Iteration is Completed| epoch=3/3 | Iteration = 127/165| loss=0.083937| acc=98.44%
2026-02-13 20:18:42 | INFO | | An Iteration is Completed| epoch=3/3 | Iteration = 128/165| loss=0.081284| acc=97.56%
2026-02-13 20:18:42 | INFO | | An Iteration is Completed| epoch=3/3 | Iteration = 129/165| loss=0.113462| acc=96.48%
2026-02-13 20:18:42 | INFO | | An Iteration is Completed| epoch=3/3 | Iteration = 130/165| loss=0.088058| acc=96.58%
2026-02-13 20:18:42 | INFO | | An Iteration is Completed| epoch=3/3 | Iteration = 131/165| loss=0.065369| acc=97.56%
2026-02-13 20:18:42 | INFO | | An Iteration is Completed| epoch=3/3 | Iteration = 132/165| loss=0.077997| acc=97.95%
2026-02-13 20:18:42 | INFO | | An Iteration is Completed| epoch=3/3 | Iteration = 133/165| loss=0.094274| acc=97.56%
2026-02-13 20:18:42 | INFO | | An Iteration is Completed| epoch=3/3 | Iteration = 134/165| loss=0.104701| acc=96.88%
2026-02-13 20:18:42 | INFO | | An Iteration is Completed| epoch=3/3 | Iteration = 135/165| loss=0.061303| acc=97.95%
2026-02-13 20:18:42 | INFO | | An Iteration is Completed| epoch=3/3 | Iteration = 136/165| loss=0.069480| acc=97.36%
2026-02-13 20:18:42 | INFO | | An Iteration is Completed| epoch=3/3 | Iteration = 137/165| loss=0.058770| acc=98.34%
2026-02-13 20:18:42 | INFO | | An Iteration is Completed| epoch=3/3 | Iteration = 138/165| loss=0.083161| acc=97.66%
2026-02-13 20:18:42 | INFO | | An Iteration is Completed| epoch=3/3 | Iteration = 139/165| loss=0.078837| acc=97.46%
2026-02-13 20:18:42 | INFO | | An Iteration is Completed| epoch=3/3 | Iteration = 140/165| loss=0.081559| acc=97.66%
2026-02-13 20:18:42 | INFO | | An Iteration is Completed| epoch=3/3 | Iteration = 141/165| loss=0.076435| acc=97.27%
2026-02-13 20:18:42 | INFO | | An Iteration is Completed| epoch=3/3 | Iteration = 142/165| loss=0.079231| acc=97.17%
2026-02-13 20:18:42 | INFO | | An Iteration is Completed| epoch=3/3 | Iteration = 143/165| loss=0.091999| acc=96.68%
2026-02-13 20:18:42 | INFO | | An Iteration is Completed| epoch=3/3 | Iteration = 144/165| loss=0.073275| acc=97.75%
2026-02-13 20:18:42 | INFO | | An Iteration is Completed| epoch=3/3 | Iteration = 145/165| loss=0.088054| acc=97.66%
2026-02-13 20:18:42 | INFO | | An Iteration is Completed| epoch=3/3 | Iteration = 146/165| loss=0.061217| acc=97.95%
2026-02-13 20:18:42 | INFO | | An Iteration is Completed| epoch=3/3 | Iteration = 147/165| loss=0.097406| acc=97.07%
2026-02-13 20:18:42 | INFO | | An Iteration is Completed| epoch=3/3 | Iteration = 148/165| loss=0.076735| acc=97.27%
2026-02-13 20:18:42 | INFO | | An Iteration is Completed| epoch=3/3 | Iteration = 149/165| loss=0.072311| acc=97.85%
2026-02-13 20:18:42 | INFO | | An Iteration is Completed| epoch=3/3 | Iteration = 150/165| loss=0.078984| acc=97.85%
2026-02-13 20:18:42 | INFO | | An Iteration is Completed| epoch=3/3 | Iteration = 151/165| loss=0.065241| acc=97.75%
2026-02-13 20:18:42 | INFO | | An Iteration is Completed| epoch=3/3 | Iteration = 152/165| loss=0.089054| acc=96.78%
2026-02-13 20:18:42 | INFO | | An Iteration is Completed| epoch=3/3 | Iteration = 153/165| loss=0.076818| acc=97.56%
2026-02-13 20:18:42 | INFO | | An Iteration is Completed| epoch=3/3 | Iteration = 154/165| loss=0.081036| acc=97.27%
2026-02-13 20:18:42 | INFO | | An Iteration is Completed| epoch=3/3 | Iteration = 155/165| loss=0.080479| acc=97.66%
2026-02-13 20:18:42 | INFO | | An Iteration is Completed| epoch=3/3 | Iteration = 156/165| loss=0.078980| acc=97.36%
2026-02-13 20:18:42 | INFO | | An Iteration is Completed| epoch=3/3 | Iteration = 157/165| loss=0.054488| acc=98.54%
2026-02-13 20:18:42 | INFO | | An Iteration is Completed| epoch=3/3 | Iteration = 158/165| loss=0.085030| acc=97.46%
2026-02-13 20:18:42 | INFO | | An Iteration is Completed| epoch=3/3 | Iteration = 159/165| loss=0.095113| acc=96.97%
2026-02-13 20:18:42 | INFO | | An Iteration is Completed| epoch=3/3 | Iteration = 160/165| loss=0.085114| acc=97.56%
2026-02-13 20:18:42 | INFO | | An Iteration is Completed| epoch=3/3 | Iteration = 161/165| loss=0.077013| acc=97.75%
2026-02-13 20:18:42 | INFO | | An Iteration is Completed| epoch=3/3 | Iteration = 162/165| loss=0.083819| acc=97.46%
2026-02-13 20:18:42 | INFO | | An Iteration is Completed| epoch=3/3 | Iteration = 163/165| loss=0.077488| acc=97.27%
2026-02-13 20:18:42 | INFO | | An Iteration is Completed| epoch=3/3 | Iteration = 164/165| loss=0.086185| acc=96.97%
2026-02-13 20:18:42 | INFO | | An Iteration is Completed| epoch=3/3 | Iteration = 165/165| loss=0.099486| acc=96.44%
2026-02-13 20:18:42 | INFO | | Epoch Done | seed=42 | bs=1024 | epoch=3/3 | loss=0.078629 | train_acc=97.54% | val_acc=97.10% | test_acc=97.16% | t_first=0.3943s | t_steady=0.36956143379211426
2026-02-13 20:18:42 | INFO | Saved final checkpoint: checkpoints/torch_seed42_bs1024_final.pt
