2026-02-13 20:18:31 | INFO | Starting run with seed = 42 and Batch Size = 256
2026-02-13 20:18:31 | INFO | The Device is : cuda
2026-02-13 20:18:31 | INFO | Total Epochs = 3
2026-02-13 20:18:34 | INFO | Total iterations = 657
2026-02-13 20:18:34 | INFO | | An Iteration is Completed| epoch=1/3 | Iteration = 1/657| loss=2.306704| acc=6.64%
2026-02-13 20:18:34 | INFO | | An Iteration is Completed| epoch=1/3 | Iteration = 2/657| loss=2.136271| acc=34.77%
2026-02-13 20:18:34 | INFO | | An Iteration is Completed| epoch=1/3 | Iteration = 3/657| loss=1.738858| acc=41.41%
2026-02-13 20:18:34 | INFO | | An Iteration is Completed| epoch=1/3 | Iteration = 4/657| loss=1.265083| acc=60.94%
2026-02-13 20:18:34 | INFO | | An Iteration is Completed| epoch=1/3 | Iteration = 5/657| loss=1.183198| acc=53.52%
2026-02-13 20:18:34 | INFO | | An Iteration is Completed| epoch=1/3 | Iteration = 6/657| loss=0.995978| acc=66.02%
2026-02-13 20:18:34 | INFO | | An Iteration is Completed| epoch=1/3 | Iteration = 7/657| loss=0.886119| acc=67.97%
2026-02-13 20:18:34 | INFO | | An Iteration is Completed| epoch=1/3 | Iteration = 8/657| loss=0.728790| acc=74.22%
2026-02-13 20:18:34 | INFO | | An Iteration is Completed| epoch=1/3 | Iteration = 9/657| loss=0.620250| acc=81.25%
2026-02-13 20:18:34 | INFO | | An Iteration is Completed| epoch=1/3 | Iteration = 10/657| loss=0.711653| acc=76.56%
2026-02-13 20:18:34 | INFO | | An Iteration is Completed| epoch=1/3 | Iteration = 11/657| loss=0.686041| acc=76.17%
2026-02-13 20:18:34 | INFO | | An Iteration is Completed| epoch=1/3 | Iteration = 12/657| loss=0.477377| acc=82.03%
2026-02-13 20:18:34 | INFO | | An Iteration is Completed| epoch=1/3 | Iteration = 13/657| loss=0.448080| acc=87.89%
2026-02-13 20:18:34 | INFO | | An Iteration is Completed| epoch=1/3 | Iteration = 14/657| loss=0.646227| acc=79.69%
2026-02-13 20:18:34 | INFO | | An Iteration is Completed| epoch=1/3 | Iteration = 15/657| loss=0.432613| acc=86.33%
2026-02-13 20:18:34 | INFO | | An Iteration is Completed| epoch=1/3 | Iteration = 16/657| loss=0.482344| acc=87.50%
2026-02-13 20:18:34 | INFO | | An Iteration is Completed| epoch=1/3 | Iteration = 17/657| loss=0.456267| acc=84.38%
2026-02-13 20:18:34 | INFO | | An Iteration is Completed| epoch=1/3 | Iteration = 18/657| loss=0.520015| acc=87.11%
2026-02-13 20:18:34 | INFO | | An Iteration is Completed| epoch=1/3 | Iteration = 19/657| loss=0.389269| acc=88.28%
2026-02-13 20:18:34 | INFO | | An Iteration is Completed| epoch=1/3 | Iteration = 20/657| loss=0.431482| acc=88.67%
2026-02-13 20:18:34 | INFO | | An Iteration is Completed| epoch=1/3 | Iteration = 21/657| loss=0.407287| acc=86.72%
2026-02-13 20:18:34 | INFO | | An Iteration is Completed| epoch=1/3 | Iteration = 22/657| loss=0.441252| acc=89.06%
2026-02-13 20:18:34 | INFO | | An Iteration is Completed| epoch=1/3 | Iteration = 23/657| loss=0.438798| acc=85.55%
2026-02-13 20:18:34 | INFO | | An Iteration is Completed| epoch=1/3 | Iteration = 24/657| loss=0.337685| acc=86.72%
2026-02-13 20:18:34 | INFO | | An Iteration is Completed| epoch=1/3 | Iteration = 25/657| loss=0.353792| acc=87.89%
2026-02-13 20:18:34 | INFO | | An Iteration is Completed| epoch=1/3 | Iteration = 26/657| loss=0.325508| acc=89.45%
2026-02-13 20:18:34 | INFO | | An Iteration is Completed| epoch=1/3 | Iteration = 27/657| loss=0.353668| acc=89.84%
2026-02-13 20:18:34 | INFO | | An Iteration is Completed| epoch=1/3 | Iteration = 28/657| loss=0.296542| acc=89.84%
2026-02-13 20:18:34 | INFO | | An Iteration is Completed| epoch=1/3 | Iteration = 29/657| loss=0.305596| acc=92.19%
2026-02-13 20:18:34 | INFO | | An Iteration is Completed| epoch=1/3 | Iteration = 30/657| loss=0.302918| acc=90.23%
2026-02-13 20:18:34 | INFO | | An Iteration is Completed| epoch=1/3 | Iteration = 31/657| loss=0.399513| acc=89.06%
2026-02-13 20:18:34 | INFO | | An Iteration is Completed| epoch=1/3 | Iteration = 32/657| loss=0.362193| acc=86.72%
2026-02-13 20:18:34 | INFO | | An Iteration is Completed| epoch=1/3 | Iteration = 33/657| loss=0.244103| acc=90.62%
2026-02-13 20:18:34 | INFO | | An Iteration is Completed| epoch=1/3 | Iteration = 34/657| loss=0.488576| acc=83.59%
2026-02-13 20:18:34 | INFO | | An Iteration is Completed| epoch=1/3 | Iteration = 35/657| loss=0.328561| acc=88.28%
2026-02-13 20:18:34 | INFO | | An Iteration is Completed| epoch=1/3 | Iteration = 36/657| loss=0.305208| acc=90.23%
2026-02-13 20:18:34 | INFO | | An Iteration is Completed| epoch=1/3 | Iteration = 37/657| loss=0.271709| acc=92.58%
2026-02-13 20:18:34 | INFO | | An Iteration is Completed| epoch=1/3 | Iteration = 38/657| loss=0.221907| acc=93.36%
2026-02-13 20:18:34 | INFO | | An Iteration is Completed| epoch=1/3 | Iteration = 39/657| loss=0.225286| acc=92.58%
2026-02-13 20:18:34 | INFO | | An Iteration is Completed| epoch=1/3 | Iteration = 40/657| loss=0.297503| acc=89.45%
2026-02-13 20:18:34 | INFO | | An Iteration is Completed| epoch=1/3 | Iteration = 41/657| loss=0.306699| acc=91.41%
2026-02-13 20:18:34 | INFO | | An Iteration is Completed| epoch=1/3 | Iteration = 42/657| loss=0.247505| acc=91.02%
2026-02-13 20:18:34 | INFO | | An Iteration is Completed| epoch=1/3 | Iteration = 43/657| loss=0.295835| acc=91.02%
2026-02-13 20:18:34 | INFO | | An Iteration is Completed| epoch=1/3 | Iteration = 44/657| loss=0.209874| acc=94.53%
2026-02-13 20:18:34 | INFO | | An Iteration is Completed| epoch=1/3 | Iteration = 45/657| loss=0.222089| acc=92.58%
2026-02-13 20:18:34 | INFO | | An Iteration is Completed| epoch=1/3 | Iteration = 46/657| loss=0.169925| acc=93.75%
2026-02-13 20:18:34 | INFO | | An Iteration is Completed| epoch=1/3 | Iteration = 47/657| loss=0.261164| acc=92.97%
2026-02-13 20:18:34 | INFO | | An Iteration is Completed| epoch=1/3 | Iteration = 48/657| loss=0.281925| acc=89.84%
2026-02-13 20:18:34 | INFO | | An Iteration is Completed| epoch=1/3 | Iteration = 49/657| loss=0.156020| acc=95.70%
2026-02-13 20:18:34 | INFO | | An Iteration is Completed| epoch=1/3 | Iteration = 50/657| loss=0.246508| acc=94.53%
2026-02-13 20:18:34 | INFO | | An Iteration is Completed| epoch=1/3 | Iteration = 51/657| loss=0.164660| acc=94.53%
2026-02-13 20:18:34 | INFO | | An Iteration is Completed| epoch=1/3 | Iteration = 52/657| loss=0.253904| acc=93.75%
2026-02-13 20:18:34 | INFO | | An Iteration is Completed| epoch=1/3 | Iteration = 53/657| loss=0.252571| acc=91.80%
2026-02-13 20:18:34 | INFO | | An Iteration is Completed| epoch=1/3 | Iteration = 54/657| loss=0.238504| acc=93.36%
2026-02-13 20:18:34 | INFO | | An Iteration is Completed| epoch=1/3 | Iteration = 55/657| loss=0.220853| acc=91.80%
2026-02-13 20:18:34 | INFO | | An Iteration is Completed| epoch=1/3 | Iteration = 56/657| loss=0.215665| acc=93.75%
2026-02-13 20:18:34 | INFO | | An Iteration is Completed| epoch=1/3 | Iteration = 57/657| loss=0.347447| acc=90.23%
2026-02-13 20:18:34 | INFO | | An Iteration is Completed| epoch=1/3 | Iteration = 58/657| loss=0.293044| acc=89.84%
2026-02-13 20:18:34 | INFO | | An Iteration is Completed| epoch=1/3 | Iteration = 59/657| loss=0.208378| acc=93.75%
2026-02-13 20:18:34 | INFO | | An Iteration is Completed| epoch=1/3 | Iteration = 60/657| loss=0.248010| acc=90.23%
2026-02-13 20:18:34 | INFO | | An Iteration is Completed| epoch=1/3 | Iteration = 61/657| loss=0.225160| acc=91.02%
2026-02-13 20:18:34 | INFO | | An Iteration is Completed| epoch=1/3 | Iteration = 62/657| loss=0.162768| acc=93.36%
2026-02-13 20:18:34 | INFO | | An Iteration is Completed| epoch=1/3 | Iteration = 63/657| loss=0.168324| acc=93.75%
2026-02-13 20:18:34 | INFO | | An Iteration is Completed| epoch=1/3 | Iteration = 64/657| loss=0.250453| acc=91.41%
2026-02-13 20:18:34 | INFO | | An Iteration is Completed| epoch=1/3 | Iteration = 65/657| loss=0.201328| acc=92.58%
2026-02-13 20:18:34 | INFO | | An Iteration is Completed| epoch=1/3 | Iteration = 66/657| loss=0.224627| acc=93.36%
2026-02-13 20:18:34 | INFO | | An Iteration is Completed| epoch=1/3 | Iteration = 67/657| loss=0.149556| acc=93.75%
2026-02-13 20:18:34 | INFO | | An Iteration is Completed| epoch=1/3 | Iteration = 68/657| loss=0.194385| acc=94.92%
2026-02-13 20:18:34 | INFO | | An Iteration is Completed| epoch=1/3 | Iteration = 69/657| loss=0.162985| acc=94.92%
2026-02-13 20:18:34 | INFO | | An Iteration is Completed| epoch=1/3 | Iteration = 70/657| loss=0.172645| acc=96.48%
2026-02-13 20:18:35 | INFO | | An Iteration is Completed| epoch=1/3 | Iteration = 71/657| loss=0.181759| acc=94.53%
2026-02-13 20:18:35 | INFO | | An Iteration is Completed| epoch=1/3 | Iteration = 72/657| loss=0.162947| acc=94.92%
2026-02-13 20:18:35 | INFO | | An Iteration is Completed| epoch=1/3 | Iteration = 73/657| loss=0.153806| acc=93.36%
2026-02-13 20:18:35 | INFO | | An Iteration is Completed| epoch=1/3 | Iteration = 74/657| loss=0.161154| acc=94.92%
2026-02-13 20:18:35 | INFO | | An Iteration is Completed| epoch=1/3 | Iteration = 75/657| loss=0.294768| acc=92.97%
2026-02-13 20:18:35 | INFO | | An Iteration is Completed| epoch=1/3 | Iteration = 76/657| loss=0.253296| acc=94.14%
2026-02-13 20:18:35 | INFO | | An Iteration is Completed| epoch=1/3 | Iteration = 77/657| loss=0.143260| acc=95.70%
2026-02-13 20:18:35 | INFO | | An Iteration is Completed| epoch=1/3 | Iteration = 78/657| loss=0.146214| acc=95.70%
2026-02-13 20:18:35 | INFO | | An Iteration is Completed| epoch=1/3 | Iteration = 79/657| loss=0.230094| acc=92.19%
2026-02-13 20:18:35 | INFO | | An Iteration is Completed| epoch=1/3 | Iteration = 80/657| loss=0.161577| acc=92.58%
2026-02-13 20:18:35 | INFO | | An Iteration is Completed| epoch=1/3 | Iteration = 81/657| loss=0.153432| acc=95.31%
2026-02-13 20:18:35 | INFO | | An Iteration is Completed| epoch=1/3 | Iteration = 82/657| loss=0.203259| acc=92.58%
2026-02-13 20:18:35 | INFO | | An Iteration is Completed| epoch=1/3 | Iteration = 83/657| loss=0.096119| acc=97.27%
2026-02-13 20:18:35 | INFO | | An Iteration is Completed| epoch=1/3 | Iteration = 84/657| loss=0.143912| acc=95.70%
2026-02-13 20:18:35 | INFO | | An Iteration is Completed| epoch=1/3 | Iteration = 85/657| loss=0.193321| acc=94.53%
2026-02-13 20:18:35 | INFO | | An Iteration is Completed| epoch=1/3 | Iteration = 86/657| loss=0.178837| acc=94.14%
2026-02-13 20:18:35 | INFO | | An Iteration is Completed| epoch=1/3 | Iteration = 87/657| loss=0.151209| acc=94.92%
2026-02-13 20:18:35 | INFO | | An Iteration is Completed| epoch=1/3 | Iteration = 88/657| loss=0.190024| acc=94.14%
2026-02-13 20:18:35 | INFO | | An Iteration is Completed| epoch=1/3 | Iteration = 89/657| loss=0.140247| acc=95.31%
2026-02-13 20:18:35 | INFO | | An Iteration is Completed| epoch=1/3 | Iteration = 90/657| loss=0.133956| acc=96.09%
2026-02-13 20:18:35 | INFO | | An Iteration is Completed| epoch=1/3 | Iteration = 91/657| loss=0.170367| acc=94.92%
2026-02-13 20:18:35 | INFO | | An Iteration is Completed| epoch=1/3 | Iteration = 92/657| loss=0.123198| acc=95.31%
2026-02-13 20:18:35 | INFO | | An Iteration is Completed| epoch=1/3 | Iteration = 93/657| loss=0.143000| acc=96.09%
2026-02-13 20:18:35 | INFO | | An Iteration is Completed| epoch=1/3 | Iteration = 94/657| loss=0.132819| acc=95.31%
2026-02-13 20:18:35 | INFO | | An Iteration is Completed| epoch=1/3 | Iteration = 95/657| loss=0.149841| acc=95.70%
2026-02-13 20:18:35 | INFO | | An Iteration is Completed| epoch=1/3 | Iteration = 96/657| loss=0.205703| acc=94.14%
2026-02-13 20:18:35 | INFO | | An Iteration is Completed| epoch=1/3 | Iteration = 97/657| loss=0.202329| acc=94.92%
2026-02-13 20:18:35 | INFO | | An Iteration is Completed| epoch=1/3 | Iteration = 98/657| loss=0.126001| acc=95.70%
2026-02-13 20:18:35 | INFO | | An Iteration is Completed| epoch=1/3 | Iteration = 99/657| loss=0.156669| acc=95.31%
2026-02-13 20:18:35 | INFO | | An Iteration is Completed| epoch=1/3 | Iteration = 100/657| loss=0.187422| acc=93.75%
2026-02-13 20:18:35 | INFO | | An Iteration is Completed| epoch=1/3 | Iteration = 101/657| loss=0.235067| acc=92.97%
2026-02-13 20:18:35 | INFO | | An Iteration is Completed| epoch=1/3 | Iteration = 102/657| loss=0.213383| acc=94.14%
2026-02-13 20:18:35 | INFO | | An Iteration is Completed| epoch=1/3 | Iteration = 103/657| loss=0.106739| acc=96.09%
2026-02-13 20:18:35 | INFO | | An Iteration is Completed| epoch=1/3 | Iteration = 104/657| loss=0.208783| acc=92.97%
2026-02-13 20:18:35 | INFO | | An Iteration is Completed| epoch=1/3 | Iteration = 105/657| loss=0.195877| acc=94.92%
2026-02-13 20:18:35 | INFO | | An Iteration is Completed| epoch=1/3 | Iteration = 106/657| loss=0.156199| acc=94.53%
2026-02-13 20:18:35 | INFO | | An Iteration is Completed| epoch=1/3 | Iteration = 107/657| loss=0.143598| acc=95.70%
2026-02-13 20:18:35 | INFO | | An Iteration is Completed| epoch=1/3 | Iteration = 108/657| loss=0.088057| acc=95.70%
2026-02-13 20:18:35 | INFO | | An Iteration is Completed| epoch=1/3 | Iteration = 109/657| loss=0.149733| acc=96.09%
2026-02-13 20:18:35 | INFO | | An Iteration is Completed| epoch=1/3 | Iteration = 110/657| loss=0.277106| acc=94.53%
2026-02-13 20:18:35 | INFO | | An Iteration is Completed| epoch=1/3 | Iteration = 111/657| loss=0.202497| acc=95.31%
2026-02-13 20:18:35 | INFO | | An Iteration is Completed| epoch=1/3 | Iteration = 112/657| loss=0.215043| acc=93.75%
2026-02-13 20:18:35 | INFO | | An Iteration is Completed| epoch=1/3 | Iteration = 113/657| loss=0.166359| acc=95.70%
2026-02-13 20:18:35 | INFO | | An Iteration is Completed| epoch=1/3 | Iteration = 114/657| loss=0.205248| acc=94.53%
2026-02-13 20:18:35 | INFO | | An Iteration is Completed| epoch=1/3 | Iteration = 115/657| loss=0.292755| acc=91.41%
2026-02-13 20:18:35 | INFO | | An Iteration is Completed| epoch=1/3 | Iteration = 116/657| loss=0.160847| acc=95.31%
2026-02-13 20:18:35 | INFO | | An Iteration is Completed| epoch=1/3 | Iteration = 117/657| loss=0.145413| acc=96.48%
2026-02-13 20:18:35 | INFO | | An Iteration is Completed| epoch=1/3 | Iteration = 118/657| loss=0.167397| acc=94.14%
2026-02-13 20:18:35 | INFO | | An Iteration is Completed| epoch=1/3 | Iteration = 119/657| loss=0.110999| acc=97.27%
2026-02-13 20:18:35 | INFO | | An Iteration is Completed| epoch=1/3 | Iteration = 120/657| loss=0.125315| acc=95.70%
2026-02-13 20:18:35 | INFO | | An Iteration is Completed| epoch=1/3 | Iteration = 121/657| loss=0.122669| acc=95.70%
2026-02-13 20:18:35 | INFO | | An Iteration is Completed| epoch=1/3 | Iteration = 122/657| loss=0.127604| acc=96.09%
2026-02-13 20:18:35 | INFO | | An Iteration is Completed| epoch=1/3 | Iteration = 123/657| loss=0.198125| acc=94.53%
2026-02-13 20:18:35 | INFO | | An Iteration is Completed| epoch=1/3 | Iteration = 124/657| loss=0.206503| acc=94.53%
2026-02-13 20:18:35 | INFO | | An Iteration is Completed| epoch=1/3 | Iteration = 125/657| loss=0.133877| acc=96.48%
2026-02-13 20:18:35 | INFO | | An Iteration is Completed| epoch=1/3 | Iteration = 126/657| loss=0.136110| acc=95.31%
2026-02-13 20:18:35 | INFO | | An Iteration is Completed| epoch=1/3 | Iteration = 127/657| loss=0.233794| acc=93.36%
2026-02-13 20:18:35 | INFO | | An Iteration is Completed| epoch=1/3 | Iteration = 128/657| loss=0.160948| acc=96.09%
2026-02-13 20:18:35 | INFO | | An Iteration is Completed| epoch=1/3 | Iteration = 129/657| loss=0.113075| acc=96.48%
2026-02-13 20:18:35 | INFO | | An Iteration is Completed| epoch=1/3 | Iteration = 130/657| loss=0.276530| acc=92.19%
2026-02-13 20:18:35 | INFO | | An Iteration is Completed| epoch=1/3 | Iteration = 131/657| loss=0.135134| acc=94.92%
2026-02-13 20:18:35 | INFO | | An Iteration is Completed| epoch=1/3 | Iteration = 132/657| loss=0.118936| acc=96.48%
2026-02-13 20:18:35 | INFO | | An Iteration is Completed| epoch=1/3 | Iteration = 133/657| loss=0.177265| acc=93.36%
2026-02-13 20:18:35 | INFO | | An Iteration is Completed| epoch=1/3 | Iteration = 134/657| loss=0.200604| acc=94.53%
2026-02-13 20:18:35 | INFO | | An Iteration is Completed| epoch=1/3 | Iteration = 135/657| loss=0.141310| acc=95.70%
2026-02-13 20:18:35 | INFO | | An Iteration is Completed| epoch=1/3 | Iteration = 136/657| loss=0.169234| acc=94.14%
2026-02-13 20:18:35 | INFO | | An Iteration is Completed| epoch=1/3 | Iteration = 137/657| loss=0.058612| acc=98.44%
2026-02-13 20:18:35 | INFO | | An Iteration is Completed| epoch=1/3 | Iteration = 138/657| loss=0.124911| acc=94.14%
2026-02-13 20:18:35 | INFO | | An Iteration is Completed| epoch=1/3 | Iteration = 139/657| loss=0.108562| acc=96.88%
2026-02-13 20:18:35 | INFO | | An Iteration is Completed| epoch=1/3 | Iteration = 140/657| loss=0.170845| acc=97.27%
2026-02-13 20:18:35 | INFO | | An Iteration is Completed| epoch=1/3 | Iteration = 141/657| loss=0.110773| acc=96.48%
2026-02-13 20:18:35 | INFO | | An Iteration is Completed| epoch=1/3 | Iteration = 142/657| loss=0.283446| acc=92.97%
2026-02-13 20:18:35 | INFO | | An Iteration is Completed| epoch=1/3 | Iteration = 143/657| loss=0.161024| acc=94.14%
2026-02-13 20:18:35 | INFO | | An Iteration is Completed| epoch=1/3 | Iteration = 144/657| loss=0.200533| acc=93.36%
2026-02-13 20:18:35 | INFO | | An Iteration is Completed| epoch=1/3 | Iteration = 145/657| loss=0.123422| acc=96.88%
2026-02-13 20:18:35 | INFO | | An Iteration is Completed| epoch=1/3 | Iteration = 146/657| loss=0.145793| acc=96.88%
2026-02-13 20:18:35 | INFO | | An Iteration is Completed| epoch=1/3 | Iteration = 147/657| loss=0.170444| acc=94.14%
2026-02-13 20:18:35 | INFO | | An Iteration is Completed| epoch=1/3 | Iteration = 148/657| loss=0.110507| acc=96.88%
2026-02-13 20:18:35 | INFO | | An Iteration is Completed| epoch=1/3 | Iteration = 149/657| loss=0.186407| acc=94.92%
2026-02-13 20:18:35 | INFO | | An Iteration is Completed| epoch=1/3 | Iteration = 150/657| loss=0.154631| acc=96.88%
2026-02-13 20:18:35 | INFO | | An Iteration is Completed| epoch=1/3 | Iteration = 151/657| loss=0.199321| acc=93.75%
2026-02-13 20:18:35 | INFO | | An Iteration is Completed| epoch=1/3 | Iteration = 152/657| loss=0.122241| acc=97.66%
2026-02-13 20:18:35 | INFO | | An Iteration is Completed| epoch=1/3 | Iteration = 153/657| loss=0.093382| acc=97.27%
2026-02-13 20:18:35 | INFO | | An Iteration is Completed| epoch=1/3 | Iteration = 154/657| loss=0.156674| acc=97.27%
2026-02-13 20:18:35 | INFO | | An Iteration is Completed| epoch=1/3 | Iteration = 155/657| loss=0.147054| acc=96.88%
2026-02-13 20:18:35 | INFO | | An Iteration is Completed| epoch=1/3 | Iteration = 156/657| loss=0.256462| acc=92.58%
2026-02-13 20:18:35 | INFO | | An Iteration is Completed| epoch=1/3 | Iteration = 157/657| loss=0.232625| acc=92.19%
2026-02-13 20:18:35 | INFO | | An Iteration is Completed| epoch=1/3 | Iteration = 158/657| loss=0.153711| acc=96.48%
2026-02-13 20:18:35 | INFO | | An Iteration is Completed| epoch=1/3 | Iteration = 159/657| loss=0.136037| acc=95.31%
2026-02-13 20:18:35 | INFO | | An Iteration is Completed| epoch=1/3 | Iteration = 160/657| loss=0.192458| acc=92.97%
2026-02-13 20:18:35 | INFO | | An Iteration is Completed| epoch=1/3 | Iteration = 161/657| loss=0.148914| acc=93.75%
2026-02-13 20:18:35 | INFO | | An Iteration is Completed| epoch=1/3 | Iteration = 162/657| loss=0.135725| acc=96.48%
2026-02-13 20:18:35 | INFO | | An Iteration is Completed| epoch=1/3 | Iteration = 163/657| loss=0.198387| acc=93.75%
2026-02-13 20:18:35 | INFO | | An Iteration is Completed| epoch=1/3 | Iteration = 164/657| loss=0.176044| acc=94.92%
2026-02-13 20:18:35 | INFO | | An Iteration is Completed| epoch=1/3 | Iteration = 165/657| loss=0.172750| acc=92.58%
2026-02-13 20:18:35 | INFO | | An Iteration is Completed| epoch=1/3 | Iteration = 166/657| loss=0.113981| acc=95.70%
2026-02-13 20:18:35 | INFO | | An Iteration is Completed| epoch=1/3 | Iteration = 167/657| loss=0.172004| acc=95.70%
2026-02-13 20:18:35 | INFO | | An Iteration is Completed| epoch=1/3 | Iteration = 168/657| loss=0.207381| acc=94.53%
2026-02-13 20:18:35 | INFO | | An Iteration is Completed| epoch=1/3 | Iteration = 169/657| loss=0.246274| acc=92.19%
2026-02-13 20:18:35 | INFO | | An Iteration is Completed| epoch=1/3 | Iteration = 170/657| loss=0.225379| acc=94.92%
2026-02-13 20:18:35 | INFO | | An Iteration is Completed| epoch=1/3 | Iteration = 171/657| loss=0.129189| acc=97.66%
2026-02-13 20:18:35 | INFO | | An Iteration is Completed| epoch=1/3 | Iteration = 172/657| loss=0.212822| acc=92.97%
2026-02-13 20:18:35 | INFO | | An Iteration is Completed| epoch=1/3 | Iteration = 173/657| loss=0.136346| acc=95.70%
2026-02-13 20:18:35 | INFO | | An Iteration is Completed| epoch=1/3 | Iteration = 174/657| loss=0.172960| acc=95.31%
2026-02-13 20:18:35 | INFO | | An Iteration is Completed| epoch=1/3 | Iteration = 175/657| loss=0.114289| acc=97.27%
2026-02-13 20:18:35 | INFO | | An Iteration is Completed| epoch=1/3 | Iteration = 176/657| loss=0.187637| acc=94.53%
2026-02-13 20:18:35 | INFO | | An Iteration is Completed| epoch=1/3 | Iteration = 177/657| loss=0.127567| acc=96.48%
2026-02-13 20:18:35 | INFO | | An Iteration is Completed| epoch=1/3 | Iteration = 178/657| loss=0.140101| acc=96.48%
2026-02-13 20:18:35 | INFO | | An Iteration is Completed| epoch=1/3 | Iteration = 179/657| loss=0.178115| acc=95.31%
2026-02-13 20:18:35 | INFO | | An Iteration is Completed| epoch=1/3 | Iteration = 180/657| loss=0.119084| acc=96.09%
2026-02-13 20:18:35 | INFO | | An Iteration is Completed| epoch=1/3 | Iteration = 181/657| loss=0.163119| acc=95.70%
2026-02-13 20:18:35 | INFO | | An Iteration is Completed| epoch=1/3 | Iteration = 182/657| loss=0.178477| acc=94.14%
2026-02-13 20:18:35 | INFO | | An Iteration is Completed| epoch=1/3 | Iteration = 183/657| loss=0.195627| acc=93.75%
2026-02-13 20:18:35 | INFO | | An Iteration is Completed| epoch=1/3 | Iteration = 184/657| loss=0.126331| acc=96.48%
2026-02-13 20:18:35 | INFO | | An Iteration is Completed| epoch=1/3 | Iteration = 185/657| loss=0.100963| acc=97.27%
2026-02-13 20:18:35 | INFO | | An Iteration is Completed| epoch=1/3 | Iteration = 186/657| loss=0.239081| acc=94.53%
2026-02-13 20:18:35 | INFO | | An Iteration is Completed| epoch=1/3 | Iteration = 187/657| loss=0.146364| acc=95.70%
2026-02-13 20:18:35 | INFO | | An Iteration is Completed| epoch=1/3 | Iteration = 188/657| loss=0.094757| acc=97.27%
2026-02-13 20:18:35 | INFO | | An Iteration is Completed| epoch=1/3 | Iteration = 189/657| loss=0.114600| acc=96.48%
2026-02-13 20:18:35 | INFO | | An Iteration is Completed| epoch=1/3 | Iteration = 190/657| loss=0.237794| acc=93.36%
2026-02-13 20:18:35 | INFO | | An Iteration is Completed| epoch=1/3 | Iteration = 191/657| loss=0.178225| acc=95.31%
2026-02-13 20:18:35 | INFO | | An Iteration is Completed| epoch=1/3 | Iteration = 192/657| loss=0.095024| acc=95.70%
2026-02-13 20:18:35 | INFO | | An Iteration is Completed| epoch=1/3 | Iteration = 193/657| loss=0.190966| acc=94.14%
2026-02-13 20:18:35 | INFO | | An Iteration is Completed| epoch=1/3 | Iteration = 194/657| loss=0.116321| acc=96.48%
2026-02-13 20:18:35 | INFO | | An Iteration is Completed| epoch=1/3 | Iteration = 195/657| loss=0.139569| acc=96.09%
2026-02-13 20:18:35 | INFO | | An Iteration is Completed| epoch=1/3 | Iteration = 196/657| loss=0.080497| acc=96.48%
2026-02-13 20:18:35 | INFO | | An Iteration is Completed| epoch=1/3 | Iteration = 197/657| loss=0.130213| acc=96.48%
2026-02-13 20:18:35 | INFO | | An Iteration is Completed| epoch=1/3 | Iteration = 198/657| loss=0.130154| acc=94.53%
2026-02-13 20:18:35 | INFO | | An Iteration is Completed| epoch=1/3 | Iteration = 199/657| loss=0.151797| acc=95.31%
2026-02-13 20:18:35 | INFO | | An Iteration is Completed| epoch=1/3 | Iteration = 200/657| loss=0.125553| acc=96.48%
2026-02-13 20:18:35 | INFO | | An Iteration is Completed| epoch=1/3 | Iteration = 201/657| loss=0.178525| acc=94.14%
2026-02-13 20:18:35 | INFO | | An Iteration is Completed| epoch=1/3 | Iteration = 202/657| loss=0.139590| acc=96.09%
2026-02-13 20:18:35 | INFO | | An Iteration is Completed| epoch=1/3 | Iteration = 203/657| loss=0.105343| acc=97.27%
2026-02-13 20:18:35 | INFO | | An Iteration is Completed| epoch=1/3 | Iteration = 204/657| loss=0.105899| acc=96.88%
2026-02-13 20:18:35 | INFO | | An Iteration is Completed| epoch=1/3 | Iteration = 205/657| loss=0.122654| acc=96.09%
2026-02-13 20:18:35 | INFO | | An Iteration is Completed| epoch=1/3 | Iteration = 206/657| loss=0.131986| acc=94.53%
2026-02-13 20:18:35 | INFO | | An Iteration is Completed| epoch=1/3 | Iteration = 207/657| loss=0.169297| acc=96.09%
2026-02-13 20:18:35 | INFO | | An Iteration is Completed| epoch=1/3 | Iteration = 208/657| loss=0.168964| acc=95.70%
2026-02-13 20:18:35 | INFO | | An Iteration is Completed| epoch=1/3 | Iteration = 209/657| loss=0.165689| acc=94.53%
2026-02-13 20:18:35 | INFO | | An Iteration is Completed| epoch=1/3 | Iteration = 210/657| loss=0.162792| acc=93.75%
2026-02-13 20:18:35 | INFO | | An Iteration is Completed| epoch=1/3 | Iteration = 211/657| loss=0.134958| acc=95.70%
2026-02-13 20:18:35 | INFO | | An Iteration is Completed| epoch=1/3 | Iteration = 212/657| loss=0.204629| acc=94.14%
2026-02-13 20:18:35 | INFO | | An Iteration is Completed| epoch=1/3 | Iteration = 213/657| loss=0.146859| acc=94.53%
2026-02-13 20:18:35 | INFO | | An Iteration is Completed| epoch=1/3 | Iteration = 214/657| loss=0.172990| acc=95.31%
2026-02-13 20:18:35 | INFO | | An Iteration is Completed| epoch=1/3 | Iteration = 215/657| loss=0.065347| acc=98.44%
2026-02-13 20:18:35 | INFO | | An Iteration is Completed| epoch=1/3 | Iteration = 216/657| loss=0.191087| acc=95.31%
2026-02-13 20:18:35 | INFO | | An Iteration is Completed| epoch=1/3 | Iteration = 217/657| loss=0.144761| acc=93.75%
2026-02-13 20:18:35 | INFO | | An Iteration is Completed| epoch=1/3 | Iteration = 218/657| loss=0.100934| acc=96.88%
2026-02-13 20:18:35 | INFO | | An Iteration is Completed| epoch=1/3 | Iteration = 219/657| loss=0.089518| acc=97.91%
2026-02-13 20:18:35 | INFO | | Epoch Done | seed=42 | bs=256 | epoch=1/3 | loss=0.251529 | train_acc=92.07% | val_acc=96.21% | test_acc=96.13% | t_first=0.9354s | t_steady=None
2026-02-13 20:18:35 | INFO | | An Iteration is Completed| epoch=2/3 | Iteration = 220/657| loss=0.091825| acc=97.66%
2026-02-13 20:18:35 | INFO | | An Iteration is Completed| epoch=2/3 | Iteration = 221/657| loss=0.106408| acc=96.48%
2026-02-13 20:18:35 | INFO | | An Iteration is Completed| epoch=2/3 | Iteration = 222/657| loss=0.086634| acc=97.66%
2026-02-13 20:18:35 | INFO | | An Iteration is Completed| epoch=2/3 | Iteration = 223/657| loss=0.103975| acc=97.66%
2026-02-13 20:18:35 | INFO | | An Iteration is Completed| epoch=2/3 | Iteration = 224/657| loss=0.083349| acc=97.66%
2026-02-13 20:18:35 | INFO | | An Iteration is Completed| epoch=2/3 | Iteration = 225/657| loss=0.108968| acc=96.48%
2026-02-13 20:18:35 | INFO | | An Iteration is Completed| epoch=2/3 | Iteration = 226/657| loss=0.103413| acc=95.70%
2026-02-13 20:18:35 | INFO | | An Iteration is Completed| epoch=2/3 | Iteration = 227/657| loss=0.090996| acc=96.88%
2026-02-13 20:18:35 | INFO | | An Iteration is Completed| epoch=2/3 | Iteration = 228/657| loss=0.030517| acc=99.61%
2026-02-13 20:18:35 | INFO | | An Iteration is Completed| epoch=2/3 | Iteration = 229/657| loss=0.117724| acc=95.70%
2026-02-13 20:18:35 | INFO | | An Iteration is Completed| epoch=2/3 | Iteration = 230/657| loss=0.143527| acc=96.09%
2026-02-13 20:18:35 | INFO | | An Iteration is Completed| epoch=2/3 | Iteration = 231/657| loss=0.115265| acc=96.48%
2026-02-13 20:18:35 | INFO | | An Iteration is Completed| epoch=2/3 | Iteration = 232/657| loss=0.146465| acc=96.09%
2026-02-13 20:18:35 | INFO | | An Iteration is Completed| epoch=2/3 | Iteration = 233/657| loss=0.107583| acc=96.09%
2026-02-13 20:18:35 | INFO | | An Iteration is Completed| epoch=2/3 | Iteration = 234/657| loss=0.091131| acc=97.66%
2026-02-13 20:18:35 | INFO | | An Iteration is Completed| epoch=2/3 | Iteration = 235/657| loss=0.087503| acc=96.88%
2026-02-13 20:18:35 | INFO | | An Iteration is Completed| epoch=2/3 | Iteration = 236/657| loss=0.076533| acc=96.48%
2026-02-13 20:18:35 | INFO | | An Iteration is Completed| epoch=2/3 | Iteration = 237/657| loss=0.056873| acc=98.05%
2026-02-13 20:18:35 | INFO | | An Iteration is Completed| epoch=2/3 | Iteration = 238/657| loss=0.148954| acc=96.48%
2026-02-13 20:18:35 | INFO | | An Iteration is Completed| epoch=2/3 | Iteration = 239/657| loss=0.092946| acc=97.66%
2026-02-13 20:18:35 | INFO | | An Iteration is Completed| epoch=2/3 | Iteration = 240/657| loss=0.102927| acc=96.09%
2026-02-13 20:18:35 | INFO | | An Iteration is Completed| epoch=2/3 | Iteration = 241/657| loss=0.151241| acc=96.48%
2026-02-13 20:18:35 | INFO | | An Iteration is Completed| epoch=2/3 | Iteration = 242/657| loss=0.086321| acc=96.88%
2026-02-13 20:18:35 | INFO | | An Iteration is Completed| epoch=2/3 | Iteration = 243/657| loss=0.077605| acc=97.66%
2026-02-13 20:18:35 | INFO | | An Iteration is Completed| epoch=2/3 | Iteration = 244/657| loss=0.034892| acc=98.83%
2026-02-13 20:18:35 | INFO | | An Iteration is Completed| epoch=2/3 | Iteration = 245/657| loss=0.109765| acc=95.31%
2026-02-13 20:18:35 | INFO | | An Iteration is Completed| epoch=2/3 | Iteration = 246/657| loss=0.187807| acc=92.97%
2026-02-13 20:18:35 | INFO | | An Iteration is Completed| epoch=2/3 | Iteration = 247/657| loss=0.074055| acc=97.66%
2026-02-13 20:18:35 | INFO | | An Iteration is Completed| epoch=2/3 | Iteration = 248/657| loss=0.123050| acc=97.27%
2026-02-13 20:18:35 | INFO | | An Iteration is Completed| epoch=2/3 | Iteration = 249/657| loss=0.204399| acc=94.53%
2026-02-13 20:18:35 | INFO | | An Iteration is Completed| epoch=2/3 | Iteration = 250/657| loss=0.130707| acc=96.88%
2026-02-13 20:18:35 | INFO | | An Iteration is Completed| epoch=2/3 | Iteration = 251/657| loss=0.096947| acc=96.48%
2026-02-13 20:18:35 | INFO | | An Iteration is Completed| epoch=2/3 | Iteration = 252/657| loss=0.070615| acc=97.66%
2026-02-13 20:18:35 | INFO | | An Iteration is Completed| epoch=2/3 | Iteration = 253/657| loss=0.133065| acc=95.70%
2026-02-13 20:18:35 | INFO | | An Iteration is Completed| epoch=2/3 | Iteration = 254/657| loss=0.081239| acc=97.27%
2026-02-13 20:18:36 | INFO | | An Iteration is Completed| epoch=2/3 | Iteration = 255/657| loss=0.110341| acc=96.48%
2026-02-13 20:18:36 | INFO | | An Iteration is Completed| epoch=2/3 | Iteration = 256/657| loss=0.114513| acc=95.31%
2026-02-13 20:18:36 | INFO | | An Iteration is Completed| epoch=2/3 | Iteration = 257/657| loss=0.152621| acc=96.09%
2026-02-13 20:18:36 | INFO | | An Iteration is Completed| epoch=2/3 | Iteration = 258/657| loss=0.088539| acc=96.88%
2026-02-13 20:18:36 | INFO | | An Iteration is Completed| epoch=2/3 | Iteration = 259/657| loss=0.083416| acc=96.48%
2026-02-13 20:18:36 | INFO | | An Iteration is Completed| epoch=2/3 | Iteration = 260/657| loss=0.082916| acc=97.66%
2026-02-13 20:18:36 | INFO | | An Iteration is Completed| epoch=2/3 | Iteration = 261/657| loss=0.091193| acc=97.27%
2026-02-13 20:18:36 | INFO | | An Iteration is Completed| epoch=2/3 | Iteration = 262/657| loss=0.152065| acc=96.09%
2026-02-13 20:18:36 | INFO | | An Iteration is Completed| epoch=2/3 | Iteration = 263/657| loss=0.070446| acc=97.66%
2026-02-13 20:18:36 | INFO | | An Iteration is Completed| epoch=2/3 | Iteration = 264/657| loss=0.074318| acc=97.27%
2026-02-13 20:18:36 | INFO | | An Iteration is Completed| epoch=2/3 | Iteration = 265/657| loss=0.122664| acc=95.70%
2026-02-13 20:18:36 | INFO | | An Iteration is Completed| epoch=2/3 | Iteration = 266/657| loss=0.071730| acc=98.44%
2026-02-13 20:18:36 | INFO | | An Iteration is Completed| epoch=2/3 | Iteration = 267/657| loss=0.079843| acc=97.27%
2026-02-13 20:18:36 | INFO | | An Iteration is Completed| epoch=2/3 | Iteration = 268/657| loss=0.083500| acc=97.66%
2026-02-13 20:18:36 | INFO | | An Iteration is Completed| epoch=2/3 | Iteration = 269/657| loss=0.102957| acc=96.88%
2026-02-13 20:18:36 | INFO | | An Iteration is Completed| epoch=2/3 | Iteration = 270/657| loss=0.057271| acc=98.05%
2026-02-13 20:18:36 | INFO | | An Iteration is Completed| epoch=2/3 | Iteration = 271/657| loss=0.055290| acc=98.44%
2026-02-13 20:18:36 | INFO | | An Iteration is Completed| epoch=2/3 | Iteration = 272/657| loss=0.033256| acc=98.83%
2026-02-13 20:18:36 | INFO | | An Iteration is Completed| epoch=2/3 | Iteration = 273/657| loss=0.135286| acc=96.09%
2026-02-13 20:18:36 | INFO | | An Iteration is Completed| epoch=2/3 | Iteration = 274/657| loss=0.056371| acc=98.05%
2026-02-13 20:18:36 | INFO | | An Iteration is Completed| epoch=2/3 | Iteration = 275/657| loss=0.117723| acc=97.66%
2026-02-13 20:18:36 | INFO | | An Iteration is Completed| epoch=2/3 | Iteration = 276/657| loss=0.181693| acc=94.53%
2026-02-13 20:18:36 | INFO | | An Iteration is Completed| epoch=2/3 | Iteration = 277/657| loss=0.096029| acc=97.27%
2026-02-13 20:18:36 | INFO | | An Iteration is Completed| epoch=2/3 | Iteration = 278/657| loss=0.063288| acc=97.66%
2026-02-13 20:18:36 | INFO | | An Iteration is Completed| epoch=2/3 | Iteration = 279/657| loss=0.170719| acc=94.92%
2026-02-13 20:18:36 | INFO | | An Iteration is Completed| epoch=2/3 | Iteration = 280/657| loss=0.070978| acc=98.05%
2026-02-13 20:18:36 | INFO | | An Iteration is Completed| epoch=2/3 | Iteration = 281/657| loss=0.097664| acc=96.88%
2026-02-13 20:18:36 | INFO | | An Iteration is Completed| epoch=2/3 | Iteration = 282/657| loss=0.039305| acc=98.05%
2026-02-13 20:18:36 | INFO | | An Iteration is Completed| epoch=2/3 | Iteration = 283/657| loss=0.289845| acc=92.19%
2026-02-13 20:18:36 | INFO | | An Iteration is Completed| epoch=2/3 | Iteration = 284/657| loss=0.049897| acc=98.44%
2026-02-13 20:18:36 | INFO | | An Iteration is Completed| epoch=2/3 | Iteration = 285/657| loss=0.096679| acc=96.88%
2026-02-13 20:18:36 | INFO | | An Iteration is Completed| epoch=2/3 | Iteration = 286/657| loss=0.092618| acc=97.66%
2026-02-13 20:18:36 | INFO | | An Iteration is Completed| epoch=2/3 | Iteration = 287/657| loss=0.082987| acc=96.88%
2026-02-13 20:18:36 | INFO | | An Iteration is Completed| epoch=2/3 | Iteration = 288/657| loss=0.098048| acc=96.88%
2026-02-13 20:18:36 | INFO | | An Iteration is Completed| epoch=2/3 | Iteration = 289/657| loss=0.158766| acc=94.53%
2026-02-13 20:18:36 | INFO | | An Iteration is Completed| epoch=2/3 | Iteration = 290/657| loss=0.046682| acc=98.83%
2026-02-13 20:18:36 | INFO | | An Iteration is Completed| epoch=2/3 | Iteration = 291/657| loss=0.131326| acc=95.70%
2026-02-13 20:18:36 | INFO | | An Iteration is Completed| epoch=2/3 | Iteration = 292/657| loss=0.065932| acc=97.27%
2026-02-13 20:18:36 | INFO | | An Iteration is Completed| epoch=2/3 | Iteration = 293/657| loss=0.083481| acc=96.48%
2026-02-13 20:18:36 | INFO | | An Iteration is Completed| epoch=2/3 | Iteration = 294/657| loss=0.041312| acc=98.83%
2026-02-13 20:18:36 | INFO | | An Iteration is Completed| epoch=2/3 | Iteration = 295/657| loss=0.113290| acc=96.09%
2026-02-13 20:18:36 | INFO | | An Iteration is Completed| epoch=2/3 | Iteration = 296/657| loss=0.072611| acc=97.27%
2026-02-13 20:18:36 | INFO | | An Iteration is Completed| epoch=2/3 | Iteration = 297/657| loss=0.132988| acc=96.88%
2026-02-13 20:18:36 | INFO | | An Iteration is Completed| epoch=2/3 | Iteration = 298/657| loss=0.040317| acc=98.83%
2026-02-13 20:18:36 | INFO | | An Iteration is Completed| epoch=2/3 | Iteration = 299/657| loss=0.070368| acc=98.05%
2026-02-13 20:18:36 | INFO | | An Iteration is Completed| epoch=2/3 | Iteration = 300/657| loss=0.086076| acc=96.88%
2026-02-13 20:18:36 | INFO | | An Iteration is Completed| epoch=2/3 | Iteration = 301/657| loss=0.096900| acc=96.48%
2026-02-13 20:18:36 | INFO | | An Iteration is Completed| epoch=2/3 | Iteration = 302/657| loss=0.179552| acc=95.31%
2026-02-13 20:18:36 | INFO | | An Iteration is Completed| epoch=2/3 | Iteration = 303/657| loss=0.060696| acc=97.27%
2026-02-13 20:18:36 | INFO | | An Iteration is Completed| epoch=2/3 | Iteration = 304/657| loss=0.169454| acc=94.92%
2026-02-13 20:18:36 | INFO | | An Iteration is Completed| epoch=2/3 | Iteration = 305/657| loss=0.089556| acc=97.66%
2026-02-13 20:18:36 | INFO | | An Iteration is Completed| epoch=2/3 | Iteration = 306/657| loss=0.149591| acc=95.31%
2026-02-13 20:18:36 | INFO | | An Iteration is Completed| epoch=2/3 | Iteration = 307/657| loss=0.107683| acc=96.09%
2026-02-13 20:18:36 | INFO | | An Iteration is Completed| epoch=2/3 | Iteration = 308/657| loss=0.054615| acc=98.05%
2026-02-13 20:18:36 | INFO | | An Iteration is Completed| epoch=2/3 | Iteration = 309/657| loss=0.085845| acc=96.09%
2026-02-13 20:18:36 | INFO | | An Iteration is Completed| epoch=2/3 | Iteration = 310/657| loss=0.112898| acc=94.92%
2026-02-13 20:18:36 | INFO | | An Iteration is Completed| epoch=2/3 | Iteration = 311/657| loss=0.067377| acc=97.27%
2026-02-13 20:18:36 | INFO | | An Iteration is Completed| epoch=2/3 | Iteration = 312/657| loss=0.086326| acc=97.27%
2026-02-13 20:18:36 | INFO | | An Iteration is Completed| epoch=2/3 | Iteration = 313/657| loss=0.100813| acc=96.48%
2026-02-13 20:18:36 | INFO | | An Iteration is Completed| epoch=2/3 | Iteration = 314/657| loss=0.157282| acc=96.48%
2026-02-13 20:18:36 | INFO | | An Iteration is Completed| epoch=2/3 | Iteration = 315/657| loss=0.076712| acc=96.48%
2026-02-13 20:18:36 | INFO | | An Iteration is Completed| epoch=2/3 | Iteration = 316/657| loss=0.029565| acc=98.83%
2026-02-13 20:18:36 | INFO | | An Iteration is Completed| epoch=2/3 | Iteration = 317/657| loss=0.085457| acc=96.88%
2026-02-13 20:18:36 | INFO | | An Iteration is Completed| epoch=2/3 | Iteration = 318/657| loss=0.098685| acc=98.05%
2026-02-13 20:18:36 | INFO | | An Iteration is Completed| epoch=2/3 | Iteration = 319/657| loss=0.104777| acc=96.09%
2026-02-13 20:18:36 | INFO | | An Iteration is Completed| epoch=2/3 | Iteration = 320/657| loss=0.097227| acc=97.66%
2026-02-13 20:18:36 | INFO | | An Iteration is Completed| epoch=2/3 | Iteration = 321/657| loss=0.081873| acc=97.27%
2026-02-13 20:18:36 | INFO | | An Iteration is Completed| epoch=2/3 | Iteration = 322/657| loss=0.091627| acc=96.88%
2026-02-13 20:18:36 | INFO | | An Iteration is Completed| epoch=2/3 | Iteration = 323/657| loss=0.114871| acc=96.88%
2026-02-13 20:18:36 | INFO | | An Iteration is Completed| epoch=2/3 | Iteration = 324/657| loss=0.060883| acc=98.44%
2026-02-13 20:18:36 | INFO | | An Iteration is Completed| epoch=2/3 | Iteration = 325/657| loss=0.095066| acc=97.66%
2026-02-13 20:18:36 | INFO | | An Iteration is Completed| epoch=2/3 | Iteration = 326/657| loss=0.158109| acc=96.09%
2026-02-13 20:18:36 | INFO | | An Iteration is Completed| epoch=2/3 | Iteration = 327/657| loss=0.183484| acc=94.53%
2026-02-13 20:18:36 | INFO | | An Iteration is Completed| epoch=2/3 | Iteration = 328/657| loss=0.107377| acc=95.70%
2026-02-13 20:18:36 | INFO | Saved halfway checkpoint: checkpoints/torch_seed42_bs256_half.pt
2026-02-13 20:18:36 | INFO | | An Iteration is Completed| epoch=2/3 | Iteration = 329/657| loss=0.074321| acc=96.88%
2026-02-13 20:18:36 | INFO | | An Iteration is Completed| epoch=2/3 | Iteration = 330/657| loss=0.158104| acc=95.70%
2026-02-13 20:18:36 | INFO | | An Iteration is Completed| epoch=2/3 | Iteration = 331/657| loss=0.097901| acc=95.70%
2026-02-13 20:18:36 | INFO | | An Iteration is Completed| epoch=2/3 | Iteration = 332/657| loss=0.053863| acc=97.66%
2026-02-13 20:18:36 | INFO | | An Iteration is Completed| epoch=2/3 | Iteration = 333/657| loss=0.106504| acc=96.48%
2026-02-13 20:18:36 | INFO | | An Iteration is Completed| epoch=2/3 | Iteration = 334/657| loss=0.069622| acc=97.27%
2026-02-13 20:18:36 | INFO | | An Iteration is Completed| epoch=2/3 | Iteration = 335/657| loss=0.092836| acc=97.66%
2026-02-13 20:18:36 | INFO | | An Iteration is Completed| epoch=2/3 | Iteration = 336/657| loss=0.081458| acc=97.66%
2026-02-13 20:18:36 | INFO | | An Iteration is Completed| epoch=2/3 | Iteration = 337/657| loss=0.103815| acc=96.09%
2026-02-13 20:18:36 | INFO | | An Iteration is Completed| epoch=2/3 | Iteration = 338/657| loss=0.065866| acc=97.66%
2026-02-13 20:18:36 | INFO | | An Iteration is Completed| epoch=2/3 | Iteration = 339/657| loss=0.178173| acc=94.92%
2026-02-13 20:18:36 | INFO | | An Iteration is Completed| epoch=2/3 | Iteration = 340/657| loss=0.088712| acc=97.66%
2026-02-13 20:18:36 | INFO | | An Iteration is Completed| epoch=2/3 | Iteration = 341/657| loss=0.102863| acc=96.48%
2026-02-13 20:18:36 | INFO | | An Iteration is Completed| epoch=2/3 | Iteration = 342/657| loss=0.168557| acc=94.92%
2026-02-13 20:18:36 | INFO | | An Iteration is Completed| epoch=2/3 | Iteration = 343/657| loss=0.133277| acc=94.14%
2026-02-13 20:18:36 | INFO | | An Iteration is Completed| epoch=2/3 | Iteration = 344/657| loss=0.060800| acc=98.05%
2026-02-13 20:18:36 | INFO | | An Iteration is Completed| epoch=2/3 | Iteration = 345/657| loss=0.093397| acc=98.44%
2026-02-13 20:18:36 | INFO | | An Iteration is Completed| epoch=2/3 | Iteration = 346/657| loss=0.082834| acc=97.27%
2026-02-13 20:18:36 | INFO | | An Iteration is Completed| epoch=2/3 | Iteration = 347/657| loss=0.159931| acc=94.92%
2026-02-13 20:18:36 | INFO | | An Iteration is Completed| epoch=2/3 | Iteration = 348/657| loss=0.214735| acc=92.58%
2026-02-13 20:18:36 | INFO | | An Iteration is Completed| epoch=2/3 | Iteration = 349/657| loss=0.122156| acc=95.70%
2026-02-13 20:18:36 | INFO | | An Iteration is Completed| epoch=2/3 | Iteration = 350/657| loss=0.109185| acc=96.48%
2026-02-13 20:18:36 | INFO | | An Iteration is Completed| epoch=2/3 | Iteration = 351/657| loss=0.113833| acc=95.70%
2026-02-13 20:18:36 | INFO | | An Iteration is Completed| epoch=2/3 | Iteration = 352/657| loss=0.128906| acc=95.70%
2026-02-13 20:18:36 | INFO | | An Iteration is Completed| epoch=2/3 | Iteration = 353/657| loss=0.154097| acc=94.14%
2026-02-13 20:18:36 | INFO | | An Iteration is Completed| epoch=2/3 | Iteration = 354/657| loss=0.098806| acc=97.27%
2026-02-13 20:18:36 | INFO | | An Iteration is Completed| epoch=2/3 | Iteration = 355/657| loss=0.106863| acc=96.48%
2026-02-13 20:18:36 | INFO | | An Iteration is Completed| epoch=2/3 | Iteration = 356/657| loss=0.097659| acc=96.09%
2026-02-13 20:18:36 | INFO | | An Iteration is Completed| epoch=2/3 | Iteration = 357/657| loss=0.119106| acc=96.09%
2026-02-13 20:18:36 | INFO | | An Iteration is Completed| epoch=2/3 | Iteration = 358/657| loss=0.143296| acc=95.70%
2026-02-13 20:18:36 | INFO | | An Iteration is Completed| epoch=2/3 | Iteration = 359/657| loss=0.064080| acc=98.44%
2026-02-13 20:18:36 | INFO | | An Iteration is Completed| epoch=2/3 | Iteration = 360/657| loss=0.119224| acc=96.09%
2026-02-13 20:18:36 | INFO | | An Iteration is Completed| epoch=2/3 | Iteration = 361/657| loss=0.111689| acc=96.09%
2026-02-13 20:18:36 | INFO | | An Iteration is Completed| epoch=2/3 | Iteration = 362/657| loss=0.060336| acc=98.05%
2026-02-13 20:18:36 | INFO | | An Iteration is Completed| epoch=2/3 | Iteration = 363/657| loss=0.065853| acc=96.88%
2026-02-13 20:18:36 | INFO | | An Iteration is Completed| epoch=2/3 | Iteration = 364/657| loss=0.042016| acc=98.83%
2026-02-13 20:18:36 | INFO | | An Iteration is Completed| epoch=2/3 | Iteration = 365/657| loss=0.122450| acc=96.88%
2026-02-13 20:18:36 | INFO | | An Iteration is Completed| epoch=2/3 | Iteration = 366/657| loss=0.070819| acc=98.05%
2026-02-13 20:18:36 | INFO | | An Iteration is Completed| epoch=2/3 | Iteration = 367/657| loss=0.127424| acc=96.09%
2026-02-13 20:18:36 | INFO | | An Iteration is Completed| epoch=2/3 | Iteration = 368/657| loss=0.109579| acc=96.88%
2026-02-13 20:18:36 | INFO | | An Iteration is Completed| epoch=2/3 | Iteration = 369/657| loss=0.145257| acc=95.70%
2026-02-13 20:18:36 | INFO | | An Iteration is Completed| epoch=2/3 | Iteration = 370/657| loss=0.098573| acc=97.27%
2026-02-13 20:18:36 | INFO | | An Iteration is Completed| epoch=2/3 | Iteration = 371/657| loss=0.078189| acc=97.27%
2026-02-13 20:18:36 | INFO | | An Iteration is Completed| epoch=2/3 | Iteration = 372/657| loss=0.073278| acc=98.44%
2026-02-13 20:18:36 | INFO | | An Iteration is Completed| epoch=2/3 | Iteration = 373/657| loss=0.128684| acc=97.27%
2026-02-13 20:18:36 | INFO | | An Iteration is Completed| epoch=2/3 | Iteration = 374/657| loss=0.108380| acc=97.66%
2026-02-13 20:18:36 | INFO | | An Iteration is Completed| epoch=2/3 | Iteration = 375/657| loss=0.127162| acc=96.48%
2026-02-13 20:18:36 | INFO | | An Iteration is Completed| epoch=2/3 | Iteration = 376/657| loss=0.130500| acc=94.14%
2026-02-13 20:18:36 | INFO | | An Iteration is Completed| epoch=2/3 | Iteration = 377/657| loss=0.127193| acc=95.70%
2026-02-13 20:18:36 | INFO | | An Iteration is Completed| epoch=2/3 | Iteration = 378/657| loss=0.045776| acc=99.22%
2026-02-13 20:18:36 | INFO | | An Iteration is Completed| epoch=2/3 | Iteration = 379/657| loss=0.063395| acc=98.05%
2026-02-13 20:18:36 | INFO | | An Iteration is Completed| epoch=2/3 | Iteration = 380/657| loss=0.092248| acc=98.05%
2026-02-13 20:18:36 | INFO | | An Iteration is Completed| epoch=2/3 | Iteration = 381/657| loss=0.119500| acc=97.27%
2026-02-13 20:18:36 | INFO | | An Iteration is Completed| epoch=2/3 | Iteration = 382/657| loss=0.078503| acc=97.27%
2026-02-13 20:18:36 | INFO | | An Iteration is Completed| epoch=2/3 | Iteration = 383/657| loss=0.080084| acc=98.05%
2026-02-13 20:18:36 | INFO | | An Iteration is Completed| epoch=2/3 | Iteration = 384/657| loss=0.152910| acc=94.14%
2026-02-13 20:18:36 | INFO | | An Iteration is Completed| epoch=2/3 | Iteration = 385/657| loss=0.092666| acc=97.66%
2026-02-13 20:18:36 | INFO | | An Iteration is Completed| epoch=2/3 | Iteration = 386/657| loss=0.078567| acc=96.88%
2026-02-13 20:18:36 | INFO | | An Iteration is Completed| epoch=2/3 | Iteration = 387/657| loss=0.050270| acc=98.44%
2026-02-13 20:18:36 | INFO | | An Iteration is Completed| epoch=2/3 | Iteration = 388/657| loss=0.144693| acc=96.48%
2026-02-13 20:18:36 | INFO | | An Iteration is Completed| epoch=2/3 | Iteration = 389/657| loss=0.067698| acc=97.27%
2026-02-13 20:18:36 | INFO | | An Iteration is Completed| epoch=2/3 | Iteration = 390/657| loss=0.026013| acc=99.61%
2026-02-13 20:18:36 | INFO | | An Iteration is Completed| epoch=2/3 | Iteration = 391/657| loss=0.053429| acc=98.44%
2026-02-13 20:18:36 | INFO | | An Iteration is Completed| epoch=2/3 | Iteration = 392/657| loss=0.143300| acc=95.31%
2026-02-13 20:18:36 | INFO | | An Iteration is Completed| epoch=2/3 | Iteration = 393/657| loss=0.136150| acc=94.92%
2026-02-13 20:18:36 | INFO | | An Iteration is Completed| epoch=2/3 | Iteration = 394/657| loss=0.113963| acc=95.70%
2026-02-13 20:18:36 | INFO | | An Iteration is Completed| epoch=2/3 | Iteration = 395/657| loss=0.098598| acc=96.48%
2026-02-13 20:18:36 | INFO | | An Iteration is Completed| epoch=2/3 | Iteration = 396/657| loss=0.110338| acc=95.31%
2026-02-13 20:18:36 | INFO | | An Iteration is Completed| epoch=2/3 | Iteration = 397/657| loss=0.138451| acc=96.48%
2026-02-13 20:18:36 | INFO | | An Iteration is Completed| epoch=2/3 | Iteration = 398/657| loss=0.168624| acc=93.75%
2026-02-13 20:18:36 | INFO | | An Iteration is Completed| epoch=2/3 | Iteration = 399/657| loss=0.106364| acc=98.05%
2026-02-13 20:18:36 | INFO | | An Iteration is Completed| epoch=2/3 | Iteration = 400/657| loss=0.099197| acc=97.66%
2026-02-13 20:18:36 | INFO | | An Iteration is Completed| epoch=2/3 | Iteration = 401/657| loss=0.091603| acc=96.09%
2026-02-13 20:18:36 | INFO | | An Iteration is Completed| epoch=2/3 | Iteration = 402/657| loss=0.185568| acc=94.14%
2026-02-13 20:18:36 | INFO | | An Iteration is Completed| epoch=2/3 | Iteration = 403/657| loss=0.076054| acc=96.88%
2026-02-13 20:18:36 | INFO | | An Iteration is Completed| epoch=2/3 | Iteration = 404/657| loss=0.104327| acc=96.88%
2026-02-13 20:18:36 | INFO | | An Iteration is Completed| epoch=2/3 | Iteration = 405/657| loss=0.119215| acc=95.70%
2026-02-13 20:18:36 | INFO | | An Iteration is Completed| epoch=2/3 | Iteration = 406/657| loss=0.133816| acc=95.31%
2026-02-13 20:18:36 | INFO | | An Iteration is Completed| epoch=2/3 | Iteration = 407/657| loss=0.120451| acc=95.31%
2026-02-13 20:18:36 | INFO | | An Iteration is Completed| epoch=2/3 | Iteration = 408/657| loss=0.158656| acc=96.48%
2026-02-13 20:18:36 | INFO | | An Iteration is Completed| epoch=2/3 | Iteration = 409/657| loss=0.115360| acc=96.88%
2026-02-13 20:18:36 | INFO | | An Iteration is Completed| epoch=2/3 | Iteration = 410/657| loss=0.106422| acc=96.48%
2026-02-13 20:18:36 | INFO | | An Iteration is Completed| epoch=2/3 | Iteration = 411/657| loss=0.077186| acc=97.66%
2026-02-13 20:18:36 | INFO | | An Iteration is Completed| epoch=2/3 | Iteration = 412/657| loss=0.125862| acc=95.70%
2026-02-13 20:18:36 | INFO | | An Iteration is Completed| epoch=2/3 | Iteration = 413/657| loss=0.096084| acc=96.48%
2026-02-13 20:18:36 | INFO | | An Iteration is Completed| epoch=2/3 | Iteration = 414/657| loss=0.142123| acc=95.70%
2026-02-13 20:18:36 | INFO | | An Iteration is Completed| epoch=2/3 | Iteration = 415/657| loss=0.088633| acc=96.48%
2026-02-13 20:18:36 | INFO | | An Iteration is Completed| epoch=2/3 | Iteration = 416/657| loss=0.064038| acc=98.83%
2026-02-13 20:18:36 | INFO | | An Iteration is Completed| epoch=2/3 | Iteration = 417/657| loss=0.142256| acc=95.70%
2026-02-13 20:18:36 | INFO | | An Iteration is Completed| epoch=2/3 | Iteration = 418/657| loss=0.103261| acc=97.27%
2026-02-13 20:18:36 | INFO | | An Iteration is Completed| epoch=2/3 | Iteration = 419/657| loss=0.083870| acc=96.88%
2026-02-13 20:18:36 | INFO | | An Iteration is Completed| epoch=2/3 | Iteration = 420/657| loss=0.072663| acc=97.66%
2026-02-13 20:18:36 | INFO | | An Iteration is Completed| epoch=2/3 | Iteration = 421/657| loss=0.140637| acc=97.27%
2026-02-13 20:18:36 | INFO | | An Iteration is Completed| epoch=2/3 | Iteration = 422/657| loss=0.195046| acc=94.14%
2026-02-13 20:18:36 | INFO | | An Iteration is Completed| epoch=2/3 | Iteration = 423/657| loss=0.087624| acc=97.27%
2026-02-13 20:18:36 | INFO | | An Iteration is Completed| epoch=2/3 | Iteration = 424/657| loss=0.131519| acc=95.31%
2026-02-13 20:18:36 | INFO | | An Iteration is Completed| epoch=2/3 | Iteration = 425/657| loss=0.046146| acc=98.83%
2026-02-13 20:18:36 | INFO | | An Iteration is Completed| epoch=2/3 | Iteration = 426/657| loss=0.060171| acc=97.66%
2026-02-13 20:18:36 | INFO | | An Iteration is Completed| epoch=2/3 | Iteration = 427/657| loss=0.067701| acc=98.44%
2026-02-13 20:18:36 | INFO | | An Iteration is Completed| epoch=2/3 | Iteration = 428/657| loss=0.091397| acc=96.48%
2026-02-13 20:18:36 | INFO | | An Iteration is Completed| epoch=2/3 | Iteration = 429/657| loss=0.048442| acc=98.83%
2026-02-13 20:18:36 | INFO | | An Iteration is Completed| epoch=2/3 | Iteration = 430/657| loss=0.058245| acc=98.05%
2026-02-13 20:18:36 | INFO | | An Iteration is Completed| epoch=2/3 | Iteration = 431/657| loss=0.072057| acc=97.66%
2026-02-13 20:18:36 | INFO | | An Iteration is Completed| epoch=2/3 | Iteration = 432/657| loss=0.098246| acc=96.09%
2026-02-13 20:18:36 | INFO | | An Iteration is Completed| epoch=2/3 | Iteration = 433/657| loss=0.169304| acc=96.48%
2026-02-13 20:18:36 | INFO | | An Iteration is Completed| epoch=2/3 | Iteration = 434/657| loss=0.058528| acc=98.05%
2026-02-13 20:18:36 | INFO | | An Iteration is Completed| epoch=2/3 | Iteration = 435/657| loss=0.115869| acc=96.48%
2026-02-13 20:18:36 | INFO | | An Iteration is Completed| epoch=2/3 | Iteration = 436/657| loss=0.120410| acc=97.66%
2026-02-13 20:18:36 | INFO | | An Iteration is Completed| epoch=2/3 | Iteration = 437/657| loss=0.044164| acc=98.05%
2026-02-13 20:18:36 | INFO | | An Iteration is Completed| epoch=2/3 | Iteration = 438/657| loss=0.061511| acc=97.38%
2026-02-13 20:18:36 | INFO | | Epoch Done | seed=42 | bs=256 | epoch=2/3 | loss=0.102312 | train_acc=96.78% | val_acc=96.77% | test_acc=96.61% | t_first=0.9354s | t_steady=0.8509955406188965
2026-02-13 20:18:36 | INFO | | An Iteration is Completed| epoch=3/3 | Iteration = 439/657| loss=0.071257| acc=97.66%
2026-02-13 20:18:36 | INFO | | An Iteration is Completed| epoch=3/3 | Iteration = 440/657| loss=0.076427| acc=97.66%
2026-02-13 20:18:36 | INFO | | An Iteration is Completed| epoch=3/3 | Iteration = 441/657| loss=0.073962| acc=98.44%
2026-02-13 20:18:36 | INFO | | An Iteration is Completed| epoch=3/3 | Iteration = 442/657| loss=0.054301| acc=98.44%
2026-02-13 20:18:36 | INFO | | An Iteration is Completed| epoch=3/3 | Iteration = 443/657| loss=0.029776| acc=99.22%
2026-02-13 20:18:36 | INFO | | An Iteration is Completed| epoch=3/3 | Iteration = 444/657| loss=0.033210| acc=98.44%
2026-02-13 20:18:36 | INFO | | An Iteration is Completed| epoch=3/3 | Iteration = 445/657| loss=0.080672| acc=97.66%
2026-02-13 20:18:36 | INFO | | An Iteration is Completed| epoch=3/3 | Iteration = 446/657| loss=0.012997| acc=99.61%
2026-02-13 20:18:36 | INFO | | An Iteration is Completed| epoch=3/3 | Iteration = 447/657| loss=0.074162| acc=98.83%
2026-02-13 20:18:36 | INFO | | An Iteration is Completed| epoch=3/3 | Iteration = 448/657| loss=0.034052| acc=98.83%
2026-02-13 20:18:36 | INFO | | An Iteration is Completed| epoch=3/3 | Iteration = 449/657| loss=0.052195| acc=98.83%
2026-02-13 20:18:36 | INFO | | An Iteration is Completed| epoch=3/3 | Iteration = 450/657| loss=0.090772| acc=97.27%
2026-02-13 20:18:36 | INFO | | An Iteration is Completed| epoch=3/3 | Iteration = 451/657| loss=0.094124| acc=97.27%
2026-02-13 20:18:36 | INFO | | An Iteration is Completed| epoch=3/3 | Iteration = 452/657| loss=0.040722| acc=99.22%
2026-02-13 20:18:36 | INFO | | An Iteration is Completed| epoch=3/3 | Iteration = 453/657| loss=0.070998| acc=97.27%
2026-02-13 20:18:36 | INFO | | An Iteration is Completed| epoch=3/3 | Iteration = 454/657| loss=0.056106| acc=98.05%
2026-02-13 20:18:36 | INFO | | An Iteration is Completed| epoch=3/3 | Iteration = 455/657| loss=0.029239| acc=99.22%
2026-02-13 20:18:36 | INFO | | An Iteration is Completed| epoch=3/3 | Iteration = 456/657| loss=0.032938| acc=98.83%
2026-02-13 20:18:36 | INFO | | An Iteration is Completed| epoch=3/3 | Iteration = 457/657| loss=0.044243| acc=98.44%
2026-02-13 20:18:36 | INFO | | An Iteration is Completed| epoch=3/3 | Iteration = 458/657| loss=0.070166| acc=99.22%
2026-02-13 20:18:36 | INFO | | An Iteration is Completed| epoch=3/3 | Iteration = 459/657| loss=0.069276| acc=98.05%
2026-02-13 20:18:36 | INFO | | An Iteration is Completed| epoch=3/3 | Iteration = 460/657| loss=0.076825| acc=97.66%
2026-02-13 20:18:36 | INFO | | An Iteration is Completed| epoch=3/3 | Iteration = 461/657| loss=0.066813| acc=97.27%
2026-02-13 20:18:36 | INFO | | An Iteration is Completed| epoch=3/3 | Iteration = 462/657| loss=0.086333| acc=97.27%
2026-02-13 20:18:36 | INFO | | An Iteration is Completed| epoch=3/3 | Iteration = 463/657| loss=0.063103| acc=98.83%
2026-02-13 20:18:36 | INFO | | An Iteration is Completed| epoch=3/3 | Iteration = 464/657| loss=0.079676| acc=98.05%
2026-02-13 20:18:36 | INFO | | An Iteration is Completed| epoch=3/3 | Iteration = 465/657| loss=0.028931| acc=99.61%
2026-02-13 20:18:36 | INFO | | An Iteration is Completed| epoch=3/3 | Iteration = 466/657| loss=0.043406| acc=98.44%
2026-02-13 20:18:36 | INFO | | An Iteration is Completed| epoch=3/3 | Iteration = 467/657| loss=0.085096| acc=95.70%
2026-02-13 20:18:36 | INFO | | An Iteration is Completed| epoch=3/3 | Iteration = 468/657| loss=0.125037| acc=96.09%
2026-02-13 20:18:36 | INFO | | An Iteration is Completed| epoch=3/3 | Iteration = 469/657| loss=0.085899| acc=98.05%
2026-02-13 20:18:37 | INFO | | An Iteration is Completed| epoch=3/3 | Iteration = 470/657| loss=0.045495| acc=97.66%
2026-02-13 20:18:37 | INFO | | An Iteration is Completed| epoch=3/3 | Iteration = 471/657| loss=0.033524| acc=98.83%
2026-02-13 20:18:37 | INFO | | An Iteration is Completed| epoch=3/3 | Iteration = 472/657| loss=0.072564| acc=97.66%
2026-02-13 20:18:37 | INFO | | An Iteration is Completed| epoch=3/3 | Iteration = 473/657| loss=0.128607| acc=96.48%
2026-02-13 20:18:37 | INFO | | An Iteration is Completed| epoch=3/3 | Iteration = 474/657| loss=0.108114| acc=96.09%
2026-02-13 20:18:37 | INFO | | An Iteration is Completed| epoch=3/3 | Iteration = 475/657| loss=0.082065| acc=96.88%
2026-02-13 20:18:37 | INFO | | An Iteration is Completed| epoch=3/3 | Iteration = 476/657| loss=0.037073| acc=98.44%
2026-02-13 20:18:37 | INFO | | An Iteration is Completed| epoch=3/3 | Iteration = 477/657| loss=0.059227| acc=97.66%
2026-02-13 20:18:37 | INFO | | An Iteration is Completed| epoch=3/3 | Iteration = 478/657| loss=0.044631| acc=98.44%
2026-02-13 20:18:37 | INFO | | An Iteration is Completed| epoch=3/3 | Iteration = 479/657| loss=0.130231| acc=96.88%
2026-02-13 20:18:37 | INFO | | An Iteration is Completed| epoch=3/3 | Iteration = 480/657| loss=0.067787| acc=98.83%
2026-02-13 20:18:37 | INFO | | An Iteration is Completed| epoch=3/3 | Iteration = 481/657| loss=0.064137| acc=97.66%
2026-02-13 20:18:37 | INFO | | An Iteration is Completed| epoch=3/3 | Iteration = 482/657| loss=0.067255| acc=96.88%
2026-02-13 20:18:37 | INFO | | An Iteration is Completed| epoch=3/3 | Iteration = 483/657| loss=0.065768| acc=97.66%
2026-02-13 20:18:37 | INFO | | An Iteration is Completed| epoch=3/3 | Iteration = 484/657| loss=0.094576| acc=97.66%
2026-02-13 20:18:37 | INFO | | An Iteration is Completed| epoch=3/3 | Iteration = 485/657| loss=0.070183| acc=98.83%
2026-02-13 20:18:37 | INFO | | An Iteration is Completed| epoch=3/3 | Iteration = 486/657| loss=0.075328| acc=97.66%
2026-02-13 20:18:37 | INFO | | An Iteration is Completed| epoch=3/3 | Iteration = 487/657| loss=0.066740| acc=97.66%
2026-02-13 20:18:37 | INFO | | An Iteration is Completed| epoch=3/3 | Iteration = 488/657| loss=0.099100| acc=97.27%
2026-02-13 20:18:37 | INFO | | An Iteration is Completed| epoch=3/3 | Iteration = 489/657| loss=0.052830| acc=98.83%
2026-02-13 20:18:37 | INFO | | An Iteration is Completed| epoch=3/3 | Iteration = 490/657| loss=0.036991| acc=98.05%
2026-02-13 20:18:37 | INFO | | An Iteration is Completed| epoch=3/3 | Iteration = 491/657| loss=0.053986| acc=98.44%
2026-02-13 20:18:37 | INFO | | An Iteration is Completed| epoch=3/3 | Iteration = 492/657| loss=0.117563| acc=96.09%
2026-02-13 20:18:37 | INFO | | An Iteration is Completed| epoch=3/3 | Iteration = 493/657| loss=0.042220| acc=98.44%
2026-02-13 20:18:37 | INFO | | An Iteration is Completed| epoch=3/3 | Iteration = 494/657| loss=0.094126| acc=96.48%
2026-02-13 20:18:37 | INFO | | An Iteration is Completed| epoch=3/3 | Iteration = 495/657| loss=0.043943| acc=97.66%
2026-02-13 20:18:37 | INFO | | An Iteration is Completed| epoch=3/3 | Iteration = 496/657| loss=0.069872| acc=97.27%
2026-02-13 20:18:37 | INFO | | An Iteration is Completed| epoch=3/3 | Iteration = 497/657| loss=0.091340| acc=97.66%
2026-02-13 20:18:37 | INFO | | An Iteration is Completed| epoch=3/3 | Iteration = 498/657| loss=0.149799| acc=95.31%
2026-02-13 20:18:37 | INFO | | An Iteration is Completed| epoch=3/3 | Iteration = 499/657| loss=0.095394| acc=96.88%
2026-02-13 20:18:37 | INFO | | An Iteration is Completed| epoch=3/3 | Iteration = 500/657| loss=0.038336| acc=98.83%
2026-02-13 20:18:37 | INFO | | An Iteration is Completed| epoch=3/3 | Iteration = 501/657| loss=0.066967| acc=98.05%
2026-02-13 20:18:37 | INFO | | An Iteration is Completed| epoch=3/3 | Iteration = 502/657| loss=0.037486| acc=98.44%
2026-02-13 20:18:37 | INFO | | An Iteration is Completed| epoch=3/3 | Iteration = 503/657| loss=0.135893| acc=96.88%
2026-02-13 20:18:37 | INFO | | An Iteration is Completed| epoch=3/3 | Iteration = 504/657| loss=0.147725| acc=96.48%
2026-02-13 20:18:37 | INFO | | An Iteration is Completed| epoch=3/3 | Iteration = 505/657| loss=0.031385| acc=98.83%
2026-02-13 20:18:37 | INFO | | An Iteration is Completed| epoch=3/3 | Iteration = 506/657| loss=0.105334| acc=97.66%
2026-02-13 20:18:37 | INFO | | An Iteration is Completed| epoch=3/3 | Iteration = 507/657| loss=0.102216| acc=96.09%
2026-02-13 20:18:37 | INFO | | An Iteration is Completed| epoch=3/3 | Iteration = 508/657| loss=0.084307| acc=97.66%
2026-02-13 20:18:37 | INFO | | An Iteration is Completed| epoch=3/3 | Iteration = 509/657| loss=0.087433| acc=96.88%
2026-02-13 20:18:37 | INFO | | An Iteration is Completed| epoch=3/3 | Iteration = 510/657| loss=0.060959| acc=97.66%
2026-02-13 20:18:37 | INFO | | An Iteration is Completed| epoch=3/3 | Iteration = 511/657| loss=0.071056| acc=97.66%
2026-02-13 20:18:37 | INFO | | An Iteration is Completed| epoch=3/3 | Iteration = 512/657| loss=0.125661| acc=95.70%
2026-02-13 20:18:37 | INFO | | An Iteration is Completed| epoch=3/3 | Iteration = 513/657| loss=0.082398| acc=96.88%
2026-02-13 20:18:37 | INFO | | An Iteration is Completed| epoch=3/3 | Iteration = 514/657| loss=0.042930| acc=98.83%
2026-02-13 20:18:37 | INFO | | An Iteration is Completed| epoch=3/3 | Iteration = 515/657| loss=0.089305| acc=98.05%
2026-02-13 20:18:37 | INFO | | An Iteration is Completed| epoch=3/3 | Iteration = 516/657| loss=0.044548| acc=98.44%
2026-02-13 20:18:37 | INFO | | An Iteration is Completed| epoch=3/3 | Iteration = 517/657| loss=0.099739| acc=97.66%
2026-02-13 20:18:37 | INFO | | An Iteration is Completed| epoch=3/3 | Iteration = 518/657| loss=0.083282| acc=96.48%
2026-02-13 20:18:37 | INFO | | An Iteration is Completed| epoch=3/3 | Iteration = 519/657| loss=0.109031| acc=97.27%
2026-02-13 20:18:37 | INFO | | An Iteration is Completed| epoch=3/3 | Iteration = 520/657| loss=0.115190| acc=98.05%
2026-02-13 20:18:37 | INFO | | An Iteration is Completed| epoch=3/3 | Iteration = 521/657| loss=0.107148| acc=95.70%
2026-02-13 20:18:37 | INFO | | An Iteration is Completed| epoch=3/3 | Iteration = 522/657| loss=0.075872| acc=97.66%
2026-02-13 20:18:37 | INFO | | An Iteration is Completed| epoch=3/3 | Iteration = 523/657| loss=0.063153| acc=97.66%
2026-02-13 20:18:37 | INFO | | An Iteration is Completed| epoch=3/3 | Iteration = 524/657| loss=0.116914| acc=96.48%
2026-02-13 20:18:37 | INFO | | An Iteration is Completed| epoch=3/3 | Iteration = 525/657| loss=0.108791| acc=96.09%
2026-02-13 20:18:37 | INFO | | An Iteration is Completed| epoch=3/3 | Iteration = 526/657| loss=0.166082| acc=95.31%
2026-02-13 20:18:37 | INFO | | An Iteration is Completed| epoch=3/3 | Iteration = 527/657| loss=0.076428| acc=97.66%
2026-02-13 20:18:37 | INFO | | An Iteration is Completed| epoch=3/3 | Iteration = 528/657| loss=0.069602| acc=97.66%
2026-02-13 20:18:37 | INFO | | An Iteration is Completed| epoch=3/3 | Iteration = 529/657| loss=0.127974| acc=96.09%
2026-02-13 20:18:37 | INFO | | An Iteration is Completed| epoch=3/3 | Iteration = 530/657| loss=0.056663| acc=98.05%
2026-02-13 20:18:37 | INFO | | An Iteration is Completed| epoch=3/3 | Iteration = 531/657| loss=0.049889| acc=98.83%
2026-02-13 20:18:37 | INFO | | An Iteration is Completed| epoch=3/3 | Iteration = 532/657| loss=0.064847| acc=96.88%
2026-02-13 20:18:37 | INFO | | An Iteration is Completed| epoch=3/3 | Iteration = 533/657| loss=0.100731| acc=96.48%
2026-02-13 20:18:37 | INFO | | An Iteration is Completed| epoch=3/3 | Iteration = 534/657| loss=0.090021| acc=97.27%
2026-02-13 20:18:37 | INFO | | An Iteration is Completed| epoch=3/3 | Iteration = 535/657| loss=0.112552| acc=96.48%
2026-02-13 20:18:37 | INFO | | An Iteration is Completed| epoch=3/3 | Iteration = 536/657| loss=0.067028| acc=97.27%
2026-02-13 20:18:37 | INFO | | An Iteration is Completed| epoch=3/3 | Iteration = 537/657| loss=0.099258| acc=97.27%
2026-02-13 20:18:37 | INFO | | An Iteration is Completed| epoch=3/3 | Iteration = 538/657| loss=0.074474| acc=98.44%
2026-02-13 20:18:37 | INFO | | An Iteration is Completed| epoch=3/3 | Iteration = 539/657| loss=0.122757| acc=96.48%
2026-02-13 20:18:37 | INFO | | An Iteration is Completed| epoch=3/3 | Iteration = 540/657| loss=0.057070| acc=97.66%
2026-02-13 20:18:37 | INFO | | An Iteration is Completed| epoch=3/3 | Iteration = 541/657| loss=0.044739| acc=98.44%
2026-02-13 20:18:37 | INFO | | An Iteration is Completed| epoch=3/3 | Iteration = 542/657| loss=0.107719| acc=95.70%
2026-02-13 20:18:37 | INFO | | An Iteration is Completed| epoch=3/3 | Iteration = 543/657| loss=0.091392| acc=97.27%
2026-02-13 20:18:37 | INFO | | An Iteration is Completed| epoch=3/3 | Iteration = 544/657| loss=0.058441| acc=98.05%
2026-02-13 20:18:37 | INFO | | An Iteration is Completed| epoch=3/3 | Iteration = 545/657| loss=0.129670| acc=95.70%
2026-02-13 20:18:37 | INFO | | An Iteration is Completed| epoch=3/3 | Iteration = 546/657| loss=0.093958| acc=97.66%
2026-02-13 20:18:37 | INFO | | An Iteration is Completed| epoch=3/3 | Iteration = 547/657| loss=0.094942| acc=98.05%
2026-02-13 20:18:37 | INFO | | An Iteration is Completed| epoch=3/3 | Iteration = 548/657| loss=0.059527| acc=98.44%
2026-02-13 20:18:37 | INFO | | An Iteration is Completed| epoch=3/3 | Iteration = 549/657| loss=0.066481| acc=98.44%
2026-02-13 20:18:37 | INFO | | An Iteration is Completed| epoch=3/3 | Iteration = 550/657| loss=0.115454| acc=97.27%
2026-02-13 20:18:37 | INFO | | An Iteration is Completed| epoch=3/3 | Iteration = 551/657| loss=0.083176| acc=96.48%
2026-02-13 20:18:37 | INFO | | An Iteration is Completed| epoch=3/3 | Iteration = 552/657| loss=0.049091| acc=97.66%
2026-02-13 20:18:37 | INFO | | An Iteration is Completed| epoch=3/3 | Iteration = 553/657| loss=0.085741| acc=96.88%
2026-02-13 20:18:37 | INFO | | An Iteration is Completed| epoch=3/3 | Iteration = 554/657| loss=0.119720| acc=97.27%
2026-02-13 20:18:37 | INFO | | An Iteration is Completed| epoch=3/3 | Iteration = 555/657| loss=0.109919| acc=96.88%
2026-02-13 20:18:37 | INFO | | An Iteration is Completed| epoch=3/3 | Iteration = 556/657| loss=0.053235| acc=98.44%
2026-02-13 20:18:37 | INFO | | An Iteration is Completed| epoch=3/3 | Iteration = 557/657| loss=0.100618| acc=96.88%
2026-02-13 20:18:37 | INFO | | An Iteration is Completed| epoch=3/3 | Iteration = 558/657| loss=0.036602| acc=98.05%
2026-02-13 20:18:37 | INFO | | An Iteration is Completed| epoch=3/3 | Iteration = 559/657| loss=0.049224| acc=98.05%
2026-02-13 20:18:37 | INFO | | An Iteration is Completed| epoch=3/3 | Iteration = 560/657| loss=0.075981| acc=97.66%
2026-02-13 20:18:37 | INFO | | An Iteration is Completed| epoch=3/3 | Iteration = 561/657| loss=0.060055| acc=97.66%
2026-02-13 20:18:37 | INFO | | An Iteration is Completed| epoch=3/3 | Iteration = 562/657| loss=0.097427| acc=96.88%
2026-02-13 20:18:37 | INFO | | An Iteration is Completed| epoch=3/3 | Iteration = 563/657| loss=0.080781| acc=96.48%
2026-02-13 20:18:37 | INFO | | An Iteration is Completed| epoch=3/3 | Iteration = 564/657| loss=0.086497| acc=96.48%
2026-02-13 20:18:37 | INFO | | An Iteration is Completed| epoch=3/3 | Iteration = 565/657| loss=0.065865| acc=98.05%
2026-02-13 20:18:37 | INFO | | An Iteration is Completed| epoch=3/3 | Iteration = 566/657| loss=0.119180| acc=96.88%
2026-02-13 20:18:37 | INFO | | An Iteration is Completed| epoch=3/3 | Iteration = 567/657| loss=0.049632| acc=98.44%
2026-02-13 20:18:37 | INFO | | An Iteration is Completed| epoch=3/3 | Iteration = 568/657| loss=0.145528| acc=95.31%
2026-02-13 20:18:37 | INFO | | An Iteration is Completed| epoch=3/3 | Iteration = 569/657| loss=0.087195| acc=98.05%
2026-02-13 20:18:37 | INFO | | An Iteration is Completed| epoch=3/3 | Iteration = 570/657| loss=0.072398| acc=98.05%
2026-02-13 20:18:37 | INFO | | An Iteration is Completed| epoch=3/3 | Iteration = 571/657| loss=0.053163| acc=98.44%
2026-02-13 20:18:37 | INFO | | An Iteration is Completed| epoch=3/3 | Iteration = 572/657| loss=0.078297| acc=96.88%
2026-02-13 20:18:37 | INFO | | An Iteration is Completed| epoch=3/3 | Iteration = 573/657| loss=0.067822| acc=98.05%
2026-02-13 20:18:37 | INFO | | An Iteration is Completed| epoch=3/3 | Iteration = 574/657| loss=0.025949| acc=98.44%
2026-02-13 20:18:37 | INFO | | An Iteration is Completed| epoch=3/3 | Iteration = 575/657| loss=0.038896| acc=98.44%
2026-02-13 20:18:37 | INFO | | An Iteration is Completed| epoch=3/3 | Iteration = 576/657| loss=0.070284| acc=97.27%
2026-02-13 20:18:37 | INFO | | An Iteration is Completed| epoch=3/3 | Iteration = 577/657| loss=0.046693| acc=98.83%
2026-02-13 20:18:37 | INFO | | An Iteration is Completed| epoch=3/3 | Iteration = 578/657| loss=0.104623| acc=96.09%
2026-02-13 20:18:37 | INFO | | An Iteration is Completed| epoch=3/3 | Iteration = 579/657| loss=0.075633| acc=97.27%
2026-02-13 20:18:37 | INFO | | An Iteration is Completed| epoch=3/3 | Iteration = 580/657| loss=0.076713| acc=97.66%
2026-02-13 20:18:37 | INFO | | An Iteration is Completed| epoch=3/3 | Iteration = 581/657| loss=0.087767| acc=98.05%
2026-02-13 20:18:37 | INFO | | An Iteration is Completed| epoch=3/3 | Iteration = 582/657| loss=0.097635| acc=96.88%
2026-02-13 20:18:37 | INFO | | An Iteration is Completed| epoch=3/3 | Iteration = 583/657| loss=0.115703| acc=95.31%
2026-02-13 20:18:37 | INFO | | An Iteration is Completed| epoch=3/3 | Iteration = 584/657| loss=0.068716| acc=98.05%
2026-02-13 20:18:37 | INFO | | An Iteration is Completed| epoch=3/3 | Iteration = 585/657| loss=0.034976| acc=98.83%
2026-02-13 20:18:37 | INFO | | An Iteration is Completed| epoch=3/3 | Iteration = 586/657| loss=0.045346| acc=98.05%
2026-02-13 20:18:37 | INFO | | An Iteration is Completed| epoch=3/3 | Iteration = 587/657| loss=0.060240| acc=98.44%
2026-02-13 20:18:37 | INFO | | An Iteration is Completed| epoch=3/3 | Iteration = 588/657| loss=0.103859| acc=96.88%
2026-02-13 20:18:37 | INFO | | An Iteration is Completed| epoch=3/3 | Iteration = 589/657| loss=0.052397| acc=98.44%
2026-02-13 20:18:37 | INFO | | An Iteration is Completed| epoch=3/3 | Iteration = 590/657| loss=0.085394| acc=97.66%
2026-02-13 20:18:37 | INFO | | An Iteration is Completed| epoch=3/3 | Iteration = 591/657| loss=0.091050| acc=96.88%
2026-02-13 20:18:37 | INFO | | An Iteration is Completed| epoch=3/3 | Iteration = 592/657| loss=0.053474| acc=98.05%
2026-02-13 20:18:37 | INFO | | An Iteration is Completed| epoch=3/3 | Iteration = 593/657| loss=0.059308| acc=98.44%
2026-02-13 20:18:37 | INFO | | An Iteration is Completed| epoch=3/3 | Iteration = 594/657| loss=0.082987| acc=97.27%
2026-02-13 20:18:37 | INFO | | An Iteration is Completed| epoch=3/3 | Iteration = 595/657| loss=0.034253| acc=99.22%
2026-02-13 20:18:37 | INFO | | An Iteration is Completed| epoch=3/3 | Iteration = 596/657| loss=0.088840| acc=96.88%
2026-02-13 20:18:37 | INFO | | An Iteration is Completed| epoch=3/3 | Iteration = 597/657| loss=0.071262| acc=98.05%
2026-02-13 20:18:37 | INFO | | An Iteration is Completed| epoch=3/3 | Iteration = 598/657| loss=0.057356| acc=98.05%
2026-02-13 20:18:37 | INFO | | An Iteration is Completed| epoch=3/3 | Iteration = 599/657| loss=0.062560| acc=98.05%
2026-02-13 20:18:37 | INFO | | An Iteration is Completed| epoch=3/3 | Iteration = 600/657| loss=0.073580| acc=97.27%
2026-02-13 20:18:37 | INFO | | An Iteration is Completed| epoch=3/3 | Iteration = 601/657| loss=0.065312| acc=99.22%
2026-02-13 20:18:37 | INFO | | An Iteration is Completed| epoch=3/3 | Iteration = 602/657| loss=0.068479| acc=97.66%
2026-02-13 20:18:37 | INFO | | An Iteration is Completed| epoch=3/3 | Iteration = 603/657| loss=0.084023| acc=96.09%
2026-02-13 20:18:37 | INFO | | An Iteration is Completed| epoch=3/3 | Iteration = 604/657| loss=0.112928| acc=97.27%
2026-02-13 20:18:37 | INFO | | An Iteration is Completed| epoch=3/3 | Iteration = 605/657| loss=0.090429| acc=96.48%
2026-02-13 20:18:37 | INFO | | An Iteration is Completed| epoch=3/3 | Iteration = 606/657| loss=0.061244| acc=97.66%
2026-02-13 20:18:37 | INFO | | An Iteration is Completed| epoch=3/3 | Iteration = 607/657| loss=0.075454| acc=97.66%
2026-02-13 20:18:37 | INFO | | An Iteration is Completed| epoch=3/3 | Iteration = 608/657| loss=0.053391| acc=97.66%
2026-02-13 20:18:37 | INFO | | An Iteration is Completed| epoch=3/3 | Iteration = 609/657| loss=0.042564| acc=98.83%
2026-02-13 20:18:37 | INFO | | An Iteration is Completed| epoch=3/3 | Iteration = 610/657| loss=0.120957| acc=96.48%
2026-02-13 20:18:37 | INFO | | An Iteration is Completed| epoch=3/3 | Iteration = 611/657| loss=0.069042| acc=97.66%
2026-02-13 20:18:37 | INFO | | An Iteration is Completed| epoch=3/3 | Iteration = 612/657| loss=0.070505| acc=98.83%
2026-02-13 20:18:37 | INFO | | An Iteration is Completed| epoch=3/3 | Iteration = 613/657| loss=0.097840| acc=96.48%
2026-02-13 20:18:37 | INFO | | An Iteration is Completed| epoch=3/3 | Iteration = 614/657| loss=0.143826| acc=94.14%
2026-02-13 20:18:37 | INFO | | An Iteration is Completed| epoch=3/3 | Iteration = 615/657| loss=0.083579| acc=97.27%
2026-02-13 20:18:37 | INFO | | An Iteration is Completed| epoch=3/3 | Iteration = 616/657| loss=0.072654| acc=97.27%
2026-02-13 20:18:37 | INFO | | An Iteration is Completed| epoch=3/3 | Iteration = 617/657| loss=0.060869| acc=98.44%
2026-02-13 20:18:37 | INFO | | An Iteration is Completed| epoch=3/3 | Iteration = 618/657| loss=0.050678| acc=98.44%
2026-02-13 20:18:37 | INFO | | An Iteration is Completed| epoch=3/3 | Iteration = 619/657| loss=0.074898| acc=98.05%
2026-02-13 20:18:37 | INFO | | An Iteration is Completed| epoch=3/3 | Iteration = 620/657| loss=0.113857| acc=97.27%
2026-02-13 20:18:37 | INFO | | An Iteration is Completed| epoch=3/3 | Iteration = 621/657| loss=0.058486| acc=97.66%
2026-02-13 20:18:37 | INFO | | An Iteration is Completed| epoch=3/3 | Iteration = 622/657| loss=0.165889| acc=94.92%
2026-02-13 20:18:37 | INFO | | An Iteration is Completed| epoch=3/3 | Iteration = 623/657| loss=0.035347| acc=99.22%
2026-02-13 20:18:37 | INFO | | An Iteration is Completed| epoch=3/3 | Iteration = 624/657| loss=0.057410| acc=97.27%
2026-02-13 20:18:37 | INFO | | An Iteration is Completed| epoch=3/3 | Iteration = 625/657| loss=0.066045| acc=97.66%
2026-02-13 20:18:37 | INFO | | An Iteration is Completed| epoch=3/3 | Iteration = 626/657| loss=0.059730| acc=98.44%
2026-02-13 20:18:37 | INFO | | An Iteration is Completed| epoch=3/3 | Iteration = 627/657| loss=0.086719| acc=95.31%
2026-02-13 20:18:37 | INFO | | An Iteration is Completed| epoch=3/3 | Iteration = 628/657| loss=0.050665| acc=98.83%
2026-02-13 20:18:37 | INFO | | An Iteration is Completed| epoch=3/3 | Iteration = 629/657| loss=0.096757| acc=98.05%
2026-02-13 20:18:37 | INFO | | An Iteration is Completed| epoch=3/3 | Iteration = 630/657| loss=0.090351| acc=97.27%
2026-02-13 20:18:37 | INFO | | An Iteration is Completed| epoch=3/3 | Iteration = 631/657| loss=0.055791| acc=97.66%
2026-02-13 20:18:37 | INFO | | An Iteration is Completed| epoch=3/3 | Iteration = 632/657| loss=0.046822| acc=98.05%
2026-02-13 20:18:37 | INFO | | An Iteration is Completed| epoch=3/3 | Iteration = 633/657| loss=0.060143| acc=99.22%
2026-02-13 20:18:37 | INFO | | An Iteration is Completed| epoch=3/3 | Iteration = 634/657| loss=0.106917| acc=97.66%
2026-02-13 20:18:37 | INFO | | An Iteration is Completed| epoch=3/3 | Iteration = 635/657| loss=0.087271| acc=97.27%
2026-02-13 20:18:37 | INFO | | An Iteration is Completed| epoch=3/3 | Iteration = 636/657| loss=0.041567| acc=98.44%
2026-02-13 20:18:37 | INFO | | An Iteration is Completed| epoch=3/3 | Iteration = 637/657| loss=0.072536| acc=96.88%
2026-02-13 20:18:37 | INFO | | An Iteration is Completed| epoch=3/3 | Iteration = 638/657| loss=0.074567| acc=97.27%
2026-02-13 20:18:37 | INFO | | An Iteration is Completed| epoch=3/3 | Iteration = 639/657| loss=0.095678| acc=96.48%
2026-02-13 20:18:37 | INFO | | An Iteration is Completed| epoch=3/3 | Iteration = 640/657| loss=0.088697| acc=97.66%
2026-02-13 20:18:37 | INFO | | An Iteration is Completed| epoch=3/3 | Iteration = 641/657| loss=0.073973| acc=97.27%
2026-02-13 20:18:37 | INFO | | An Iteration is Completed| epoch=3/3 | Iteration = 642/657| loss=0.107914| acc=96.88%
2026-02-13 20:18:37 | INFO | | An Iteration is Completed| epoch=3/3 | Iteration = 643/657| loss=0.075694| acc=96.88%
2026-02-13 20:18:37 | INFO | | An Iteration is Completed| epoch=3/3 | Iteration = 644/657| loss=0.084295| acc=98.05%
2026-02-13 20:18:37 | INFO | | An Iteration is Completed| epoch=3/3 | Iteration = 645/657| loss=0.038653| acc=98.83%
2026-02-13 20:18:37 | INFO | | An Iteration is Completed| epoch=3/3 | Iteration = 646/657| loss=0.114878| acc=97.27%
2026-02-13 20:18:37 | INFO | | An Iteration is Completed| epoch=3/3 | Iteration = 647/657| loss=0.112210| acc=95.31%
2026-02-13 20:18:37 | INFO | | An Iteration is Completed| epoch=3/3 | Iteration = 648/657| loss=0.080835| acc=97.66%
2026-02-13 20:18:37 | INFO | | An Iteration is Completed| epoch=3/3 | Iteration = 649/657| loss=0.079149| acc=96.48%
2026-02-13 20:18:37 | INFO | | An Iteration is Completed| epoch=3/3 | Iteration = 650/657| loss=0.074355| acc=98.05%
2026-02-13 20:18:37 | INFO | | An Iteration is Completed| epoch=3/3 | Iteration = 651/657| loss=0.051114| acc=98.05%
2026-02-13 20:18:37 | INFO | | An Iteration is Completed| epoch=3/3 | Iteration = 652/657| loss=0.057059| acc=98.05%
2026-02-13 20:18:37 | INFO | | An Iteration is Completed| epoch=3/3 | Iteration = 653/657| loss=0.159884| acc=94.53%
2026-02-13 20:18:37 | INFO | | An Iteration is Completed| epoch=3/3 | Iteration = 654/657| loss=0.094806| acc=96.88%
2026-02-13 20:18:37 | INFO | | An Iteration is Completed| epoch=3/3 | Iteration = 655/657| loss=0.040355| acc=98.83%
2026-02-13 20:18:37 | INFO | | An Iteration is Completed| epoch=3/3 | Iteration = 656/657| loss=0.086947| acc=97.66%
2026-02-13 20:18:37 | INFO | | An Iteration is Completed| epoch=3/3 | Iteration = 657/657| loss=0.095726| acc=96.86%
2026-02-13 20:18:37 | INFO | | Epoch Done | seed=42 | bs=256 | epoch=3/3 | loss=0.076939 | train_acc=97.56% | val_acc=96.83% | test_acc=97.00% | t_first=0.9354s | t_steady=0.8509955406188965
2026-02-13 20:18:37 | INFO | Saved final checkpoint: checkpoints/torch_seed42_bs256_final.pt
