2026-02-13 17:24:09 | INFO | MLP Implementation with JAX From scratch.
2026-02-13 17:24:09 | INFO | JAX devices: [CudaDevice(id=0)]
2026-02-13 17:24:09 | INFO | JAX backend: gpu
2026-02-13 17:24:09 | INFO | Straring run 42 with Seed = 42 and Batch Size=256
2026-02-13 17:24:09 | INFO | Total Epochs = 3
2026-02-13 17:24:12 | INFO | Total iterations = 657
2026-02-13 17:24:21 | INFO | | An Iteration is Completed| epoch=1/3 | Iteration = 1/657| loss=2.427434 | acc=9.77%
2026-02-13 17:24:21 | INFO | | An Iteration is Completed| epoch=1/3 | Iteration = 2/657| loss=2.396380 | acc=9.38%
2026-02-13 17:24:21 | INFO | | An Iteration is Completed| epoch=1/3 | Iteration = 3/657| loss=2.361228 | acc=11.33%
2026-02-13 17:24:21 | INFO | | An Iteration is Completed| epoch=1/3 | Iteration = 4/657| loss=2.331705 | acc=14.06%
2026-02-13 17:24:21 | INFO | | An Iteration is Completed| epoch=1/3 | Iteration = 5/657| loss=2.323090 | acc=15.23%
2026-02-13 17:24:21 | INFO | | An Iteration is Completed| epoch=1/3 | Iteration = 6/657| loss=2.310841 | acc=11.72%
2026-02-13 17:24:21 | INFO | | An Iteration is Completed| epoch=1/3 | Iteration = 7/657| loss=2.328882 | acc=14.84%
2026-02-13 17:24:21 | INFO | | An Iteration is Completed| epoch=1/3 | Iteration = 8/657| loss=2.335831 | acc=14.84%
2026-02-13 17:24:21 | INFO | | An Iteration is Completed| epoch=1/3 | Iteration = 9/657| loss=2.328562 | acc=12.50%
2026-02-13 17:24:21 | INFO | | An Iteration is Completed| epoch=1/3 | Iteration = 10/657| loss=2.293666 | acc=13.28%
2026-02-13 17:24:21 | INFO | | An Iteration is Completed| epoch=1/3 | Iteration = 11/657| loss=2.302130 | acc=17.97%
2026-02-13 17:24:21 | INFO | | An Iteration is Completed| epoch=1/3 | Iteration = 12/657| loss=2.273787 | acc=18.75%
2026-02-13 17:24:21 | INFO | | An Iteration is Completed| epoch=1/3 | Iteration = 13/657| loss=2.195104 | acc=25.00%
2026-02-13 17:24:21 | INFO | | An Iteration is Completed| epoch=1/3 | Iteration = 14/657| loss=2.252491 | acc=20.31%
2026-02-13 17:24:21 | INFO | | An Iteration is Completed| epoch=1/3 | Iteration = 15/657| loss=2.225322 | acc=23.05%
2026-02-13 17:24:21 | INFO | | An Iteration is Completed| epoch=1/3 | Iteration = 16/657| loss=2.197573 | acc=24.61%
2026-02-13 17:24:21 | INFO | | An Iteration is Completed| epoch=1/3 | Iteration = 17/657| loss=2.216632 | acc=24.22%
2026-02-13 17:24:21 | INFO | | An Iteration is Completed| epoch=1/3 | Iteration = 18/657| loss=2.216706 | acc=24.22%
2026-02-13 17:24:21 | INFO | | An Iteration is Completed| epoch=1/3 | Iteration = 19/657| loss=2.195787 | acc=28.91%
2026-02-13 17:24:21 | INFO | | An Iteration is Completed| epoch=1/3 | Iteration = 20/657| loss=2.163482 | acc=28.52%
2026-02-13 17:24:21 | INFO | | An Iteration is Completed| epoch=1/3 | Iteration = 21/657| loss=2.146197 | acc=27.73%
2026-02-13 17:24:21 | INFO | | An Iteration is Completed| epoch=1/3 | Iteration = 22/657| loss=2.185206 | acc=25.39%
2026-02-13 17:24:21 | INFO | | An Iteration is Completed| epoch=1/3 | Iteration = 23/657| loss=2.163640 | acc=29.30%
2026-02-13 17:24:21 | INFO | | An Iteration is Completed| epoch=1/3 | Iteration = 24/657| loss=2.140976 | acc=28.52%
2026-02-13 17:24:21 | INFO | | An Iteration is Completed| epoch=1/3 | Iteration = 25/657| loss=2.132568 | acc=27.34%
2026-02-13 17:24:21 | INFO | | An Iteration is Completed| epoch=1/3 | Iteration = 26/657| loss=2.087882 | acc=36.33%
2026-02-13 17:24:21 | INFO | | An Iteration is Completed| epoch=1/3 | Iteration = 27/657| loss=2.125691 | acc=32.42%
2026-02-13 17:24:21 | INFO | | An Iteration is Completed| epoch=1/3 | Iteration = 28/657| loss=2.088434 | acc=41.02%
2026-02-13 17:24:21 | INFO | | An Iteration is Completed| epoch=1/3 | Iteration = 29/657| loss=2.073457 | acc=39.45%
2026-02-13 17:24:21 | INFO | | An Iteration is Completed| epoch=1/3 | Iteration = 30/657| loss=2.098840 | acc=36.33%
2026-02-13 17:24:21 | INFO | | An Iteration is Completed| epoch=1/3 | Iteration = 31/657| loss=2.031348 | acc=43.75%
2026-02-13 17:24:21 | INFO | | An Iteration is Completed| epoch=1/3 | Iteration = 32/657| loss=2.070757 | acc=34.38%
2026-02-13 17:24:21 | INFO | | An Iteration is Completed| epoch=1/3 | Iteration = 33/657| loss=2.051720 | acc=35.94%
2026-02-13 17:24:22 | INFO | | An Iteration is Completed| epoch=1/3 | Iteration = 34/657| loss=2.017478 | acc=42.97%
2026-02-13 17:24:22 | INFO | | An Iteration is Completed| epoch=1/3 | Iteration = 35/657| loss=2.016126 | acc=41.02%
2026-02-13 17:24:22 | INFO | | An Iteration is Completed| epoch=1/3 | Iteration = 36/657| loss=2.047633 | acc=38.28%
2026-02-13 17:24:22 | INFO | | An Iteration is Completed| epoch=1/3 | Iteration = 37/657| loss=2.058141 | acc=36.33%
2026-02-13 17:24:22 | INFO | | An Iteration is Completed| epoch=1/3 | Iteration = 38/657| loss=1.991336 | acc=43.75%
2026-02-13 17:24:22 | INFO | | An Iteration is Completed| epoch=1/3 | Iteration = 39/657| loss=2.024511 | acc=39.84%
2026-02-13 17:24:22 | INFO | | An Iteration is Completed| epoch=1/3 | Iteration = 40/657| loss=1.983535 | acc=44.14%
2026-02-13 17:24:22 | INFO | | An Iteration is Completed| epoch=1/3 | Iteration = 41/657| loss=1.990133 | acc=42.58%
2026-02-13 17:24:22 | INFO | | An Iteration is Completed| epoch=1/3 | Iteration = 42/657| loss=1.999515 | acc=44.14%
2026-02-13 17:24:22 | INFO | | An Iteration is Completed| epoch=1/3 | Iteration = 43/657| loss=1.962518 | acc=44.92%
2026-02-13 17:24:22 | INFO | | An Iteration is Completed| epoch=1/3 | Iteration = 44/657| loss=1.951536 | acc=45.31%
2026-02-13 17:24:22 | INFO | | An Iteration is Completed| epoch=1/3 | Iteration = 45/657| loss=1.932219 | acc=46.09%
2026-02-13 17:24:22 | INFO | | An Iteration is Completed| epoch=1/3 | Iteration = 46/657| loss=1.935884 | acc=48.44%
2026-02-13 17:24:22 | INFO | | An Iteration is Completed| epoch=1/3 | Iteration = 47/657| loss=1.884483 | acc=53.91%
2026-02-13 17:24:22 | INFO | | An Iteration is Completed| epoch=1/3 | Iteration = 48/657| loss=1.888459 | acc=50.78%
2026-02-13 17:24:22 | INFO | | An Iteration is Completed| epoch=1/3 | Iteration = 49/657| loss=1.891683 | acc=49.61%
2026-02-13 17:24:22 | INFO | | An Iteration is Completed| epoch=1/3 | Iteration = 50/657| loss=1.910131 | acc=49.61%
2026-02-13 17:24:22 | INFO | | An Iteration is Completed| epoch=1/3 | Iteration = 51/657| loss=1.918130 | acc=49.61%
2026-02-13 17:24:22 | INFO | | An Iteration is Completed| epoch=1/3 | Iteration = 52/657| loss=1.842366 | acc=53.91%
2026-02-13 17:24:22 | INFO | | An Iteration is Completed| epoch=1/3 | Iteration = 53/657| loss=1.884148 | acc=50.78%
2026-02-13 17:24:22 | INFO | | An Iteration is Completed| epoch=1/3 | Iteration = 54/657| loss=1.890948 | acc=48.83%
2026-02-13 17:24:22 | INFO | | An Iteration is Completed| epoch=1/3 | Iteration = 55/657| loss=1.840386 | acc=49.61%
2026-02-13 17:24:22 | INFO | | An Iteration is Completed| epoch=1/3 | Iteration = 56/657| loss=1.835777 | acc=53.12%
2026-02-13 17:24:22 | INFO | | An Iteration is Completed| epoch=1/3 | Iteration = 57/657| loss=1.811920 | acc=49.61%
2026-02-13 17:24:22 | INFO | | An Iteration is Completed| epoch=1/3 | Iteration = 58/657| loss=1.815504 | acc=56.25%
2026-02-13 17:24:22 | INFO | | An Iteration is Completed| epoch=1/3 | Iteration = 59/657| loss=1.852016 | acc=50.39%
2026-02-13 17:24:22 | INFO | | An Iteration is Completed| epoch=1/3 | Iteration = 60/657| loss=1.795269 | acc=54.30%
2026-02-13 17:24:22 | INFO | | An Iteration is Completed| epoch=1/3 | Iteration = 61/657| loss=1.806870 | acc=56.25%
2026-02-13 17:24:22 | INFO | | An Iteration is Completed| epoch=1/3 | Iteration = 62/657| loss=1.787068 | acc=53.52%
2026-02-13 17:24:22 | INFO | | An Iteration is Completed| epoch=1/3 | Iteration = 63/657| loss=1.819401 | acc=53.52%
2026-02-13 17:24:22 | INFO | | An Iteration is Completed| epoch=1/3 | Iteration = 64/657| loss=1.807027 | acc=53.12%
2026-02-13 17:24:22 | INFO | | An Iteration is Completed| epoch=1/3 | Iteration = 65/657| loss=1.826818 | acc=52.34%
2026-02-13 17:24:22 | INFO | | An Iteration is Completed| epoch=1/3 | Iteration = 66/657| loss=1.795482 | acc=53.91%
2026-02-13 17:24:22 | INFO | | An Iteration is Completed| epoch=1/3 | Iteration = 67/657| loss=1.783331 | acc=52.34%
2026-02-13 17:24:22 | INFO | | An Iteration is Completed| epoch=1/3 | Iteration = 68/657| loss=1.791527 | acc=51.95%
2026-02-13 17:24:22 | INFO | | An Iteration is Completed| epoch=1/3 | Iteration = 69/657| loss=1.749645 | acc=57.03%
2026-02-13 17:24:22 | INFO | | An Iteration is Completed| epoch=1/3 | Iteration = 70/657| loss=1.694355 | acc=62.89%
2026-02-13 17:24:22 | INFO | | An Iteration is Completed| epoch=1/3 | Iteration = 71/657| loss=1.721425 | acc=60.16%
2026-02-13 17:24:22 | INFO | | An Iteration is Completed| epoch=1/3 | Iteration = 72/657| loss=1.709518 | acc=56.64%
2026-02-13 17:24:22 | INFO | | An Iteration is Completed| epoch=1/3 | Iteration = 73/657| loss=1.700994 | acc=59.77%
2026-02-13 17:24:22 | INFO | | An Iteration is Completed| epoch=1/3 | Iteration = 74/657| loss=1.780829 | acc=55.47%
2026-02-13 17:24:22 | INFO | | An Iteration is Completed| epoch=1/3 | Iteration = 75/657| loss=1.635581 | acc=61.33%
2026-02-13 17:24:22 | INFO | | An Iteration is Completed| epoch=1/3 | Iteration = 76/657| loss=1.715355 | acc=57.81%
2026-02-13 17:24:22 | INFO | | An Iteration is Completed| epoch=1/3 | Iteration = 77/657| loss=1.737268 | acc=55.08%
2026-02-13 17:24:22 | INFO | | An Iteration is Completed| epoch=1/3 | Iteration = 78/657| loss=1.735321 | acc=53.12%
2026-02-13 17:24:22 | INFO | | An Iteration is Completed| epoch=1/3 | Iteration = 79/657| loss=1.679361 | acc=62.11%
2026-02-13 17:24:22 | INFO | | An Iteration is Completed| epoch=1/3 | Iteration = 80/657| loss=1.694078 | acc=61.33%
2026-02-13 17:24:22 | INFO | | An Iteration is Completed| epoch=1/3 | Iteration = 81/657| loss=1.702992 | acc=57.42%
2026-02-13 17:24:22 | INFO | | An Iteration is Completed| epoch=1/3 | Iteration = 82/657| loss=1.630746 | acc=61.33%
2026-02-13 17:24:22 | INFO | | An Iteration is Completed| epoch=1/3 | Iteration = 83/657| loss=1.651617 | acc=58.20%
2026-02-13 17:24:22 | INFO | | An Iteration is Completed| epoch=1/3 | Iteration = 84/657| loss=1.614214 | acc=66.02%
2026-02-13 17:24:22 | INFO | | An Iteration is Completed| epoch=1/3 | Iteration = 85/657| loss=1.661634 | acc=58.98%
2026-02-13 17:24:22 | INFO | | An Iteration is Completed| epoch=1/3 | Iteration = 86/657| loss=1.623395 | acc=63.67%
2026-02-13 17:24:22 | INFO | | An Iteration is Completed| epoch=1/3 | Iteration = 87/657| loss=1.570162 | acc=60.16%
2026-02-13 17:24:22 | INFO | | An Iteration is Completed| epoch=1/3 | Iteration = 88/657| loss=1.639325 | acc=61.72%
2026-02-13 17:24:22 | INFO | | An Iteration is Completed| epoch=1/3 | Iteration = 89/657| loss=1.600398 | acc=60.55%
2026-02-13 17:24:22 | INFO | | An Iteration is Completed| epoch=1/3 | Iteration = 90/657| loss=1.545558 | acc=62.89%
2026-02-13 17:24:22 | INFO | | An Iteration is Completed| epoch=1/3 | Iteration = 91/657| loss=1.565833 | acc=64.06%
2026-02-13 17:24:22 | INFO | | An Iteration is Completed| epoch=1/3 | Iteration = 92/657| loss=1.657627 | acc=59.77%
2026-02-13 17:24:22 | INFO | | An Iteration is Completed| epoch=1/3 | Iteration = 93/657| loss=1.568111 | acc=62.11%
2026-02-13 17:24:22 | INFO | | An Iteration is Completed| epoch=1/3 | Iteration = 94/657| loss=1.546815 | acc=62.50%
2026-02-13 17:24:22 | INFO | | An Iteration is Completed| epoch=1/3 | Iteration = 95/657| loss=1.554057 | acc=64.45%
2026-02-13 17:24:22 | INFO | | An Iteration is Completed| epoch=1/3 | Iteration = 96/657| loss=1.515265 | acc=64.06%
2026-02-13 17:24:22 | INFO | | An Iteration is Completed| epoch=1/3 | Iteration = 97/657| loss=1.535291 | acc=66.41%
2026-02-13 17:24:22 | INFO | | An Iteration is Completed| epoch=1/3 | Iteration = 98/657| loss=1.586330 | acc=64.45%
2026-02-13 17:24:22 | INFO | | An Iteration is Completed| epoch=1/3 | Iteration = 99/657| loss=1.492105 | acc=66.80%
2026-02-13 17:24:22 | INFO | | An Iteration is Completed| epoch=1/3 | Iteration = 100/657| loss=1.502173 | acc=67.58%
2026-02-13 17:24:22 | INFO | | An Iteration is Completed| epoch=1/3 | Iteration = 101/657| loss=1.496128 | acc=69.53%
2026-02-13 17:24:22 | INFO | | An Iteration is Completed| epoch=1/3 | Iteration = 102/657| loss=1.430667 | acc=69.92%
2026-02-13 17:24:22 | INFO | | An Iteration is Completed| epoch=1/3 | Iteration = 103/657| loss=1.491742 | acc=70.31%
2026-02-13 17:24:22 | INFO | | An Iteration is Completed| epoch=1/3 | Iteration = 104/657| loss=1.492285 | acc=67.97%
2026-02-13 17:24:22 | INFO | | An Iteration is Completed| epoch=1/3 | Iteration = 105/657| loss=1.428923 | acc=70.31%
2026-02-13 17:24:22 | INFO | | An Iteration is Completed| epoch=1/3 | Iteration = 106/657| loss=1.510496 | acc=64.84%
2026-02-13 17:24:22 | INFO | | An Iteration is Completed| epoch=1/3 | Iteration = 107/657| loss=1.425723 | acc=68.75%
2026-02-13 17:24:22 | INFO | | An Iteration is Completed| epoch=1/3 | Iteration = 108/657| loss=1.415115 | acc=71.48%
2026-02-13 17:24:22 | INFO | | An Iteration is Completed| epoch=1/3 | Iteration = 109/657| loss=1.522709 | acc=63.28%
2026-02-13 17:24:22 | INFO | | An Iteration is Completed| epoch=1/3 | Iteration = 110/657| loss=1.491385 | acc=64.45%
2026-02-13 17:24:22 | INFO | | An Iteration is Completed| epoch=1/3 | Iteration = 111/657| loss=1.485816 | acc=67.19%
2026-02-13 17:24:22 | INFO | | An Iteration is Completed| epoch=1/3 | Iteration = 112/657| loss=1.450197 | acc=66.80%
2026-02-13 17:24:22 | INFO | | An Iteration is Completed| epoch=1/3 | Iteration = 113/657| loss=1.413295 | acc=72.27%
2026-02-13 17:24:22 | INFO | | An Iteration is Completed| epoch=1/3 | Iteration = 114/657| loss=1.398774 | acc=71.88%
2026-02-13 17:24:22 | INFO | | An Iteration is Completed| epoch=1/3 | Iteration = 115/657| loss=1.366341 | acc=71.48%
2026-02-13 17:24:22 | INFO | | An Iteration is Completed| epoch=1/3 | Iteration = 116/657| loss=1.460219 | acc=68.36%
2026-02-13 17:24:22 | INFO | | An Iteration is Completed| epoch=1/3 | Iteration = 117/657| loss=1.435670 | acc=70.31%
2026-02-13 17:24:22 | INFO | | An Iteration is Completed| epoch=1/3 | Iteration = 118/657| loss=1.351982 | acc=70.70%
2026-02-13 17:24:22 | INFO | | An Iteration is Completed| epoch=1/3 | Iteration = 119/657| loss=1.317993 | acc=72.66%
2026-02-13 17:24:22 | INFO | | An Iteration is Completed| epoch=1/3 | Iteration = 120/657| loss=1.423240 | acc=64.84%
2026-02-13 17:24:22 | INFO | | An Iteration is Completed| epoch=1/3 | Iteration = 121/657| loss=1.312501 | acc=74.22%
2026-02-13 17:24:22 | INFO | | An Iteration is Completed| epoch=1/3 | Iteration = 122/657| loss=1.338858 | acc=70.70%
2026-02-13 17:24:22 | INFO | | An Iteration is Completed| epoch=1/3 | Iteration = 123/657| loss=1.394500 | acc=69.53%
2026-02-13 17:24:22 | INFO | | An Iteration is Completed| epoch=1/3 | Iteration = 124/657| loss=1.307187 | acc=75.39%
2026-02-13 17:24:22 | INFO | | An Iteration is Completed| epoch=1/3 | Iteration = 125/657| loss=1.370391 | acc=69.53%
2026-02-13 17:24:23 | INFO | | An Iteration is Completed| epoch=1/3 | Iteration = 126/657| loss=1.274351 | acc=74.61%
2026-02-13 17:24:23 | INFO | | An Iteration is Completed| epoch=1/3 | Iteration = 127/657| loss=1.381976 | acc=66.41%
2026-02-13 17:24:23 | INFO | | An Iteration is Completed| epoch=1/3 | Iteration = 128/657| loss=1.291913 | acc=69.14%
2026-02-13 17:24:23 | INFO | | An Iteration is Completed| epoch=1/3 | Iteration = 129/657| loss=1.288098 | acc=73.05%
2026-02-13 17:24:23 | INFO | | An Iteration is Completed| epoch=1/3 | Iteration = 130/657| loss=1.325443 | acc=72.66%
2026-02-13 17:24:23 | INFO | | An Iteration is Completed| epoch=1/3 | Iteration = 131/657| loss=1.271676 | acc=73.83%
2026-02-13 17:24:23 | INFO | | An Iteration is Completed| epoch=1/3 | Iteration = 132/657| loss=1.294953 | acc=70.31%
2026-02-13 17:24:23 | INFO | | An Iteration is Completed| epoch=1/3 | Iteration = 133/657| loss=1.247065 | acc=75.39%
2026-02-13 17:24:23 | INFO | | An Iteration is Completed| epoch=1/3 | Iteration = 134/657| loss=1.316508 | acc=74.22%
2026-02-13 17:24:23 | INFO | | An Iteration is Completed| epoch=1/3 | Iteration = 135/657| loss=1.249344 | acc=72.27%
2026-02-13 17:24:23 | INFO | | An Iteration is Completed| epoch=1/3 | Iteration = 136/657| loss=1.273801 | acc=72.66%
2026-02-13 17:24:23 | INFO | | An Iteration is Completed| epoch=1/3 | Iteration = 137/657| loss=1.203913 | acc=74.22%
2026-02-13 17:24:23 | INFO | | An Iteration is Completed| epoch=1/3 | Iteration = 138/657| loss=1.232751 | acc=75.00%
2026-02-13 17:24:23 | INFO | | An Iteration is Completed| epoch=1/3 | Iteration = 139/657| loss=1.319264 | acc=68.75%
2026-02-13 17:24:23 | INFO | | An Iteration is Completed| epoch=1/3 | Iteration = 140/657| loss=1.201971 | acc=73.83%
2026-02-13 17:24:23 | INFO | | An Iteration is Completed| epoch=1/3 | Iteration = 141/657| loss=1.244583 | acc=75.39%
2026-02-13 17:24:23 | INFO | | An Iteration is Completed| epoch=1/3 | Iteration = 142/657| loss=1.268841 | acc=75.39%
2026-02-13 17:24:23 | INFO | | An Iteration is Completed| epoch=1/3 | Iteration = 143/657| loss=1.281034 | acc=71.88%
2026-02-13 17:24:23 | INFO | | An Iteration is Completed| epoch=1/3 | Iteration = 144/657| loss=1.188492 | acc=77.73%
2026-02-13 17:24:23 | INFO | | An Iteration is Completed| epoch=1/3 | Iteration = 145/657| loss=1.207390 | acc=76.17%
2026-02-13 17:24:23 | INFO | | An Iteration is Completed| epoch=1/3 | Iteration = 146/657| loss=1.206485 | acc=74.22%
2026-02-13 17:24:23 | INFO | | An Iteration is Completed| epoch=1/3 | Iteration = 147/657| loss=1.166036 | acc=80.08%
2026-02-13 17:24:23 | INFO | | An Iteration is Completed| epoch=1/3 | Iteration = 148/657| loss=1.190263 | acc=75.39%
2026-02-13 17:24:23 | INFO | | An Iteration is Completed| epoch=1/3 | Iteration = 149/657| loss=1.200404 | acc=73.05%
2026-02-13 17:24:23 | INFO | | An Iteration is Completed| epoch=1/3 | Iteration = 150/657| loss=1.216392 | acc=72.66%
2026-02-13 17:24:23 | INFO | | An Iteration is Completed| epoch=1/3 | Iteration = 151/657| loss=1.241167 | acc=76.17%
2026-02-13 17:24:23 | INFO | | An Iteration is Completed| epoch=1/3 | Iteration = 152/657| loss=1.186899 | acc=76.17%
2026-02-13 17:24:23 | INFO | | An Iteration is Completed| epoch=1/3 | Iteration = 153/657| loss=1.235208 | acc=71.88%
2026-02-13 17:24:23 | INFO | | An Iteration is Completed| epoch=1/3 | Iteration = 154/657| loss=1.131453 | acc=78.12%
2026-02-13 17:24:23 | INFO | | An Iteration is Completed| epoch=1/3 | Iteration = 155/657| loss=1.242649 | acc=73.44%
2026-02-13 17:24:23 | INFO | | An Iteration is Completed| epoch=1/3 | Iteration = 156/657| loss=1.170716 | acc=75.00%
2026-02-13 17:24:23 | INFO | | An Iteration is Completed| epoch=1/3 | Iteration = 157/657| loss=1.130350 | acc=76.95%
2026-02-13 17:24:23 | INFO | | An Iteration is Completed| epoch=1/3 | Iteration = 158/657| loss=1.122398 | acc=77.73%
2026-02-13 17:24:23 | INFO | | An Iteration is Completed| epoch=1/3 | Iteration = 159/657| loss=1.162971 | acc=76.17%
2026-02-13 17:24:23 | INFO | | An Iteration is Completed| epoch=1/3 | Iteration = 160/657| loss=1.141141 | acc=78.52%
2026-02-13 17:24:23 | INFO | | An Iteration is Completed| epoch=1/3 | Iteration = 161/657| loss=1.225448 | acc=70.70%
2026-02-13 17:24:23 | INFO | | An Iteration is Completed| epoch=1/3 | Iteration = 162/657| loss=1.116333 | acc=81.64%
2026-02-13 17:24:23 | INFO | | An Iteration is Completed| epoch=1/3 | Iteration = 163/657| loss=1.168414 | acc=76.17%
2026-02-13 17:24:23 | INFO | | An Iteration is Completed| epoch=1/3 | Iteration = 164/657| loss=1.142325 | acc=74.22%
2026-02-13 17:24:23 | INFO | | An Iteration is Completed| epoch=1/3 | Iteration = 165/657| loss=1.092412 | acc=77.73%
2026-02-13 17:24:23 | INFO | | An Iteration is Completed| epoch=1/3 | Iteration = 166/657| loss=1.106768 | acc=73.44%
2026-02-13 17:24:23 | INFO | | An Iteration is Completed| epoch=1/3 | Iteration = 167/657| loss=1.103755 | acc=77.34%
2026-02-13 17:24:23 | INFO | | An Iteration is Completed| epoch=1/3 | Iteration = 168/657| loss=1.045554 | acc=80.08%
2026-02-13 17:24:23 | INFO | | An Iteration is Completed| epoch=1/3 | Iteration = 169/657| loss=1.126140 | acc=77.73%
2026-02-13 17:24:23 | INFO | | An Iteration is Completed| epoch=1/3 | Iteration = 170/657| loss=1.055147 | acc=80.47%
2026-02-13 17:24:23 | INFO | | An Iteration is Completed| epoch=1/3 | Iteration = 171/657| loss=1.039194 | acc=77.73%
2026-02-13 17:24:23 | INFO | | An Iteration is Completed| epoch=1/3 | Iteration = 172/657| loss=1.112211 | acc=76.17%
2026-02-13 17:24:23 | INFO | | An Iteration is Completed| epoch=1/3 | Iteration = 173/657| loss=1.042244 | acc=76.17%
2026-02-13 17:24:23 | INFO | | An Iteration is Completed| epoch=1/3 | Iteration = 174/657| loss=1.055110 | acc=75.39%
2026-02-13 17:24:23 | INFO | | An Iteration is Completed| epoch=1/3 | Iteration = 175/657| loss=0.995681 | acc=82.03%
2026-02-13 17:24:23 | INFO | | An Iteration is Completed| epoch=1/3 | Iteration = 176/657| loss=1.058297 | acc=80.08%
2026-02-13 17:24:23 | INFO | | An Iteration is Completed| epoch=1/3 | Iteration = 177/657| loss=1.078524 | acc=75.00%
2026-02-13 17:24:23 | INFO | | An Iteration is Completed| epoch=1/3 | Iteration = 178/657| loss=0.957141 | acc=81.64%
2026-02-13 17:24:23 | INFO | | An Iteration is Completed| epoch=1/3 | Iteration = 179/657| loss=0.988146 | acc=79.69%
2026-02-13 17:24:23 | INFO | | An Iteration is Completed| epoch=1/3 | Iteration = 180/657| loss=1.023056 | acc=79.30%
2026-02-13 17:24:23 | INFO | | An Iteration is Completed| epoch=1/3 | Iteration = 181/657| loss=0.970906 | acc=81.25%
2026-02-13 17:24:23 | INFO | | An Iteration is Completed| epoch=1/3 | Iteration = 182/657| loss=1.017376 | acc=79.69%
2026-02-13 17:24:23 | INFO | | An Iteration is Completed| epoch=1/3 | Iteration = 183/657| loss=1.010713 | acc=78.52%
2026-02-13 17:24:23 | INFO | | An Iteration is Completed| epoch=1/3 | Iteration = 184/657| loss=1.051241 | acc=76.95%
2026-02-13 17:24:23 | INFO | | An Iteration is Completed| epoch=1/3 | Iteration = 185/657| loss=0.980580 | acc=78.52%
2026-02-13 17:24:23 | INFO | | An Iteration is Completed| epoch=1/3 | Iteration = 186/657| loss=0.992199 | acc=82.42%
2026-02-13 17:24:23 | INFO | | An Iteration is Completed| epoch=1/3 | Iteration = 187/657| loss=1.015453 | acc=76.17%
2026-02-13 17:24:23 | INFO | | An Iteration is Completed| epoch=1/3 | Iteration = 188/657| loss=1.016863 | acc=76.95%
2026-02-13 17:24:23 | INFO | | An Iteration is Completed| epoch=1/3 | Iteration = 189/657| loss=1.005327 | acc=80.08%
2026-02-13 17:24:23 | INFO | | An Iteration is Completed| epoch=1/3 | Iteration = 190/657| loss=0.998153 | acc=78.12%
2026-02-13 17:24:23 | INFO | | An Iteration is Completed| epoch=1/3 | Iteration = 191/657| loss=0.975084 | acc=77.34%
2026-02-13 17:24:23 | INFO | | An Iteration is Completed| epoch=1/3 | Iteration = 192/657| loss=1.013976 | acc=79.30%
2026-02-13 17:24:23 | INFO | | An Iteration is Completed| epoch=1/3 | Iteration = 193/657| loss=0.934060 | acc=82.42%
2026-02-13 17:24:23 | INFO | | An Iteration is Completed| epoch=1/3 | Iteration = 194/657| loss=1.002244 | acc=78.12%
2026-02-13 17:24:23 | INFO | | An Iteration is Completed| epoch=1/3 | Iteration = 195/657| loss=0.950868 | acc=80.47%
2026-02-13 17:24:23 | INFO | | An Iteration is Completed| epoch=1/3 | Iteration = 196/657| loss=1.034910 | acc=73.05%
2026-02-13 17:24:23 | INFO | | An Iteration is Completed| epoch=1/3 | Iteration = 197/657| loss=1.012183 | acc=76.56%
2026-02-13 17:24:23 | INFO | | An Iteration is Completed| epoch=1/3 | Iteration = 198/657| loss=1.001546 | acc=78.12%
2026-02-13 17:24:23 | INFO | | An Iteration is Completed| epoch=1/3 | Iteration = 199/657| loss=1.024907 | acc=77.73%
2026-02-13 17:24:23 | INFO | | An Iteration is Completed| epoch=1/3 | Iteration = 200/657| loss=1.027193 | acc=74.22%
2026-02-13 17:24:23 | INFO | | An Iteration is Completed| epoch=1/3 | Iteration = 201/657| loss=0.915641 | acc=81.25%
2026-02-13 17:24:23 | INFO | | An Iteration is Completed| epoch=1/3 | Iteration = 202/657| loss=0.964073 | acc=78.91%
2026-02-13 17:24:23 | INFO | | An Iteration is Completed| epoch=1/3 | Iteration = 203/657| loss=0.912327 | acc=83.20%
2026-02-13 17:24:23 | INFO | | An Iteration is Completed| epoch=1/3 | Iteration = 204/657| loss=0.847157 | acc=82.81%
2026-02-13 17:24:23 | INFO | | An Iteration is Completed| epoch=1/3 | Iteration = 205/657| loss=0.906305 | acc=82.42%
2026-02-13 17:24:23 | INFO | | An Iteration is Completed| epoch=1/3 | Iteration = 206/657| loss=0.943244 | acc=81.64%
2026-02-13 17:24:23 | INFO | | An Iteration is Completed| epoch=1/3 | Iteration = 207/657| loss=0.901094 | acc=80.08%
2026-02-13 17:24:23 | INFO | | An Iteration is Completed| epoch=1/3 | Iteration = 208/657| loss=1.011185 | acc=75.00%
2026-02-13 17:24:23 | INFO | | An Iteration is Completed| epoch=1/3 | Iteration = 209/657| loss=0.837892 | acc=84.38%
2026-02-13 17:24:23 | INFO | | An Iteration is Completed| epoch=1/3 | Iteration = 210/657| loss=0.915267 | acc=82.81%
2026-02-13 17:24:23 | INFO | | An Iteration is Completed| epoch=1/3 | Iteration = 211/657| loss=0.993846 | acc=76.17%
2026-02-13 17:24:23 | INFO | | An Iteration is Completed| epoch=1/3 | Iteration = 212/657| loss=0.912537 | acc=80.08%
2026-02-13 17:24:23 | INFO | | An Iteration is Completed| epoch=1/3 | Iteration = 213/657| loss=0.902146 | acc=80.47%
2026-02-13 17:24:23 | INFO | | An Iteration is Completed| epoch=1/3 | Iteration = 214/657| loss=0.885327 | acc=82.42%
2026-02-13 17:24:23 | INFO | | An Iteration is Completed| epoch=1/3 | Iteration = 215/657| loss=0.941284 | acc=78.52%
2026-02-13 17:24:24 | INFO | | An Iteration is Completed| epoch=1/3 | Iteration = 216/657| loss=0.908006 | acc=82.03%
2026-02-13 17:24:24 | INFO | | An Iteration is Completed| epoch=1/3 | Iteration = 217/657| loss=0.799613 | acc=84.77%
2026-02-13 17:24:24 | INFO | | An Iteration is Completed| epoch=1/3 | Iteration = 218/657| loss=0.874429 | acc=81.25%
2026-02-13 17:24:33 | INFO | | An Iteration is Completed| epoch=1/3 | Iteration = 219/657| loss=0.964106 | acc=77.49%
2026-02-13 17:24:33 | INFO | | The Epoch is Completedseed=42 | batch=256| epoch=1/3| loss=1.504385| Acc=61.40%| Test_Acc=79.29%| Val Acc=78.76%| First Steady Time=20.812450885772705| Steady Epoch Time=None
2026-02-13 17:24:33 | INFO | | An Iteration is Completed| epoch=2/3 | Iteration = 220/657| loss=0.815221 | acc=82.03%
2026-02-13 17:24:33 | INFO | | An Iteration is Completed| epoch=2/3 | Iteration = 221/657| loss=0.874883 | acc=80.86%
2026-02-13 17:24:33 | INFO | | An Iteration is Completed| epoch=2/3 | Iteration = 222/657| loss=0.912601 | acc=80.08%
2026-02-13 17:24:33 | INFO | | An Iteration is Completed| epoch=2/3 | Iteration = 223/657| loss=0.841191 | acc=80.86%
2026-02-13 17:24:33 | INFO | | An Iteration is Completed| epoch=2/3 | Iteration = 224/657| loss=0.829936 | acc=82.42%
2026-02-13 17:24:33 | INFO | | An Iteration is Completed| epoch=2/3 | Iteration = 225/657| loss=0.884102 | acc=77.73%
2026-02-13 17:24:33 | INFO | | An Iteration is Completed| epoch=2/3 | Iteration = 226/657| loss=0.915733 | acc=79.69%
2026-02-13 17:24:33 | INFO | | An Iteration is Completed| epoch=2/3 | Iteration = 227/657| loss=0.783995 | acc=85.94%
2026-02-13 17:24:33 | INFO | | An Iteration is Completed| epoch=2/3 | Iteration = 228/657| loss=0.874523 | acc=80.47%
2026-02-13 17:24:33 | INFO | | An Iteration is Completed| epoch=2/3 | Iteration = 229/657| loss=0.764891 | acc=85.16%
2026-02-13 17:24:33 | INFO | | An Iteration is Completed| epoch=2/3 | Iteration = 230/657| loss=0.885698 | acc=82.03%
2026-02-13 17:24:33 | INFO | | An Iteration is Completed| epoch=2/3 | Iteration = 231/657| loss=0.891327 | acc=78.52%
2026-02-13 17:24:33 | INFO | | An Iteration is Completed| epoch=2/3 | Iteration = 232/657| loss=0.890548 | acc=81.64%
2026-02-13 17:24:33 | INFO | | An Iteration is Completed| epoch=2/3 | Iteration = 233/657| loss=0.790120 | acc=84.38%
2026-02-13 17:24:33 | INFO | | An Iteration is Completed| epoch=2/3 | Iteration = 234/657| loss=0.805114 | acc=83.98%
2026-02-13 17:24:33 | INFO | | An Iteration is Completed| epoch=2/3 | Iteration = 235/657| loss=0.869408 | acc=80.47%
2026-02-13 17:24:33 | INFO | | An Iteration is Completed| epoch=2/3 | Iteration = 236/657| loss=0.901302 | acc=80.86%
2026-02-13 17:24:33 | INFO | | An Iteration is Completed| epoch=2/3 | Iteration = 237/657| loss=0.834800 | acc=80.86%
2026-02-13 17:24:33 | INFO | | An Iteration is Completed| epoch=2/3 | Iteration = 238/657| loss=0.817687 | acc=79.30%
2026-02-13 17:24:33 | INFO | | An Iteration is Completed| epoch=2/3 | Iteration = 239/657| loss=0.741066 | acc=84.77%
2026-02-13 17:24:33 | INFO | | An Iteration is Completed| epoch=2/3 | Iteration = 240/657| loss=0.910229 | acc=80.86%
2026-02-13 17:24:33 | INFO | | An Iteration is Completed| epoch=2/3 | Iteration = 241/657| loss=0.849782 | acc=82.81%
2026-02-13 17:24:33 | INFO | | An Iteration is Completed| epoch=2/3 | Iteration = 242/657| loss=0.876434 | acc=77.73%
2026-02-13 17:24:33 | INFO | | An Iteration is Completed| epoch=2/3 | Iteration = 243/657| loss=0.856567 | acc=80.86%
2026-02-13 17:24:33 | INFO | | An Iteration is Completed| epoch=2/3 | Iteration = 244/657| loss=0.817298 | acc=79.69%
2026-02-13 17:24:33 | INFO | | An Iteration is Completed| epoch=2/3 | Iteration = 245/657| loss=0.902579 | acc=76.95%
2026-02-13 17:24:33 | INFO | | An Iteration is Completed| epoch=2/3 | Iteration = 246/657| loss=0.850487 | acc=82.03%
2026-02-13 17:24:34 | INFO | | An Iteration is Completed| epoch=2/3 | Iteration = 247/657| loss=0.818216 | acc=82.81%
2026-02-13 17:24:34 | INFO | | An Iteration is Completed| epoch=2/3 | Iteration = 248/657| loss=0.782116 | acc=82.81%
2026-02-13 17:24:34 | INFO | | An Iteration is Completed| epoch=2/3 | Iteration = 249/657| loss=0.823926 | acc=80.86%
2026-02-13 17:24:34 | INFO | | An Iteration is Completed| epoch=2/3 | Iteration = 250/657| loss=0.741802 | acc=84.77%
2026-02-13 17:24:34 | INFO | | An Iteration is Completed| epoch=2/3 | Iteration = 251/657| loss=0.910407 | acc=75.78%
2026-02-13 17:24:34 | INFO | | An Iteration is Completed| epoch=2/3 | Iteration = 252/657| loss=0.802400 | acc=79.69%
2026-02-13 17:24:34 | INFO | | An Iteration is Completed| epoch=2/3 | Iteration = 253/657| loss=0.817749 | acc=80.08%
2026-02-13 17:24:34 | INFO | | An Iteration is Completed| epoch=2/3 | Iteration = 254/657| loss=0.791789 | acc=80.47%
2026-02-13 17:24:34 | INFO | | An Iteration is Completed| epoch=2/3 | Iteration = 255/657| loss=0.862613 | acc=80.08%
2026-02-13 17:24:34 | INFO | | An Iteration is Completed| epoch=2/3 | Iteration = 256/657| loss=0.785623 | acc=84.38%
2026-02-13 17:24:34 | INFO | | An Iteration is Completed| epoch=2/3 | Iteration = 257/657| loss=0.841528 | acc=78.91%
2026-02-13 17:24:34 | INFO | | An Iteration is Completed| epoch=2/3 | Iteration = 258/657| loss=0.749811 | acc=81.64%
2026-02-13 17:24:34 | INFO | | An Iteration is Completed| epoch=2/3 | Iteration = 259/657| loss=0.723944 | acc=83.98%
2026-02-13 17:24:34 | INFO | | An Iteration is Completed| epoch=2/3 | Iteration = 260/657| loss=0.827619 | acc=80.86%
2026-02-13 17:24:34 | INFO | | An Iteration is Completed| epoch=2/3 | Iteration = 261/657| loss=0.800844 | acc=79.30%
2026-02-13 17:24:34 | INFO | | An Iteration is Completed| epoch=2/3 | Iteration = 262/657| loss=0.740473 | acc=83.98%
2026-02-13 17:24:34 | INFO | | An Iteration is Completed| epoch=2/3 | Iteration = 263/657| loss=0.722141 | acc=83.20%
2026-02-13 17:24:34 | INFO | | An Iteration is Completed| epoch=2/3 | Iteration = 264/657| loss=0.797663 | acc=83.59%
2026-02-13 17:24:34 | INFO | | An Iteration is Completed| epoch=2/3 | Iteration = 265/657| loss=0.861464 | acc=77.34%
2026-02-13 17:24:34 | INFO | | An Iteration is Completed| epoch=2/3 | Iteration = 266/657| loss=0.733678 | acc=84.77%
2026-02-13 17:24:34 | INFO | | An Iteration is Completed| epoch=2/3 | Iteration = 267/657| loss=0.748846 | acc=83.98%
2026-02-13 17:24:34 | INFO | | An Iteration is Completed| epoch=2/3 | Iteration = 268/657| loss=0.702125 | acc=85.16%
2026-02-13 17:24:34 | INFO | | An Iteration is Completed| epoch=2/3 | Iteration = 269/657| loss=0.746840 | acc=82.81%
2026-02-13 17:24:34 | INFO | | An Iteration is Completed| epoch=2/3 | Iteration = 270/657| loss=0.721366 | acc=85.55%
2026-02-13 17:24:34 | INFO | | An Iteration is Completed| epoch=2/3 | Iteration = 271/657| loss=0.747415 | acc=85.16%
2026-02-13 17:24:34 | INFO | | An Iteration is Completed| epoch=2/3 | Iteration = 272/657| loss=0.777931 | acc=80.47%
2026-02-13 17:24:34 | INFO | | An Iteration is Completed| epoch=2/3 | Iteration = 273/657| loss=0.751538 | acc=87.89%
2026-02-13 17:24:34 | INFO | | An Iteration is Completed| epoch=2/3 | Iteration = 274/657| loss=0.711619 | acc=80.86%
2026-02-13 17:24:34 | INFO | | An Iteration is Completed| epoch=2/3 | Iteration = 275/657| loss=0.655537 | acc=84.77%
2026-02-13 17:24:34 | INFO | | An Iteration is Completed| epoch=2/3 | Iteration = 276/657| loss=0.799054 | acc=80.86%
2026-02-13 17:24:34 | INFO | | An Iteration is Completed| epoch=2/3 | Iteration = 277/657| loss=0.749249 | acc=83.59%
2026-02-13 17:24:34 | INFO | | An Iteration is Completed| epoch=2/3 | Iteration = 278/657| loss=0.724136 | acc=83.59%
2026-02-13 17:24:34 | INFO | | An Iteration is Completed| epoch=2/3 | Iteration = 279/657| loss=0.779604 | acc=81.25%
2026-02-13 17:24:34 | INFO | | An Iteration is Completed| epoch=2/3 | Iteration = 280/657| loss=0.803871 | acc=77.73%
2026-02-13 17:24:34 | INFO | | An Iteration is Completed| epoch=2/3 | Iteration = 281/657| loss=0.805086 | acc=81.64%
2026-02-13 17:24:34 | INFO | | An Iteration is Completed| epoch=2/3 | Iteration = 282/657| loss=0.759989 | acc=80.47%
2026-02-13 17:24:34 | INFO | | An Iteration is Completed| epoch=2/3 | Iteration = 283/657| loss=0.803110 | acc=81.25%
2026-02-13 17:24:34 | INFO | | An Iteration is Completed| epoch=2/3 | Iteration = 284/657| loss=0.682713 | acc=83.59%
2026-02-13 17:24:34 | INFO | | An Iteration is Completed| epoch=2/3 | Iteration = 285/657| loss=0.701865 | acc=84.77%
2026-02-13 17:24:34 | INFO | | An Iteration is Completed| epoch=2/3 | Iteration = 286/657| loss=0.704732 | acc=85.16%
2026-02-13 17:24:34 | INFO | | An Iteration is Completed| epoch=2/3 | Iteration = 287/657| loss=0.741150 | acc=83.20%
2026-02-13 17:24:34 | INFO | | An Iteration is Completed| epoch=2/3 | Iteration = 288/657| loss=0.739780 | acc=82.42%
2026-02-13 17:24:34 | INFO | | An Iteration is Completed| epoch=2/3 | Iteration = 289/657| loss=0.678038 | acc=84.77%
2026-02-13 17:24:34 | INFO | | An Iteration is Completed| epoch=2/3 | Iteration = 290/657| loss=0.714597 | acc=83.98%
2026-02-13 17:24:34 | INFO | | An Iteration is Completed| epoch=2/3 | Iteration = 291/657| loss=0.745376 | acc=82.03%
2026-02-13 17:24:34 | INFO | | An Iteration is Completed| epoch=2/3 | Iteration = 292/657| loss=0.706811 | acc=84.77%
2026-02-13 17:24:34 | INFO | | An Iteration is Completed| epoch=2/3 | Iteration = 293/657| loss=0.747229 | acc=80.86%
2026-02-13 17:24:34 | INFO | | An Iteration is Completed| epoch=2/3 | Iteration = 294/657| loss=0.729056 | acc=83.20%
2026-02-13 17:24:34 | INFO | | An Iteration is Completed| epoch=2/3 | Iteration = 295/657| loss=0.693897 | acc=85.55%
2026-02-13 17:24:34 | INFO | | An Iteration is Completed| epoch=2/3 | Iteration = 296/657| loss=0.726843 | acc=83.20%
2026-02-13 17:24:34 | INFO | | An Iteration is Completed| epoch=2/3 | Iteration = 297/657| loss=0.684632 | acc=85.55%
2026-02-13 17:24:34 | INFO | | An Iteration is Completed| epoch=2/3 | Iteration = 298/657| loss=0.670879 | acc=84.38%
2026-02-13 17:24:34 | INFO | | An Iteration is Completed| epoch=2/3 | Iteration = 299/657| loss=0.723418 | acc=82.03%
2026-02-13 17:24:34 | INFO | | An Iteration is Completed| epoch=2/3 | Iteration = 300/657| loss=0.652939 | acc=86.72%
2026-02-13 17:24:34 | INFO | | An Iteration is Completed| epoch=2/3 | Iteration = 301/657| loss=0.713341 | acc=81.64%
2026-02-13 17:24:34 | INFO | | An Iteration is Completed| epoch=2/3 | Iteration = 302/657| loss=0.786560 | acc=79.69%
2026-02-13 17:24:34 | INFO | | An Iteration is Completed| epoch=2/3 | Iteration = 303/657| loss=0.659169 | acc=86.72%
2026-02-13 17:24:34 | INFO | | An Iteration is Completed| epoch=2/3 | Iteration = 304/657| loss=0.740274 | acc=80.08%
2026-02-13 17:24:34 | INFO | | An Iteration is Completed| epoch=2/3 | Iteration = 305/657| loss=0.730543 | acc=82.42%
2026-02-13 17:24:34 | INFO | | An Iteration is Completed| epoch=2/3 | Iteration = 306/657| loss=0.643472 | acc=82.42%
2026-02-13 17:24:34 | INFO | | An Iteration is Completed| epoch=2/3 | Iteration = 307/657| loss=0.774460 | acc=82.03%
2026-02-13 17:24:34 | INFO | | An Iteration is Completed| epoch=2/3 | Iteration = 308/657| loss=0.748883 | acc=82.81%
2026-02-13 17:24:34 | INFO | | An Iteration is Completed| epoch=2/3 | Iteration = 309/657| loss=0.762466 | acc=82.81%
2026-02-13 17:24:34 | INFO | | An Iteration is Completed| epoch=2/3 | Iteration = 310/657| loss=0.726354 | acc=81.64%
2026-02-13 17:24:34 | INFO | | An Iteration is Completed| epoch=2/3 | Iteration = 311/657| loss=0.708410 | acc=82.03%
2026-02-13 17:24:34 | INFO | | An Iteration is Completed| epoch=2/3 | Iteration = 312/657| loss=0.713693 | acc=82.03%
2026-02-13 17:24:34 | INFO | | An Iteration is Completed| epoch=2/3 | Iteration = 313/657| loss=0.754457 | acc=80.86%
2026-02-13 17:24:34 | INFO | | An Iteration is Completed| epoch=2/3 | Iteration = 314/657| loss=0.780767 | acc=81.25%
2026-02-13 17:24:34 | INFO | | An Iteration is Completed| epoch=2/3 | Iteration = 315/657| loss=0.747015 | acc=82.03%
2026-02-13 17:24:34 | INFO | | An Iteration is Completed| epoch=2/3 | Iteration = 316/657| loss=0.659707 | acc=83.20%
2026-02-13 17:24:34 | INFO | | An Iteration is Completed| epoch=2/3 | Iteration = 317/657| loss=0.694338 | acc=85.16%
2026-02-13 17:24:34 | INFO | | An Iteration is Completed| epoch=2/3 | Iteration = 318/657| loss=0.750429 | acc=81.25%
2026-02-13 17:24:34 | INFO | | An Iteration is Completed| epoch=2/3 | Iteration = 319/657| loss=0.721968 | acc=80.86%
2026-02-13 17:24:34 | INFO | | An Iteration is Completed| epoch=2/3 | Iteration = 320/657| loss=0.654328 | acc=86.33%
2026-02-13 17:24:34 | INFO | | An Iteration is Completed| epoch=2/3 | Iteration = 321/657| loss=0.626793 | acc=85.16%
2026-02-13 17:24:34 | INFO | | An Iteration is Completed| epoch=2/3 | Iteration = 322/657| loss=0.651280 | acc=84.77%
2026-02-13 17:24:34 | INFO | | An Iteration is Completed| epoch=2/3 | Iteration = 323/657| loss=0.653976 | acc=84.38%
2026-02-13 17:24:34 | INFO | | An Iteration is Completed| epoch=2/3 | Iteration = 324/657| loss=0.682217 | acc=82.81%
2026-02-13 17:24:34 | INFO | | An Iteration is Completed| epoch=2/3 | Iteration = 325/657| loss=0.652920 | acc=85.94%
2026-02-13 17:24:34 | INFO | | An Iteration is Completed| epoch=2/3 | Iteration = 326/657| loss=0.730505 | acc=82.03%
2026-02-13 17:24:34 | INFO | | An Iteration is Completed| epoch=2/3 | Iteration = 327/657| loss=0.733126 | acc=81.64%
2026-02-13 17:24:34 | INFO | | An Iteration is Completed| epoch=2/3 | Iteration = 328/657| loss=0.712916 | acc=80.86%
2026-02-13 17:24:34 | INFO | saving halfway model checkpoints at the path : checkpoints/run_seed42_batch256_half.npz
2026-02-13 17:24:34 | INFO | | An Iteration is Completed| epoch=2/3 | Iteration = 329/657| loss=0.619317 | acc=84.38%
2026-02-13 17:24:34 | INFO | | An Iteration is Completed| epoch=2/3 | Iteration = 330/657| loss=0.767983 | acc=80.08%
2026-02-13 17:24:34 | INFO | | An Iteration is Completed| epoch=2/3 | Iteration = 331/657| loss=0.681376 | acc=83.98%
2026-02-13 17:24:34 | INFO | | An Iteration is Completed| epoch=2/3 | Iteration = 332/657| loss=0.595598 | acc=86.72%
2026-02-13 17:24:34 | INFO | | An Iteration is Completed| epoch=2/3 | Iteration = 333/657| loss=0.715479 | acc=82.42%
2026-02-13 17:24:34 | INFO | | An Iteration is Completed| epoch=2/3 | Iteration = 334/657| loss=0.702634 | acc=82.42%
2026-02-13 17:24:34 | INFO | | An Iteration is Completed| epoch=2/3 | Iteration = 335/657| loss=0.663017 | acc=82.81%
2026-02-13 17:24:34 | INFO | | An Iteration is Completed| epoch=2/3 | Iteration = 336/657| loss=0.584193 | acc=87.50%
2026-02-13 17:24:34 | INFO | | An Iteration is Completed| epoch=2/3 | Iteration = 337/657| loss=0.645736 | acc=85.55%
2026-02-13 17:24:34 | INFO | | An Iteration is Completed| epoch=2/3 | Iteration = 338/657| loss=0.697044 | acc=81.64%
2026-02-13 17:24:34 | INFO | | An Iteration is Completed| epoch=2/3 | Iteration = 339/657| loss=0.666562 | acc=83.59%
2026-02-13 17:24:34 | INFO | | An Iteration is Completed| epoch=2/3 | Iteration = 340/657| loss=0.672849 | acc=83.59%
2026-02-13 17:24:34 | INFO | | An Iteration is Completed| epoch=2/3 | Iteration = 341/657| loss=0.588683 | acc=84.77%
2026-02-13 17:24:34 | INFO | | An Iteration is Completed| epoch=2/3 | Iteration = 342/657| loss=0.676084 | acc=83.59%
2026-02-13 17:24:34 | INFO | | An Iteration is Completed| epoch=2/3 | Iteration = 343/657| loss=0.641845 | acc=85.55%
2026-02-13 17:24:34 | INFO | | An Iteration is Completed| epoch=2/3 | Iteration = 344/657| loss=0.674464 | acc=83.59%
2026-02-13 17:24:34 | INFO | | An Iteration is Completed| epoch=2/3 | Iteration = 345/657| loss=0.669362 | acc=83.98%
2026-02-13 17:24:34 | INFO | | An Iteration is Completed| epoch=2/3 | Iteration = 346/657| loss=0.613623 | acc=87.89%
2026-02-13 17:24:34 | INFO | | An Iteration is Completed| epoch=2/3 | Iteration = 347/657| loss=0.673473 | acc=85.94%
2026-02-13 17:24:34 | INFO | | An Iteration is Completed| epoch=2/3 | Iteration = 348/657| loss=0.701199 | acc=81.64%
2026-02-13 17:24:34 | INFO | | An Iteration is Completed| epoch=2/3 | Iteration = 349/657| loss=0.640295 | acc=85.16%
2026-02-13 17:24:34 | INFO | | An Iteration is Completed| epoch=2/3 | Iteration = 350/657| loss=0.585740 | acc=86.72%
2026-02-13 17:24:34 | INFO | | An Iteration is Completed| epoch=2/3 | Iteration = 351/657| loss=0.581664 | acc=85.94%
2026-02-13 17:24:35 | INFO | | An Iteration is Completed| epoch=2/3 | Iteration = 352/657| loss=0.578372 | acc=87.11%
2026-02-13 17:24:35 | INFO | | An Iteration is Completed| epoch=2/3 | Iteration = 353/657| loss=0.665995 | acc=84.38%
2026-02-13 17:24:35 | INFO | | An Iteration is Completed| epoch=2/3 | Iteration = 354/657| loss=0.618100 | acc=83.98%
2026-02-13 17:24:35 | INFO | | An Iteration is Completed| epoch=2/3 | Iteration = 355/657| loss=0.653677 | acc=83.59%
2026-02-13 17:24:35 | INFO | | An Iteration is Completed| epoch=2/3 | Iteration = 356/657| loss=0.651831 | acc=82.42%
2026-02-13 17:24:35 | INFO | | An Iteration is Completed| epoch=2/3 | Iteration = 357/657| loss=0.601421 | acc=86.33%
2026-02-13 17:24:35 | INFO | | An Iteration is Completed| epoch=2/3 | Iteration = 358/657| loss=0.645571 | acc=83.59%
2026-02-13 17:24:35 | INFO | | An Iteration is Completed| epoch=2/3 | Iteration = 359/657| loss=0.655596 | acc=85.16%
2026-02-13 17:24:35 | INFO | | An Iteration is Completed| epoch=2/3 | Iteration = 360/657| loss=0.658244 | acc=85.16%
2026-02-13 17:24:35 | INFO | | An Iteration is Completed| epoch=2/3 | Iteration = 361/657| loss=0.686092 | acc=83.98%
2026-02-13 17:24:35 | INFO | | An Iteration is Completed| epoch=2/3 | Iteration = 362/657| loss=0.623489 | acc=82.81%
2026-02-13 17:24:35 | INFO | | An Iteration is Completed| epoch=2/3 | Iteration = 363/657| loss=0.645192 | acc=82.42%
2026-02-13 17:24:35 | INFO | | An Iteration is Completed| epoch=2/3 | Iteration = 364/657| loss=0.567110 | acc=85.16%
2026-02-13 17:24:35 | INFO | | An Iteration is Completed| epoch=2/3 | Iteration = 365/657| loss=0.613718 | acc=84.77%
2026-02-13 17:24:35 | INFO | | An Iteration is Completed| epoch=2/3 | Iteration = 366/657| loss=0.663882 | acc=83.98%
2026-02-13 17:24:35 | INFO | | An Iteration is Completed| epoch=2/3 | Iteration = 367/657| loss=0.680772 | acc=84.38%
2026-02-13 17:24:35 | INFO | | An Iteration is Completed| epoch=2/3 | Iteration = 368/657| loss=0.645812 | acc=83.20%
2026-02-13 17:24:35 | INFO | | An Iteration is Completed| epoch=2/3 | Iteration = 369/657| loss=0.652572 | acc=85.16%
2026-02-13 17:24:35 | INFO | | An Iteration is Completed| epoch=2/3 | Iteration = 370/657| loss=0.567529 | acc=86.72%
2026-02-13 17:24:35 | INFO | | An Iteration is Completed| epoch=2/3 | Iteration = 371/657| loss=0.682875 | acc=83.59%
2026-02-13 17:24:35 | INFO | | An Iteration is Completed| epoch=2/3 | Iteration = 372/657| loss=0.600560 | acc=86.72%
2026-02-13 17:24:35 | INFO | | An Iteration is Completed| epoch=2/3 | Iteration = 373/657| loss=0.640976 | acc=83.20%
2026-02-13 17:24:35 | INFO | | An Iteration is Completed| epoch=2/3 | Iteration = 374/657| loss=0.638366 | acc=82.81%
2026-02-13 17:24:35 | INFO | | An Iteration is Completed| epoch=2/3 | Iteration = 375/657| loss=0.623348 | acc=86.72%
2026-02-13 17:24:35 | INFO | | An Iteration is Completed| epoch=2/3 | Iteration = 376/657| loss=0.590934 | acc=84.77%
2026-02-13 17:24:35 | INFO | | An Iteration is Completed| epoch=2/3 | Iteration = 377/657| loss=0.557587 | acc=85.55%
2026-02-13 17:24:35 | INFO | | An Iteration is Completed| epoch=2/3 | Iteration = 378/657| loss=0.626651 | acc=85.16%
2026-02-13 17:24:35 | INFO | | An Iteration is Completed| epoch=2/3 | Iteration = 379/657| loss=0.600881 | acc=83.98%
2026-02-13 17:24:35 | INFO | | An Iteration is Completed| epoch=2/3 | Iteration = 380/657| loss=0.650378 | acc=82.03%
2026-02-13 17:24:35 | INFO | | An Iteration is Completed| epoch=2/3 | Iteration = 381/657| loss=0.695396 | acc=83.59%
2026-02-13 17:24:35 | INFO | | An Iteration is Completed| epoch=2/3 | Iteration = 382/657| loss=0.602255 | acc=87.89%
2026-02-13 17:24:35 | INFO | | An Iteration is Completed| epoch=2/3 | Iteration = 383/657| loss=0.563012 | acc=90.23%
2026-02-13 17:24:35 | INFO | | An Iteration is Completed| epoch=2/3 | Iteration = 384/657| loss=0.588365 | acc=83.59%
2026-02-13 17:24:35 | INFO | | An Iteration is Completed| epoch=2/3 | Iteration = 385/657| loss=0.676520 | acc=82.03%
2026-02-13 17:24:35 | INFO | | An Iteration is Completed| epoch=2/3 | Iteration = 386/657| loss=0.631167 | acc=83.20%
2026-02-13 17:24:35 | INFO | | An Iteration is Completed| epoch=2/3 | Iteration = 387/657| loss=0.546429 | acc=86.72%
2026-02-13 17:24:35 | INFO | | An Iteration is Completed| epoch=2/3 | Iteration = 388/657| loss=0.609590 | acc=84.77%
2026-02-13 17:24:35 | INFO | | An Iteration is Completed| epoch=2/3 | Iteration = 389/657| loss=0.639396 | acc=82.42%
2026-02-13 17:24:35 | INFO | | An Iteration is Completed| epoch=2/3 | Iteration = 390/657| loss=0.604401 | acc=85.94%
2026-02-13 17:24:35 | INFO | | An Iteration is Completed| epoch=2/3 | Iteration = 391/657| loss=0.648548 | acc=83.20%
2026-02-13 17:24:35 | INFO | | An Iteration is Completed| epoch=2/3 | Iteration = 392/657| loss=0.662491 | acc=82.42%
2026-02-13 17:24:35 | INFO | | An Iteration is Completed| epoch=2/3 | Iteration = 393/657| loss=0.514718 | acc=89.84%
2026-02-13 17:24:35 | INFO | | An Iteration is Completed| epoch=2/3 | Iteration = 394/657| loss=0.564343 | acc=85.55%
2026-02-13 17:24:35 | INFO | | An Iteration is Completed| epoch=2/3 | Iteration = 395/657| loss=0.573342 | acc=85.55%
2026-02-13 17:24:35 | INFO | | An Iteration is Completed| epoch=2/3 | Iteration = 396/657| loss=0.616905 | acc=85.16%
2026-02-13 17:24:35 | INFO | | An Iteration is Completed| epoch=2/3 | Iteration = 397/657| loss=0.629389 | acc=80.86%
2026-02-13 17:24:35 | INFO | | An Iteration is Completed| epoch=2/3 | Iteration = 398/657| loss=0.624084 | acc=82.42%
2026-02-13 17:24:35 | INFO | | An Iteration is Completed| epoch=2/3 | Iteration = 399/657| loss=0.572894 | acc=84.77%
2026-02-13 17:24:35 | INFO | | An Iteration is Completed| epoch=2/3 | Iteration = 400/657| loss=0.625225 | acc=81.25%
2026-02-13 17:24:35 | INFO | | An Iteration is Completed| epoch=2/3 | Iteration = 401/657| loss=0.580373 | acc=83.59%
2026-02-13 17:24:35 | INFO | | An Iteration is Completed| epoch=2/3 | Iteration = 402/657| loss=0.609200 | acc=83.20%
2026-02-13 17:24:35 | INFO | | An Iteration is Completed| epoch=2/3 | Iteration = 403/657| loss=0.619378 | acc=84.77%
2026-02-13 17:24:35 | INFO | | An Iteration is Completed| epoch=2/3 | Iteration = 404/657| loss=0.601292 | acc=83.20%
2026-02-13 17:24:35 | INFO | | An Iteration is Completed| epoch=2/3 | Iteration = 405/657| loss=0.629097 | acc=85.55%
2026-02-13 17:24:35 | INFO | | An Iteration is Completed| epoch=2/3 | Iteration = 406/657| loss=0.598718 | acc=84.77%
2026-02-13 17:24:35 | INFO | | An Iteration is Completed| epoch=2/3 | Iteration = 407/657| loss=0.555962 | acc=85.16%
2026-02-13 17:24:35 | INFO | | An Iteration is Completed| epoch=2/3 | Iteration = 408/657| loss=0.574107 | acc=85.94%
2026-02-13 17:24:35 | INFO | | An Iteration is Completed| epoch=2/3 | Iteration = 409/657| loss=0.596377 | acc=85.94%
2026-02-13 17:24:35 | INFO | | An Iteration is Completed| epoch=2/3 | Iteration = 410/657| loss=0.599728 | acc=83.98%
2026-02-13 17:24:35 | INFO | | An Iteration is Completed| epoch=2/3 | Iteration = 411/657| loss=0.590422 | acc=85.94%
2026-02-13 17:24:35 | INFO | | An Iteration is Completed| epoch=2/3 | Iteration = 412/657| loss=0.551222 | acc=90.23%
2026-02-13 17:24:35 | INFO | | An Iteration is Completed| epoch=2/3 | Iteration = 413/657| loss=0.633885 | acc=85.94%
2026-02-13 17:24:35 | INFO | | An Iteration is Completed| epoch=2/3 | Iteration = 414/657| loss=0.518276 | acc=87.11%
2026-02-13 17:24:35 | INFO | | An Iteration is Completed| epoch=2/3 | Iteration = 415/657| loss=0.615586 | acc=82.81%
2026-02-13 17:24:35 | INFO | | An Iteration is Completed| epoch=2/3 | Iteration = 416/657| loss=0.560074 | acc=86.72%
2026-02-13 17:24:35 | INFO | | An Iteration is Completed| epoch=2/3 | Iteration = 417/657| loss=0.513560 | acc=87.50%
2026-02-13 17:24:35 | INFO | | An Iteration is Completed| epoch=2/3 | Iteration = 418/657| loss=0.595244 | acc=84.77%
2026-02-13 17:24:35 | INFO | | An Iteration is Completed| epoch=2/3 | Iteration = 419/657| loss=0.617646 | acc=82.42%
2026-02-13 17:24:35 | INFO | | An Iteration is Completed| epoch=2/3 | Iteration = 420/657| loss=0.578233 | acc=84.77%
2026-02-13 17:24:35 | INFO | | An Iteration is Completed| epoch=2/3 | Iteration = 421/657| loss=0.559597 | acc=85.55%
2026-02-13 17:24:35 | INFO | | An Iteration is Completed| epoch=2/3 | Iteration = 422/657| loss=0.549200 | acc=87.50%
2026-02-13 17:24:35 | INFO | | An Iteration is Completed| epoch=2/3 | Iteration = 423/657| loss=0.588138 | acc=85.55%
2026-02-13 17:24:35 | INFO | | An Iteration is Completed| epoch=2/3 | Iteration = 424/657| loss=0.604738 | acc=82.42%
2026-02-13 17:24:35 | INFO | | An Iteration is Completed| epoch=2/3 | Iteration = 425/657| loss=0.546622 | acc=85.55%
2026-02-13 17:24:35 | INFO | | An Iteration is Completed| epoch=2/3 | Iteration = 426/657| loss=0.518089 | acc=87.11%
2026-02-13 17:24:35 | INFO | | An Iteration is Completed| epoch=2/3 | Iteration = 427/657| loss=0.521310 | acc=87.50%
2026-02-13 17:24:35 | INFO | | An Iteration is Completed| epoch=2/3 | Iteration = 428/657| loss=0.454923 | acc=89.06%
2026-02-13 17:24:35 | INFO | | An Iteration is Completed| epoch=2/3 | Iteration = 429/657| loss=0.558457 | acc=87.50%
2026-02-13 17:24:35 | INFO | | An Iteration is Completed| epoch=2/3 | Iteration = 430/657| loss=0.563712 | acc=85.94%
2026-02-13 17:24:35 | INFO | | An Iteration is Completed| epoch=2/3 | Iteration = 431/657| loss=0.581892 | acc=83.59%
2026-02-13 17:24:35 | INFO | | An Iteration is Completed| epoch=2/3 | Iteration = 432/657| loss=0.531604 | acc=87.50%
2026-02-13 17:24:35 | INFO | | An Iteration is Completed| epoch=2/3 | Iteration = 433/657| loss=0.555128 | acc=83.59%
2026-02-13 17:24:35 | INFO | | An Iteration is Completed| epoch=2/3 | Iteration = 434/657| loss=0.578670 | acc=85.94%
2026-02-13 17:24:35 | INFO | | An Iteration is Completed| epoch=2/3 | Iteration = 435/657| loss=0.533521 | acc=88.67%
2026-02-13 17:24:35 | INFO | | An Iteration is Completed| epoch=2/3 | Iteration = 436/657| loss=0.560446 | acc=88.28%
2026-02-13 17:24:35 | INFO | | An Iteration is Completed| epoch=2/3 | Iteration = 437/657| loss=0.518995 | acc=89.45%
2026-02-13 17:24:35 | INFO | | An Iteration is Completed| epoch=2/3 | Iteration = 438/657| loss=0.559453 | acc=85.86%
2026-02-13 17:24:35 | INFO | | The Epoch is Completedseed=42 | batch=256| epoch=2/3| loss=0.688853| Acc=83.61%| Test_Acc=85.61%| Val Acc=85.40%| First Steady Time=20.812450885772705| Steady Epoch Time=2.2125227451324463
2026-02-13 17:24:35 | INFO | | An Iteration is Completed| epoch=3/3 | Iteration = 439/657| loss=0.488464 | acc=89.45%
2026-02-13 17:24:35 | INFO | | An Iteration is Completed| epoch=3/3 | Iteration = 440/657| loss=0.552498 | acc=83.98%
2026-02-13 17:24:35 | INFO | | An Iteration is Completed| epoch=3/3 | Iteration = 441/657| loss=0.587994 | acc=82.03%
2026-02-13 17:24:35 | INFO | | An Iteration is Completed| epoch=3/3 | Iteration = 442/657| loss=0.643139 | acc=82.81%
2026-02-13 17:24:35 | INFO | | An Iteration is Completed| epoch=3/3 | Iteration = 443/657| loss=0.516519 | acc=87.50%
2026-02-13 17:24:35 | INFO | | An Iteration is Completed| epoch=3/3 | Iteration = 444/657| loss=0.588378 | acc=83.20%
2026-02-13 17:24:35 | INFO | | An Iteration is Completed| epoch=3/3 | Iteration = 445/657| loss=0.648805 | acc=82.03%
2026-02-13 17:24:35 | INFO | | An Iteration is Completed| epoch=3/3 | Iteration = 446/657| loss=0.590296 | acc=87.11%
2026-02-13 17:24:35 | INFO | | An Iteration is Completed| epoch=3/3 | Iteration = 447/657| loss=0.574646 | acc=86.72%
2026-02-13 17:24:35 | INFO | | An Iteration is Completed| epoch=3/3 | Iteration = 448/657| loss=0.499535 | acc=89.45%
2026-02-13 17:24:36 | INFO | | An Iteration is Completed| epoch=3/3 | Iteration = 449/657| loss=0.556644 | acc=85.16%
2026-02-13 17:24:36 | INFO | | An Iteration is Completed| epoch=3/3 | Iteration = 450/657| loss=0.552096 | acc=85.94%
2026-02-13 17:24:36 | INFO | | An Iteration is Completed| epoch=3/3 | Iteration = 451/657| loss=0.592043 | acc=83.98%
2026-02-13 17:24:36 | INFO | | An Iteration is Completed| epoch=3/3 | Iteration = 452/657| loss=0.558706 | acc=83.59%
2026-02-13 17:24:36 | INFO | | An Iteration is Completed| epoch=3/3 | Iteration = 453/657| loss=0.619983 | acc=85.55%
2026-02-13 17:24:36 | INFO | | An Iteration is Completed| epoch=3/3 | Iteration = 454/657| loss=0.546280 | acc=87.50%
2026-02-13 17:24:36 | INFO | | An Iteration is Completed| epoch=3/3 | Iteration = 455/657| loss=0.502329 | acc=87.50%
2026-02-13 17:24:36 | INFO | | An Iteration is Completed| epoch=3/3 | Iteration = 456/657| loss=0.522450 | acc=85.16%
2026-02-13 17:24:36 | INFO | | An Iteration is Completed| epoch=3/3 | Iteration = 457/657| loss=0.463163 | acc=89.84%
2026-02-13 17:24:36 | INFO | | An Iteration is Completed| epoch=3/3 | Iteration = 458/657| loss=0.525023 | acc=83.20%
2026-02-13 17:24:36 | INFO | | An Iteration is Completed| epoch=3/3 | Iteration = 459/657| loss=0.529377 | acc=86.33%
2026-02-13 17:24:36 | INFO | | An Iteration is Completed| epoch=3/3 | Iteration = 460/657| loss=0.560912 | acc=85.16%
2026-02-13 17:24:36 | INFO | | An Iteration is Completed| epoch=3/3 | Iteration = 461/657| loss=0.570661 | acc=86.33%
2026-02-13 17:24:36 | INFO | | An Iteration is Completed| epoch=3/3 | Iteration = 462/657| loss=0.561413 | acc=86.72%
2026-02-13 17:24:36 | INFO | | An Iteration is Completed| epoch=3/3 | Iteration = 463/657| loss=0.494686 | acc=87.50%
2026-02-13 17:24:36 | INFO | | An Iteration is Completed| epoch=3/3 | Iteration = 464/657| loss=0.470405 | acc=89.45%
2026-02-13 17:24:36 | INFO | | An Iteration is Completed| epoch=3/3 | Iteration = 465/657| loss=0.487670 | acc=87.89%
2026-02-13 17:24:36 | INFO | | An Iteration is Completed| epoch=3/3 | Iteration = 466/657| loss=0.493928 | acc=87.89%
2026-02-13 17:24:36 | INFO | | An Iteration is Completed| epoch=3/3 | Iteration = 467/657| loss=0.491363 | acc=87.11%
2026-02-13 17:24:36 | INFO | | An Iteration is Completed| epoch=3/3 | Iteration = 468/657| loss=0.480715 | acc=89.45%
2026-02-13 17:24:36 | INFO | | An Iteration is Completed| epoch=3/3 | Iteration = 469/657| loss=0.582862 | acc=83.59%
2026-02-13 17:24:36 | INFO | | An Iteration is Completed| epoch=3/3 | Iteration = 470/657| loss=0.553436 | acc=86.33%
2026-02-13 17:24:36 | INFO | | An Iteration is Completed| epoch=3/3 | Iteration = 471/657| loss=0.575897 | acc=85.55%
2026-02-13 17:24:36 | INFO | | An Iteration is Completed| epoch=3/3 | Iteration = 472/657| loss=0.487277 | acc=87.89%
2026-02-13 17:24:36 | INFO | | An Iteration is Completed| epoch=3/3 | Iteration = 473/657| loss=0.449019 | acc=91.02%
2026-02-13 17:24:36 | INFO | | An Iteration is Completed| epoch=3/3 | Iteration = 474/657| loss=0.573484 | acc=85.16%
2026-02-13 17:24:36 | INFO | | An Iteration is Completed| epoch=3/3 | Iteration = 475/657| loss=0.565814 | acc=85.16%
2026-02-13 17:24:36 | INFO | | An Iteration is Completed| epoch=3/3 | Iteration = 476/657| loss=0.595552 | acc=83.20%
2026-02-13 17:24:36 | INFO | | An Iteration is Completed| epoch=3/3 | Iteration = 477/657| loss=0.577134 | acc=85.55%
2026-02-13 17:24:36 | INFO | | An Iteration is Completed| epoch=3/3 | Iteration = 478/657| loss=0.476979 | acc=89.06%
2026-02-13 17:24:36 | INFO | | An Iteration is Completed| epoch=3/3 | Iteration = 479/657| loss=0.526674 | acc=88.67%
2026-02-13 17:24:36 | INFO | | An Iteration is Completed| epoch=3/3 | Iteration = 480/657| loss=0.463302 | acc=88.28%
2026-02-13 17:24:36 | INFO | | An Iteration is Completed| epoch=3/3 | Iteration = 481/657| loss=0.594086 | acc=83.98%
2026-02-13 17:24:36 | INFO | | An Iteration is Completed| epoch=3/3 | Iteration = 482/657| loss=0.538279 | acc=84.77%
2026-02-13 17:24:36 | INFO | | An Iteration is Completed| epoch=3/3 | Iteration = 483/657| loss=0.480538 | acc=84.77%
2026-02-13 17:24:36 | INFO | | An Iteration is Completed| epoch=3/3 | Iteration = 484/657| loss=0.561507 | acc=85.55%
2026-02-13 17:24:36 | INFO | | An Iteration is Completed| epoch=3/3 | Iteration = 485/657| loss=0.637851 | acc=83.20%
2026-02-13 17:24:36 | INFO | | An Iteration is Completed| epoch=3/3 | Iteration = 486/657| loss=0.556978 | acc=84.77%
2026-02-13 17:24:36 | INFO | | An Iteration is Completed| epoch=3/3 | Iteration = 487/657| loss=0.571236 | acc=84.38%
2026-02-13 17:24:36 | INFO | | An Iteration is Completed| epoch=3/3 | Iteration = 488/657| loss=0.570940 | acc=84.77%
2026-02-13 17:24:36 | INFO | | An Iteration is Completed| epoch=3/3 | Iteration = 489/657| loss=0.592575 | acc=83.98%
2026-02-13 17:24:36 | INFO | | An Iteration is Completed| epoch=3/3 | Iteration = 490/657| loss=0.548442 | acc=83.98%
2026-02-13 17:24:36 | INFO | | An Iteration is Completed| epoch=3/3 | Iteration = 491/657| loss=0.577600 | acc=85.16%
2026-02-13 17:24:36 | INFO | | An Iteration is Completed| epoch=3/3 | Iteration = 492/657| loss=0.561329 | acc=85.94%
2026-02-13 17:24:36 | INFO | | An Iteration is Completed| epoch=3/3 | Iteration = 493/657| loss=0.489128 | acc=88.28%
2026-02-13 17:24:36 | INFO | | An Iteration is Completed| epoch=3/3 | Iteration = 494/657| loss=0.435444 | acc=88.67%
2026-02-13 17:24:36 | INFO | | An Iteration is Completed| epoch=3/3 | Iteration = 495/657| loss=0.476292 | acc=87.89%
2026-02-13 17:24:36 | INFO | | An Iteration is Completed| epoch=3/3 | Iteration = 496/657| loss=0.532111 | acc=86.72%
2026-02-13 17:24:36 | INFO | | An Iteration is Completed| epoch=3/3 | Iteration = 497/657| loss=0.497388 | acc=84.77%
2026-02-13 17:24:36 | INFO | | An Iteration is Completed| epoch=3/3 | Iteration = 498/657| loss=0.496687 | acc=89.84%
2026-02-13 17:24:36 | INFO | | An Iteration is Completed| epoch=3/3 | Iteration = 499/657| loss=0.445923 | acc=88.28%
2026-02-13 17:24:36 | INFO | | An Iteration is Completed| epoch=3/3 | Iteration = 500/657| loss=0.555685 | acc=82.42%
2026-02-13 17:24:36 | INFO | | An Iteration is Completed| epoch=3/3 | Iteration = 501/657| loss=0.555009 | acc=87.89%
2026-02-13 17:24:36 | INFO | | An Iteration is Completed| epoch=3/3 | Iteration = 502/657| loss=0.531864 | acc=87.50%
2026-02-13 17:24:36 | INFO | | An Iteration is Completed| epoch=3/3 | Iteration = 503/657| loss=0.516833 | acc=87.89%
2026-02-13 17:24:36 | INFO | | An Iteration is Completed| epoch=3/3 | Iteration = 504/657| loss=0.497101 | acc=87.11%
2026-02-13 17:24:36 | INFO | | An Iteration is Completed| epoch=3/3 | Iteration = 505/657| loss=0.501847 | acc=88.28%
2026-02-13 17:24:36 | INFO | | An Iteration is Completed| epoch=3/3 | Iteration = 506/657| loss=0.477628 | acc=89.06%
2026-02-13 17:24:36 | INFO | | An Iteration is Completed| epoch=3/3 | Iteration = 507/657| loss=0.531101 | acc=84.38%
2026-02-13 17:24:36 | INFO | | An Iteration is Completed| epoch=3/3 | Iteration = 508/657| loss=0.397347 | acc=91.80%
2026-02-13 17:24:36 | INFO | | An Iteration is Completed| epoch=3/3 | Iteration = 509/657| loss=0.483081 | acc=89.06%
2026-02-13 17:24:36 | INFO | | An Iteration is Completed| epoch=3/3 | Iteration = 510/657| loss=0.524845 | acc=83.59%
2026-02-13 17:24:36 | INFO | | An Iteration is Completed| epoch=3/3 | Iteration = 511/657| loss=0.517196 | acc=84.38%
2026-02-13 17:24:36 | INFO | | An Iteration is Completed| epoch=3/3 | Iteration = 512/657| loss=0.463673 | acc=90.23%
2026-02-13 17:24:36 | INFO | | An Iteration is Completed| epoch=3/3 | Iteration = 513/657| loss=0.523360 | acc=84.38%
2026-02-13 17:24:36 | INFO | | An Iteration is Completed| epoch=3/3 | Iteration = 514/657| loss=0.529259 | acc=85.94%
2026-02-13 17:24:36 | INFO | | An Iteration is Completed| epoch=3/3 | Iteration = 515/657| loss=0.577154 | acc=84.77%
2026-02-13 17:24:36 | INFO | | An Iteration is Completed| epoch=3/3 | Iteration = 516/657| loss=0.494078 | acc=87.50%
2026-02-13 17:24:36 | INFO | | An Iteration is Completed| epoch=3/3 | Iteration = 517/657| loss=0.496954 | acc=87.50%
2026-02-13 17:24:36 | INFO | | An Iteration is Completed| epoch=3/3 | Iteration = 518/657| loss=0.505653 | acc=85.55%
2026-02-13 17:24:36 | INFO | | An Iteration is Completed| epoch=3/3 | Iteration = 519/657| loss=0.489572 | acc=85.16%
2026-02-13 17:24:36 | INFO | | An Iteration is Completed| epoch=3/3 | Iteration = 520/657| loss=0.498654 | acc=87.89%
2026-02-13 17:24:36 | INFO | | An Iteration is Completed| epoch=3/3 | Iteration = 521/657| loss=0.475033 | acc=87.89%
2026-02-13 17:24:36 | INFO | | An Iteration is Completed| epoch=3/3 | Iteration = 522/657| loss=0.507090 | acc=85.16%
2026-02-13 17:24:36 | INFO | | An Iteration is Completed| epoch=3/3 | Iteration = 523/657| loss=0.488683 | acc=87.50%
2026-02-13 17:24:36 | INFO | | An Iteration is Completed| epoch=3/3 | Iteration = 524/657| loss=0.480011 | acc=86.33%
2026-02-13 17:24:36 | INFO | | An Iteration is Completed| epoch=3/3 | Iteration = 525/657| loss=0.529302 | acc=85.16%
2026-02-13 17:24:36 | INFO | | An Iteration is Completed| epoch=3/3 | Iteration = 526/657| loss=0.446689 | acc=90.62%
2026-02-13 17:24:36 | INFO | | An Iteration is Completed| epoch=3/3 | Iteration = 527/657| loss=0.588260 | acc=84.38%
2026-02-13 17:24:36 | INFO | | An Iteration is Completed| epoch=3/3 | Iteration = 528/657| loss=0.462471 | acc=89.45%
2026-02-13 17:24:36 | INFO | | An Iteration is Completed| epoch=3/3 | Iteration = 529/657| loss=0.446904 | acc=90.62%
2026-02-13 17:24:36 | INFO | | An Iteration is Completed| epoch=3/3 | Iteration = 530/657| loss=0.471126 | acc=85.16%
2026-02-13 17:24:36 | INFO | | An Iteration is Completed| epoch=3/3 | Iteration = 531/657| loss=0.472228 | acc=90.23%
2026-02-13 17:24:36 | INFO | | An Iteration is Completed| epoch=3/3 | Iteration = 532/657| loss=0.501610 | acc=89.45%
2026-02-13 17:24:36 | INFO | | An Iteration is Completed| epoch=3/3 | Iteration = 533/657| loss=0.492484 | acc=85.94%
2026-02-13 17:24:36 | INFO | | An Iteration is Completed| epoch=3/3 | Iteration = 534/657| loss=0.493760 | acc=87.89%
2026-02-13 17:24:36 | INFO | | An Iteration is Completed| epoch=3/3 | Iteration = 535/657| loss=0.490965 | acc=86.72%
2026-02-13 17:24:36 | INFO | | An Iteration is Completed| epoch=3/3 | Iteration = 536/657| loss=0.503886 | acc=87.89%
2026-02-13 17:24:36 | INFO | | An Iteration is Completed| epoch=3/3 | Iteration = 537/657| loss=0.482575 | acc=89.84%
2026-02-13 17:24:36 | INFO | | An Iteration is Completed| epoch=3/3 | Iteration = 538/657| loss=0.464939 | acc=88.28%
2026-02-13 17:24:36 | INFO | | An Iteration is Completed| epoch=3/3 | Iteration = 539/657| loss=0.470493 | acc=86.72%
2026-02-13 17:24:36 | INFO | | An Iteration is Completed| epoch=3/3 | Iteration = 540/657| loss=0.538349 | acc=85.55%
2026-02-13 17:24:36 | INFO | | An Iteration is Completed| epoch=3/3 | Iteration = 541/657| loss=0.531805 | acc=87.50%
2026-02-13 17:24:36 | INFO | | An Iteration is Completed| epoch=3/3 | Iteration = 542/657| loss=0.502707 | acc=87.50%
2026-02-13 17:24:37 | INFO | | An Iteration is Completed| epoch=3/3 | Iteration = 543/657| loss=0.435190 | acc=88.67%
2026-02-13 17:24:37 | INFO | | An Iteration is Completed| epoch=3/3 | Iteration = 544/657| loss=0.511280 | acc=85.16%
2026-02-13 17:24:37 | INFO | | An Iteration is Completed| epoch=3/3 | Iteration = 545/657| loss=0.537869 | acc=87.50%
2026-02-13 17:24:37 | INFO | | An Iteration is Completed| epoch=3/3 | Iteration = 546/657| loss=0.532581 | acc=86.33%
2026-02-13 17:24:37 | INFO | | An Iteration is Completed| epoch=3/3 | Iteration = 547/657| loss=0.499014 | acc=85.55%
2026-02-13 17:24:37 | INFO | | An Iteration is Completed| epoch=3/3 | Iteration = 548/657| loss=0.532115 | acc=85.94%
2026-02-13 17:24:37 | INFO | | An Iteration is Completed| epoch=3/3 | Iteration = 549/657| loss=0.431728 | acc=89.06%
2026-02-13 17:24:37 | INFO | | An Iteration is Completed| epoch=3/3 | Iteration = 550/657| loss=0.484004 | acc=89.84%
2026-02-13 17:24:37 | INFO | | An Iteration is Completed| epoch=3/3 | Iteration = 551/657| loss=0.499260 | acc=88.28%
2026-02-13 17:24:37 | INFO | | An Iteration is Completed| epoch=3/3 | Iteration = 552/657| loss=0.467106 | acc=86.33%
2026-02-13 17:24:37 | INFO | | An Iteration is Completed| epoch=3/3 | Iteration = 553/657| loss=0.537931 | acc=81.64%
2026-02-13 17:24:37 | INFO | | An Iteration is Completed| epoch=3/3 | Iteration = 554/657| loss=0.525756 | acc=83.98%
2026-02-13 17:24:37 | INFO | | An Iteration is Completed| epoch=3/3 | Iteration = 555/657| loss=0.581741 | acc=85.94%
2026-02-13 17:24:37 | INFO | | An Iteration is Completed| epoch=3/3 | Iteration = 556/657| loss=0.504555 | acc=88.28%
2026-02-13 17:24:37 | INFO | | An Iteration is Completed| epoch=3/3 | Iteration = 557/657| loss=0.486802 | acc=90.62%
2026-02-13 17:24:37 | INFO | | An Iteration is Completed| epoch=3/3 | Iteration = 558/657| loss=0.410670 | acc=91.02%
2026-02-13 17:24:37 | INFO | | An Iteration is Completed| epoch=3/3 | Iteration = 559/657| loss=0.515652 | acc=85.94%
2026-02-13 17:24:37 | INFO | | An Iteration is Completed| epoch=3/3 | Iteration = 560/657| loss=0.529034 | acc=88.67%
2026-02-13 17:24:37 | INFO | | An Iteration is Completed| epoch=3/3 | Iteration = 561/657| loss=0.527145 | acc=84.38%
2026-02-13 17:24:37 | INFO | | An Iteration is Completed| epoch=3/3 | Iteration = 562/657| loss=0.505448 | acc=87.11%
2026-02-13 17:24:37 | INFO | | An Iteration is Completed| epoch=3/3 | Iteration = 563/657| loss=0.409556 | acc=91.41%
2026-02-13 17:24:37 | INFO | | An Iteration is Completed| epoch=3/3 | Iteration = 564/657| loss=0.514146 | acc=89.06%
2026-02-13 17:24:37 | INFO | | An Iteration is Completed| epoch=3/3 | Iteration = 565/657| loss=0.403966 | acc=91.02%
2026-02-13 17:24:37 | INFO | | An Iteration is Completed| epoch=3/3 | Iteration = 566/657| loss=0.448067 | acc=87.89%
2026-02-13 17:24:37 | INFO | | An Iteration is Completed| epoch=3/3 | Iteration = 567/657| loss=0.469729 | acc=86.72%
2026-02-13 17:24:37 | INFO | | An Iteration is Completed| epoch=3/3 | Iteration = 568/657| loss=0.433454 | acc=87.11%
2026-02-13 17:24:37 | INFO | | An Iteration is Completed| epoch=3/3 | Iteration = 569/657| loss=0.498123 | acc=85.55%
2026-02-13 17:24:37 | INFO | | An Iteration is Completed| epoch=3/3 | Iteration = 570/657| loss=0.411726 | acc=89.84%
2026-02-13 17:24:37 | INFO | | An Iteration is Completed| epoch=3/3 | Iteration = 571/657| loss=0.451396 | acc=88.67%
2026-02-13 17:24:37 | INFO | | An Iteration is Completed| epoch=3/3 | Iteration = 572/657| loss=0.454531 | acc=87.11%
2026-02-13 17:24:37 | INFO | | An Iteration is Completed| epoch=3/3 | Iteration = 573/657| loss=0.486005 | acc=85.16%
2026-02-13 17:24:37 | INFO | | An Iteration is Completed| epoch=3/3 | Iteration = 574/657| loss=0.512039 | acc=86.33%
2026-02-13 17:24:37 | INFO | | An Iteration is Completed| epoch=3/3 | Iteration = 575/657| loss=0.543687 | acc=85.94%
2026-02-13 17:24:37 | INFO | | An Iteration is Completed| epoch=3/3 | Iteration = 576/657| loss=0.563838 | acc=84.77%
2026-02-13 17:24:37 | INFO | | An Iteration is Completed| epoch=3/3 | Iteration = 577/657| loss=0.503569 | acc=86.72%
2026-02-13 17:24:37 | INFO | | An Iteration is Completed| epoch=3/3 | Iteration = 578/657| loss=0.461186 | acc=89.06%
2026-02-13 17:24:37 | INFO | | An Iteration is Completed| epoch=3/3 | Iteration = 579/657| loss=0.444101 | acc=88.28%
2026-02-13 17:24:37 | INFO | | An Iteration is Completed| epoch=3/3 | Iteration = 580/657| loss=0.538224 | acc=85.55%
2026-02-13 17:24:37 | INFO | | An Iteration is Completed| epoch=3/3 | Iteration = 581/657| loss=0.415839 | acc=88.67%
2026-02-13 17:24:37 | INFO | | An Iteration is Completed| epoch=3/3 | Iteration = 582/657| loss=0.476500 | acc=87.89%
2026-02-13 17:24:37 | INFO | | An Iteration is Completed| epoch=3/3 | Iteration = 583/657| loss=0.515267 | acc=85.16%
2026-02-13 17:24:37 | INFO | | An Iteration is Completed| epoch=3/3 | Iteration = 584/657| loss=0.498558 | acc=88.28%
2026-02-13 17:24:37 | INFO | | An Iteration is Completed| epoch=3/3 | Iteration = 585/657| loss=0.485397 | acc=91.02%
2026-02-13 17:24:37 | INFO | | An Iteration is Completed| epoch=3/3 | Iteration = 586/657| loss=0.441455 | acc=88.67%
2026-02-13 17:24:37 | INFO | | An Iteration is Completed| epoch=3/3 | Iteration = 587/657| loss=0.479993 | acc=86.33%
2026-02-13 17:24:37 | INFO | | An Iteration is Completed| epoch=3/3 | Iteration = 588/657| loss=0.503392 | acc=87.11%
2026-02-13 17:24:37 | INFO | | An Iteration is Completed| epoch=3/3 | Iteration = 589/657| loss=0.390394 | acc=91.41%
2026-02-13 17:24:37 | INFO | | An Iteration is Completed| epoch=3/3 | Iteration = 590/657| loss=0.458040 | acc=87.50%
2026-02-13 17:24:37 | INFO | | An Iteration is Completed| epoch=3/3 | Iteration = 591/657| loss=0.426007 | acc=88.28%
2026-02-13 17:24:37 | INFO | | An Iteration is Completed| epoch=3/3 | Iteration = 592/657| loss=0.542190 | acc=84.38%
2026-02-13 17:24:37 | INFO | | An Iteration is Completed| epoch=3/3 | Iteration = 593/657| loss=0.380856 | acc=91.80%
2026-02-13 17:24:37 | INFO | | An Iteration is Completed| epoch=3/3 | Iteration = 594/657| loss=0.527825 | acc=86.33%
2026-02-13 17:24:37 | INFO | | An Iteration is Completed| epoch=3/3 | Iteration = 595/657| loss=0.513903 | acc=87.50%
2026-02-13 17:24:37 | INFO | | An Iteration is Completed| epoch=3/3 | Iteration = 596/657| loss=0.510806 | acc=87.11%
2026-02-13 17:24:37 | INFO | | An Iteration is Completed| epoch=3/3 | Iteration = 597/657| loss=0.558967 | acc=83.98%
2026-02-13 17:24:37 | INFO | | An Iteration is Completed| epoch=3/3 | Iteration = 598/657| loss=0.483277 | acc=88.67%
2026-02-13 17:24:37 | INFO | | An Iteration is Completed| epoch=3/3 | Iteration = 599/657| loss=0.446467 | acc=89.06%
2026-02-13 17:24:37 | INFO | | An Iteration is Completed| epoch=3/3 | Iteration = 600/657| loss=0.540998 | acc=84.77%
2026-02-13 17:24:37 | INFO | | An Iteration is Completed| epoch=3/3 | Iteration = 601/657| loss=0.490212 | acc=87.11%
2026-02-13 17:24:37 | INFO | | An Iteration is Completed| epoch=3/3 | Iteration = 602/657| loss=0.382195 | acc=91.02%
2026-02-13 17:24:37 | INFO | | An Iteration is Completed| epoch=3/3 | Iteration = 603/657| loss=0.393681 | acc=91.02%
2026-02-13 17:24:37 | INFO | | An Iteration is Completed| epoch=3/3 | Iteration = 604/657| loss=0.478858 | acc=85.94%
2026-02-13 17:24:37 | INFO | | An Iteration is Completed| epoch=3/3 | Iteration = 605/657| loss=0.456904 | acc=87.11%
2026-02-13 17:24:37 | INFO | | An Iteration is Completed| epoch=3/3 | Iteration = 606/657| loss=0.410800 | acc=87.50%
2026-02-13 17:24:37 | INFO | | An Iteration is Completed| epoch=3/3 | Iteration = 607/657| loss=0.493970 | acc=87.50%
2026-02-13 17:24:37 | INFO | | An Iteration is Completed| epoch=3/3 | Iteration = 608/657| loss=0.477975 | acc=86.33%
2026-02-13 17:24:37 | INFO | | An Iteration is Completed| epoch=3/3 | Iteration = 609/657| loss=0.510840 | acc=85.16%
2026-02-13 17:24:37 | INFO | | An Iteration is Completed| epoch=3/3 | Iteration = 610/657| loss=0.492645 | acc=85.94%
2026-02-13 17:24:37 | INFO | | An Iteration is Completed| epoch=3/3 | Iteration = 611/657| loss=0.508481 | acc=85.55%
2026-02-13 17:24:37 | INFO | | An Iteration is Completed| epoch=3/3 | Iteration = 612/657| loss=0.450852 | acc=85.16%
2026-02-13 17:24:37 | INFO | | An Iteration is Completed| epoch=3/3 | Iteration = 613/657| loss=0.434579 | acc=89.84%
2026-02-13 17:24:37 | INFO | | An Iteration is Completed| epoch=3/3 | Iteration = 614/657| loss=0.455510 | acc=86.72%
2026-02-13 17:24:37 | INFO | | An Iteration is Completed| epoch=3/3 | Iteration = 615/657| loss=0.442563 | acc=88.28%
2026-02-13 17:24:37 | INFO | | An Iteration is Completed| epoch=3/3 | Iteration = 616/657| loss=0.383431 | acc=90.23%
2026-02-13 17:24:37 | INFO | | An Iteration is Completed| epoch=3/3 | Iteration = 617/657| loss=0.489217 | acc=88.28%
2026-02-13 17:24:37 | INFO | | An Iteration is Completed| epoch=3/3 | Iteration = 618/657| loss=0.379340 | acc=90.62%
2026-02-13 17:24:37 | INFO | | An Iteration is Completed| epoch=3/3 | Iteration = 619/657| loss=0.460215 | acc=88.67%
2026-02-13 17:24:37 | INFO | | An Iteration is Completed| epoch=3/3 | Iteration = 620/657| loss=0.495860 | acc=85.55%
2026-02-13 17:24:37 | INFO | | An Iteration is Completed| epoch=3/3 | Iteration = 621/657| loss=0.480580 | acc=85.55%
2026-02-13 17:24:37 | INFO | | An Iteration is Completed| epoch=3/3 | Iteration = 622/657| loss=0.423615 | acc=87.89%
2026-02-13 17:24:37 | INFO | | An Iteration is Completed| epoch=3/3 | Iteration = 623/657| loss=0.434000 | acc=87.50%
2026-02-13 17:24:37 | INFO | | An Iteration is Completed| epoch=3/3 | Iteration = 624/657| loss=0.418620 | acc=88.67%
2026-02-13 17:24:37 | INFO | | An Iteration is Completed| epoch=3/3 | Iteration = 625/657| loss=0.389842 | acc=89.84%
2026-02-13 17:24:37 | INFO | | An Iteration is Completed| epoch=3/3 | Iteration = 626/657| loss=0.382762 | acc=89.06%
2026-02-13 17:24:37 | INFO | | An Iteration is Completed| epoch=3/3 | Iteration = 627/657| loss=0.453519 | acc=87.89%
2026-02-13 17:24:37 | INFO | | An Iteration is Completed| epoch=3/3 | Iteration = 628/657| loss=0.511974 | acc=84.38%
2026-02-13 17:24:37 | INFO | | An Iteration is Completed| epoch=3/3 | Iteration = 629/657| loss=0.428997 | acc=89.45%
2026-02-13 17:24:37 | INFO | | An Iteration is Completed| epoch=3/3 | Iteration = 630/657| loss=0.438564 | acc=87.50%
2026-02-13 17:24:37 | INFO | | An Iteration is Completed| epoch=3/3 | Iteration = 631/657| loss=0.420293 | acc=88.67%
2026-02-13 17:24:37 | INFO | | An Iteration is Completed| epoch=3/3 | Iteration = 632/657| loss=0.498705 | acc=85.94%
2026-02-13 17:24:37 | INFO | | An Iteration is Completed| epoch=3/3 | Iteration = 633/657| loss=0.464640 | acc=91.41%
2026-02-13 17:24:37 | INFO | | An Iteration is Completed| epoch=3/3 | Iteration = 634/657| loss=0.458469 | acc=89.45%
2026-02-13 17:24:37 | INFO | | An Iteration is Completed| epoch=3/3 | Iteration = 635/657| loss=0.467030 | acc=89.84%
2026-02-13 17:24:38 | INFO | | An Iteration is Completed| epoch=3/3 | Iteration = 636/657| loss=0.441027 | acc=87.11%
2026-02-13 17:24:38 | INFO | | An Iteration is Completed| epoch=3/3 | Iteration = 637/657| loss=0.446964 | acc=87.50%
2026-02-13 17:24:38 | INFO | | An Iteration is Completed| epoch=3/3 | Iteration = 638/657| loss=0.459740 | acc=88.28%
2026-02-13 17:24:38 | INFO | | An Iteration is Completed| epoch=3/3 | Iteration = 639/657| loss=0.386931 | acc=89.06%
2026-02-13 17:24:38 | INFO | | An Iteration is Completed| epoch=3/3 | Iteration = 640/657| loss=0.423192 | acc=89.45%
2026-02-13 17:24:38 | INFO | | An Iteration is Completed| epoch=3/3 | Iteration = 641/657| loss=0.431111 | acc=90.62%
2026-02-13 17:24:38 | INFO | | An Iteration is Completed| epoch=3/3 | Iteration = 642/657| loss=0.429623 | acc=88.28%
2026-02-13 17:24:38 | INFO | | An Iteration is Completed| epoch=3/3 | Iteration = 643/657| loss=0.477399 | acc=86.72%
2026-02-13 17:24:38 | INFO | | An Iteration is Completed| epoch=3/3 | Iteration = 644/657| loss=0.438869 | acc=87.11%
2026-02-13 17:24:38 | INFO | | An Iteration is Completed| epoch=3/3 | Iteration = 645/657| loss=0.441035 | acc=87.11%
2026-02-13 17:24:38 | INFO | | An Iteration is Completed| epoch=3/3 | Iteration = 646/657| loss=0.409079 | acc=90.23%
2026-02-13 17:24:38 | INFO | | An Iteration is Completed| epoch=3/3 | Iteration = 647/657| loss=0.372308 | acc=91.02%
2026-02-13 17:24:38 | INFO | | An Iteration is Completed| epoch=3/3 | Iteration = 648/657| loss=0.399442 | acc=89.84%
2026-02-13 17:24:38 | INFO | | An Iteration is Completed| epoch=3/3 | Iteration = 649/657| loss=0.419651 | acc=89.06%
2026-02-13 17:24:38 | INFO | | An Iteration is Completed| epoch=3/3 | Iteration = 650/657| loss=0.462175 | acc=87.89%
2026-02-13 17:24:38 | INFO | | An Iteration is Completed| epoch=3/3 | Iteration = 651/657| loss=0.486590 | acc=86.72%
2026-02-13 17:24:38 | INFO | | An Iteration is Completed| epoch=3/3 | Iteration = 652/657| loss=0.485699 | acc=83.98%
2026-02-13 17:24:38 | INFO | | An Iteration is Completed| epoch=3/3 | Iteration = 653/657| loss=0.587573 | acc=84.38%
2026-02-13 17:24:38 | INFO | | An Iteration is Completed| epoch=3/3 | Iteration = 654/657| loss=0.406685 | acc=90.23%
2026-02-13 17:24:38 | INFO | | An Iteration is Completed| epoch=3/3 | Iteration = 655/657| loss=0.392272 | acc=89.84%
2026-02-13 17:24:38 | INFO | | An Iteration is Completed| epoch=3/3 | Iteration = 656/657| loss=0.426286 | acc=88.28%
2026-02-13 17:24:38 | INFO | | An Iteration is Completed| epoch=3/3 | Iteration = 657/657| loss=0.389545 | acc=89.01%
2026-02-13 17:24:38 | INFO | | The Epoch is Completedseed=42 | batch=256| epoch=3/3| loss=0.493008| Acc=87.17%| Test_Acc=87.63%| Val Acc=87.69%| First Steady Time=20.812450885772705| Steady Epoch Time=2.2125227451324463
2026-02-13 17:24:38 | INFO | Saving the final model checkpoints with seed : 42 at location: checkpoints/run_seed42_batch256_final.npz
