2026-02-13 17:26:14 | INFO | Starting run with seed = 42 and Batch Size = 256
2026-02-13 17:26:14 | INFO | The Device is : cuda
2026-02-13 17:26:14 | INFO | Total Epochs = 3
2026-02-13 17:26:16 | INFO | Total iterations = 657
2026-02-13 17:26:16 | INFO | | An Iteration is Completed| epoch=1/3 | Iteration = 1/657| loss=2.299490| acc=6.64%
2026-02-13 17:26:16 | INFO | | An Iteration is Completed| epoch=1/3 | Iteration = 2/657| loss=2.086229| acc=14.06%
2026-02-13 17:26:16 | INFO | | An Iteration is Completed| epoch=1/3 | Iteration = 3/657| loss=1.972122| acc=26.95%
2026-02-13 17:26:16 | INFO | | An Iteration is Completed| epoch=1/3 | Iteration = 4/657| loss=1.420240| acc=63.67%
2026-02-13 17:26:16 | INFO | | An Iteration is Completed| epoch=1/3 | Iteration = 5/657| loss=1.074438| acc=67.97%
2026-02-13 17:26:16 | INFO | | An Iteration is Completed| epoch=1/3 | Iteration = 6/657| loss=0.954542| acc=69.92%
2026-02-13 17:26:16 | INFO | | An Iteration is Completed| epoch=1/3 | Iteration = 7/657| loss=0.644475| acc=78.91%
2026-02-13 17:26:16 | INFO | | An Iteration is Completed| epoch=1/3 | Iteration = 8/657| loss=0.746120| acc=74.22%
2026-02-13 17:26:16 | INFO | | An Iteration is Completed| epoch=1/3 | Iteration = 9/657| loss=0.629104| acc=79.69%
2026-02-13 17:26:16 | INFO | | An Iteration is Completed| epoch=1/3 | Iteration = 10/657| loss=0.603281| acc=78.52%
2026-02-13 17:26:16 | INFO | | An Iteration is Completed| epoch=1/3 | Iteration = 11/657| loss=0.704461| acc=82.03%
2026-02-13 17:26:16 | INFO | | An Iteration is Completed| epoch=1/3 | Iteration = 12/657| loss=0.742663| acc=76.95%
2026-02-13 17:26:16 | INFO | | An Iteration is Completed| epoch=1/3 | Iteration = 13/657| loss=0.669264| acc=78.52%
2026-02-13 17:26:16 | INFO | | An Iteration is Completed| epoch=1/3 | Iteration = 14/657| loss=0.681207| acc=80.86%
2026-02-13 17:26:16 | INFO | | An Iteration is Completed| epoch=1/3 | Iteration = 15/657| loss=0.482302| acc=81.25%
2026-02-13 17:26:16 | INFO | | An Iteration is Completed| epoch=1/3 | Iteration = 16/657| loss=0.761592| acc=76.56%
2026-02-13 17:26:16 | INFO | | An Iteration is Completed| epoch=1/3 | Iteration = 17/657| loss=0.495896| acc=84.77%
2026-02-13 17:26:16 | INFO | | An Iteration is Completed| epoch=1/3 | Iteration = 18/657| loss=0.532247| acc=86.72%
2026-02-13 17:26:16 | INFO | | An Iteration is Completed| epoch=1/3 | Iteration = 19/657| loss=0.587601| acc=80.86%
2026-02-13 17:26:16 | INFO | | An Iteration is Completed| epoch=1/3 | Iteration = 20/657| loss=0.496963| acc=85.55%
2026-02-13 17:26:16 | INFO | | An Iteration is Completed| epoch=1/3 | Iteration = 21/657| loss=0.464421| acc=85.94%
2026-02-13 17:26:16 | INFO | | An Iteration is Completed| epoch=1/3 | Iteration = 22/657| loss=0.417153| acc=87.50%
2026-02-13 17:26:16 | INFO | | An Iteration is Completed| epoch=1/3 | Iteration = 23/657| loss=0.425565| acc=88.28%
2026-02-13 17:26:16 | INFO | | An Iteration is Completed| epoch=1/3 | Iteration = 24/657| loss=0.339194| acc=90.62%
2026-02-13 17:26:16 | INFO | | An Iteration is Completed| epoch=1/3 | Iteration = 25/657| loss=0.324190| acc=89.45%
2026-02-13 17:26:16 | INFO | | An Iteration is Completed| epoch=1/3 | Iteration = 26/657| loss=0.395695| acc=89.06%
2026-02-13 17:26:16 | INFO | | An Iteration is Completed| epoch=1/3 | Iteration = 27/657| loss=0.357992| acc=89.06%
2026-02-13 17:26:16 | INFO | | An Iteration is Completed| epoch=1/3 | Iteration = 28/657| loss=0.284791| acc=90.23%
2026-02-13 17:26:16 | INFO | | An Iteration is Completed| epoch=1/3 | Iteration = 29/657| loss=0.331390| acc=88.28%
2026-02-13 17:26:16 | INFO | | An Iteration is Completed| epoch=1/3 | Iteration = 30/657| loss=0.263723| acc=93.36%
2026-02-13 17:26:16 | INFO | | An Iteration is Completed| epoch=1/3 | Iteration = 31/657| loss=0.239165| acc=89.84%
2026-02-13 17:26:16 | INFO | | An Iteration is Completed| epoch=1/3 | Iteration = 32/657| loss=0.232476| acc=92.19%
2026-02-13 17:26:16 | INFO | | An Iteration is Completed| epoch=1/3 | Iteration = 33/657| loss=0.237246| acc=93.36%
2026-02-13 17:26:16 | INFO | | An Iteration is Completed| epoch=1/3 | Iteration = 34/657| loss=0.304039| acc=91.02%
2026-02-13 17:26:16 | INFO | | An Iteration is Completed| epoch=1/3 | Iteration = 35/657| loss=0.242817| acc=91.02%
2026-02-13 17:26:16 | INFO | | An Iteration is Completed| epoch=1/3 | Iteration = 36/657| loss=0.285144| acc=89.45%
2026-02-13 17:26:16 | INFO | | An Iteration is Completed| epoch=1/3 | Iteration = 37/657| loss=0.198518| acc=92.97%
2026-02-13 17:26:16 | INFO | | An Iteration is Completed| epoch=1/3 | Iteration = 38/657| loss=0.279210| acc=91.80%
2026-02-13 17:26:16 | INFO | | An Iteration is Completed| epoch=1/3 | Iteration = 39/657| loss=0.217056| acc=92.58%
2026-02-13 17:26:16 | INFO | | An Iteration is Completed| epoch=1/3 | Iteration = 40/657| loss=0.358977| acc=86.72%
2026-02-13 17:26:16 | INFO | | An Iteration is Completed| epoch=1/3 | Iteration = 41/657| loss=0.337646| acc=90.62%
2026-02-13 17:26:16 | INFO | | An Iteration is Completed| epoch=1/3 | Iteration = 42/657| loss=0.275130| acc=91.02%
2026-02-13 17:26:16 | INFO | | An Iteration is Completed| epoch=1/3 | Iteration = 43/657| loss=0.354599| acc=88.28%
2026-02-13 17:26:16 | INFO | | An Iteration is Completed| epoch=1/3 | Iteration = 44/657| loss=0.343924| acc=90.23%
2026-02-13 17:26:16 | INFO | | An Iteration is Completed| epoch=1/3 | Iteration = 45/657| loss=0.344750| acc=88.28%
2026-02-13 17:26:16 | INFO | | An Iteration is Completed| epoch=1/3 | Iteration = 46/657| loss=0.375321| acc=87.89%
2026-02-13 17:26:16 | INFO | | An Iteration is Completed| epoch=1/3 | Iteration = 47/657| loss=0.255508| acc=93.75%
2026-02-13 17:26:16 | INFO | | An Iteration is Completed| epoch=1/3 | Iteration = 48/657| loss=0.303252| acc=91.02%
2026-02-13 17:26:16 | INFO | | An Iteration is Completed| epoch=1/3 | Iteration = 49/657| loss=0.300881| acc=89.84%
2026-02-13 17:26:16 | INFO | | An Iteration is Completed| epoch=1/3 | Iteration = 50/657| loss=0.234305| acc=92.58%
2026-02-13 17:26:16 | INFO | | An Iteration is Completed| epoch=1/3 | Iteration = 51/657| loss=0.202038| acc=94.14%
2026-02-13 17:26:16 | INFO | | An Iteration is Completed| epoch=1/3 | Iteration = 52/657| loss=0.241120| acc=92.58%
2026-02-13 17:26:16 | INFO | | An Iteration is Completed| epoch=1/3 | Iteration = 53/657| loss=0.236331| acc=93.36%
2026-02-13 17:26:16 | INFO | | An Iteration is Completed| epoch=1/3 | Iteration = 54/657| loss=0.274822| acc=92.19%
2026-02-13 17:26:16 | INFO | | An Iteration is Completed| epoch=1/3 | Iteration = 55/657| loss=0.233377| acc=94.14%
2026-02-13 17:26:16 | INFO | | An Iteration is Completed| epoch=1/3 | Iteration = 56/657| loss=0.180802| acc=94.53%
2026-02-13 17:26:16 | INFO | | An Iteration is Completed| epoch=1/3 | Iteration = 57/657| loss=0.191858| acc=92.58%
2026-02-13 17:26:16 | INFO | | An Iteration is Completed| epoch=1/3 | Iteration = 58/657| loss=0.230155| acc=93.75%
2026-02-13 17:26:16 | INFO | | An Iteration is Completed| epoch=1/3 | Iteration = 59/657| loss=0.227006| acc=91.41%
2026-02-13 17:26:16 | INFO | | An Iteration is Completed| epoch=1/3 | Iteration = 60/657| loss=0.160214| acc=95.31%
2026-02-13 17:26:16 | INFO | | An Iteration is Completed| epoch=1/3 | Iteration = 61/657| loss=0.205869| acc=92.19%
2026-02-13 17:26:16 | INFO | | An Iteration is Completed| epoch=1/3 | Iteration = 62/657| loss=0.187965| acc=93.75%
2026-02-13 17:26:16 | INFO | | An Iteration is Completed| epoch=1/3 | Iteration = 63/657| loss=0.207267| acc=93.36%
2026-02-13 17:26:16 | INFO | | An Iteration is Completed| epoch=1/3 | Iteration = 64/657| loss=0.218803| acc=92.97%
2026-02-13 17:26:16 | INFO | | An Iteration is Completed| epoch=1/3 | Iteration = 65/657| loss=0.354260| acc=89.06%
2026-02-13 17:26:16 | INFO | | An Iteration is Completed| epoch=1/3 | Iteration = 66/657| loss=0.361176| acc=89.84%
2026-02-13 17:26:16 | INFO | | An Iteration is Completed| epoch=1/3 | Iteration = 67/657| loss=0.317586| acc=91.41%
2026-02-13 17:26:16 | INFO | | An Iteration is Completed| epoch=1/3 | Iteration = 68/657| loss=0.243248| acc=91.02%
2026-02-13 17:26:16 | INFO | | An Iteration is Completed| epoch=1/3 | Iteration = 69/657| loss=0.233508| acc=93.75%
2026-02-13 17:26:16 | INFO | | An Iteration is Completed| epoch=1/3 | Iteration = 70/657| loss=0.141664| acc=96.88%
2026-02-13 17:26:16 | INFO | | An Iteration is Completed| epoch=1/3 | Iteration = 71/657| loss=0.191866| acc=95.31%
2026-02-13 17:26:16 | INFO | | An Iteration is Completed| epoch=1/3 | Iteration = 72/657| loss=0.253328| acc=92.58%
2026-02-13 17:26:16 | INFO | | An Iteration is Completed| epoch=1/3 | Iteration = 73/657| loss=0.254788| acc=91.80%
2026-02-13 17:26:16 | INFO | | An Iteration is Completed| epoch=1/3 | Iteration = 74/657| loss=0.229074| acc=92.97%
2026-02-13 17:26:16 | INFO | | An Iteration is Completed| epoch=1/3 | Iteration = 75/657| loss=0.239870| acc=93.75%
2026-02-13 17:26:16 | INFO | | An Iteration is Completed| epoch=1/3 | Iteration = 76/657| loss=0.165795| acc=95.70%
2026-02-13 17:26:16 | INFO | | An Iteration is Completed| epoch=1/3 | Iteration = 77/657| loss=0.200139| acc=93.36%
2026-02-13 17:26:16 | INFO | | An Iteration is Completed| epoch=1/3 | Iteration = 78/657| loss=0.160752| acc=94.14%
2026-02-13 17:26:16 | INFO | | An Iteration is Completed| epoch=1/3 | Iteration = 79/657| loss=0.156673| acc=96.48%
2026-02-13 17:26:16 | INFO | | An Iteration is Completed| epoch=1/3 | Iteration = 80/657| loss=0.134637| acc=96.48%
2026-02-13 17:26:16 | INFO | | An Iteration is Completed| epoch=1/3 | Iteration = 81/657| loss=0.257981| acc=92.58%
2026-02-13 17:26:16 | INFO | | An Iteration is Completed| epoch=1/3 | Iteration = 82/657| loss=0.249100| acc=93.75%
2026-02-13 17:26:16 | INFO | | An Iteration is Completed| epoch=1/3 | Iteration = 83/657| loss=0.170604| acc=96.88%
2026-02-13 17:26:16 | INFO | | An Iteration is Completed| epoch=1/3 | Iteration = 84/657| loss=0.252308| acc=93.36%
2026-02-13 17:26:16 | INFO | | An Iteration is Completed| epoch=1/3 | Iteration = 85/657| loss=0.121365| acc=95.70%
2026-02-13 17:26:16 | INFO | | An Iteration is Completed| epoch=1/3 | Iteration = 86/657| loss=0.137116| acc=95.70%
2026-02-13 17:26:16 | INFO | | An Iteration is Completed| epoch=1/3 | Iteration = 87/657| loss=0.172121| acc=95.31%
2026-02-13 17:26:16 | INFO | | An Iteration is Completed| epoch=1/3 | Iteration = 88/657| loss=0.142519| acc=95.31%
2026-02-13 17:26:16 | INFO | | An Iteration is Completed| epoch=1/3 | Iteration = 89/657| loss=0.196309| acc=94.14%
2026-02-13 17:26:16 | INFO | | An Iteration is Completed| epoch=1/3 | Iteration = 90/657| loss=0.199035| acc=92.97%
2026-02-13 17:26:16 | INFO | | An Iteration is Completed| epoch=1/3 | Iteration = 91/657| loss=0.265569| acc=93.75%
2026-02-13 17:26:16 | INFO | | An Iteration is Completed| epoch=1/3 | Iteration = 92/657| loss=0.149418| acc=94.53%
2026-02-13 17:26:16 | INFO | | An Iteration is Completed| epoch=1/3 | Iteration = 93/657| loss=0.233742| acc=93.36%
2026-02-13 17:26:16 | INFO | | An Iteration is Completed| epoch=1/3 | Iteration = 94/657| loss=0.136694| acc=96.48%
2026-02-13 17:26:16 | INFO | | An Iteration is Completed| epoch=1/3 | Iteration = 95/657| loss=0.167201| acc=95.70%
2026-02-13 17:26:16 | INFO | | An Iteration is Completed| epoch=1/3 | Iteration = 96/657| loss=0.212005| acc=92.97%
2026-02-13 17:26:16 | INFO | | An Iteration is Completed| epoch=1/3 | Iteration = 97/657| loss=0.228173| acc=95.31%
2026-02-13 17:26:16 | INFO | | An Iteration is Completed| epoch=1/3 | Iteration = 98/657| loss=0.144062| acc=96.48%
2026-02-13 17:26:16 | INFO | | An Iteration is Completed| epoch=1/3 | Iteration = 99/657| loss=0.139553| acc=97.27%
2026-02-13 17:26:16 | INFO | | An Iteration is Completed| epoch=1/3 | Iteration = 100/657| loss=0.094709| acc=97.66%
2026-02-13 17:26:16 | INFO | | An Iteration is Completed| epoch=1/3 | Iteration = 101/657| loss=0.277843| acc=92.58%
2026-02-13 17:26:16 | INFO | | An Iteration is Completed| epoch=1/3 | Iteration = 102/657| loss=0.168552| acc=96.48%
2026-02-13 17:26:16 | INFO | | An Iteration is Completed| epoch=1/3 | Iteration = 103/657| loss=0.125004| acc=96.09%
2026-02-13 17:26:16 | INFO | | An Iteration is Completed| epoch=1/3 | Iteration = 104/657| loss=0.115237| acc=96.88%
2026-02-13 17:26:16 | INFO | | An Iteration is Completed| epoch=1/3 | Iteration = 105/657| loss=0.164486| acc=96.09%
2026-02-13 17:26:16 | INFO | | An Iteration is Completed| epoch=1/3 | Iteration = 106/657| loss=0.143500| acc=94.53%
2026-02-13 17:26:16 | INFO | | An Iteration is Completed| epoch=1/3 | Iteration = 107/657| loss=0.171295| acc=95.31%
2026-02-13 17:26:16 | INFO | | An Iteration is Completed| epoch=1/3 | Iteration = 108/657| loss=0.106848| acc=95.70%
2026-02-13 17:26:16 | INFO | | An Iteration is Completed| epoch=1/3 | Iteration = 109/657| loss=0.190455| acc=94.92%
2026-02-13 17:26:16 | INFO | | An Iteration is Completed| epoch=1/3 | Iteration = 110/657| loss=0.156327| acc=95.70%
2026-02-13 17:26:16 | INFO | | An Iteration is Completed| epoch=1/3 | Iteration = 111/657| loss=0.105522| acc=96.88%
2026-02-13 17:26:16 | INFO | | An Iteration is Completed| epoch=1/3 | Iteration = 112/657| loss=0.152557| acc=96.09%
2026-02-13 17:26:16 | INFO | | An Iteration is Completed| epoch=1/3 | Iteration = 113/657| loss=0.170864| acc=94.53%
2026-02-13 17:26:16 | INFO | | An Iteration is Completed| epoch=1/3 | Iteration = 114/657| loss=0.130414| acc=94.92%
2026-02-13 17:26:16 | INFO | | An Iteration is Completed| epoch=1/3 | Iteration = 115/657| loss=0.132264| acc=94.53%
2026-02-13 17:26:16 | INFO | | An Iteration is Completed| epoch=1/3 | Iteration = 116/657| loss=0.116203| acc=96.88%
2026-02-13 17:26:16 | INFO | | An Iteration is Completed| epoch=1/3 | Iteration = 117/657| loss=0.130036| acc=96.09%
2026-02-13 17:26:16 | INFO | | An Iteration is Completed| epoch=1/3 | Iteration = 118/657| loss=0.155921| acc=94.14%
2026-02-13 17:26:16 | INFO | | An Iteration is Completed| epoch=1/3 | Iteration = 119/657| loss=0.176194| acc=94.14%
2026-02-13 17:26:16 | INFO | | An Iteration is Completed| epoch=1/3 | Iteration = 120/657| loss=0.206176| acc=93.75%
2026-02-13 17:26:16 | INFO | | An Iteration is Completed| epoch=1/3 | Iteration = 121/657| loss=0.154779| acc=94.92%
2026-02-13 17:26:16 | INFO | | An Iteration is Completed| epoch=1/3 | Iteration = 122/657| loss=0.177724| acc=92.97%
2026-02-13 17:26:16 | INFO | | An Iteration is Completed| epoch=1/3 | Iteration = 123/657| loss=0.158347| acc=94.92%
2026-02-13 17:26:16 | INFO | | An Iteration is Completed| epoch=1/3 | Iteration = 124/657| loss=0.142319| acc=94.14%
2026-02-13 17:26:16 | INFO | | An Iteration is Completed| epoch=1/3 | Iteration = 125/657| loss=0.091073| acc=97.66%
2026-02-13 17:26:16 | INFO | | An Iteration is Completed| epoch=1/3 | Iteration = 126/657| loss=0.132409| acc=94.53%
2026-02-13 17:26:16 | INFO | | An Iteration is Completed| epoch=1/3 | Iteration = 127/657| loss=0.329419| acc=91.80%
2026-02-13 17:26:16 | INFO | | An Iteration is Completed| epoch=1/3 | Iteration = 128/657| loss=0.155640| acc=94.92%
2026-02-13 17:26:16 | INFO | | An Iteration is Completed| epoch=1/3 | Iteration = 129/657| loss=0.065147| acc=97.66%
2026-02-13 17:26:16 | INFO | | An Iteration is Completed| epoch=1/3 | Iteration = 130/657| loss=0.274808| acc=90.62%
2026-02-13 17:26:16 | INFO | | An Iteration is Completed| epoch=1/3 | Iteration = 131/657| loss=0.195834| acc=93.75%
2026-02-13 17:26:16 | INFO | | An Iteration is Completed| epoch=1/3 | Iteration = 132/657| loss=0.124559| acc=96.09%
2026-02-13 17:26:16 | INFO | | An Iteration is Completed| epoch=1/3 | Iteration = 133/657| loss=0.149981| acc=95.70%
2026-02-13 17:26:16 | INFO | | An Iteration is Completed| epoch=1/3 | Iteration = 134/657| loss=0.102883| acc=96.09%
2026-02-13 17:26:16 | INFO | | An Iteration is Completed| epoch=1/3 | Iteration = 135/657| loss=0.156731| acc=94.53%
2026-02-13 17:26:16 | INFO | | An Iteration is Completed| epoch=1/3 | Iteration = 136/657| loss=0.263042| acc=92.97%
2026-02-13 17:26:16 | INFO | | An Iteration is Completed| epoch=1/3 | Iteration = 137/657| loss=0.135302| acc=94.92%
2026-02-13 17:26:16 | INFO | | An Iteration is Completed| epoch=1/3 | Iteration = 138/657| loss=0.230876| acc=93.75%
2026-02-13 17:26:16 | INFO | | An Iteration is Completed| epoch=1/3 | Iteration = 139/657| loss=0.184457| acc=94.14%
2026-02-13 17:26:16 | INFO | | An Iteration is Completed| epoch=1/3 | Iteration = 140/657| loss=0.160495| acc=95.70%
2026-02-13 17:26:16 | INFO | | An Iteration is Completed| epoch=1/3 | Iteration = 141/657| loss=0.132246| acc=95.70%
2026-02-13 17:26:16 | INFO | | An Iteration is Completed| epoch=1/3 | Iteration = 142/657| loss=0.119210| acc=97.27%
2026-02-13 17:26:16 | INFO | | An Iteration is Completed| epoch=1/3 | Iteration = 143/657| loss=0.210612| acc=94.14%
2026-02-13 17:26:16 | INFO | | An Iteration is Completed| epoch=1/3 | Iteration = 144/657| loss=0.183413| acc=94.53%
2026-02-13 17:26:16 | INFO | | An Iteration is Completed| epoch=1/3 | Iteration = 145/657| loss=0.214055| acc=92.58%
2026-02-13 17:26:16 | INFO | | An Iteration is Completed| epoch=1/3 | Iteration = 146/657| loss=0.136778| acc=95.31%
2026-02-13 17:26:16 | INFO | | An Iteration is Completed| epoch=1/3 | Iteration = 147/657| loss=0.123893| acc=95.70%
2026-02-13 17:26:16 | INFO | | An Iteration is Completed| epoch=1/3 | Iteration = 148/657| loss=0.180499| acc=95.70%
2026-02-13 17:26:16 | INFO | | An Iteration is Completed| epoch=1/3 | Iteration = 149/657| loss=0.228408| acc=93.36%
2026-02-13 17:26:16 | INFO | | An Iteration is Completed| epoch=1/3 | Iteration = 150/657| loss=0.178512| acc=94.92%
2026-02-13 17:26:16 | INFO | | An Iteration is Completed| epoch=1/3 | Iteration = 151/657| loss=0.176961| acc=95.31%
2026-02-13 17:26:16 | INFO | | An Iteration is Completed| epoch=1/3 | Iteration = 152/657| loss=0.102901| acc=96.88%
2026-02-13 17:26:16 | INFO | | An Iteration is Completed| epoch=1/3 | Iteration = 153/657| loss=0.172493| acc=94.53%
2026-02-13 17:26:16 | INFO | | An Iteration is Completed| epoch=1/3 | Iteration = 154/657| loss=0.136579| acc=95.70%
2026-02-13 17:26:16 | INFO | | An Iteration is Completed| epoch=1/3 | Iteration = 155/657| loss=0.188827| acc=94.14%
2026-02-13 17:26:16 | INFO | | An Iteration is Completed| epoch=1/3 | Iteration = 156/657| loss=0.140270| acc=95.31%
2026-02-13 17:26:16 | INFO | | An Iteration is Completed| epoch=1/3 | Iteration = 157/657| loss=0.161303| acc=94.92%
2026-02-13 17:26:16 | INFO | | An Iteration is Completed| epoch=1/3 | Iteration = 158/657| loss=0.239773| acc=91.80%
2026-02-13 17:26:16 | INFO | | An Iteration is Completed| epoch=1/3 | Iteration = 159/657| loss=0.203455| acc=94.53%
2026-02-13 17:26:16 | INFO | | An Iteration is Completed| epoch=1/3 | Iteration = 160/657| loss=0.107183| acc=96.48%
2026-02-13 17:26:16 | INFO | | An Iteration is Completed| epoch=1/3 | Iteration = 161/657| loss=0.103152| acc=96.88%
2026-02-13 17:26:16 | INFO | | An Iteration is Completed| epoch=1/3 | Iteration = 162/657| loss=0.180350| acc=94.14%
2026-02-13 17:26:16 | INFO | | An Iteration is Completed| epoch=1/3 | Iteration = 163/657| loss=0.097139| acc=96.48%
2026-02-13 17:26:16 | INFO | | An Iteration is Completed| epoch=1/3 | Iteration = 164/657| loss=0.137772| acc=96.09%
2026-02-13 17:26:16 | INFO | | An Iteration is Completed| epoch=1/3 | Iteration = 165/657| loss=0.106714| acc=97.27%
2026-02-13 17:26:16 | INFO | | An Iteration is Completed| epoch=1/3 | Iteration = 166/657| loss=0.182226| acc=94.53%
2026-02-13 17:26:16 | INFO | | An Iteration is Completed| epoch=1/3 | Iteration = 167/657| loss=0.113863| acc=97.27%
2026-02-13 17:26:16 | INFO | | An Iteration is Completed| epoch=1/3 | Iteration = 168/657| loss=0.172225| acc=96.09%
2026-02-13 17:26:16 | INFO | | An Iteration is Completed| epoch=1/3 | Iteration = 169/657| loss=0.089502| acc=97.27%
2026-02-13 17:26:16 | INFO | | An Iteration is Completed| epoch=1/3 | Iteration = 170/657| loss=0.224531| acc=95.70%
2026-02-13 17:26:16 | INFO | | An Iteration is Completed| epoch=1/3 | Iteration = 171/657| loss=0.095286| acc=95.31%
2026-02-13 17:26:16 | INFO | | An Iteration is Completed| epoch=1/3 | Iteration = 172/657| loss=0.139395| acc=96.88%
2026-02-13 17:26:16 | INFO | | An Iteration is Completed| epoch=1/3 | Iteration = 173/657| loss=0.163257| acc=94.14%
2026-02-13 17:26:16 | INFO | | An Iteration is Completed| epoch=1/3 | Iteration = 174/657| loss=0.154033| acc=96.09%
2026-02-13 17:26:16 | INFO | | An Iteration is Completed| epoch=1/3 | Iteration = 175/657| loss=0.096016| acc=97.66%
2026-02-13 17:26:16 | INFO | | An Iteration is Completed| epoch=1/3 | Iteration = 176/657| loss=0.122951| acc=96.09%
2026-02-13 17:26:16 | INFO | | An Iteration is Completed| epoch=1/3 | Iteration = 177/657| loss=0.122806| acc=96.48%
2026-02-13 17:26:16 | INFO | | An Iteration is Completed| epoch=1/3 | Iteration = 178/657| loss=0.131317| acc=96.88%
2026-02-13 17:26:16 | INFO | | An Iteration is Completed| epoch=1/3 | Iteration = 179/657| loss=0.172850| acc=93.75%
2026-02-13 17:26:16 | INFO | | An Iteration is Completed| epoch=1/3 | Iteration = 180/657| loss=0.114182| acc=96.88%
2026-02-13 17:26:16 | INFO | | An Iteration is Completed| epoch=1/3 | Iteration = 181/657| loss=0.085766| acc=97.66%
2026-02-13 17:26:16 | INFO | | An Iteration is Completed| epoch=1/3 | Iteration = 182/657| loss=0.149294| acc=96.48%
2026-02-13 17:26:16 | INFO | | An Iteration is Completed| epoch=1/3 | Iteration = 183/657| loss=0.156348| acc=96.09%
2026-02-13 17:26:16 | INFO | | An Iteration is Completed| epoch=1/3 | Iteration = 184/657| loss=0.202486| acc=94.14%
2026-02-13 17:26:16 | INFO | | An Iteration is Completed| epoch=1/3 | Iteration = 185/657| loss=0.101873| acc=96.88%
2026-02-13 17:26:16 | INFO | | An Iteration is Completed| epoch=1/3 | Iteration = 186/657| loss=0.069094| acc=98.83%
2026-02-13 17:26:16 | INFO | | An Iteration is Completed| epoch=1/3 | Iteration = 187/657| loss=0.187326| acc=93.75%
2026-02-13 17:26:16 | INFO | | An Iteration is Completed| epoch=1/3 | Iteration = 188/657| loss=0.139572| acc=95.70%
2026-02-13 17:26:16 | INFO | | An Iteration is Completed| epoch=1/3 | Iteration = 189/657| loss=0.128037| acc=97.27%
2026-02-13 17:26:16 | INFO | | An Iteration is Completed| epoch=1/3 | Iteration = 190/657| loss=0.156021| acc=96.48%
2026-02-13 17:26:16 | INFO | | An Iteration is Completed| epoch=1/3 | Iteration = 191/657| loss=0.086037| acc=97.27%
2026-02-13 17:26:16 | INFO | | An Iteration is Completed| epoch=1/3 | Iteration = 192/657| loss=0.145720| acc=96.09%
2026-02-13 17:26:16 | INFO | | An Iteration is Completed| epoch=1/3 | Iteration = 193/657| loss=0.131512| acc=95.31%
2026-02-13 17:26:16 | INFO | | An Iteration is Completed| epoch=1/3 | Iteration = 194/657| loss=0.141312| acc=95.70%
2026-02-13 17:26:16 | INFO | | An Iteration is Completed| epoch=1/3 | Iteration = 195/657| loss=0.169769| acc=95.70%
2026-02-13 17:26:16 | INFO | | An Iteration is Completed| epoch=1/3 | Iteration = 196/657| loss=0.131953| acc=96.09%
2026-02-13 17:26:16 | INFO | | An Iteration is Completed| epoch=1/3 | Iteration = 197/657| loss=0.129414| acc=96.88%
2026-02-13 17:26:16 | INFO | | An Iteration is Completed| epoch=1/3 | Iteration = 198/657| loss=0.153298| acc=94.92%
2026-02-13 17:26:16 | INFO | | An Iteration is Completed| epoch=1/3 | Iteration = 199/657| loss=0.157171| acc=95.31%
2026-02-13 17:26:16 | INFO | | An Iteration is Completed| epoch=1/3 | Iteration = 200/657| loss=0.152359| acc=96.48%
2026-02-13 17:26:16 | INFO | | An Iteration is Completed| epoch=1/3 | Iteration = 201/657| loss=0.217789| acc=93.36%
2026-02-13 17:26:16 | INFO | | An Iteration is Completed| epoch=1/3 | Iteration = 202/657| loss=0.158880| acc=96.09%
2026-02-13 17:26:16 | INFO | | An Iteration is Completed| epoch=1/3 | Iteration = 203/657| loss=0.202538| acc=94.14%
2026-02-13 17:26:16 | INFO | | An Iteration is Completed| epoch=1/3 | Iteration = 204/657| loss=0.149670| acc=96.48%
2026-02-13 17:26:16 | INFO | | An Iteration is Completed| epoch=1/3 | Iteration = 205/657| loss=0.125476| acc=95.31%
2026-02-13 17:26:16 | INFO | | An Iteration is Completed| epoch=1/3 | Iteration = 206/657| loss=0.176294| acc=94.92%
2026-02-13 17:26:16 | INFO | | An Iteration is Completed| epoch=1/3 | Iteration = 207/657| loss=0.135025| acc=96.88%
2026-02-13 17:26:16 | INFO | | An Iteration is Completed| epoch=1/3 | Iteration = 208/657| loss=0.072092| acc=97.27%
2026-02-13 17:26:16 | INFO | | An Iteration is Completed| epoch=1/3 | Iteration = 209/657| loss=0.134643| acc=96.88%
2026-02-13 17:26:16 | INFO | | An Iteration is Completed| epoch=1/3 | Iteration = 210/657| loss=0.180751| acc=94.53%
2026-02-13 17:26:16 | INFO | | An Iteration is Completed| epoch=1/3 | Iteration = 211/657| loss=0.142895| acc=94.53%
2026-02-13 17:26:16 | INFO | | An Iteration is Completed| epoch=1/3 | Iteration = 212/657| loss=0.131033| acc=95.70%
2026-02-13 17:26:16 | INFO | | An Iteration is Completed| epoch=1/3 | Iteration = 213/657| loss=0.216509| acc=92.97%
2026-02-13 17:26:16 | INFO | | An Iteration is Completed| epoch=1/3 | Iteration = 214/657| loss=0.153930| acc=96.88%
2026-02-13 17:26:16 | INFO | | An Iteration is Completed| epoch=1/3 | Iteration = 215/657| loss=0.089103| acc=97.66%
2026-02-13 17:26:16 | INFO | | An Iteration is Completed| epoch=1/3 | Iteration = 216/657| loss=0.159181| acc=96.09%
2026-02-13 17:26:16 | INFO | | An Iteration is Completed| epoch=1/3 | Iteration = 217/657| loss=0.186927| acc=94.92%
2026-02-13 17:26:16 | INFO | | An Iteration is Completed| epoch=1/3 | Iteration = 218/657| loss=0.102993| acc=97.66%
2026-02-13 17:26:16 | INFO | | An Iteration is Completed| epoch=1/3 | Iteration = 219/657| loss=0.201816| acc=94.76%
2026-02-13 17:26:17 | INFO | | Epoch Done | seed=42 | bs=256 | epoch=1/3 | loss=0.257893 | train_acc=91.96% | val_acc=95.64% | test_acc=95.59% | t_first=0.7768s | t_steady=None
2026-02-13 17:26:17 | INFO | | An Iteration is Completed| epoch=2/3 | Iteration = 220/657| loss=0.080160| acc=96.09%
2026-02-13 17:26:17 | INFO | | An Iteration is Completed| epoch=2/3 | Iteration = 221/657| loss=0.110636| acc=96.48%
2026-02-13 17:26:17 | INFO | | An Iteration is Completed| epoch=2/3 | Iteration = 222/657| loss=0.083312| acc=98.05%
2026-02-13 17:26:17 | INFO | | An Iteration is Completed| epoch=2/3 | Iteration = 223/657| loss=0.099933| acc=95.70%
2026-02-13 17:26:17 | INFO | | An Iteration is Completed| epoch=2/3 | Iteration = 224/657| loss=0.149980| acc=95.31%
2026-02-13 17:26:17 | INFO | | An Iteration is Completed| epoch=2/3 | Iteration = 225/657| loss=0.104665| acc=96.48%
2026-02-13 17:26:17 | INFO | | An Iteration is Completed| epoch=2/3 | Iteration = 226/657| loss=0.110083| acc=94.53%
2026-02-13 17:26:17 | INFO | | An Iteration is Completed| epoch=2/3 | Iteration = 227/657| loss=0.065100| acc=98.05%
2026-02-13 17:26:17 | INFO | | An Iteration is Completed| epoch=2/3 | Iteration = 228/657| loss=0.106060| acc=96.48%
2026-02-13 17:26:17 | INFO | | An Iteration is Completed| epoch=2/3 | Iteration = 229/657| loss=0.086642| acc=96.88%
2026-02-13 17:26:17 | INFO | | An Iteration is Completed| epoch=2/3 | Iteration = 230/657| loss=0.080676| acc=97.27%
2026-02-13 17:26:17 | INFO | | An Iteration is Completed| epoch=2/3 | Iteration = 231/657| loss=0.110750| acc=96.48%
2026-02-13 17:26:17 | INFO | | An Iteration is Completed| epoch=2/3 | Iteration = 232/657| loss=0.078803| acc=96.88%
2026-02-13 17:26:17 | INFO | | An Iteration is Completed| epoch=2/3 | Iteration = 233/657| loss=0.162488| acc=96.09%
2026-02-13 17:26:17 | INFO | | An Iteration is Completed| epoch=2/3 | Iteration = 234/657| loss=0.164895| acc=95.70%
2026-02-13 17:26:17 | INFO | | An Iteration is Completed| epoch=2/3 | Iteration = 235/657| loss=0.165573| acc=94.14%
2026-02-13 17:26:17 | INFO | | An Iteration is Completed| epoch=2/3 | Iteration = 236/657| loss=0.055510| acc=97.66%
2026-02-13 17:26:17 | INFO | | An Iteration is Completed| epoch=2/3 | Iteration = 237/657| loss=0.073074| acc=98.44%
2026-02-13 17:26:17 | INFO | | An Iteration is Completed| epoch=2/3 | Iteration = 238/657| loss=0.119090| acc=96.48%
2026-02-13 17:26:17 | INFO | | An Iteration is Completed| epoch=2/3 | Iteration = 239/657| loss=0.061753| acc=98.05%
2026-02-13 17:26:17 | INFO | | An Iteration is Completed| epoch=2/3 | Iteration = 240/657| loss=0.113430| acc=96.09%
2026-02-13 17:26:17 | INFO | | An Iteration is Completed| epoch=2/3 | Iteration = 241/657| loss=0.154776| acc=93.75%
2026-02-13 17:26:17 | INFO | | An Iteration is Completed| epoch=2/3 | Iteration = 242/657| loss=0.089682| acc=97.66%
2026-02-13 17:26:17 | INFO | | An Iteration is Completed| epoch=2/3 | Iteration = 243/657| loss=0.150620| acc=94.53%
2026-02-13 17:26:17 | INFO | | An Iteration is Completed| epoch=2/3 | Iteration = 244/657| loss=0.133705| acc=96.88%
2026-02-13 17:26:17 | INFO | | An Iteration is Completed| epoch=2/3 | Iteration = 245/657| loss=0.121183| acc=96.88%
2026-02-13 17:26:17 | INFO | | An Iteration is Completed| epoch=2/3 | Iteration = 246/657| loss=0.082099| acc=97.66%
2026-02-13 17:26:17 | INFO | | An Iteration is Completed| epoch=2/3 | Iteration = 247/657| loss=0.071549| acc=97.27%
2026-02-13 17:26:17 | INFO | | An Iteration is Completed| epoch=2/3 | Iteration = 248/657| loss=0.120834| acc=97.27%
2026-02-13 17:26:17 | INFO | | An Iteration is Completed| epoch=2/3 | Iteration = 249/657| loss=0.106978| acc=95.70%
2026-02-13 17:26:17 | INFO | | An Iteration is Completed| epoch=2/3 | Iteration = 250/657| loss=0.074102| acc=97.27%
2026-02-13 17:26:17 | INFO | | An Iteration is Completed| epoch=2/3 | Iteration = 251/657| loss=0.129230| acc=95.70%
2026-02-13 17:26:17 | INFO | | An Iteration is Completed| epoch=2/3 | Iteration = 252/657| loss=0.078415| acc=97.27%
2026-02-13 17:26:17 | INFO | | An Iteration is Completed| epoch=2/3 | Iteration = 253/657| loss=0.163157| acc=95.70%
2026-02-13 17:26:17 | INFO | | An Iteration is Completed| epoch=2/3 | Iteration = 254/657| loss=0.120667| acc=95.31%
2026-02-13 17:26:17 | INFO | | An Iteration is Completed| epoch=2/3 | Iteration = 255/657| loss=0.145339| acc=96.48%
2026-02-13 17:26:17 | INFO | | An Iteration is Completed| epoch=2/3 | Iteration = 256/657| loss=0.145426| acc=97.27%
2026-02-13 17:26:17 | INFO | | An Iteration is Completed| epoch=2/3 | Iteration = 257/657| loss=0.060678| acc=98.05%
2026-02-13 17:26:17 | INFO | | An Iteration is Completed| epoch=2/3 | Iteration = 258/657| loss=0.069471| acc=98.44%
2026-02-13 17:26:17 | INFO | | An Iteration is Completed| epoch=2/3 | Iteration = 259/657| loss=0.074559| acc=97.66%
2026-02-13 17:26:17 | INFO | | An Iteration is Completed| epoch=2/3 | Iteration = 260/657| loss=0.113630| acc=97.27%
2026-02-13 17:26:17 | INFO | | An Iteration is Completed| epoch=2/3 | Iteration = 261/657| loss=0.105040| acc=97.27%
2026-02-13 17:26:17 | INFO | | An Iteration is Completed| epoch=2/3 | Iteration = 262/657| loss=0.077755| acc=98.05%
2026-02-13 17:26:17 | INFO | | An Iteration is Completed| epoch=2/3 | Iteration = 263/657| loss=0.167222| acc=94.14%
2026-02-13 17:26:17 | INFO | | An Iteration is Completed| epoch=2/3 | Iteration = 264/657| loss=0.065072| acc=97.66%
2026-02-13 17:26:17 | INFO | | An Iteration is Completed| epoch=2/3 | Iteration = 265/657| loss=0.060219| acc=98.05%
2026-02-13 17:26:17 | INFO | | An Iteration is Completed| epoch=2/3 | Iteration = 266/657| loss=0.098258| acc=96.48%
2026-02-13 17:26:17 | INFO | | An Iteration is Completed| epoch=2/3 | Iteration = 267/657| loss=0.097413| acc=97.27%
2026-02-13 17:26:17 | INFO | | An Iteration is Completed| epoch=2/3 | Iteration = 268/657| loss=0.073615| acc=97.27%
2026-02-13 17:26:17 | INFO | | An Iteration is Completed| epoch=2/3 | Iteration = 269/657| loss=0.127132| acc=96.88%
2026-02-13 17:26:17 | INFO | | An Iteration is Completed| epoch=2/3 | Iteration = 270/657| loss=0.131942| acc=95.70%
2026-02-13 17:26:17 | INFO | | An Iteration is Completed| epoch=2/3 | Iteration = 271/657| loss=0.105745| acc=97.27%
2026-02-13 17:26:17 | INFO | | An Iteration is Completed| epoch=2/3 | Iteration = 272/657| loss=0.057596| acc=98.05%
2026-02-13 17:26:17 | INFO | | An Iteration is Completed| epoch=2/3 | Iteration = 273/657| loss=0.105078| acc=96.48%
2026-02-13 17:26:17 | INFO | | An Iteration is Completed| epoch=2/3 | Iteration = 274/657| loss=0.133669| acc=94.14%
2026-02-13 17:26:17 | INFO | | An Iteration is Completed| epoch=2/3 | Iteration = 275/657| loss=0.068669| acc=97.66%
2026-02-13 17:26:17 | INFO | | An Iteration is Completed| epoch=2/3 | Iteration = 276/657| loss=0.147169| acc=94.14%
2026-02-13 17:26:17 | INFO | | An Iteration is Completed| epoch=2/3 | Iteration = 277/657| loss=0.137538| acc=96.88%
2026-02-13 17:26:17 | INFO | | An Iteration is Completed| epoch=2/3 | Iteration = 278/657| loss=0.120589| acc=96.48%
2026-02-13 17:26:17 | INFO | | An Iteration is Completed| epoch=2/3 | Iteration = 279/657| loss=0.128314| acc=96.09%
2026-02-13 17:26:17 | INFO | | An Iteration is Completed| epoch=2/3 | Iteration = 280/657| loss=0.137098| acc=95.70%
2026-02-13 17:26:17 | INFO | | An Iteration is Completed| epoch=2/3 | Iteration = 281/657| loss=0.110065| acc=97.66%
2026-02-13 17:26:17 | INFO | | An Iteration is Completed| epoch=2/3 | Iteration = 282/657| loss=0.103660| acc=97.27%
2026-02-13 17:26:17 | INFO | | An Iteration is Completed| epoch=2/3 | Iteration = 283/657| loss=0.074529| acc=97.66%
2026-02-13 17:26:17 | INFO | | An Iteration is Completed| epoch=2/3 | Iteration = 284/657| loss=0.053095| acc=98.83%
2026-02-13 17:26:17 | INFO | | An Iteration is Completed| epoch=2/3 | Iteration = 285/657| loss=0.156119| acc=94.14%
2026-02-13 17:26:17 | INFO | | An Iteration is Completed| epoch=2/3 | Iteration = 286/657| loss=0.066569| acc=97.66%
2026-02-13 17:26:17 | INFO | | An Iteration is Completed| epoch=2/3 | Iteration = 287/657| loss=0.063537| acc=97.27%
2026-02-13 17:26:17 | INFO | | An Iteration is Completed| epoch=2/3 | Iteration = 288/657| loss=0.153647| acc=94.53%
2026-02-13 17:26:17 | INFO | | An Iteration is Completed| epoch=2/3 | Iteration = 289/657| loss=0.059526| acc=97.66%
2026-02-13 17:26:17 | INFO | | An Iteration is Completed| epoch=2/3 | Iteration = 290/657| loss=0.115571| acc=96.88%
2026-02-13 17:26:17 | INFO | | An Iteration is Completed| epoch=2/3 | Iteration = 291/657| loss=0.102371| acc=96.88%
2026-02-13 17:26:17 | INFO | | An Iteration is Completed| epoch=2/3 | Iteration = 292/657| loss=0.087905| acc=97.27%
2026-02-13 17:26:17 | INFO | | An Iteration is Completed| epoch=2/3 | Iteration = 293/657| loss=0.222870| acc=94.14%
2026-02-13 17:26:17 | INFO | | An Iteration is Completed| epoch=2/3 | Iteration = 294/657| loss=0.054748| acc=98.83%
2026-02-13 17:26:17 | INFO | | An Iteration is Completed| epoch=2/3 | Iteration = 295/657| loss=0.129444| acc=96.48%
2026-02-13 17:26:17 | INFO | | An Iteration is Completed| epoch=2/3 | Iteration = 296/657| loss=0.058755| acc=98.83%
2026-02-13 17:26:17 | INFO | | An Iteration is Completed| epoch=2/3 | Iteration = 297/657| loss=0.095330| acc=96.48%
2026-02-13 17:26:17 | INFO | | An Iteration is Completed| epoch=2/3 | Iteration = 298/657| loss=0.130806| acc=95.31%
2026-02-13 17:26:17 | INFO | | An Iteration is Completed| epoch=2/3 | Iteration = 299/657| loss=0.103673| acc=96.88%
2026-02-13 17:26:17 | INFO | | An Iteration is Completed| epoch=2/3 | Iteration = 300/657| loss=0.073825| acc=98.05%
2026-02-13 17:26:17 | INFO | | An Iteration is Completed| epoch=2/3 | Iteration = 301/657| loss=0.155672| acc=96.09%
2026-02-13 17:26:17 | INFO | | An Iteration is Completed| epoch=2/3 | Iteration = 302/657| loss=0.135546| acc=94.14%
2026-02-13 17:26:17 | INFO | | An Iteration is Completed| epoch=2/3 | Iteration = 303/657| loss=0.137500| acc=95.31%
2026-02-13 17:26:17 | INFO | | An Iteration is Completed| epoch=2/3 | Iteration = 304/657| loss=0.151083| acc=96.09%
2026-02-13 17:26:17 | INFO | | An Iteration is Completed| epoch=2/3 | Iteration = 305/657| loss=0.098095| acc=96.88%
2026-02-13 17:26:17 | INFO | | An Iteration is Completed| epoch=2/3 | Iteration = 306/657| loss=0.089893| acc=96.88%
2026-02-13 17:26:17 | INFO | | An Iteration is Completed| epoch=2/3 | Iteration = 307/657| loss=0.103773| acc=96.09%
2026-02-13 17:26:17 | INFO | | An Iteration is Completed| epoch=2/3 | Iteration = 308/657| loss=0.161076| acc=95.31%
2026-02-13 17:26:17 | INFO | | An Iteration is Completed| epoch=2/3 | Iteration = 309/657| loss=0.144503| acc=96.09%
2026-02-13 17:26:17 | INFO | | An Iteration is Completed| epoch=2/3 | Iteration = 310/657| loss=0.086283| acc=96.09%
2026-02-13 17:26:17 | INFO | | An Iteration is Completed| epoch=2/3 | Iteration = 311/657| loss=0.094280| acc=97.27%
2026-02-13 17:26:17 | INFO | | An Iteration is Completed| epoch=2/3 | Iteration = 312/657| loss=0.099428| acc=98.05%
2026-02-13 17:26:17 | INFO | | An Iteration is Completed| epoch=2/3 | Iteration = 313/657| loss=0.165196| acc=94.53%
2026-02-13 17:26:17 | INFO | | An Iteration is Completed| epoch=2/3 | Iteration = 314/657| loss=0.082699| acc=97.27%
2026-02-13 17:26:17 | INFO | | An Iteration is Completed| epoch=2/3 | Iteration = 315/657| loss=0.129670| acc=95.70%
2026-02-13 17:26:17 | INFO | | An Iteration is Completed| epoch=2/3 | Iteration = 316/657| loss=0.153937| acc=95.70%
2026-02-13 17:26:17 | INFO | | An Iteration is Completed| epoch=2/3 | Iteration = 317/657| loss=0.149485| acc=94.14%
2026-02-13 17:26:17 | INFO | | An Iteration is Completed| epoch=2/3 | Iteration = 318/657| loss=0.087500| acc=98.83%
2026-02-13 17:26:17 | INFO | | An Iteration is Completed| epoch=2/3 | Iteration = 319/657| loss=0.156205| acc=95.31%
2026-02-13 17:26:17 | INFO | | An Iteration is Completed| epoch=2/3 | Iteration = 320/657| loss=0.110655| acc=96.48%
2026-02-13 17:26:17 | INFO | | An Iteration is Completed| epoch=2/3 | Iteration = 321/657| loss=0.078364| acc=98.05%
2026-02-13 17:26:17 | INFO | | An Iteration is Completed| epoch=2/3 | Iteration = 322/657| loss=0.105279| acc=98.05%
2026-02-13 17:26:17 | INFO | | An Iteration is Completed| epoch=2/3 | Iteration = 323/657| loss=0.082571| acc=98.44%
2026-02-13 17:26:17 | INFO | | An Iteration is Completed| epoch=2/3 | Iteration = 324/657| loss=0.035486| acc=99.22%
2026-02-13 17:26:17 | INFO | | An Iteration is Completed| epoch=2/3 | Iteration = 325/657| loss=0.114430| acc=95.70%
2026-02-13 17:26:17 | INFO | | An Iteration is Completed| epoch=2/3 | Iteration = 326/657| loss=0.117407| acc=97.66%
2026-02-13 17:26:17 | INFO | | An Iteration is Completed| epoch=2/3 | Iteration = 327/657| loss=0.147045| acc=96.09%
2026-02-13 17:26:17 | INFO | | An Iteration is Completed| epoch=2/3 | Iteration = 328/657| loss=0.067092| acc=97.66%
2026-02-13 17:26:17 | INFO | Saved halfway checkpoint: checkpoints/torch_seed42_bs256_half.pt
2026-02-13 17:26:17 | INFO | | An Iteration is Completed| epoch=2/3 | Iteration = 329/657| loss=0.083472| acc=98.05%
2026-02-13 17:26:17 | INFO | | An Iteration is Completed| epoch=2/3 | Iteration = 330/657| loss=0.068664| acc=98.44%
2026-02-13 17:26:17 | INFO | | An Iteration is Completed| epoch=2/3 | Iteration = 331/657| loss=0.051076| acc=98.44%
2026-02-13 17:26:17 | INFO | | An Iteration is Completed| epoch=2/3 | Iteration = 332/657| loss=0.077729| acc=96.88%
2026-02-13 17:26:17 | INFO | | An Iteration is Completed| epoch=2/3 | Iteration = 333/657| loss=0.075417| acc=98.05%
2026-02-13 17:26:17 | INFO | | An Iteration is Completed| epoch=2/3 | Iteration = 334/657| loss=0.131377| acc=96.48%
2026-02-13 17:26:17 | INFO | | An Iteration is Completed| epoch=2/3 | Iteration = 335/657| loss=0.117085| acc=96.09%
2026-02-13 17:26:17 | INFO | | An Iteration is Completed| epoch=2/3 | Iteration = 336/657| loss=0.104187| acc=96.48%
2026-02-13 17:26:17 | INFO | | An Iteration is Completed| epoch=2/3 | Iteration = 337/657| loss=0.143792| acc=96.09%
2026-02-13 17:26:17 | INFO | | An Iteration is Completed| epoch=2/3 | Iteration = 338/657| loss=0.119195| acc=96.88%
2026-02-13 17:26:17 | INFO | | An Iteration is Completed| epoch=2/3 | Iteration = 339/657| loss=0.059371| acc=98.83%
2026-02-13 17:26:17 | INFO | | An Iteration is Completed| epoch=2/3 | Iteration = 340/657| loss=0.136383| acc=94.92%
2026-02-13 17:26:17 | INFO | | An Iteration is Completed| epoch=2/3 | Iteration = 341/657| loss=0.115528| acc=96.88%
2026-02-13 17:26:17 | INFO | | An Iteration is Completed| epoch=2/3 | Iteration = 342/657| loss=0.062385| acc=97.66%
2026-02-13 17:26:17 | INFO | | An Iteration is Completed| epoch=2/3 | Iteration = 343/657| loss=0.046873| acc=99.22%
2026-02-13 17:26:17 | INFO | | An Iteration is Completed| epoch=2/3 | Iteration = 344/657| loss=0.090662| acc=96.88%
2026-02-13 17:26:17 | INFO | | An Iteration is Completed| epoch=2/3 | Iteration = 345/657| loss=0.120002| acc=95.70%
2026-02-13 17:26:17 | INFO | | An Iteration is Completed| epoch=2/3 | Iteration = 346/657| loss=0.090180| acc=96.88%
2026-02-13 17:26:17 | INFO | | An Iteration is Completed| epoch=2/3 | Iteration = 347/657| loss=0.106241| acc=96.48%
2026-02-13 17:26:17 | INFO | | An Iteration is Completed| epoch=2/3 | Iteration = 348/657| loss=0.103793| acc=96.88%
2026-02-13 17:26:17 | INFO | | An Iteration is Completed| epoch=2/3 | Iteration = 349/657| loss=0.145864| acc=96.88%
2026-02-13 17:26:17 | INFO | | An Iteration is Completed| epoch=2/3 | Iteration = 350/657| loss=0.084479| acc=95.70%
2026-02-13 17:26:17 | INFO | | An Iteration is Completed| epoch=2/3 | Iteration = 351/657| loss=0.047731| acc=98.05%
2026-02-13 17:26:17 | INFO | | An Iteration is Completed| epoch=2/3 | Iteration = 352/657| loss=0.132913| acc=95.70%
2026-02-13 17:26:17 | INFO | | An Iteration is Completed| epoch=2/3 | Iteration = 353/657| loss=0.141897| acc=95.31%
2026-02-13 17:26:17 | INFO | | An Iteration is Completed| epoch=2/3 | Iteration = 354/657| loss=0.189325| acc=94.92%
2026-02-13 17:26:17 | INFO | | An Iteration is Completed| epoch=2/3 | Iteration = 355/657| loss=0.161834| acc=94.14%
2026-02-13 17:26:17 | INFO | | An Iteration is Completed| epoch=2/3 | Iteration = 356/657| loss=0.060296| acc=97.66%
2026-02-13 17:26:17 | INFO | | An Iteration is Completed| epoch=2/3 | Iteration = 357/657| loss=0.129817| acc=95.31%
2026-02-13 17:26:17 | INFO | | An Iteration is Completed| epoch=2/3 | Iteration = 358/657| loss=0.089640| acc=97.27%
2026-02-13 17:26:17 | INFO | | An Iteration is Completed| epoch=2/3 | Iteration = 359/657| loss=0.127914| acc=95.70%
2026-02-13 17:26:17 | INFO | | An Iteration is Completed| epoch=2/3 | Iteration = 360/657| loss=0.077164| acc=97.27%
2026-02-13 17:26:17 | INFO | | An Iteration is Completed| epoch=2/3 | Iteration = 361/657| loss=0.163014| acc=92.19%
2026-02-13 17:26:17 | INFO | | An Iteration is Completed| epoch=2/3 | Iteration = 362/657| loss=0.087823| acc=97.27%
2026-02-13 17:26:17 | INFO | | An Iteration is Completed| epoch=2/3 | Iteration = 363/657| loss=0.202654| acc=94.92%
2026-02-13 17:26:17 | INFO | | An Iteration is Completed| epoch=2/3 | Iteration = 364/657| loss=0.094842| acc=96.48%
2026-02-13 17:26:17 | INFO | | An Iteration is Completed| epoch=2/3 | Iteration = 365/657| loss=0.087662| acc=96.48%
2026-02-13 17:26:17 | INFO | | An Iteration is Completed| epoch=2/3 | Iteration = 366/657| loss=0.084238| acc=97.27%
2026-02-13 17:26:17 | INFO | | An Iteration is Completed| epoch=2/3 | Iteration = 367/657| loss=0.083176| acc=98.05%
2026-02-13 17:26:17 | INFO | | An Iteration is Completed| epoch=2/3 | Iteration = 368/657| loss=0.140450| acc=95.31%
2026-02-13 17:26:17 | INFO | | An Iteration is Completed| epoch=2/3 | Iteration = 369/657| loss=0.049435| acc=98.44%
2026-02-13 17:26:17 | INFO | | An Iteration is Completed| epoch=2/3 | Iteration = 370/657| loss=0.099637| acc=96.88%
2026-02-13 17:26:17 | INFO | | An Iteration is Completed| epoch=2/3 | Iteration = 371/657| loss=0.067907| acc=98.05%
2026-02-13 17:26:17 | INFO | | An Iteration is Completed| epoch=2/3 | Iteration = 372/657| loss=0.060273| acc=98.05%
2026-02-13 17:26:17 | INFO | | An Iteration is Completed| epoch=2/3 | Iteration = 373/657| loss=0.084723| acc=97.27%
2026-02-13 17:26:17 | INFO | | An Iteration is Completed| epoch=2/3 | Iteration = 374/657| loss=0.074304| acc=97.27%
2026-02-13 17:26:17 | INFO | | An Iteration is Completed| epoch=2/3 | Iteration = 375/657| loss=0.125385| acc=96.88%
2026-02-13 17:26:17 | INFO | | An Iteration is Completed| epoch=2/3 | Iteration = 376/657| loss=0.175897| acc=96.88%
2026-02-13 17:26:17 | INFO | | An Iteration is Completed| epoch=2/3 | Iteration = 377/657| loss=0.101439| acc=97.27%
2026-02-13 17:26:17 | INFO | | An Iteration is Completed| epoch=2/3 | Iteration = 378/657| loss=0.097546| acc=95.31%
2026-02-13 17:26:17 | INFO | | An Iteration is Completed| epoch=2/3 | Iteration = 379/657| loss=0.088374| acc=98.05%
2026-02-13 17:26:17 | INFO | | An Iteration is Completed| epoch=2/3 | Iteration = 380/657| loss=0.156504| acc=96.88%
2026-02-13 17:26:17 | INFO | | An Iteration is Completed| epoch=2/3 | Iteration = 381/657| loss=0.085320| acc=96.88%
2026-02-13 17:26:17 | INFO | | An Iteration is Completed| epoch=2/3 | Iteration = 382/657| loss=0.050451| acc=98.05%
2026-02-13 17:26:17 | INFO | | An Iteration is Completed| epoch=2/3 | Iteration = 383/657| loss=0.148808| acc=94.92%
2026-02-13 17:26:17 | INFO | | An Iteration is Completed| epoch=2/3 | Iteration = 384/657| loss=0.094521| acc=96.88%
2026-02-13 17:26:17 | INFO | | An Iteration is Completed| epoch=2/3 | Iteration = 385/657| loss=0.089721| acc=97.27%
2026-02-13 17:26:17 | INFO | | An Iteration is Completed| epoch=2/3 | Iteration = 386/657| loss=0.124526| acc=94.53%
2026-02-13 17:26:17 | INFO | | An Iteration is Completed| epoch=2/3 | Iteration = 387/657| loss=0.084203| acc=97.66%
2026-02-13 17:26:17 | INFO | | An Iteration is Completed| epoch=2/3 | Iteration = 388/657| loss=0.101275| acc=96.88%
2026-02-13 17:26:17 | INFO | | An Iteration is Completed| epoch=2/3 | Iteration = 389/657| loss=0.053293| acc=98.05%
2026-02-13 17:26:17 | INFO | | An Iteration is Completed| epoch=2/3 | Iteration = 390/657| loss=0.101979| acc=96.88%
2026-02-13 17:26:17 | INFO | | An Iteration is Completed| epoch=2/3 | Iteration = 391/657| loss=0.077379| acc=97.66%
2026-02-13 17:26:17 | INFO | | An Iteration is Completed| epoch=2/3 | Iteration = 392/657| loss=0.055881| acc=98.83%
2026-02-13 17:26:17 | INFO | | An Iteration is Completed| epoch=2/3 | Iteration = 393/657| loss=0.067476| acc=97.66%
2026-02-13 17:26:17 | INFO | | An Iteration is Completed| epoch=2/3 | Iteration = 394/657| loss=0.114469| acc=95.70%
2026-02-13 17:26:17 | INFO | | An Iteration is Completed| epoch=2/3 | Iteration = 395/657| loss=0.074659| acc=97.27%
2026-02-13 17:26:17 | INFO | | An Iteration is Completed| epoch=2/3 | Iteration = 396/657| loss=0.097914| acc=97.27%
2026-02-13 17:26:17 | INFO | | An Iteration is Completed| epoch=2/3 | Iteration = 397/657| loss=0.063710| acc=97.66%
2026-02-13 17:26:17 | INFO | | An Iteration is Completed| epoch=2/3 | Iteration = 398/657| loss=0.076679| acc=97.27%
2026-02-13 17:26:17 | INFO | | An Iteration is Completed| epoch=2/3 | Iteration = 399/657| loss=0.052699| acc=98.83%
2026-02-13 17:26:17 | INFO | | An Iteration is Completed| epoch=2/3 | Iteration = 400/657| loss=0.090187| acc=98.44%
2026-02-13 17:26:17 | INFO | | An Iteration is Completed| epoch=2/3 | Iteration = 401/657| loss=0.078378| acc=97.66%
2026-02-13 17:26:17 | INFO | | An Iteration is Completed| epoch=2/3 | Iteration = 402/657| loss=0.086923| acc=97.66%
2026-02-13 17:26:17 | INFO | | An Iteration is Completed| epoch=2/3 | Iteration = 403/657| loss=0.060977| acc=96.88%
2026-02-13 17:26:17 | INFO | | An Iteration is Completed| epoch=2/3 | Iteration = 404/657| loss=0.186729| acc=95.31%
2026-02-13 17:26:17 | INFO | | An Iteration is Completed| epoch=2/3 | Iteration = 405/657| loss=0.139557| acc=97.66%
2026-02-13 17:26:17 | INFO | | An Iteration is Completed| epoch=2/3 | Iteration = 406/657| loss=0.122885| acc=95.31%
2026-02-13 17:26:17 | INFO | | An Iteration is Completed| epoch=2/3 | Iteration = 407/657| loss=0.191817| acc=94.92%
2026-02-13 17:26:17 | INFO | | An Iteration is Completed| epoch=2/3 | Iteration = 408/657| loss=0.051298| acc=98.05%
2026-02-13 17:26:17 | INFO | | An Iteration is Completed| epoch=2/3 | Iteration = 409/657| loss=0.164116| acc=96.48%
2026-02-13 17:26:17 | INFO | | An Iteration is Completed| epoch=2/3 | Iteration = 410/657| loss=0.148439| acc=94.53%
2026-02-13 17:26:17 | INFO | | An Iteration is Completed| epoch=2/3 | Iteration = 411/657| loss=0.143576| acc=95.31%
2026-02-13 17:26:17 | INFO | | An Iteration is Completed| epoch=2/3 | Iteration = 412/657| loss=0.096512| acc=97.27%
2026-02-13 17:26:17 | INFO | | An Iteration is Completed| epoch=2/3 | Iteration = 413/657| loss=0.115382| acc=95.31%
2026-02-13 17:26:17 | INFO | | An Iteration is Completed| epoch=2/3 | Iteration = 414/657| loss=0.176752| acc=95.31%
2026-02-13 17:26:17 | INFO | | An Iteration is Completed| epoch=2/3 | Iteration = 415/657| loss=0.078566| acc=97.27%
2026-02-13 17:26:17 | INFO | | An Iteration is Completed| epoch=2/3 | Iteration = 416/657| loss=0.076089| acc=97.27%
2026-02-13 17:26:17 | INFO | | An Iteration is Completed| epoch=2/3 | Iteration = 417/657| loss=0.150208| acc=95.70%
2026-02-13 17:26:17 | INFO | | An Iteration is Completed| epoch=2/3 | Iteration = 418/657| loss=0.108044| acc=97.27%
2026-02-13 17:26:17 | INFO | | An Iteration is Completed| epoch=2/3 | Iteration = 419/657| loss=0.126384| acc=95.70%
2026-02-13 17:26:17 | INFO | | An Iteration is Completed| epoch=2/3 | Iteration = 420/657| loss=0.123090| acc=96.09%
2026-02-13 17:26:17 | INFO | | An Iteration is Completed| epoch=2/3 | Iteration = 421/657| loss=0.098618| acc=96.88%
2026-02-13 17:26:17 | INFO | | An Iteration is Completed| epoch=2/3 | Iteration = 422/657| loss=0.085822| acc=96.88%
2026-02-13 17:26:17 | INFO | | An Iteration is Completed| epoch=2/3 | Iteration = 423/657| loss=0.103142| acc=96.48%
2026-02-13 17:26:17 | INFO | | An Iteration is Completed| epoch=2/3 | Iteration = 424/657| loss=0.049337| acc=99.22%
2026-02-13 17:26:17 | INFO | | An Iteration is Completed| epoch=2/3 | Iteration = 425/657| loss=0.106876| acc=96.88%
2026-02-13 17:26:17 | INFO | | An Iteration is Completed| epoch=2/3 | Iteration = 426/657| loss=0.149093| acc=96.09%
2026-02-13 17:26:17 | INFO | | An Iteration is Completed| epoch=2/3 | Iteration = 427/657| loss=0.094845| acc=96.88%
2026-02-13 17:26:17 | INFO | | An Iteration is Completed| epoch=2/3 | Iteration = 428/657| loss=0.127090| acc=95.70%
2026-02-13 17:26:17 | INFO | | An Iteration is Completed| epoch=2/3 | Iteration = 429/657| loss=0.081725| acc=97.66%
2026-02-13 17:26:17 | INFO | | An Iteration is Completed| epoch=2/3 | Iteration = 430/657| loss=0.115855| acc=96.48%
2026-02-13 17:26:17 | INFO | | An Iteration is Completed| epoch=2/3 | Iteration = 431/657| loss=0.138038| acc=95.31%
2026-02-13 17:26:17 | INFO | | An Iteration is Completed| epoch=2/3 | Iteration = 432/657| loss=0.064514| acc=98.05%
2026-02-13 17:26:17 | INFO | | An Iteration is Completed| epoch=2/3 | Iteration = 433/657| loss=0.030859| acc=99.22%
2026-02-13 17:26:17 | INFO | | An Iteration is Completed| epoch=2/3 | Iteration = 434/657| loss=0.090388| acc=97.66%
2026-02-13 17:26:18 | INFO | | An Iteration is Completed| epoch=2/3 | Iteration = 435/657| loss=0.088218| acc=96.88%
2026-02-13 17:26:18 | INFO | | An Iteration is Completed| epoch=2/3 | Iteration = 436/657| loss=0.077157| acc=96.88%
2026-02-13 17:26:18 | INFO | | An Iteration is Completed| epoch=2/3 | Iteration = 437/657| loss=0.050341| acc=98.05%
2026-02-13 17:26:18 | INFO | | An Iteration is Completed| epoch=2/3 | Iteration = 438/657| loss=0.157373| acc=95.29%
2026-02-13 17:26:18 | INFO | | Epoch Done | seed=42 | bs=256 | epoch=2/3 | loss=0.105180 | train_acc=96.73% | val_acc=96.79% | test_acc=96.86% | t_first=0.7768s | t_steady=1.0058107376098633
2026-02-13 17:26:18 | INFO | | An Iteration is Completed| epoch=3/3 | Iteration = 439/657| loss=0.076839| acc=97.27%
2026-02-13 17:26:18 | INFO | | An Iteration is Completed| epoch=3/3 | Iteration = 440/657| loss=0.028055| acc=99.61%
2026-02-13 17:26:18 | INFO | | An Iteration is Completed| epoch=3/3 | Iteration = 441/657| loss=0.109279| acc=97.66%
2026-02-13 17:26:18 | INFO | | An Iteration is Completed| epoch=3/3 | Iteration = 442/657| loss=0.094532| acc=97.27%
2026-02-13 17:26:18 | INFO | | An Iteration is Completed| epoch=3/3 | Iteration = 443/657| loss=0.100187| acc=97.27%
2026-02-13 17:26:18 | INFO | | An Iteration is Completed| epoch=3/3 | Iteration = 444/657| loss=0.060065| acc=98.44%
2026-02-13 17:26:18 | INFO | | An Iteration is Completed| epoch=3/3 | Iteration = 445/657| loss=0.103638| acc=96.88%
2026-02-13 17:26:18 | INFO | | An Iteration is Completed| epoch=3/3 | Iteration = 446/657| loss=0.092897| acc=98.05%
2026-02-13 17:26:18 | INFO | | An Iteration is Completed| epoch=3/3 | Iteration = 447/657| loss=0.051063| acc=98.05%
2026-02-13 17:26:18 | INFO | | An Iteration is Completed| epoch=3/3 | Iteration = 448/657| loss=0.036354| acc=98.83%
2026-02-13 17:26:18 | INFO | | An Iteration is Completed| epoch=3/3 | Iteration = 449/657| loss=0.044183| acc=98.44%
2026-02-13 17:26:18 | INFO | | An Iteration is Completed| epoch=3/3 | Iteration = 450/657| loss=0.111056| acc=96.48%
2026-02-13 17:26:18 | INFO | | An Iteration is Completed| epoch=3/3 | Iteration = 451/657| loss=0.085487| acc=96.09%
2026-02-13 17:26:18 | INFO | | An Iteration is Completed| epoch=3/3 | Iteration = 452/657| loss=0.041805| acc=98.05%
2026-02-13 17:26:18 | INFO | | An Iteration is Completed| epoch=3/3 | Iteration = 453/657| loss=0.062672| acc=97.66%
2026-02-13 17:26:18 | INFO | | An Iteration is Completed| epoch=3/3 | Iteration = 454/657| loss=0.087882| acc=97.66%
2026-02-13 17:26:18 | INFO | | An Iteration is Completed| epoch=3/3 | Iteration = 455/657| loss=0.034748| acc=98.44%
2026-02-13 17:26:18 | INFO | | An Iteration is Completed| epoch=3/3 | Iteration = 456/657| loss=0.088341| acc=96.48%
2026-02-13 17:26:18 | INFO | | An Iteration is Completed| epoch=3/3 | Iteration = 457/657| loss=0.108672| acc=96.48%
2026-02-13 17:26:18 | INFO | | An Iteration is Completed| epoch=3/3 | Iteration = 458/657| loss=0.076232| acc=96.48%
2026-02-13 17:26:18 | INFO | | An Iteration is Completed| epoch=3/3 | Iteration = 459/657| loss=0.080063| acc=98.05%
2026-02-13 17:26:18 | INFO | | An Iteration is Completed| epoch=3/3 | Iteration = 460/657| loss=0.017624| acc=99.61%
2026-02-13 17:26:18 | INFO | | An Iteration is Completed| epoch=3/3 | Iteration = 461/657| loss=0.043650| acc=98.44%
2026-02-13 17:26:18 | INFO | | An Iteration is Completed| epoch=3/3 | Iteration = 462/657| loss=0.033939| acc=99.22%
2026-02-13 17:26:18 | INFO | | An Iteration is Completed| epoch=3/3 | Iteration = 463/657| loss=0.066235| acc=98.44%
2026-02-13 17:26:18 | INFO | | An Iteration is Completed| epoch=3/3 | Iteration = 464/657| loss=0.079834| acc=97.27%
2026-02-13 17:26:18 | INFO | | An Iteration is Completed| epoch=3/3 | Iteration = 465/657| loss=0.056072| acc=98.05%
2026-02-13 17:26:18 | INFO | | An Iteration is Completed| epoch=3/3 | Iteration = 466/657| loss=0.093363| acc=97.66%
2026-02-13 17:26:18 | INFO | | An Iteration is Completed| epoch=3/3 | Iteration = 467/657| loss=0.022939| acc=100.00%
2026-02-13 17:26:18 | INFO | | An Iteration is Completed| epoch=3/3 | Iteration = 468/657| loss=0.070070| acc=97.66%
2026-02-13 17:26:18 | INFO | | An Iteration is Completed| epoch=3/3 | Iteration = 469/657| loss=0.044120| acc=99.22%
2026-02-13 17:26:18 | INFO | | An Iteration is Completed| epoch=3/3 | Iteration = 470/657| loss=0.089349| acc=96.88%
2026-02-13 17:26:18 | INFO | | An Iteration is Completed| epoch=3/3 | Iteration = 471/657| loss=0.047314| acc=98.44%
2026-02-13 17:26:18 | INFO | | An Iteration is Completed| epoch=3/3 | Iteration = 472/657| loss=0.087267| acc=96.88%
2026-02-13 17:26:18 | INFO | | An Iteration is Completed| epoch=3/3 | Iteration = 473/657| loss=0.050745| acc=98.44%
2026-02-13 17:26:18 | INFO | | An Iteration is Completed| epoch=3/3 | Iteration = 474/657| loss=0.048849| acc=98.05%
2026-02-13 17:26:18 | INFO | | An Iteration is Completed| epoch=3/3 | Iteration = 475/657| loss=0.108028| acc=96.09%
2026-02-13 17:26:18 | INFO | | An Iteration is Completed| epoch=3/3 | Iteration = 476/657| loss=0.058128| acc=98.05%
2026-02-13 17:26:18 | INFO | | An Iteration is Completed| epoch=3/3 | Iteration = 477/657| loss=0.096629| acc=96.09%
2026-02-13 17:26:18 | INFO | | An Iteration is Completed| epoch=3/3 | Iteration = 478/657| loss=0.077468| acc=96.88%
2026-02-13 17:26:18 | INFO | | An Iteration is Completed| epoch=3/3 | Iteration = 479/657| loss=0.073552| acc=98.44%
2026-02-13 17:26:18 | INFO | | An Iteration is Completed| epoch=3/3 | Iteration = 480/657| loss=0.070662| acc=98.05%
2026-02-13 17:26:18 | INFO | | An Iteration is Completed| epoch=3/3 | Iteration = 481/657| loss=0.055849| acc=97.27%
2026-02-13 17:26:18 | INFO | | An Iteration is Completed| epoch=3/3 | Iteration = 482/657| loss=0.065394| acc=98.05%
2026-02-13 17:26:18 | INFO | | An Iteration is Completed| epoch=3/3 | Iteration = 483/657| loss=0.090846| acc=96.48%
2026-02-13 17:26:18 | INFO | | An Iteration is Completed| epoch=3/3 | Iteration = 484/657| loss=0.107460| acc=97.66%
2026-02-13 17:26:18 | INFO | | An Iteration is Completed| epoch=3/3 | Iteration = 485/657| loss=0.043791| acc=99.22%
2026-02-13 17:26:18 | INFO | | An Iteration is Completed| epoch=3/3 | Iteration = 486/657| loss=0.037039| acc=98.83%
2026-02-13 17:26:18 | INFO | | An Iteration is Completed| epoch=3/3 | Iteration = 487/657| loss=0.056831| acc=98.44%
2026-02-13 17:26:18 | INFO | | An Iteration is Completed| epoch=3/3 | Iteration = 488/657| loss=0.112280| acc=96.88%
2026-02-13 17:26:18 | INFO | | An Iteration is Completed| epoch=3/3 | Iteration = 489/657| loss=0.073097| acc=97.27%
2026-02-13 17:26:18 | INFO | | An Iteration is Completed| epoch=3/3 | Iteration = 490/657| loss=0.039281| acc=98.44%
2026-02-13 17:26:18 | INFO | | An Iteration is Completed| epoch=3/3 | Iteration = 491/657| loss=0.084488| acc=98.05%
2026-02-13 17:26:18 | INFO | | An Iteration is Completed| epoch=3/3 | Iteration = 492/657| loss=0.076647| acc=98.44%
2026-02-13 17:26:18 | INFO | | An Iteration is Completed| epoch=3/3 | Iteration = 493/657| loss=0.120235| acc=96.88%
2026-02-13 17:26:18 | INFO | | An Iteration is Completed| epoch=3/3 | Iteration = 494/657| loss=0.065887| acc=96.88%
2026-02-13 17:26:18 | INFO | | An Iteration is Completed| epoch=3/3 | Iteration = 495/657| loss=0.142144| acc=96.09%
2026-02-13 17:26:18 | INFO | | An Iteration is Completed| epoch=3/3 | Iteration = 496/657| loss=0.095863| acc=96.09%
2026-02-13 17:26:18 | INFO | | An Iteration is Completed| epoch=3/3 | Iteration = 497/657| loss=0.049269| acc=98.05%
2026-02-13 17:26:18 | INFO | | An Iteration is Completed| epoch=3/3 | Iteration = 498/657| loss=0.053650| acc=98.05%
2026-02-13 17:26:18 | INFO | | An Iteration is Completed| epoch=3/3 | Iteration = 499/657| loss=0.054933| acc=97.27%
2026-02-13 17:26:18 | INFO | | An Iteration is Completed| epoch=3/3 | Iteration = 500/657| loss=0.064686| acc=97.27%
2026-02-13 17:26:18 | INFO | | An Iteration is Completed| epoch=3/3 | Iteration = 501/657| loss=0.056124| acc=98.44%
2026-02-13 17:26:18 | INFO | | An Iteration is Completed| epoch=3/3 | Iteration = 502/657| loss=0.044323| acc=99.22%
2026-02-13 17:26:18 | INFO | | An Iteration is Completed| epoch=3/3 | Iteration = 503/657| loss=0.118091| acc=96.88%
2026-02-13 17:26:18 | INFO | | An Iteration is Completed| epoch=3/3 | Iteration = 504/657| loss=0.168217| acc=95.70%
2026-02-13 17:26:18 | INFO | | An Iteration is Completed| epoch=3/3 | Iteration = 505/657| loss=0.037761| acc=98.44%
2026-02-13 17:26:18 | INFO | | An Iteration is Completed| epoch=3/3 | Iteration = 506/657| loss=0.101370| acc=97.27%
2026-02-13 17:26:18 | INFO | | An Iteration is Completed| epoch=3/3 | Iteration = 507/657| loss=0.056602| acc=98.05%
2026-02-13 17:26:18 | INFO | | An Iteration is Completed| epoch=3/3 | Iteration = 508/657| loss=0.049385| acc=99.22%
2026-02-13 17:26:18 | INFO | | An Iteration is Completed| epoch=3/3 | Iteration = 509/657| loss=0.069390| acc=98.44%
2026-02-13 17:26:18 | INFO | | An Iteration is Completed| epoch=3/3 | Iteration = 510/657| loss=0.125826| acc=96.48%
2026-02-13 17:26:18 | INFO | | An Iteration is Completed| epoch=3/3 | Iteration = 511/657| loss=0.119214| acc=96.48%
2026-02-13 17:26:18 | INFO | | An Iteration is Completed| epoch=3/3 | Iteration = 512/657| loss=0.062247| acc=97.27%
2026-02-13 17:26:18 | INFO | | An Iteration is Completed| epoch=3/3 | Iteration = 513/657| loss=0.105555| acc=97.27%
2026-02-13 17:26:18 | INFO | | An Iteration is Completed| epoch=3/3 | Iteration = 514/657| loss=0.094930| acc=97.66%
2026-02-13 17:26:18 | INFO | | An Iteration is Completed| epoch=3/3 | Iteration = 515/657| loss=0.070415| acc=97.66%
2026-02-13 17:26:18 | INFO | | An Iteration is Completed| epoch=3/3 | Iteration = 516/657| loss=0.146944| acc=95.70%
2026-02-13 17:26:18 | INFO | | An Iteration is Completed| epoch=3/3 | Iteration = 517/657| loss=0.116888| acc=96.88%
2026-02-13 17:26:18 | INFO | | An Iteration is Completed| epoch=3/3 | Iteration = 518/657| loss=0.043788| acc=98.05%
2026-02-13 17:26:18 | INFO | | An Iteration is Completed| epoch=3/3 | Iteration = 519/657| loss=0.099209| acc=97.66%
2026-02-13 17:26:18 | INFO | | An Iteration is Completed| epoch=3/3 | Iteration = 520/657| loss=0.054499| acc=97.27%
2026-02-13 17:26:18 | INFO | | An Iteration is Completed| epoch=3/3 | Iteration = 521/657| loss=0.073366| acc=98.44%
2026-02-13 17:26:18 | INFO | | An Iteration is Completed| epoch=3/3 | Iteration = 522/657| loss=0.062222| acc=98.44%
2026-02-13 17:26:18 | INFO | | An Iteration is Completed| epoch=3/3 | Iteration = 523/657| loss=0.157947| acc=96.48%
2026-02-13 17:26:18 | INFO | | An Iteration is Completed| epoch=3/3 | Iteration = 524/657| loss=0.074833| acc=97.27%
2026-02-13 17:26:18 | INFO | | An Iteration is Completed| epoch=3/3 | Iteration = 525/657| loss=0.099870| acc=98.05%
2026-02-13 17:26:18 | INFO | | An Iteration is Completed| epoch=3/3 | Iteration = 526/657| loss=0.067209| acc=98.05%
2026-02-13 17:26:18 | INFO | | An Iteration is Completed| epoch=3/3 | Iteration = 527/657| loss=0.034261| acc=98.44%
2026-02-13 17:26:18 | INFO | | An Iteration is Completed| epoch=3/3 | Iteration = 528/657| loss=0.056407| acc=98.83%
2026-02-13 17:26:18 | INFO | | An Iteration is Completed| epoch=3/3 | Iteration = 529/657| loss=0.041890| acc=99.22%
2026-02-13 17:26:18 | INFO | | An Iteration is Completed| epoch=3/3 | Iteration = 530/657| loss=0.075581| acc=96.88%
2026-02-13 17:26:18 | INFO | | An Iteration is Completed| epoch=3/3 | Iteration = 531/657| loss=0.073340| acc=98.05%
2026-02-13 17:26:18 | INFO | | An Iteration is Completed| epoch=3/3 | Iteration = 532/657| loss=0.106221| acc=96.48%
2026-02-13 17:26:18 | INFO | | An Iteration is Completed| epoch=3/3 | Iteration = 533/657| loss=0.039978| acc=98.83%
2026-02-13 17:26:18 | INFO | | An Iteration is Completed| epoch=3/3 | Iteration = 534/657| loss=0.173423| acc=94.53%
2026-02-13 17:26:18 | INFO | | An Iteration is Completed| epoch=3/3 | Iteration = 535/657| loss=0.116904| acc=96.09%
2026-02-13 17:26:18 | INFO | | An Iteration is Completed| epoch=3/3 | Iteration = 536/657| loss=0.064403| acc=97.27%
2026-02-13 17:26:18 | INFO | | An Iteration is Completed| epoch=3/3 | Iteration = 537/657| loss=0.065197| acc=98.05%
2026-02-13 17:26:18 | INFO | | An Iteration is Completed| epoch=3/3 | Iteration = 538/657| loss=0.086213| acc=96.88%
2026-02-13 17:26:18 | INFO | | An Iteration is Completed| epoch=3/3 | Iteration = 539/657| loss=0.084825| acc=98.44%
2026-02-13 17:26:18 | INFO | | An Iteration is Completed| epoch=3/3 | Iteration = 540/657| loss=0.094456| acc=97.27%
2026-02-13 17:26:18 | INFO | | An Iteration is Completed| epoch=3/3 | Iteration = 541/657| loss=0.070371| acc=98.05%
2026-02-13 17:26:18 | INFO | | An Iteration is Completed| epoch=3/3 | Iteration = 542/657| loss=0.069766| acc=97.66%
2026-02-13 17:26:18 | INFO | | An Iteration is Completed| epoch=3/3 | Iteration = 543/657| loss=0.036256| acc=99.61%
2026-02-13 17:26:18 | INFO | | An Iteration is Completed| epoch=3/3 | Iteration = 544/657| loss=0.083453| acc=97.27%
2026-02-13 17:26:18 | INFO | | An Iteration is Completed| epoch=3/3 | Iteration = 545/657| loss=0.059961| acc=98.05%
2026-02-13 17:26:18 | INFO | | An Iteration is Completed| epoch=3/3 | Iteration = 546/657| loss=0.055128| acc=99.61%
2026-02-13 17:26:18 | INFO | | An Iteration is Completed| epoch=3/3 | Iteration = 547/657| loss=0.060002| acc=98.05%
2026-02-13 17:26:18 | INFO | | An Iteration is Completed| epoch=3/3 | Iteration = 548/657| loss=0.059296| acc=97.27%
2026-02-13 17:26:18 | INFO | | An Iteration is Completed| epoch=3/3 | Iteration = 549/657| loss=0.090281| acc=96.88%
2026-02-13 17:26:18 | INFO | | An Iteration is Completed| epoch=3/3 | Iteration = 550/657| loss=0.037709| acc=98.83%
2026-02-13 17:26:18 | INFO | | An Iteration is Completed| epoch=3/3 | Iteration = 551/657| loss=0.110648| acc=97.27%
2026-02-13 17:26:18 | INFO | | An Iteration is Completed| epoch=3/3 | Iteration = 552/657| loss=0.151952| acc=96.88%
2026-02-13 17:26:18 | INFO | | An Iteration is Completed| epoch=3/3 | Iteration = 553/657| loss=0.133008| acc=96.09%
2026-02-13 17:26:18 | INFO | | An Iteration is Completed| epoch=3/3 | Iteration = 554/657| loss=0.045708| acc=98.44%
2026-02-13 17:26:18 | INFO | | An Iteration is Completed| epoch=3/3 | Iteration = 555/657| loss=0.027806| acc=99.22%
2026-02-13 17:26:18 | INFO | | An Iteration is Completed| epoch=3/3 | Iteration = 556/657| loss=0.058570| acc=98.05%
2026-02-13 17:26:18 | INFO | | An Iteration is Completed| epoch=3/3 | Iteration = 557/657| loss=0.028014| acc=98.83%
2026-02-13 17:26:18 | INFO | | An Iteration is Completed| epoch=3/3 | Iteration = 558/657| loss=0.075869| acc=96.88%
2026-02-13 17:26:18 | INFO | | An Iteration is Completed| epoch=3/3 | Iteration = 559/657| loss=0.109601| acc=96.88%
2026-02-13 17:26:18 | INFO | | An Iteration is Completed| epoch=3/3 | Iteration = 560/657| loss=0.054509| acc=98.44%
2026-02-13 17:26:18 | INFO | | An Iteration is Completed| epoch=3/3 | Iteration = 561/657| loss=0.046983| acc=98.83%
2026-02-13 17:26:18 | INFO | | An Iteration is Completed| epoch=3/3 | Iteration = 562/657| loss=0.110012| acc=95.70%
2026-02-13 17:26:18 | INFO | | An Iteration is Completed| epoch=3/3 | Iteration = 563/657| loss=0.044838| acc=98.44%
2026-02-13 17:26:18 | INFO | | An Iteration is Completed| epoch=3/3 | Iteration = 564/657| loss=0.058771| acc=98.83%
2026-02-13 17:26:18 | INFO | | An Iteration is Completed| epoch=3/3 | Iteration = 565/657| loss=0.059667| acc=97.66%
2026-02-13 17:26:18 | INFO | | An Iteration is Completed| epoch=3/3 | Iteration = 566/657| loss=0.048581| acc=98.44%
2026-02-13 17:26:18 | INFO | | An Iteration is Completed| epoch=3/3 | Iteration = 567/657| loss=0.120711| acc=96.09%
2026-02-13 17:26:18 | INFO | | An Iteration is Completed| epoch=3/3 | Iteration = 568/657| loss=0.032319| acc=99.22%
2026-02-13 17:26:18 | INFO | | An Iteration is Completed| epoch=3/3 | Iteration = 569/657| loss=0.048383| acc=98.83%
2026-02-13 17:26:18 | INFO | | An Iteration is Completed| epoch=3/3 | Iteration = 570/657| loss=0.082204| acc=97.27%
2026-02-13 17:26:18 | INFO | | An Iteration is Completed| epoch=3/3 | Iteration = 571/657| loss=0.080579| acc=98.05%
2026-02-13 17:26:18 | INFO | | An Iteration is Completed| epoch=3/3 | Iteration = 572/657| loss=0.068298| acc=98.44%
2026-02-13 17:26:18 | INFO | | An Iteration is Completed| epoch=3/3 | Iteration = 573/657| loss=0.092449| acc=97.27%
2026-02-13 17:26:18 | INFO | | An Iteration is Completed| epoch=3/3 | Iteration = 574/657| loss=0.060994| acc=98.05%
2026-02-13 17:26:18 | INFO | | An Iteration is Completed| epoch=3/3 | Iteration = 575/657| loss=0.086754| acc=96.88%
2026-02-13 17:26:18 | INFO | | An Iteration is Completed| epoch=3/3 | Iteration = 576/657| loss=0.096315| acc=96.88%
2026-02-13 17:26:18 | INFO | | An Iteration is Completed| epoch=3/3 | Iteration = 577/657| loss=0.052966| acc=98.05%
2026-02-13 17:26:18 | INFO | | An Iteration is Completed| epoch=3/3 | Iteration = 578/657| loss=0.062198| acc=97.27%
2026-02-13 17:26:18 | INFO | | An Iteration is Completed| epoch=3/3 | Iteration = 579/657| loss=0.093225| acc=98.05%
2026-02-13 17:26:19 | INFO | | An Iteration is Completed| epoch=3/3 | Iteration = 580/657| loss=0.165316| acc=95.31%
2026-02-13 17:26:19 | INFO | | An Iteration is Completed| epoch=3/3 | Iteration = 581/657| loss=0.039835| acc=98.44%
2026-02-13 17:26:19 | INFO | | An Iteration is Completed| epoch=3/3 | Iteration = 582/657| loss=0.089551| acc=98.05%
2026-02-13 17:26:19 | INFO | | An Iteration is Completed| epoch=3/3 | Iteration = 583/657| loss=0.152046| acc=96.48%
2026-02-13 17:26:19 | INFO | | An Iteration is Completed| epoch=3/3 | Iteration = 584/657| loss=0.072552| acc=98.05%
2026-02-13 17:26:19 | INFO | | An Iteration is Completed| epoch=3/3 | Iteration = 585/657| loss=0.188991| acc=94.92%
2026-02-13 17:26:19 | INFO | | An Iteration is Completed| epoch=3/3 | Iteration = 586/657| loss=0.128538| acc=97.27%
2026-02-13 17:26:19 | INFO | | An Iteration is Completed| epoch=3/3 | Iteration = 587/657| loss=0.181187| acc=94.92%
2026-02-13 17:26:19 | INFO | | An Iteration is Completed| epoch=3/3 | Iteration = 588/657| loss=0.041897| acc=98.44%
2026-02-13 17:26:19 | INFO | | An Iteration is Completed| epoch=3/3 | Iteration = 589/657| loss=0.149221| acc=96.48%
2026-02-13 17:26:19 | INFO | | An Iteration is Completed| epoch=3/3 | Iteration = 590/657| loss=0.097055| acc=97.27%
2026-02-13 17:26:19 | INFO | | An Iteration is Completed| epoch=3/3 | Iteration = 591/657| loss=0.162243| acc=95.70%
2026-02-13 17:26:19 | INFO | | An Iteration is Completed| epoch=3/3 | Iteration = 592/657| loss=0.069799| acc=97.66%
2026-02-13 17:26:19 | INFO | | An Iteration is Completed| epoch=3/3 | Iteration = 593/657| loss=0.058541| acc=98.05%
2026-02-13 17:26:19 | INFO | | An Iteration is Completed| epoch=3/3 | Iteration = 594/657| loss=0.042626| acc=98.44%
2026-02-13 17:26:19 | INFO | | An Iteration is Completed| epoch=3/3 | Iteration = 595/657| loss=0.084823| acc=97.27%
2026-02-13 17:26:19 | INFO | | An Iteration is Completed| epoch=3/3 | Iteration = 596/657| loss=0.144307| acc=95.70%
2026-02-13 17:26:19 | INFO | | An Iteration is Completed| epoch=3/3 | Iteration = 597/657| loss=0.093432| acc=96.88%
2026-02-13 17:26:19 | INFO | | An Iteration is Completed| epoch=3/3 | Iteration = 598/657| loss=0.050036| acc=98.44%
2026-02-13 17:26:19 | INFO | | An Iteration is Completed| epoch=3/3 | Iteration = 599/657| loss=0.060677| acc=98.05%
2026-02-13 17:26:19 | INFO | | An Iteration is Completed| epoch=3/3 | Iteration = 600/657| loss=0.082466| acc=98.05%
2026-02-13 17:26:19 | INFO | | An Iteration is Completed| epoch=3/3 | Iteration = 601/657| loss=0.094869| acc=95.31%
2026-02-13 17:26:19 | INFO | | An Iteration is Completed| epoch=3/3 | Iteration = 602/657| loss=0.073247| acc=97.66%
2026-02-13 17:26:19 | INFO | | An Iteration is Completed| epoch=3/3 | Iteration = 603/657| loss=0.065420| acc=98.05%
2026-02-13 17:26:19 | INFO | | An Iteration is Completed| epoch=3/3 | Iteration = 604/657| loss=0.060126| acc=98.83%
2026-02-13 17:26:19 | INFO | | An Iteration is Completed| epoch=3/3 | Iteration = 605/657| loss=0.057198| acc=98.44%
2026-02-13 17:26:19 | INFO | | An Iteration is Completed| epoch=3/3 | Iteration = 606/657| loss=0.118788| acc=96.09%
2026-02-13 17:26:19 | INFO | | An Iteration is Completed| epoch=3/3 | Iteration = 607/657| loss=0.070560| acc=98.05%
2026-02-13 17:26:19 | INFO | | An Iteration is Completed| epoch=3/3 | Iteration = 608/657| loss=0.070895| acc=97.66%
2026-02-13 17:26:19 | INFO | | An Iteration is Completed| epoch=3/3 | Iteration = 609/657| loss=0.115019| acc=96.48%
2026-02-13 17:26:19 | INFO | | An Iteration is Completed| epoch=3/3 | Iteration = 610/657| loss=0.038020| acc=98.44%
2026-02-13 17:26:19 | INFO | | An Iteration is Completed| epoch=3/3 | Iteration = 611/657| loss=0.106271| acc=97.27%
2026-02-13 17:26:19 | INFO | | An Iteration is Completed| epoch=3/3 | Iteration = 612/657| loss=0.064889| acc=97.66%
2026-02-13 17:26:19 | INFO | | An Iteration is Completed| epoch=3/3 | Iteration = 613/657| loss=0.084784| acc=96.88%
2026-02-13 17:26:19 | INFO | | An Iteration is Completed| epoch=3/3 | Iteration = 614/657| loss=0.103379| acc=96.48%
2026-02-13 17:26:19 | INFO | | An Iteration is Completed| epoch=3/3 | Iteration = 615/657| loss=0.110846| acc=96.88%
2026-02-13 17:26:19 | INFO | | An Iteration is Completed| epoch=3/3 | Iteration = 616/657| loss=0.085304| acc=97.27%
2026-02-13 17:26:19 | INFO | | An Iteration is Completed| epoch=3/3 | Iteration = 617/657| loss=0.099268| acc=96.09%
2026-02-13 17:26:19 | INFO | | An Iteration is Completed| epoch=3/3 | Iteration = 618/657| loss=0.073502| acc=98.05%
2026-02-13 17:26:19 | INFO | | An Iteration is Completed| epoch=3/3 | Iteration = 619/657| loss=0.073375| acc=96.88%
2026-02-13 17:26:19 | INFO | | An Iteration is Completed| epoch=3/3 | Iteration = 620/657| loss=0.045217| acc=98.44%
2026-02-13 17:26:19 | INFO | | An Iteration is Completed| epoch=3/3 | Iteration = 621/657| loss=0.130072| acc=96.09%
2026-02-13 17:26:19 | INFO | | An Iteration is Completed| epoch=3/3 | Iteration = 622/657| loss=0.113263| acc=97.27%
2026-02-13 17:26:19 | INFO | | An Iteration is Completed| epoch=3/3 | Iteration = 623/657| loss=0.075263| acc=97.66%
2026-02-13 17:26:19 | INFO | | An Iteration is Completed| epoch=3/3 | Iteration = 624/657| loss=0.052546| acc=98.44%
2026-02-13 17:26:19 | INFO | | An Iteration is Completed| epoch=3/3 | Iteration = 625/657| loss=0.055452| acc=97.66%
2026-02-13 17:26:19 | INFO | | An Iteration is Completed| epoch=3/3 | Iteration = 626/657| loss=0.061559| acc=98.05%
2026-02-13 17:26:19 | INFO | | An Iteration is Completed| epoch=3/3 | Iteration = 627/657| loss=0.145378| acc=95.31%
2026-02-13 17:26:19 | INFO | | An Iteration is Completed| epoch=3/3 | Iteration = 628/657| loss=0.066735| acc=98.83%
2026-02-13 17:26:19 | INFO | | An Iteration is Completed| epoch=3/3 | Iteration = 629/657| loss=0.059431| acc=98.05%
2026-02-13 17:26:19 | INFO | | An Iteration is Completed| epoch=3/3 | Iteration = 630/657| loss=0.075995| acc=97.27%
2026-02-13 17:26:19 | INFO | | An Iteration is Completed| epoch=3/3 | Iteration = 631/657| loss=0.089966| acc=98.05%
2026-02-13 17:26:19 | INFO | | An Iteration is Completed| epoch=3/3 | Iteration = 632/657| loss=0.078554| acc=98.05%
2026-02-13 17:26:19 | INFO | | An Iteration is Completed| epoch=3/3 | Iteration = 633/657| loss=0.115526| acc=96.48%
2026-02-13 17:26:19 | INFO | | An Iteration is Completed| epoch=3/3 | Iteration = 634/657| loss=0.098275| acc=96.09%
2026-02-13 17:26:19 | INFO | | An Iteration is Completed| epoch=3/3 | Iteration = 635/657| loss=0.129478| acc=96.48%
2026-02-13 17:26:19 | INFO | | An Iteration is Completed| epoch=3/3 | Iteration = 636/657| loss=0.047256| acc=99.22%
2026-02-13 17:26:19 | INFO | | An Iteration is Completed| epoch=3/3 | Iteration = 637/657| loss=0.038372| acc=98.44%
2026-02-13 17:26:19 | INFO | | An Iteration is Completed| epoch=3/3 | Iteration = 638/657| loss=0.089753| acc=97.27%
2026-02-13 17:26:19 | INFO | | An Iteration is Completed| epoch=3/3 | Iteration = 639/657| loss=0.074782| acc=98.05%
2026-02-13 17:26:19 | INFO | | An Iteration is Completed| epoch=3/3 | Iteration = 640/657| loss=0.051652| acc=97.66%
2026-02-13 17:26:19 | INFO | | An Iteration is Completed| epoch=3/3 | Iteration = 641/657| loss=0.079985| acc=98.05%
2026-02-13 17:26:19 | INFO | | An Iteration is Completed| epoch=3/3 | Iteration = 642/657| loss=0.052626| acc=97.27%
2026-02-13 17:26:19 | INFO | | An Iteration is Completed| epoch=3/3 | Iteration = 643/657| loss=0.073503| acc=97.27%
2026-02-13 17:26:19 | INFO | | An Iteration is Completed| epoch=3/3 | Iteration = 644/657| loss=0.119393| acc=95.70%
2026-02-13 17:26:19 | INFO | | An Iteration is Completed| epoch=3/3 | Iteration = 645/657| loss=0.043011| acc=98.83%
2026-02-13 17:26:19 | INFO | | An Iteration is Completed| epoch=3/3 | Iteration = 646/657| loss=0.095744| acc=96.48%
2026-02-13 17:26:19 | INFO | | An Iteration is Completed| epoch=3/3 | Iteration = 647/657| loss=0.025849| acc=99.22%
2026-02-13 17:26:19 | INFO | | An Iteration is Completed| epoch=3/3 | Iteration = 648/657| loss=0.044761| acc=99.22%
2026-02-13 17:26:19 | INFO | | An Iteration is Completed| epoch=3/3 | Iteration = 649/657| loss=0.062217| acc=97.27%
2026-02-13 17:26:19 | INFO | | An Iteration is Completed| epoch=3/3 | Iteration = 650/657| loss=0.086448| acc=97.66%
2026-02-13 17:26:19 | INFO | | An Iteration is Completed| epoch=3/3 | Iteration = 651/657| loss=0.101899| acc=96.88%
2026-02-13 17:26:19 | INFO | | An Iteration is Completed| epoch=3/3 | Iteration = 652/657| loss=0.115345| acc=97.27%
2026-02-13 17:26:19 | INFO | | An Iteration is Completed| epoch=3/3 | Iteration = 653/657| loss=0.020835| acc=99.22%
2026-02-13 17:26:19 | INFO | | An Iteration is Completed| epoch=3/3 | Iteration = 654/657| loss=0.104415| acc=96.88%
2026-02-13 17:26:19 | INFO | | An Iteration is Completed| epoch=3/3 | Iteration = 655/657| loss=0.049456| acc=97.66%
2026-02-13 17:26:19 | INFO | | An Iteration is Completed| epoch=3/3 | Iteration = 656/657| loss=0.049062| acc=98.83%
2026-02-13 17:26:19 | INFO | | An Iteration is Completed| epoch=3/3 | Iteration = 657/657| loss=0.124761| acc=96.86%
2026-02-13 17:26:19 | INFO | | Epoch Done | seed=42 | bs=256 | epoch=3/3 | loss=0.078566 | train_acc=97.60% | val_acc=96.99% | test_acc=97.27% | t_first=0.7768s | t_steady=1.0058107376098633
2026-02-13 17:26:19 | INFO | Saved final checkpoint: checkpoints/torch_seed42_bs256_final.pt
