2026-02-13 20:16:37 | INFO | MLP Implementation with JAX From scratch.
2026-02-13 20:16:37 | INFO | JAX devices: [CudaDevice(id=0)]
2026-02-13 20:16:37 | INFO | JAX backend: gpu
2026-02-13 20:16:37 | INFO | Straring run 42 with Seed = 42 and Batch Size=256
2026-02-13 20:16:37 | INFO | Total Epochs = 3
2026-02-13 20:16:40 | INFO | Total iterations = 657
2026-02-13 20:16:49 | INFO | | An Iteration is Completed| epoch=1/3 | Iteration = 1/657| loss=2.427435 | acc=9.77%
2026-02-13 20:16:49 | INFO | | An Iteration is Completed| epoch=1/3 | Iteration = 2/657| loss=2.396379 | acc=9.38%
2026-02-13 20:16:49 | INFO | | An Iteration is Completed| epoch=1/3 | Iteration = 3/657| loss=2.361228 | acc=11.33%
2026-02-13 20:16:49 | INFO | | An Iteration is Completed| epoch=1/3 | Iteration = 4/657| loss=2.331703 | acc=14.06%
2026-02-13 20:16:49 | INFO | | An Iteration is Completed| epoch=1/3 | Iteration = 5/657| loss=2.323090 | acc=15.23%
2026-02-13 20:16:49 | INFO | | An Iteration is Completed| epoch=1/3 | Iteration = 6/657| loss=2.310844 | acc=11.72%
2026-02-13 20:16:49 | INFO | | An Iteration is Completed| epoch=1/3 | Iteration = 7/657| loss=2.328884 | acc=14.84%
2026-02-13 20:16:49 | INFO | | An Iteration is Completed| epoch=1/3 | Iteration = 8/657| loss=2.335830 | acc=14.84%
2026-02-13 20:16:49 | INFO | | An Iteration is Completed| epoch=1/3 | Iteration = 9/657| loss=2.328561 | acc=12.50%
2026-02-13 20:16:49 | INFO | | An Iteration is Completed| epoch=1/3 | Iteration = 10/657| loss=2.293657 | acc=13.28%
2026-02-13 20:16:49 | INFO | | An Iteration is Completed| epoch=1/3 | Iteration = 11/657| loss=2.302131 | acc=17.97%
2026-02-13 20:16:49 | INFO | | An Iteration is Completed| epoch=1/3 | Iteration = 12/657| loss=2.273786 | acc=18.75%
2026-02-13 20:16:49 | INFO | | An Iteration is Completed| epoch=1/3 | Iteration = 13/657| loss=2.195106 | acc=25.00%
2026-02-13 20:16:49 | INFO | | An Iteration is Completed| epoch=1/3 | Iteration = 14/657| loss=2.252497 | acc=20.31%
2026-02-13 20:16:49 | INFO | | An Iteration is Completed| epoch=1/3 | Iteration = 15/657| loss=2.225311 | acc=23.05%
2026-02-13 20:16:49 | INFO | | An Iteration is Completed| epoch=1/3 | Iteration = 16/657| loss=2.197557 | acc=24.61%
2026-02-13 20:16:49 | INFO | | An Iteration is Completed| epoch=1/3 | Iteration = 17/657| loss=2.216632 | acc=24.22%
2026-02-13 20:16:49 | INFO | | An Iteration is Completed| epoch=1/3 | Iteration = 18/657| loss=2.216696 | acc=24.22%
2026-02-13 20:16:49 | INFO | | An Iteration is Completed| epoch=1/3 | Iteration = 19/657| loss=2.195773 | acc=28.91%
2026-02-13 20:16:49 | INFO | | An Iteration is Completed| epoch=1/3 | Iteration = 20/657| loss=2.163463 | acc=28.52%
2026-02-13 20:16:49 | INFO | | An Iteration is Completed| epoch=1/3 | Iteration = 21/657| loss=2.146188 | acc=27.73%
2026-02-13 20:16:49 | INFO | | An Iteration is Completed| epoch=1/3 | Iteration = 22/657| loss=2.185210 | acc=25.39%
2026-02-13 20:16:49 | INFO | | An Iteration is Completed| epoch=1/3 | Iteration = 23/657| loss=2.163636 | acc=29.30%
2026-02-13 20:16:49 | INFO | | An Iteration is Completed| epoch=1/3 | Iteration = 24/657| loss=2.140965 | acc=28.52%
2026-02-13 20:16:49 | INFO | | An Iteration is Completed| epoch=1/3 | Iteration = 25/657| loss=2.132557 | acc=27.34%
2026-02-13 20:16:49 | INFO | | An Iteration is Completed| epoch=1/3 | Iteration = 26/657| loss=2.087862 | acc=36.33%
2026-02-13 20:16:49 | INFO | | An Iteration is Completed| epoch=1/3 | Iteration = 27/657| loss=2.125712 | acc=32.42%
2026-02-13 20:16:49 | INFO | | An Iteration is Completed| epoch=1/3 | Iteration = 28/657| loss=2.088423 | acc=41.02%
2026-02-13 20:16:49 | INFO | | An Iteration is Completed| epoch=1/3 | Iteration = 29/657| loss=2.073448 | acc=39.84%
2026-02-13 20:16:49 | INFO | | An Iteration is Completed| epoch=1/3 | Iteration = 30/657| loss=2.098803 | acc=36.33%
2026-02-13 20:16:49 | INFO | | An Iteration is Completed| epoch=1/3 | Iteration = 31/657| loss=2.031344 | acc=43.75%
2026-02-13 20:16:49 | INFO | | An Iteration is Completed| epoch=1/3 | Iteration = 32/657| loss=2.070729 | acc=34.38%
2026-02-13 20:16:49 | INFO | | An Iteration is Completed| epoch=1/3 | Iteration = 33/657| loss=2.051695 | acc=35.94%
2026-02-13 20:16:49 | INFO | | An Iteration is Completed| epoch=1/3 | Iteration = 34/657| loss=2.017485 | acc=42.97%
2026-02-13 20:16:49 | INFO | | An Iteration is Completed| epoch=1/3 | Iteration = 35/657| loss=2.016152 | acc=41.02%
2026-02-13 20:16:49 | INFO | | An Iteration is Completed| epoch=1/3 | Iteration = 36/657| loss=2.047635 | acc=38.28%
2026-02-13 20:16:49 | INFO | | An Iteration is Completed| epoch=1/3 | Iteration = 37/657| loss=2.058151 | acc=36.33%
2026-02-13 20:16:50 | INFO | | An Iteration is Completed| epoch=1/3 | Iteration = 38/657| loss=1.991345 | acc=43.75%
2026-02-13 20:16:50 | INFO | | An Iteration is Completed| epoch=1/3 | Iteration = 39/657| loss=2.024529 | acc=39.84%
2026-02-13 20:16:50 | INFO | | An Iteration is Completed| epoch=1/3 | Iteration = 40/657| loss=1.983558 | acc=44.14%
2026-02-13 20:16:50 | INFO | | An Iteration is Completed| epoch=1/3 | Iteration = 41/657| loss=1.990157 | acc=42.58%
2026-02-13 20:16:50 | INFO | | An Iteration is Completed| epoch=1/3 | Iteration = 42/657| loss=1.999536 | acc=44.14%
2026-02-13 20:16:50 | INFO | | An Iteration is Completed| epoch=1/3 | Iteration = 43/657| loss=1.962544 | acc=44.92%
2026-02-13 20:16:50 | INFO | | An Iteration is Completed| epoch=1/3 | Iteration = 44/657| loss=1.951510 | acc=45.31%
2026-02-13 20:16:50 | INFO | | An Iteration is Completed| epoch=1/3 | Iteration = 45/657| loss=1.932227 | acc=45.70%
2026-02-13 20:16:50 | INFO | | An Iteration is Completed| epoch=1/3 | Iteration = 46/657| loss=1.935928 | acc=48.44%
2026-02-13 20:16:50 | INFO | | An Iteration is Completed| epoch=1/3 | Iteration = 47/657| loss=1.884466 | acc=53.91%
2026-02-13 20:16:50 | INFO | | An Iteration is Completed| epoch=1/3 | Iteration = 48/657| loss=1.888477 | acc=50.78%
2026-02-13 20:16:50 | INFO | | An Iteration is Completed| epoch=1/3 | Iteration = 49/657| loss=1.891678 | acc=49.61%
2026-02-13 20:16:50 | INFO | | An Iteration is Completed| epoch=1/3 | Iteration = 50/657| loss=1.910116 | acc=49.61%
2026-02-13 20:16:50 | INFO | | An Iteration is Completed| epoch=1/3 | Iteration = 51/657| loss=1.918100 | acc=49.61%
2026-02-13 20:16:50 | INFO | | An Iteration is Completed| epoch=1/3 | Iteration = 52/657| loss=1.842384 | acc=53.91%
2026-02-13 20:16:50 | INFO | | An Iteration is Completed| epoch=1/3 | Iteration = 53/657| loss=1.884172 | acc=50.78%
2026-02-13 20:16:50 | INFO | | An Iteration is Completed| epoch=1/3 | Iteration = 54/657| loss=1.890986 | acc=49.22%
2026-02-13 20:16:50 | INFO | | An Iteration is Completed| epoch=1/3 | Iteration = 55/657| loss=1.840357 | acc=49.61%
2026-02-13 20:16:50 | INFO | | An Iteration is Completed| epoch=1/3 | Iteration = 56/657| loss=1.835806 | acc=53.12%
2026-02-13 20:16:50 | INFO | | An Iteration is Completed| epoch=1/3 | Iteration = 57/657| loss=1.811919 | acc=49.61%
2026-02-13 20:16:50 | INFO | | An Iteration is Completed| epoch=1/3 | Iteration = 58/657| loss=1.815550 | acc=56.25%
2026-02-13 20:16:50 | INFO | | An Iteration is Completed| epoch=1/3 | Iteration = 59/657| loss=1.852002 | acc=50.39%
2026-02-13 20:16:50 | INFO | | An Iteration is Completed| epoch=1/3 | Iteration = 60/657| loss=1.795266 | acc=53.91%
2026-02-13 20:16:50 | INFO | | An Iteration is Completed| epoch=1/3 | Iteration = 61/657| loss=1.806884 | acc=56.25%
2026-02-13 20:16:50 | INFO | | An Iteration is Completed| epoch=1/3 | Iteration = 62/657| loss=1.787087 | acc=53.52%
2026-02-13 20:16:50 | INFO | | An Iteration is Completed| epoch=1/3 | Iteration = 63/657| loss=1.819418 | acc=53.52%
2026-02-13 20:16:50 | INFO | | An Iteration is Completed| epoch=1/3 | Iteration = 64/657| loss=1.807061 | acc=53.12%
2026-02-13 20:16:50 | INFO | | An Iteration is Completed| epoch=1/3 | Iteration = 65/657| loss=1.826835 | acc=52.34%
2026-02-13 20:16:50 | INFO | | An Iteration is Completed| epoch=1/3 | Iteration = 66/657| loss=1.795531 | acc=53.91%
2026-02-13 20:16:50 | INFO | | An Iteration is Completed| epoch=1/3 | Iteration = 67/657| loss=1.783409 | acc=52.34%
2026-02-13 20:16:50 | INFO | | An Iteration is Completed| epoch=1/3 | Iteration = 68/657| loss=1.791562 | acc=51.95%
2026-02-13 20:16:50 | INFO | | An Iteration is Completed| epoch=1/3 | Iteration = 69/657| loss=1.749713 | acc=57.03%
2026-02-13 20:16:50 | INFO | | An Iteration is Completed| epoch=1/3 | Iteration = 70/657| loss=1.694425 | acc=62.89%
2026-02-13 20:16:50 | INFO | | An Iteration is Completed| epoch=1/3 | Iteration = 71/657| loss=1.721459 | acc=60.16%
2026-02-13 20:16:50 | INFO | | An Iteration is Completed| epoch=1/3 | Iteration = 72/657| loss=1.709557 | acc=56.64%
2026-02-13 20:16:50 | INFO | | An Iteration is Completed| epoch=1/3 | Iteration = 73/657| loss=1.700971 | acc=59.77%
2026-02-13 20:16:50 | INFO | | An Iteration is Completed| epoch=1/3 | Iteration = 74/657| loss=1.780850 | acc=55.47%
2026-02-13 20:16:50 | INFO | | An Iteration is Completed| epoch=1/3 | Iteration = 75/657| loss=1.635630 | acc=61.33%
2026-02-13 20:16:50 | INFO | | An Iteration is Completed| epoch=1/3 | Iteration = 76/657| loss=1.715411 | acc=57.81%
2026-02-13 20:16:50 | INFO | | An Iteration is Completed| epoch=1/3 | Iteration = 77/657| loss=1.737339 | acc=55.08%
2026-02-13 20:16:50 | INFO | | An Iteration is Completed| epoch=1/3 | Iteration = 78/657| loss=1.735339 | acc=53.12%
2026-02-13 20:16:50 | INFO | | An Iteration is Completed| epoch=1/3 | Iteration = 79/657| loss=1.679435 | acc=61.72%
2026-02-13 20:16:50 | INFO | | An Iteration is Completed| epoch=1/3 | Iteration = 80/657| loss=1.694082 | acc=61.33%
2026-02-13 20:16:50 | INFO | | An Iteration is Completed| epoch=1/3 | Iteration = 81/657| loss=1.703044 | acc=57.42%
2026-02-13 20:16:50 | INFO | | An Iteration is Completed| epoch=1/3 | Iteration = 82/657| loss=1.630809 | acc=61.33%
2026-02-13 20:16:50 | INFO | | An Iteration is Completed| epoch=1/3 | Iteration = 83/657| loss=1.651680 | acc=58.20%
2026-02-13 20:16:50 | INFO | | An Iteration is Completed| epoch=1/3 | Iteration = 84/657| loss=1.614256 | acc=66.02%
2026-02-13 20:16:50 | INFO | | An Iteration is Completed| epoch=1/3 | Iteration = 85/657| loss=1.661679 | acc=58.98%
2026-02-13 20:16:50 | INFO | | An Iteration is Completed| epoch=1/3 | Iteration = 86/657| loss=1.623423 | acc=63.67%
2026-02-13 20:16:50 | INFO | | An Iteration is Completed| epoch=1/3 | Iteration = 87/657| loss=1.570206 | acc=60.16%
2026-02-13 20:16:50 | INFO | | An Iteration is Completed| epoch=1/3 | Iteration = 88/657| loss=1.639328 | acc=61.72%
2026-02-13 20:16:50 | INFO | | An Iteration is Completed| epoch=1/3 | Iteration = 89/657| loss=1.600455 | acc=60.55%
2026-02-13 20:16:50 | INFO | | An Iteration is Completed| epoch=1/3 | Iteration = 90/657| loss=1.545627 | acc=62.89%
2026-02-13 20:16:50 | INFO | | An Iteration is Completed| epoch=1/3 | Iteration = 91/657| loss=1.565874 | acc=64.06%
2026-02-13 20:16:50 | INFO | | An Iteration is Completed| epoch=1/3 | Iteration = 92/657| loss=1.657703 | acc=59.77%
2026-02-13 20:16:50 | INFO | | An Iteration is Completed| epoch=1/3 | Iteration = 93/657| loss=1.568180 | acc=62.11%
2026-02-13 20:16:50 | INFO | | An Iteration is Completed| epoch=1/3 | Iteration = 94/657| loss=1.546851 | acc=62.89%
2026-02-13 20:16:50 | INFO | | An Iteration is Completed| epoch=1/3 | Iteration = 95/657| loss=1.554139 | acc=64.45%
2026-02-13 20:16:50 | INFO | | An Iteration is Completed| epoch=1/3 | Iteration = 96/657| loss=1.515325 | acc=64.06%
2026-02-13 20:16:50 | INFO | | An Iteration is Completed| epoch=1/3 | Iteration = 97/657| loss=1.535360 | acc=66.41%
2026-02-13 20:16:50 | INFO | | An Iteration is Completed| epoch=1/3 | Iteration = 98/657| loss=1.586327 | acc=64.45%
2026-02-13 20:16:50 | INFO | | An Iteration is Completed| epoch=1/3 | Iteration = 99/657| loss=1.492205 | acc=66.80%
2026-02-13 20:16:50 | INFO | | An Iteration is Completed| epoch=1/3 | Iteration = 100/657| loss=1.502202 | acc=67.58%
2026-02-13 20:16:50 | INFO | | An Iteration is Completed| epoch=1/3 | Iteration = 101/657| loss=1.496197 | acc=69.53%
2026-02-13 20:16:50 | INFO | | An Iteration is Completed| epoch=1/3 | Iteration = 102/657| loss=1.430716 | acc=69.92%
2026-02-13 20:16:50 | INFO | | An Iteration is Completed| epoch=1/3 | Iteration = 103/657| loss=1.491840 | acc=70.70%
2026-02-13 20:16:50 | INFO | | An Iteration is Completed| epoch=1/3 | Iteration = 104/657| loss=1.492398 | acc=67.97%
2026-02-13 20:16:50 | INFO | | An Iteration is Completed| epoch=1/3 | Iteration = 105/657| loss=1.428993 | acc=70.31%
2026-02-13 20:16:50 | INFO | | An Iteration is Completed| epoch=1/3 | Iteration = 106/657| loss=1.510552 | acc=64.84%
2026-02-13 20:16:50 | INFO | | An Iteration is Completed| epoch=1/3 | Iteration = 107/657| loss=1.425799 | acc=68.75%
2026-02-13 20:16:50 | INFO | | An Iteration is Completed| epoch=1/3 | Iteration = 108/657| loss=1.415147 | acc=71.48%
2026-02-13 20:16:50 | INFO | | An Iteration is Completed| epoch=1/3 | Iteration = 109/657| loss=1.522750 | acc=63.28%
2026-02-13 20:16:50 | INFO | | An Iteration is Completed| epoch=1/3 | Iteration = 110/657| loss=1.491437 | acc=64.45%
2026-02-13 20:16:50 | INFO | | An Iteration is Completed| epoch=1/3 | Iteration = 111/657| loss=1.485888 | acc=67.19%
2026-02-13 20:16:50 | INFO | | An Iteration is Completed| epoch=1/3 | Iteration = 112/657| loss=1.450273 | acc=66.80%
2026-02-13 20:16:50 | INFO | | An Iteration is Completed| epoch=1/3 | Iteration = 113/657| loss=1.413367 | acc=72.27%
2026-02-13 20:16:50 | INFO | | An Iteration is Completed| epoch=1/3 | Iteration = 114/657| loss=1.398803 | acc=71.88%
2026-02-13 20:16:50 | INFO | | An Iteration is Completed| epoch=1/3 | Iteration = 115/657| loss=1.366403 | acc=71.09%
2026-02-13 20:16:50 | INFO | | An Iteration is Completed| epoch=1/3 | Iteration = 116/657| loss=1.460255 | acc=68.36%
2026-02-13 20:16:50 | INFO | | An Iteration is Completed| epoch=1/3 | Iteration = 117/657| loss=1.435737 | acc=70.31%
2026-02-13 20:16:50 | INFO | | An Iteration is Completed| epoch=1/3 | Iteration = 118/657| loss=1.352035 | acc=70.70%
2026-02-13 20:16:50 | INFO | | An Iteration is Completed| epoch=1/3 | Iteration = 119/657| loss=1.318108 | acc=72.66%
2026-02-13 20:16:50 | INFO | | An Iteration is Completed| epoch=1/3 | Iteration = 120/657| loss=1.423304 | acc=64.84%
2026-02-13 20:16:50 | INFO | | An Iteration is Completed| epoch=1/3 | Iteration = 121/657| loss=1.312603 | acc=74.22%
2026-02-13 20:16:50 | INFO | | An Iteration is Completed| epoch=1/3 | Iteration = 122/657| loss=1.338893 | acc=70.70%
2026-02-13 20:16:50 | INFO | | An Iteration is Completed| epoch=1/3 | Iteration = 123/657| loss=1.394537 | acc=69.53%
2026-02-13 20:16:50 | INFO | | An Iteration is Completed| epoch=1/3 | Iteration = 124/657| loss=1.307271 | acc=75.39%
2026-02-13 20:16:50 | INFO | | An Iteration is Completed| epoch=1/3 | Iteration = 125/657| loss=1.370447 | acc=69.53%
2026-02-13 20:16:50 | INFO | | An Iteration is Completed| epoch=1/3 | Iteration = 126/657| loss=1.274412 | acc=74.22%
2026-02-13 20:16:50 | INFO | | An Iteration is Completed| epoch=1/3 | Iteration = 127/657| loss=1.382050 | acc=66.41%
2026-02-13 20:16:50 | INFO | | An Iteration is Completed| epoch=1/3 | Iteration = 128/657| loss=1.292029 | acc=69.14%
2026-02-13 20:16:50 | INFO | | An Iteration is Completed| epoch=1/3 | Iteration = 129/657| loss=1.288129 | acc=73.05%
2026-02-13 20:16:50 | INFO | | An Iteration is Completed| epoch=1/3 | Iteration = 130/657| loss=1.325523 | acc=72.66%
2026-02-13 20:16:50 | INFO | | An Iteration is Completed| epoch=1/3 | Iteration = 131/657| loss=1.271766 | acc=73.83%
2026-02-13 20:16:50 | INFO | | An Iteration is Completed| epoch=1/3 | Iteration = 132/657| loss=1.295002 | acc=70.31%
2026-02-13 20:16:51 | INFO | | An Iteration is Completed| epoch=1/3 | Iteration = 133/657| loss=1.247099 | acc=75.39%
2026-02-13 20:16:51 | INFO | | An Iteration is Completed| epoch=1/3 | Iteration = 134/657| loss=1.316603 | acc=74.22%
2026-02-13 20:16:51 | INFO | | An Iteration is Completed| epoch=1/3 | Iteration = 135/657| loss=1.249433 | acc=71.88%
2026-02-13 20:16:51 | INFO | | An Iteration is Completed| epoch=1/3 | Iteration = 136/657| loss=1.273829 | acc=72.66%
2026-02-13 20:16:51 | INFO | | An Iteration is Completed| epoch=1/3 | Iteration = 137/657| loss=1.203993 | acc=74.22%
2026-02-13 20:16:51 | INFO | | An Iteration is Completed| epoch=1/3 | Iteration = 138/657| loss=1.232747 | acc=75.00%
2026-02-13 20:16:51 | INFO | | An Iteration is Completed| epoch=1/3 | Iteration = 139/657| loss=1.319340 | acc=68.75%
2026-02-13 20:16:51 | INFO | | An Iteration is Completed| epoch=1/3 | Iteration = 140/657| loss=1.202062 | acc=73.83%
2026-02-13 20:16:51 | INFO | | An Iteration is Completed| epoch=1/3 | Iteration = 141/657| loss=1.244600 | acc=75.39%
2026-02-13 20:16:51 | INFO | | An Iteration is Completed| epoch=1/3 | Iteration = 142/657| loss=1.268899 | acc=75.39%
2026-02-13 20:16:51 | INFO | | An Iteration is Completed| epoch=1/3 | Iteration = 143/657| loss=1.281055 | acc=71.88%
2026-02-13 20:16:51 | INFO | | An Iteration is Completed| epoch=1/3 | Iteration = 144/657| loss=1.188496 | acc=77.73%
2026-02-13 20:16:51 | INFO | | An Iteration is Completed| epoch=1/3 | Iteration = 145/657| loss=1.207463 | acc=76.17%
2026-02-13 20:16:51 | INFO | | An Iteration is Completed| epoch=1/3 | Iteration = 146/657| loss=1.206533 | acc=74.22%
2026-02-13 20:16:51 | INFO | | An Iteration is Completed| epoch=1/3 | Iteration = 147/657| loss=1.166072 | acc=80.08%
2026-02-13 20:16:51 | INFO | | An Iteration is Completed| epoch=1/3 | Iteration = 148/657| loss=1.190314 | acc=75.39%
2026-02-13 20:16:51 | INFO | | An Iteration is Completed| epoch=1/3 | Iteration = 149/657| loss=1.200433 | acc=73.05%
2026-02-13 20:16:51 | INFO | | An Iteration is Completed| epoch=1/3 | Iteration = 150/657| loss=1.216454 | acc=72.66%
2026-02-13 20:16:51 | INFO | | An Iteration is Completed| epoch=1/3 | Iteration = 151/657| loss=1.241207 | acc=76.17%
2026-02-13 20:16:51 | INFO | | An Iteration is Completed| epoch=1/3 | Iteration = 152/657| loss=1.186909 | acc=76.17%
2026-02-13 20:16:51 | INFO | | An Iteration is Completed| epoch=1/3 | Iteration = 153/657| loss=1.235273 | acc=71.88%
2026-02-13 20:16:51 | INFO | | An Iteration is Completed| epoch=1/3 | Iteration = 154/657| loss=1.131473 | acc=78.12%
2026-02-13 20:16:51 | INFO | | An Iteration is Completed| epoch=1/3 | Iteration = 155/657| loss=1.242712 | acc=73.44%
2026-02-13 20:16:51 | INFO | | An Iteration is Completed| epoch=1/3 | Iteration = 156/657| loss=1.170814 | acc=75.00%
2026-02-13 20:16:51 | INFO | | An Iteration is Completed| epoch=1/3 | Iteration = 157/657| loss=1.130368 | acc=76.95%
2026-02-13 20:16:51 | INFO | | An Iteration is Completed| epoch=1/3 | Iteration = 158/657| loss=1.122446 | acc=77.73%
2026-02-13 20:16:51 | INFO | | An Iteration is Completed| epoch=1/3 | Iteration = 159/657| loss=1.163015 | acc=76.17%
2026-02-13 20:16:51 | INFO | | An Iteration is Completed| epoch=1/3 | Iteration = 160/657| loss=1.141132 | acc=78.52%
2026-02-13 20:16:51 | INFO | | An Iteration is Completed| epoch=1/3 | Iteration = 161/657| loss=1.225526 | acc=70.70%
2026-02-13 20:16:51 | INFO | | An Iteration is Completed| epoch=1/3 | Iteration = 162/657| loss=1.116374 | acc=81.64%
2026-02-13 20:16:51 | INFO | | An Iteration is Completed| epoch=1/3 | Iteration = 163/657| loss=1.168413 | acc=76.17%
2026-02-13 20:16:51 | INFO | | An Iteration is Completed| epoch=1/3 | Iteration = 164/657| loss=1.142422 | acc=74.22%
2026-02-13 20:16:51 | INFO | | An Iteration is Completed| epoch=1/3 | Iteration = 165/657| loss=1.092559 | acc=77.73%
2026-02-13 20:16:51 | INFO | | An Iteration is Completed| epoch=1/3 | Iteration = 166/657| loss=1.106811 | acc=73.44%
2026-02-13 20:16:51 | INFO | | An Iteration is Completed| epoch=1/3 | Iteration = 167/657| loss=1.103777 | acc=77.34%
2026-02-13 20:16:51 | INFO | | An Iteration is Completed| epoch=1/3 | Iteration = 168/657| loss=1.045582 | acc=80.08%
2026-02-13 20:16:51 | INFO | | An Iteration is Completed| epoch=1/3 | Iteration = 169/657| loss=1.126185 | acc=78.12%
2026-02-13 20:16:51 | INFO | | An Iteration is Completed| epoch=1/3 | Iteration = 170/657| loss=1.055198 | acc=80.47%
2026-02-13 20:16:51 | INFO | | An Iteration is Completed| epoch=1/3 | Iteration = 171/657| loss=1.039197 | acc=77.73%
2026-02-13 20:16:51 | INFO | | An Iteration is Completed| epoch=1/3 | Iteration = 172/657| loss=1.112215 | acc=76.17%
2026-02-13 20:16:51 | INFO | | An Iteration is Completed| epoch=1/3 | Iteration = 173/657| loss=1.042241 | acc=76.17%
2026-02-13 20:16:51 | INFO | | An Iteration is Completed| epoch=1/3 | Iteration = 174/657| loss=1.055113 | acc=75.39%
2026-02-13 20:16:51 | INFO | | An Iteration is Completed| epoch=1/3 | Iteration = 175/657| loss=0.995711 | acc=82.03%
2026-02-13 20:16:51 | INFO | | An Iteration is Completed| epoch=1/3 | Iteration = 176/657| loss=1.058353 | acc=80.08%
2026-02-13 20:16:51 | INFO | | An Iteration is Completed| epoch=1/3 | Iteration = 177/657| loss=1.078517 | acc=75.00%
2026-02-13 20:16:51 | INFO | | An Iteration is Completed| epoch=1/3 | Iteration = 178/657| loss=0.957159 | acc=81.64%
2026-02-13 20:16:51 | INFO | | An Iteration is Completed| epoch=1/3 | Iteration = 179/657| loss=0.988166 | acc=79.69%
2026-02-13 20:16:51 | INFO | | An Iteration is Completed| epoch=1/3 | Iteration = 180/657| loss=1.023053 | acc=79.30%
2026-02-13 20:16:51 | INFO | | An Iteration is Completed| epoch=1/3 | Iteration = 181/657| loss=0.970975 | acc=81.25%
2026-02-13 20:16:51 | INFO | | An Iteration is Completed| epoch=1/3 | Iteration = 182/657| loss=1.017422 | acc=79.69%
2026-02-13 20:16:51 | INFO | | An Iteration is Completed| epoch=1/3 | Iteration = 183/657| loss=1.010681 | acc=78.52%
2026-02-13 20:16:51 | INFO | | An Iteration is Completed| epoch=1/3 | Iteration = 184/657| loss=1.051241 | acc=76.95%
2026-02-13 20:16:51 | INFO | | An Iteration is Completed| epoch=1/3 | Iteration = 185/657| loss=0.980656 | acc=78.52%
2026-02-13 20:16:51 | INFO | | An Iteration is Completed| epoch=1/3 | Iteration = 186/657| loss=0.992232 | acc=82.42%
2026-02-13 20:16:51 | INFO | | An Iteration is Completed| epoch=1/3 | Iteration = 187/657| loss=1.015461 | acc=76.17%
2026-02-13 20:16:51 | INFO | | An Iteration is Completed| epoch=1/3 | Iteration = 188/657| loss=1.016883 | acc=76.95%
2026-02-13 20:16:51 | INFO | | An Iteration is Completed| epoch=1/3 | Iteration = 189/657| loss=1.005345 | acc=80.08%
2026-02-13 20:16:51 | INFO | | An Iteration is Completed| epoch=1/3 | Iteration = 190/657| loss=0.998147 | acc=78.12%
2026-02-13 20:16:51 | INFO | | An Iteration is Completed| epoch=1/3 | Iteration = 191/657| loss=0.975049 | acc=77.34%
2026-02-13 20:16:51 | INFO | | An Iteration is Completed| epoch=1/3 | Iteration = 192/657| loss=1.014016 | acc=79.30%
2026-02-13 20:16:51 | INFO | | An Iteration is Completed| epoch=1/3 | Iteration = 193/657| loss=0.934084 | acc=82.42%
2026-02-13 20:16:51 | INFO | | An Iteration is Completed| epoch=1/3 | Iteration = 194/657| loss=1.002302 | acc=78.52%
2026-02-13 20:16:51 | INFO | | An Iteration is Completed| epoch=1/3 | Iteration = 195/657| loss=0.950899 | acc=80.47%
2026-02-13 20:16:51 | INFO | | An Iteration is Completed| epoch=1/3 | Iteration = 196/657| loss=1.034930 | acc=73.05%
2026-02-13 20:16:51 | INFO | | An Iteration is Completed| epoch=1/3 | Iteration = 197/657| loss=1.012169 | acc=76.56%
2026-02-13 20:16:51 | INFO | | An Iteration is Completed| epoch=1/3 | Iteration = 198/657| loss=1.001610 | acc=78.12%
2026-02-13 20:16:51 | INFO | | An Iteration is Completed| epoch=1/3 | Iteration = 199/657| loss=1.024942 | acc=77.73%
2026-02-13 20:16:51 | INFO | | An Iteration is Completed| epoch=1/3 | Iteration = 200/657| loss=1.027212 | acc=74.22%
2026-02-13 20:16:51 | INFO | | An Iteration is Completed| epoch=1/3 | Iteration = 201/657| loss=0.915568 | acc=81.25%
2026-02-13 20:16:51 | INFO | | An Iteration is Completed| epoch=1/3 | Iteration = 202/657| loss=0.964133 | acc=78.91%
2026-02-13 20:16:51 | INFO | | An Iteration is Completed| epoch=1/3 | Iteration = 203/657| loss=0.912310 | acc=83.20%
2026-02-13 20:16:51 | INFO | | An Iteration is Completed| epoch=1/3 | Iteration = 204/657| loss=0.847186 | acc=82.81%
2026-02-13 20:16:51 | INFO | | An Iteration is Completed| epoch=1/3 | Iteration = 205/657| loss=0.906347 | acc=82.42%
2026-02-13 20:16:51 | INFO | | An Iteration is Completed| epoch=1/3 | Iteration = 206/657| loss=0.943289 | acc=81.64%
2026-02-13 20:16:51 | INFO | | An Iteration is Completed| epoch=1/3 | Iteration = 207/657| loss=0.901153 | acc=80.08%
2026-02-13 20:16:51 | INFO | | An Iteration is Completed| epoch=1/3 | Iteration = 208/657| loss=1.011185 | acc=75.00%
2026-02-13 20:16:51 | INFO | | An Iteration is Completed| epoch=1/3 | Iteration = 209/657| loss=0.837870 | acc=84.38%
2026-02-13 20:16:51 | INFO | | An Iteration is Completed| epoch=1/3 | Iteration = 210/657| loss=0.915304 | acc=82.81%
2026-02-13 20:16:51 | INFO | | An Iteration is Completed| epoch=1/3 | Iteration = 211/657| loss=0.993836 | acc=76.17%
2026-02-13 20:16:51 | INFO | | An Iteration is Completed| epoch=1/3 | Iteration = 212/657| loss=0.912526 | acc=80.08%
2026-02-13 20:16:51 | INFO | | An Iteration is Completed| epoch=1/3 | Iteration = 213/657| loss=0.902148 | acc=80.47%
2026-02-13 20:16:51 | INFO | | An Iteration is Completed| epoch=1/3 | Iteration = 214/657| loss=0.885357 | acc=82.42%
2026-02-13 20:16:51 | INFO | | An Iteration is Completed| epoch=1/3 | Iteration = 215/657| loss=0.941253 | acc=78.91%
2026-02-13 20:16:51 | INFO | | An Iteration is Completed| epoch=1/3 | Iteration = 216/657| loss=0.908099 | acc=82.03%
2026-02-13 20:16:51 | INFO | | An Iteration is Completed| epoch=1/3 | Iteration = 217/657| loss=0.799637 | acc=84.77%
2026-02-13 20:16:51 | INFO | | An Iteration is Completed| epoch=1/3 | Iteration = 218/657| loss=0.874452 | acc=81.25%
2026-02-13 20:16:58 | INFO | | An Iteration is Completed| epoch=1/3 | Iteration = 219/657| loss=0.964154 | acc=77.49%
2026-02-13 20:16:58 | INFO | | The Epoch is Completedseed=42 | batch=256| epoch=1/3| loss=1.504416| Acc=61.40%| Test_Acc=79.26%| Val Acc=78.76%| First Steady Time=17.405189037322998| Steady Epoch Time=None
2026-02-13 20:16:58 | INFO | | An Iteration is Completed| epoch=2/3 | Iteration = 220/657| loss=0.815256 | acc=82.03%
2026-02-13 20:16:58 | INFO | | An Iteration is Completed| epoch=2/3 | Iteration = 221/657| loss=0.874909 | acc=80.86%
2026-02-13 20:16:58 | INFO | | An Iteration is Completed| epoch=2/3 | Iteration = 222/657| loss=0.912626 | acc=80.08%
2026-02-13 20:16:58 | INFO | | An Iteration is Completed| epoch=2/3 | Iteration = 223/657| loss=0.841222 | acc=80.86%
2026-02-13 20:16:58 | INFO | | An Iteration is Completed| epoch=2/3 | Iteration = 224/657| loss=0.829957 | acc=82.42%
2026-02-13 20:16:58 | INFO | | An Iteration is Completed| epoch=2/3 | Iteration = 225/657| loss=0.884098 | acc=77.73%
2026-02-13 20:16:58 | INFO | | An Iteration is Completed| epoch=2/3 | Iteration = 226/657| loss=0.915741 | acc=80.08%
2026-02-13 20:16:58 | INFO | | An Iteration is Completed| epoch=2/3 | Iteration = 227/657| loss=0.784030 | acc=85.94%
2026-02-13 20:16:58 | INFO | | An Iteration is Completed| epoch=2/3 | Iteration = 228/657| loss=0.874527 | acc=80.47%
2026-02-13 20:16:58 | INFO | | An Iteration is Completed| epoch=2/3 | Iteration = 229/657| loss=0.764880 | acc=85.16%
2026-02-13 20:16:58 | INFO | | An Iteration is Completed| epoch=2/3 | Iteration = 230/657| loss=0.885753 | acc=82.03%
2026-02-13 20:16:58 | INFO | | An Iteration is Completed| epoch=2/3 | Iteration = 231/657| loss=0.891374 | acc=78.52%
2026-02-13 20:16:58 | INFO | | An Iteration is Completed| epoch=2/3 | Iteration = 232/657| loss=0.890558 | acc=81.25%
2026-02-13 20:16:58 | INFO | | An Iteration is Completed| epoch=2/3 | Iteration = 233/657| loss=0.790133 | acc=84.38%
2026-02-13 20:16:58 | INFO | | An Iteration is Completed| epoch=2/3 | Iteration = 234/657| loss=0.805144 | acc=83.98%
2026-02-13 20:16:58 | INFO | | An Iteration is Completed| epoch=2/3 | Iteration = 235/657| loss=0.869418 | acc=80.47%
2026-02-13 20:16:58 | INFO | | An Iteration is Completed| epoch=2/3 | Iteration = 236/657| loss=0.901312 | acc=80.47%
2026-02-13 20:16:58 | INFO | | An Iteration is Completed| epoch=2/3 | Iteration = 237/657| loss=0.834846 | acc=80.86%
2026-02-13 20:16:58 | INFO | | An Iteration is Completed| epoch=2/3 | Iteration = 238/657| loss=0.817684 | acc=79.30%
2026-02-13 20:16:58 | INFO | | An Iteration is Completed| epoch=2/3 | Iteration = 239/657| loss=0.741078 | acc=84.77%
2026-02-13 20:16:58 | INFO | | An Iteration is Completed| epoch=2/3 | Iteration = 240/657| loss=0.910243 | acc=80.86%
2026-02-13 20:16:58 | INFO | | An Iteration is Completed| epoch=2/3 | Iteration = 241/657| loss=0.849800 | acc=82.81%
2026-02-13 20:16:58 | INFO | | An Iteration is Completed| epoch=2/3 | Iteration = 242/657| loss=0.876446 | acc=77.73%
2026-02-13 20:16:58 | INFO | | An Iteration is Completed| epoch=2/3 | Iteration = 243/657| loss=0.856603 | acc=80.86%
2026-02-13 20:16:58 | INFO | | An Iteration is Completed| epoch=2/3 | Iteration = 244/657| loss=0.817304 | acc=79.69%
2026-02-13 20:16:58 | INFO | | An Iteration is Completed| epoch=2/3 | Iteration = 245/657| loss=0.902546 | acc=76.95%
2026-02-13 20:16:58 | INFO | | An Iteration is Completed| epoch=2/3 | Iteration = 246/657| loss=0.850470 | acc=82.03%
2026-02-13 20:16:58 | INFO | | An Iteration is Completed| epoch=2/3 | Iteration = 247/657| loss=0.818211 | acc=82.81%
2026-02-13 20:16:58 | INFO | | An Iteration is Completed| epoch=2/3 | Iteration = 248/657| loss=0.782162 | acc=82.81%
2026-02-13 20:16:58 | INFO | | An Iteration is Completed| epoch=2/3 | Iteration = 249/657| loss=0.823884 | acc=80.86%
2026-02-13 20:16:58 | INFO | | An Iteration is Completed| epoch=2/3 | Iteration = 250/657| loss=0.741808 | acc=84.77%
2026-02-13 20:16:58 | INFO | | An Iteration is Completed| epoch=2/3 | Iteration = 251/657| loss=0.910494 | acc=75.78%
2026-02-13 20:16:58 | INFO | | An Iteration is Completed| epoch=2/3 | Iteration = 252/657| loss=0.802477 | acc=79.69%
2026-02-13 20:16:58 | INFO | | An Iteration is Completed| epoch=2/3 | Iteration = 253/657| loss=0.817672 | acc=80.08%
2026-02-13 20:16:58 | INFO | | An Iteration is Completed| epoch=2/3 | Iteration = 254/657| loss=0.791781 | acc=80.08%
2026-02-13 20:16:58 | INFO | | An Iteration is Completed| epoch=2/3 | Iteration = 255/657| loss=0.862643 | acc=80.08%
2026-02-13 20:16:58 | INFO | | An Iteration is Completed| epoch=2/3 | Iteration = 256/657| loss=0.785694 | acc=84.38%
2026-02-13 20:16:58 | INFO | | An Iteration is Completed| epoch=2/3 | Iteration = 257/657| loss=0.841574 | acc=78.91%
2026-02-13 20:16:58 | INFO | | An Iteration is Completed| epoch=2/3 | Iteration = 258/657| loss=0.749770 | acc=81.64%
2026-02-13 20:16:58 | INFO | | An Iteration is Completed| epoch=2/3 | Iteration = 259/657| loss=0.723989 | acc=83.98%
2026-02-13 20:16:58 | INFO | | An Iteration is Completed| epoch=2/3 | Iteration = 260/657| loss=0.827664 | acc=80.86%
2026-02-13 20:16:58 | INFO | | An Iteration is Completed| epoch=2/3 | Iteration = 261/657| loss=0.800828 | acc=79.30%
2026-02-13 20:16:58 | INFO | | An Iteration is Completed| epoch=2/3 | Iteration = 262/657| loss=0.740461 | acc=83.98%
2026-02-13 20:16:58 | INFO | | An Iteration is Completed| epoch=2/3 | Iteration = 263/657| loss=0.722140 | acc=83.20%
2026-02-13 20:16:58 | INFO | | An Iteration is Completed| epoch=2/3 | Iteration = 264/657| loss=0.797680 | acc=83.59%
2026-02-13 20:16:58 | INFO | | An Iteration is Completed| epoch=2/3 | Iteration = 265/657| loss=0.861533 | acc=77.34%
2026-02-13 20:16:58 | INFO | | An Iteration is Completed| epoch=2/3 | Iteration = 266/657| loss=0.733719 | acc=84.77%
2026-02-13 20:16:58 | INFO | | An Iteration is Completed| epoch=2/3 | Iteration = 267/657| loss=0.748925 | acc=83.98%
2026-02-13 20:16:58 | INFO | | An Iteration is Completed| epoch=2/3 | Iteration = 268/657| loss=0.702113 | acc=85.16%
2026-02-13 20:16:58 | INFO | | An Iteration is Completed| epoch=2/3 | Iteration = 269/657| loss=0.746880 | acc=83.20%
2026-02-13 20:16:58 | INFO | | An Iteration is Completed| epoch=2/3 | Iteration = 270/657| loss=0.721399 | acc=85.55%
2026-02-13 20:16:58 | INFO | | An Iteration is Completed| epoch=2/3 | Iteration = 271/657| loss=0.747408 | acc=85.16%
2026-02-13 20:16:58 | INFO | | An Iteration is Completed| epoch=2/3 | Iteration = 272/657| loss=0.777964 | acc=80.47%
2026-02-13 20:16:58 | INFO | | An Iteration is Completed| epoch=2/3 | Iteration = 273/657| loss=0.751504 | acc=87.89%
2026-02-13 20:16:58 | INFO | | An Iteration is Completed| epoch=2/3 | Iteration = 274/657| loss=0.711597 | acc=80.86%
2026-02-13 20:16:58 | INFO | | An Iteration is Completed| epoch=2/3 | Iteration = 275/657| loss=0.655534 | acc=84.77%
2026-02-13 20:16:58 | INFO | | An Iteration is Completed| epoch=2/3 | Iteration = 276/657| loss=0.799080 | acc=80.86%
2026-02-13 20:16:58 | INFO | | An Iteration is Completed| epoch=2/3 | Iteration = 277/657| loss=0.749238 | acc=83.59%
2026-02-13 20:16:58 | INFO | | An Iteration is Completed| epoch=2/3 | Iteration = 278/657| loss=0.724182 | acc=83.59%
2026-02-13 20:16:58 | INFO | | An Iteration is Completed| epoch=2/3 | Iteration = 279/657| loss=0.779637 | acc=81.25%
2026-02-13 20:16:58 | INFO | | An Iteration is Completed| epoch=2/3 | Iteration = 280/657| loss=0.803889 | acc=77.73%
2026-02-13 20:16:58 | INFO | | An Iteration is Completed| epoch=2/3 | Iteration = 281/657| loss=0.805095 | acc=81.64%
2026-02-13 20:16:58 | INFO | | An Iteration is Completed| epoch=2/3 | Iteration = 282/657| loss=0.759986 | acc=80.47%
2026-02-13 20:16:58 | INFO | | An Iteration is Completed| epoch=2/3 | Iteration = 283/657| loss=0.803149 | acc=81.25%
2026-02-13 20:16:58 | INFO | | An Iteration is Completed| epoch=2/3 | Iteration = 284/657| loss=0.682768 | acc=83.59%
2026-02-13 20:16:58 | INFO | | An Iteration is Completed| epoch=2/3 | Iteration = 285/657| loss=0.701911 | acc=84.77%
2026-02-13 20:16:58 | INFO | | An Iteration is Completed| epoch=2/3 | Iteration = 286/657| loss=0.704780 | acc=85.16%
2026-02-13 20:16:58 | INFO | | An Iteration is Completed| epoch=2/3 | Iteration = 287/657| loss=0.741141 | acc=83.20%
2026-02-13 20:16:58 | INFO | | An Iteration is Completed| epoch=2/3 | Iteration = 288/657| loss=0.739809 | acc=82.42%
2026-02-13 20:16:58 | INFO | | An Iteration is Completed| epoch=2/3 | Iteration = 289/657| loss=0.678059 | acc=84.77%
2026-02-13 20:16:59 | INFO | | An Iteration is Completed| epoch=2/3 | Iteration = 290/657| loss=0.714626 | acc=83.98%
2026-02-13 20:16:59 | INFO | | An Iteration is Completed| epoch=2/3 | Iteration = 291/657| loss=0.745393 | acc=82.03%
2026-02-13 20:16:59 | INFO | | An Iteration is Completed| epoch=2/3 | Iteration = 292/657| loss=0.706815 | acc=84.77%
2026-02-13 20:16:59 | INFO | | An Iteration is Completed| epoch=2/3 | Iteration = 293/657| loss=0.747242 | acc=80.86%
2026-02-13 20:16:59 | INFO | | An Iteration is Completed| epoch=2/3 | Iteration = 294/657| loss=0.729061 | acc=83.20%
2026-02-13 20:16:59 | INFO | | An Iteration is Completed| epoch=2/3 | Iteration = 295/657| loss=0.693888 | acc=85.55%
2026-02-13 20:16:59 | INFO | | An Iteration is Completed| epoch=2/3 | Iteration = 296/657| loss=0.726890 | acc=83.20%
2026-02-13 20:16:59 | INFO | | An Iteration is Completed| epoch=2/3 | Iteration = 297/657| loss=0.684697 | acc=85.55%
2026-02-13 20:16:59 | INFO | | An Iteration is Completed| epoch=2/3 | Iteration = 298/657| loss=0.670913 | acc=84.38%
2026-02-13 20:16:59 | INFO | | An Iteration is Completed| epoch=2/3 | Iteration = 299/657| loss=0.723393 | acc=82.03%
2026-02-13 20:16:59 | INFO | | An Iteration is Completed| epoch=2/3 | Iteration = 300/657| loss=0.652977 | acc=86.72%
2026-02-13 20:16:59 | INFO | | An Iteration is Completed| epoch=2/3 | Iteration = 301/657| loss=0.713412 | acc=81.64%
2026-02-13 20:16:59 | INFO | | An Iteration is Completed| epoch=2/3 | Iteration = 302/657| loss=0.786615 | acc=79.69%
2026-02-13 20:16:59 | INFO | | An Iteration is Completed| epoch=2/3 | Iteration = 303/657| loss=0.659163 | acc=86.72%
2026-02-13 20:16:59 | INFO | | An Iteration is Completed| epoch=2/3 | Iteration = 304/657| loss=0.740286 | acc=80.08%
2026-02-13 20:16:59 | INFO | | An Iteration is Completed| epoch=2/3 | Iteration = 305/657| loss=0.730560 | acc=82.42%
2026-02-13 20:16:59 | INFO | | An Iteration is Completed| epoch=2/3 | Iteration = 306/657| loss=0.643501 | acc=82.42%
2026-02-13 20:16:59 | INFO | | An Iteration is Completed| epoch=2/3 | Iteration = 307/657| loss=0.774478 | acc=82.03%
2026-02-13 20:16:59 | INFO | | An Iteration is Completed| epoch=2/3 | Iteration = 308/657| loss=0.748921 | acc=82.81%
2026-02-13 20:16:59 | INFO | | An Iteration is Completed| epoch=2/3 | Iteration = 309/657| loss=0.762453 | acc=82.81%
2026-02-13 20:16:59 | INFO | | An Iteration is Completed| epoch=2/3 | Iteration = 310/657| loss=0.726367 | acc=81.64%
2026-02-13 20:16:59 | INFO | | An Iteration is Completed| epoch=2/3 | Iteration = 311/657| loss=0.708439 | acc=82.03%
2026-02-13 20:16:59 | INFO | | An Iteration is Completed| epoch=2/3 | Iteration = 312/657| loss=0.713707 | acc=82.03%
2026-02-13 20:16:59 | INFO | | An Iteration is Completed| epoch=2/3 | Iteration = 313/657| loss=0.754476 | acc=80.86%
2026-02-13 20:16:59 | INFO | | An Iteration is Completed| epoch=2/3 | Iteration = 314/657| loss=0.780766 | acc=81.25%
2026-02-13 20:16:59 | INFO | | An Iteration is Completed| epoch=2/3 | Iteration = 315/657| loss=0.746974 | acc=82.03%
2026-02-13 20:16:59 | INFO | | An Iteration is Completed| epoch=2/3 | Iteration = 316/657| loss=0.659778 | acc=83.20%
2026-02-13 20:16:59 | INFO | | An Iteration is Completed| epoch=2/3 | Iteration = 317/657| loss=0.694317 | acc=85.16%
2026-02-13 20:16:59 | INFO | | An Iteration is Completed| epoch=2/3 | Iteration = 318/657| loss=0.750467 | acc=81.25%
2026-02-13 20:16:59 | INFO | | An Iteration is Completed| epoch=2/3 | Iteration = 319/657| loss=0.721934 | acc=80.86%
2026-02-13 20:16:59 | INFO | | An Iteration is Completed| epoch=2/3 | Iteration = 320/657| loss=0.654334 | acc=86.33%
2026-02-13 20:16:59 | INFO | | An Iteration is Completed| epoch=2/3 | Iteration = 321/657| loss=0.626901 | acc=85.16%
2026-02-13 20:16:59 | INFO | | An Iteration is Completed| epoch=2/3 | Iteration = 322/657| loss=0.651378 | acc=84.77%
2026-02-13 20:16:59 | INFO | | An Iteration is Completed| epoch=2/3 | Iteration = 323/657| loss=0.654040 | acc=84.38%
2026-02-13 20:16:59 | INFO | | An Iteration is Completed| epoch=2/3 | Iteration = 324/657| loss=0.682216 | acc=82.81%
2026-02-13 20:16:59 | INFO | | An Iteration is Completed| epoch=2/3 | Iteration = 325/657| loss=0.652936 | acc=85.94%
2026-02-13 20:16:59 | INFO | | An Iteration is Completed| epoch=2/3 | Iteration = 326/657| loss=0.730528 | acc=82.03%
2026-02-13 20:16:59 | INFO | | An Iteration is Completed| epoch=2/3 | Iteration = 327/657| loss=0.733166 | acc=81.64%
2026-02-13 20:16:59 | INFO | | An Iteration is Completed| epoch=2/3 | Iteration = 328/657| loss=0.712960 | acc=80.86%
2026-02-13 20:16:59 | INFO | saving halfway model checkpoints at the path : checkpoints/run_seed42_batch256_half.npz
2026-02-13 20:16:59 | INFO | | An Iteration is Completed| epoch=2/3 | Iteration = 329/657| loss=0.619289 | acc=84.38%
2026-02-13 20:16:59 | INFO | | An Iteration is Completed| epoch=2/3 | Iteration = 330/657| loss=0.768004 | acc=80.08%
2026-02-13 20:16:59 | INFO | | An Iteration is Completed| epoch=2/3 | Iteration = 331/657| loss=0.681432 | acc=83.98%
2026-02-13 20:16:59 | INFO | | An Iteration is Completed| epoch=2/3 | Iteration = 332/657| loss=0.595627 | acc=86.72%
2026-02-13 20:16:59 | INFO | | An Iteration is Completed| epoch=2/3 | Iteration = 333/657| loss=0.715494 | acc=82.42%
2026-02-13 20:16:59 | INFO | | An Iteration is Completed| epoch=2/3 | Iteration = 334/657| loss=0.702679 | acc=82.42%
2026-02-13 20:16:59 | INFO | | An Iteration is Completed| epoch=2/3 | Iteration = 335/657| loss=0.662997 | acc=82.81%
2026-02-13 20:16:59 | INFO | | An Iteration is Completed| epoch=2/3 | Iteration = 336/657| loss=0.584211 | acc=87.50%
2026-02-13 20:16:59 | INFO | | An Iteration is Completed| epoch=2/3 | Iteration = 337/657| loss=0.645744 | acc=85.55%
2026-02-13 20:16:59 | INFO | | An Iteration is Completed| epoch=2/3 | Iteration = 338/657| loss=0.697037 | acc=81.64%
2026-02-13 20:16:59 | INFO | | An Iteration is Completed| epoch=2/3 | Iteration = 339/657| loss=0.666574 | acc=83.59%
2026-02-13 20:16:59 | INFO | | An Iteration is Completed| epoch=2/3 | Iteration = 340/657| loss=0.672887 | acc=83.20%
2026-02-13 20:16:59 | INFO | | An Iteration is Completed| epoch=2/3 | Iteration = 341/657| loss=0.588682 | acc=84.77%
2026-02-13 20:16:59 | INFO | | An Iteration is Completed| epoch=2/3 | Iteration = 342/657| loss=0.676081 | acc=83.59%
2026-02-13 20:16:59 | INFO | | An Iteration is Completed| epoch=2/3 | Iteration = 343/657| loss=0.641831 | acc=85.55%
2026-02-13 20:16:59 | INFO | | An Iteration is Completed| epoch=2/3 | Iteration = 344/657| loss=0.674439 | acc=83.59%
2026-02-13 20:16:59 | INFO | | An Iteration is Completed| epoch=2/3 | Iteration = 345/657| loss=0.669334 | acc=83.98%
2026-02-13 20:16:59 | INFO | | An Iteration is Completed| epoch=2/3 | Iteration = 346/657| loss=0.613615 | acc=87.89%
2026-02-13 20:16:59 | INFO | | An Iteration is Completed| epoch=2/3 | Iteration = 347/657| loss=0.673535 | acc=86.33%
2026-02-13 20:16:59 | INFO | | An Iteration is Completed| epoch=2/3 | Iteration = 348/657| loss=0.701187 | acc=81.64%
2026-02-13 20:16:59 | INFO | | An Iteration is Completed| epoch=2/3 | Iteration = 349/657| loss=0.640314 | acc=85.16%
2026-02-13 20:16:59 | INFO | | An Iteration is Completed| epoch=2/3 | Iteration = 350/657| loss=0.585734 | acc=86.72%
2026-02-13 20:16:59 | INFO | | An Iteration is Completed| epoch=2/3 | Iteration = 351/657| loss=0.581668 | acc=85.94%
2026-02-13 20:16:59 | INFO | | An Iteration is Completed| epoch=2/3 | Iteration = 352/657| loss=0.578398 | acc=87.11%
2026-02-13 20:16:59 | INFO | | An Iteration is Completed| epoch=2/3 | Iteration = 353/657| loss=0.666047 | acc=84.38%
2026-02-13 20:16:59 | INFO | | An Iteration is Completed| epoch=2/3 | Iteration = 354/657| loss=0.618113 | acc=83.98%
2026-02-13 20:16:59 | INFO | | An Iteration is Completed| epoch=2/3 | Iteration = 355/657| loss=0.653655 | acc=83.59%
2026-02-13 20:16:59 | INFO | | An Iteration is Completed| epoch=2/3 | Iteration = 356/657| loss=0.651832 | acc=82.42%
2026-02-13 20:16:59 | INFO | | An Iteration is Completed| epoch=2/3 | Iteration = 357/657| loss=0.601403 | acc=86.33%
2026-02-13 20:16:59 | INFO | | An Iteration is Completed| epoch=2/3 | Iteration = 358/657| loss=0.645551 | acc=83.20%
2026-02-13 20:16:59 | INFO | | An Iteration is Completed| epoch=2/3 | Iteration = 359/657| loss=0.655657 | acc=85.16%
2026-02-13 20:16:59 | INFO | | An Iteration is Completed| epoch=2/3 | Iteration = 360/657| loss=0.658210 | acc=85.16%
2026-02-13 20:16:59 | INFO | | An Iteration is Completed| epoch=2/3 | Iteration = 361/657| loss=0.686137 | acc=83.98%
2026-02-13 20:16:59 | INFO | | An Iteration is Completed| epoch=2/3 | Iteration = 362/657| loss=0.623516 | acc=82.81%
2026-02-13 20:16:59 | INFO | | An Iteration is Completed| epoch=2/3 | Iteration = 363/657| loss=0.645230 | acc=82.42%
2026-02-13 20:16:59 | INFO | | An Iteration is Completed| epoch=2/3 | Iteration = 364/657| loss=0.567125 | acc=85.16%
2026-02-13 20:16:59 | INFO | | An Iteration is Completed| epoch=2/3 | Iteration = 365/657| loss=0.613777 | acc=84.77%
2026-02-13 20:16:59 | INFO | | An Iteration is Completed| epoch=2/3 | Iteration = 366/657| loss=0.663912 | acc=83.98%
2026-02-13 20:16:59 | INFO | | An Iteration is Completed| epoch=2/3 | Iteration = 367/657| loss=0.680767 | acc=84.38%
2026-02-13 20:16:59 | INFO | | An Iteration is Completed| epoch=2/3 | Iteration = 368/657| loss=0.645801 | acc=83.20%
2026-02-13 20:16:59 | INFO | | An Iteration is Completed| epoch=2/3 | Iteration = 369/657| loss=0.652613 | acc=85.16%
2026-02-13 20:16:59 | INFO | | An Iteration is Completed| epoch=2/3 | Iteration = 370/657| loss=0.567537 | acc=86.72%
2026-02-13 20:16:59 | INFO | | An Iteration is Completed| epoch=2/3 | Iteration = 371/657| loss=0.682828 | acc=83.59%
2026-02-13 20:16:59 | INFO | | An Iteration is Completed| epoch=2/3 | Iteration = 372/657| loss=0.600539 | acc=86.72%
2026-02-13 20:16:59 | INFO | | An Iteration is Completed| epoch=2/3 | Iteration = 373/657| loss=0.641008 | acc=82.81%
2026-02-13 20:16:59 | INFO | | An Iteration is Completed| epoch=2/3 | Iteration = 374/657| loss=0.638364 | acc=82.81%
2026-02-13 20:16:59 | INFO | | An Iteration is Completed| epoch=2/3 | Iteration = 375/657| loss=0.623322 | acc=86.72%
2026-02-13 20:16:59 | INFO | | An Iteration is Completed| epoch=2/3 | Iteration = 376/657| loss=0.590973 | acc=84.77%
2026-02-13 20:16:59 | INFO | | An Iteration is Completed| epoch=2/3 | Iteration = 377/657| loss=0.557564 | acc=85.55%
2026-02-13 20:16:59 | INFO | | An Iteration is Completed| epoch=2/3 | Iteration = 378/657| loss=0.626672 | acc=85.16%
2026-02-13 20:16:59 | INFO | | An Iteration is Completed| epoch=2/3 | Iteration = 379/657| loss=0.600910 | acc=83.98%
2026-02-13 20:16:59 | INFO | | An Iteration is Completed| epoch=2/3 | Iteration = 380/657| loss=0.650401 | acc=82.42%
2026-02-13 20:16:59 | INFO | | An Iteration is Completed| epoch=2/3 | Iteration = 381/657| loss=0.695375 | acc=83.59%
2026-02-13 20:17:00 | INFO | | An Iteration is Completed| epoch=2/3 | Iteration = 382/657| loss=0.602249 | acc=87.89%
2026-02-13 20:17:00 | INFO | | An Iteration is Completed| epoch=2/3 | Iteration = 383/657| loss=0.563049 | acc=90.23%
2026-02-13 20:17:00 | INFO | | An Iteration is Completed| epoch=2/3 | Iteration = 384/657| loss=0.588380 | acc=83.59%
2026-02-13 20:17:00 | INFO | | An Iteration is Completed| epoch=2/3 | Iteration = 385/657| loss=0.676521 | acc=82.03%
2026-02-13 20:17:00 | INFO | | An Iteration is Completed| epoch=2/3 | Iteration = 386/657| loss=0.631142 | acc=83.20%
2026-02-13 20:17:00 | INFO | | An Iteration is Completed| epoch=2/3 | Iteration = 387/657| loss=0.546475 | acc=86.72%
2026-02-13 20:17:00 | INFO | | An Iteration is Completed| epoch=2/3 | Iteration = 388/657| loss=0.609595 | acc=84.77%
2026-02-13 20:17:00 | INFO | | An Iteration is Completed| epoch=2/3 | Iteration = 389/657| loss=0.639411 | acc=82.42%
2026-02-13 20:17:00 | INFO | | An Iteration is Completed| epoch=2/3 | Iteration = 390/657| loss=0.604363 | acc=85.94%
2026-02-13 20:17:00 | INFO | | An Iteration is Completed| epoch=2/3 | Iteration = 391/657| loss=0.648523 | acc=83.20%
2026-02-13 20:17:00 | INFO | | An Iteration is Completed| epoch=2/3 | Iteration = 392/657| loss=0.662530 | acc=82.42%
2026-02-13 20:17:00 | INFO | | An Iteration is Completed| epoch=2/3 | Iteration = 393/657| loss=0.514738 | acc=89.84%
2026-02-13 20:17:00 | INFO | | An Iteration is Completed| epoch=2/3 | Iteration = 394/657| loss=0.564342 | acc=85.55%
2026-02-13 20:17:00 | INFO | | An Iteration is Completed| epoch=2/3 | Iteration = 395/657| loss=0.573403 | acc=85.55%
2026-02-13 20:17:00 | INFO | | An Iteration is Completed| epoch=2/3 | Iteration = 396/657| loss=0.616909 | acc=85.16%
2026-02-13 20:17:00 | INFO | | An Iteration is Completed| epoch=2/3 | Iteration = 397/657| loss=0.629412 | acc=80.86%
2026-02-13 20:17:00 | INFO | | An Iteration is Completed| epoch=2/3 | Iteration = 398/657| loss=0.624118 | acc=82.42%
2026-02-13 20:17:00 | INFO | | An Iteration is Completed| epoch=2/3 | Iteration = 399/657| loss=0.572956 | acc=84.77%
2026-02-13 20:17:00 | INFO | | An Iteration is Completed| epoch=2/3 | Iteration = 400/657| loss=0.625193 | acc=81.25%
2026-02-13 20:17:00 | INFO | | An Iteration is Completed| epoch=2/3 | Iteration = 401/657| loss=0.580395 | acc=83.59%
2026-02-13 20:17:00 | INFO | | An Iteration is Completed| epoch=2/3 | Iteration = 402/657| loss=0.609242 | acc=83.20%
2026-02-13 20:17:00 | INFO | | An Iteration is Completed| epoch=2/3 | Iteration = 403/657| loss=0.619409 | acc=84.77%
2026-02-13 20:17:00 | INFO | | An Iteration is Completed| epoch=2/3 | Iteration = 404/657| loss=0.601334 | acc=83.20%
2026-02-13 20:17:00 | INFO | | An Iteration is Completed| epoch=2/3 | Iteration = 405/657| loss=0.629124 | acc=85.55%
2026-02-13 20:17:00 | INFO | | An Iteration is Completed| epoch=2/3 | Iteration = 406/657| loss=0.598716 | acc=84.77%
2026-02-13 20:17:00 | INFO | | An Iteration is Completed| epoch=2/3 | Iteration = 407/657| loss=0.555954 | acc=85.16%
2026-02-13 20:17:00 | INFO | | An Iteration is Completed| epoch=2/3 | Iteration = 408/657| loss=0.574132 | acc=85.94%
2026-02-13 20:17:00 | INFO | | An Iteration is Completed| epoch=2/3 | Iteration = 409/657| loss=0.596366 | acc=85.94%
2026-02-13 20:17:00 | INFO | | An Iteration is Completed| epoch=2/3 | Iteration = 410/657| loss=0.599739 | acc=83.98%
2026-02-13 20:17:00 | INFO | | An Iteration is Completed| epoch=2/3 | Iteration = 411/657| loss=0.590426 | acc=85.94%
2026-02-13 20:17:00 | INFO | | An Iteration is Completed| epoch=2/3 | Iteration = 412/657| loss=0.551253 | acc=90.23%
2026-02-13 20:17:00 | INFO | | An Iteration is Completed| epoch=2/3 | Iteration = 413/657| loss=0.633888 | acc=85.94%
2026-02-13 20:17:00 | INFO | | An Iteration is Completed| epoch=2/3 | Iteration = 414/657| loss=0.518283 | acc=87.11%
2026-02-13 20:17:00 | INFO | | An Iteration is Completed| epoch=2/3 | Iteration = 415/657| loss=0.615611 | acc=82.81%
2026-02-13 20:17:00 | INFO | | An Iteration is Completed| epoch=2/3 | Iteration = 416/657| loss=0.560133 | acc=86.72%
2026-02-13 20:17:00 | INFO | | An Iteration is Completed| epoch=2/3 | Iteration = 417/657| loss=0.513622 | acc=87.50%
2026-02-13 20:17:00 | INFO | | An Iteration is Completed| epoch=2/3 | Iteration = 418/657| loss=0.595218 | acc=84.77%
2026-02-13 20:17:00 | INFO | | An Iteration is Completed| epoch=2/3 | Iteration = 419/657| loss=0.617653 | acc=82.42%
2026-02-13 20:17:00 | INFO | | An Iteration is Completed| epoch=2/3 | Iteration = 420/657| loss=0.578228 | acc=84.77%
2026-02-13 20:17:00 | INFO | | An Iteration is Completed| epoch=2/3 | Iteration = 421/657| loss=0.559620 | acc=85.55%
2026-02-13 20:17:00 | INFO | | An Iteration is Completed| epoch=2/3 | Iteration = 422/657| loss=0.549182 | acc=87.50%
2026-02-13 20:17:00 | INFO | | An Iteration is Completed| epoch=2/3 | Iteration = 423/657| loss=0.588153 | acc=85.55%
2026-02-13 20:17:00 | INFO | | An Iteration is Completed| epoch=2/3 | Iteration = 424/657| loss=0.604740 | acc=82.42%
2026-02-13 20:17:00 | INFO | | An Iteration is Completed| epoch=2/3 | Iteration = 425/657| loss=0.546595 | acc=85.16%
2026-02-13 20:17:00 | INFO | | An Iteration is Completed| epoch=2/3 | Iteration = 426/657| loss=0.518099 | acc=87.11%
2026-02-13 20:17:00 | INFO | | An Iteration is Completed| epoch=2/3 | Iteration = 427/657| loss=0.521320 | acc=87.50%
2026-02-13 20:17:00 | INFO | | An Iteration is Completed| epoch=2/3 | Iteration = 428/657| loss=0.454935 | acc=89.06%
2026-02-13 20:17:00 | INFO | | An Iteration is Completed| epoch=2/3 | Iteration = 429/657| loss=0.558394 | acc=87.50%
2026-02-13 20:17:00 | INFO | | An Iteration is Completed| epoch=2/3 | Iteration = 430/657| loss=0.563708 | acc=85.94%
2026-02-13 20:17:00 | INFO | | An Iteration is Completed| epoch=2/3 | Iteration = 431/657| loss=0.581843 | acc=83.59%
2026-02-13 20:17:00 | INFO | | An Iteration is Completed| epoch=2/3 | Iteration = 432/657| loss=0.531593 | acc=87.50%
2026-02-13 20:17:00 | INFO | | An Iteration is Completed| epoch=2/3 | Iteration = 433/657| loss=0.555164 | acc=83.59%
2026-02-13 20:17:00 | INFO | | An Iteration is Completed| epoch=2/3 | Iteration = 434/657| loss=0.578624 | acc=85.94%
2026-02-13 20:17:00 | INFO | | An Iteration is Completed| epoch=2/3 | Iteration = 435/657| loss=0.533537 | acc=88.67%
2026-02-13 20:17:00 | INFO | | An Iteration is Completed| epoch=2/3 | Iteration = 436/657| loss=0.560500 | acc=88.28%
2026-02-13 20:17:00 | INFO | | An Iteration is Completed| epoch=2/3 | Iteration = 437/657| loss=0.519037 | acc=89.45%
2026-02-13 20:17:00 | INFO | | An Iteration is Completed| epoch=2/3 | Iteration = 438/657| loss=0.559485 | acc=86.39%
2026-02-13 20:17:00 | INFO | | The Epoch is Completedseed=42 | batch=256| epoch=2/3| loss=0.688869| Acc=83.61%| Test_Acc=85.59%| Val Acc=85.40%| First Steady Time=17.405189037322998| Steady Epoch Time=2.353691339492798
2026-02-13 20:17:00 | INFO | | An Iteration is Completed| epoch=3/3 | Iteration = 439/657| loss=0.488446 | acc=89.45%
2026-02-13 20:17:00 | INFO | | An Iteration is Completed| epoch=3/3 | Iteration = 440/657| loss=0.552545 | acc=83.98%
2026-02-13 20:17:00 | INFO | | An Iteration is Completed| epoch=3/3 | Iteration = 441/657| loss=0.587976 | acc=82.03%
2026-02-13 20:17:00 | INFO | | An Iteration is Completed| epoch=3/3 | Iteration = 442/657| loss=0.643160 | acc=82.81%
2026-02-13 20:17:00 | INFO | | An Iteration is Completed| epoch=3/3 | Iteration = 443/657| loss=0.516551 | acc=87.50%
2026-02-13 20:17:00 | INFO | | An Iteration is Completed| epoch=3/3 | Iteration = 444/657| loss=0.588381 | acc=83.20%
2026-02-13 20:17:00 | INFO | | An Iteration is Completed| epoch=3/3 | Iteration = 445/657| loss=0.648846 | acc=82.03%
2026-02-13 20:17:00 | INFO | | An Iteration is Completed| epoch=3/3 | Iteration = 446/657| loss=0.590294 | acc=87.11%
2026-02-13 20:17:00 | INFO | | An Iteration is Completed| epoch=3/3 | Iteration = 447/657| loss=0.574624 | acc=86.72%
2026-02-13 20:17:00 | INFO | | An Iteration is Completed| epoch=3/3 | Iteration = 448/657| loss=0.499599 | acc=89.45%
2026-02-13 20:17:00 | INFO | | An Iteration is Completed| epoch=3/3 | Iteration = 449/657| loss=0.556676 | acc=85.16%
2026-02-13 20:17:00 | INFO | | An Iteration is Completed| epoch=3/3 | Iteration = 450/657| loss=0.552103 | acc=85.94%
2026-02-13 20:17:00 | INFO | | An Iteration is Completed| epoch=3/3 | Iteration = 451/657| loss=0.592095 | acc=83.98%
2026-02-13 20:17:00 | INFO | | An Iteration is Completed| epoch=3/3 | Iteration = 452/657| loss=0.558642 | acc=83.59%
2026-02-13 20:17:00 | INFO | | An Iteration is Completed| epoch=3/3 | Iteration = 453/657| loss=0.619960 | acc=85.55%
2026-02-13 20:17:00 | INFO | | An Iteration is Completed| epoch=3/3 | Iteration = 454/657| loss=0.546276 | acc=87.50%
2026-02-13 20:17:00 | INFO | | An Iteration is Completed| epoch=3/3 | Iteration = 455/657| loss=0.502331 | acc=87.50%
2026-02-13 20:17:00 | INFO | | An Iteration is Completed| epoch=3/3 | Iteration = 456/657| loss=0.522414 | acc=85.16%
2026-02-13 20:17:00 | INFO | | An Iteration is Completed| epoch=3/3 | Iteration = 457/657| loss=0.463203 | acc=89.84%
2026-02-13 20:17:00 | INFO | | An Iteration is Completed| epoch=3/3 | Iteration = 458/657| loss=0.525025 | acc=83.20%
2026-02-13 20:17:00 | INFO | | An Iteration is Completed| epoch=3/3 | Iteration = 459/657| loss=0.529372 | acc=86.33%
2026-02-13 20:17:00 | INFO | | An Iteration is Completed| epoch=3/3 | Iteration = 460/657| loss=0.560907 | acc=85.16%
2026-02-13 20:17:00 | INFO | | An Iteration is Completed| epoch=3/3 | Iteration = 461/657| loss=0.570677 | acc=86.33%
2026-02-13 20:17:00 | INFO | | An Iteration is Completed| epoch=3/3 | Iteration = 462/657| loss=0.561389 | acc=86.72%
2026-02-13 20:17:00 | INFO | | An Iteration is Completed| epoch=3/3 | Iteration = 463/657| loss=0.494692 | acc=87.50%
2026-02-13 20:17:00 | INFO | | An Iteration is Completed| epoch=3/3 | Iteration = 464/657| loss=0.470391 | acc=89.45%
2026-02-13 20:17:00 | INFO | | An Iteration is Completed| epoch=3/3 | Iteration = 465/657| loss=0.487692 | acc=87.89%
2026-02-13 20:17:00 | INFO | | An Iteration is Completed| epoch=3/3 | Iteration = 466/657| loss=0.493881 | acc=87.89%
2026-02-13 20:17:00 | INFO | | An Iteration is Completed| epoch=3/3 | Iteration = 467/657| loss=0.491340 | acc=87.11%
2026-02-13 20:17:00 | INFO | | An Iteration is Completed| epoch=3/3 | Iteration = 468/657| loss=0.480714 | acc=89.45%
2026-02-13 20:17:00 | INFO | | An Iteration is Completed| epoch=3/3 | Iteration = 469/657| loss=0.582897 | acc=83.59%
2026-02-13 20:17:00 | INFO | | An Iteration is Completed| epoch=3/3 | Iteration = 470/657| loss=0.553440 | acc=86.33%
2026-02-13 20:17:00 | INFO | | An Iteration is Completed| epoch=3/3 | Iteration = 471/657| loss=0.575908 | acc=85.55%
2026-02-13 20:17:01 | INFO | | An Iteration is Completed| epoch=3/3 | Iteration = 472/657| loss=0.487265 | acc=87.89%
2026-02-13 20:17:01 | INFO | | An Iteration is Completed| epoch=3/3 | Iteration = 473/657| loss=0.449050 | acc=91.02%
2026-02-13 20:17:01 | INFO | | An Iteration is Completed| epoch=3/3 | Iteration = 474/657| loss=0.573482 | acc=85.16%
2026-02-13 20:17:01 | INFO | | An Iteration is Completed| epoch=3/3 | Iteration = 475/657| loss=0.565863 | acc=85.16%
2026-02-13 20:17:01 | INFO | | An Iteration is Completed| epoch=3/3 | Iteration = 476/657| loss=0.595629 | acc=83.20%
2026-02-13 20:17:01 | INFO | | An Iteration is Completed| epoch=3/3 | Iteration = 477/657| loss=0.577151 | acc=85.55%
2026-02-13 20:17:01 | INFO | | An Iteration is Completed| epoch=3/3 | Iteration = 478/657| loss=0.476989 | acc=89.06%
2026-02-13 20:17:01 | INFO | | An Iteration is Completed| epoch=3/3 | Iteration = 479/657| loss=0.526712 | acc=88.67%
2026-02-13 20:17:01 | INFO | | An Iteration is Completed| epoch=3/3 | Iteration = 480/657| loss=0.463328 | acc=88.28%
2026-02-13 20:17:01 | INFO | | An Iteration is Completed| epoch=3/3 | Iteration = 481/657| loss=0.594053 | acc=83.98%
2026-02-13 20:17:01 | INFO | | An Iteration is Completed| epoch=3/3 | Iteration = 482/657| loss=0.538276 | acc=84.77%
2026-02-13 20:17:01 | INFO | | An Iteration is Completed| epoch=3/3 | Iteration = 483/657| loss=0.480527 | acc=84.77%
2026-02-13 20:17:01 | INFO | | An Iteration is Completed| epoch=3/3 | Iteration = 484/657| loss=0.561468 | acc=85.55%
2026-02-13 20:17:01 | INFO | | An Iteration is Completed| epoch=3/3 | Iteration = 485/657| loss=0.637879 | acc=83.20%
2026-02-13 20:17:01 | INFO | | An Iteration is Completed| epoch=3/3 | Iteration = 486/657| loss=0.556979 | acc=84.77%
2026-02-13 20:17:01 | INFO | | An Iteration is Completed| epoch=3/3 | Iteration = 487/657| loss=0.571237 | acc=84.38%
2026-02-13 20:17:01 | INFO | | An Iteration is Completed| epoch=3/3 | Iteration = 488/657| loss=0.570965 | acc=84.77%
2026-02-13 20:17:01 | INFO | | An Iteration is Completed| epoch=3/3 | Iteration = 489/657| loss=0.592555 | acc=83.98%
2026-02-13 20:17:01 | INFO | | An Iteration is Completed| epoch=3/3 | Iteration = 490/657| loss=0.548487 | acc=83.98%
2026-02-13 20:17:01 | INFO | | An Iteration is Completed| epoch=3/3 | Iteration = 491/657| loss=0.577608 | acc=85.16%
2026-02-13 20:17:01 | INFO | | An Iteration is Completed| epoch=3/3 | Iteration = 492/657| loss=0.561329 | acc=85.94%
2026-02-13 20:17:01 | INFO | | An Iteration is Completed| epoch=3/3 | Iteration = 493/657| loss=0.489095 | acc=88.28%
2026-02-13 20:17:01 | INFO | | An Iteration is Completed| epoch=3/3 | Iteration = 494/657| loss=0.435490 | acc=88.67%
2026-02-13 20:17:01 | INFO | | An Iteration is Completed| epoch=3/3 | Iteration = 495/657| loss=0.476355 | acc=87.89%
2026-02-13 20:17:01 | INFO | | An Iteration is Completed| epoch=3/3 | Iteration = 496/657| loss=0.532117 | acc=86.72%
2026-02-13 20:17:01 | INFO | | An Iteration is Completed| epoch=3/3 | Iteration = 497/657| loss=0.497400 | acc=84.77%
2026-02-13 20:17:01 | INFO | | An Iteration is Completed| epoch=3/3 | Iteration = 498/657| loss=0.496723 | acc=89.84%
2026-02-13 20:17:01 | INFO | | An Iteration is Completed| epoch=3/3 | Iteration = 499/657| loss=0.445936 | acc=88.28%
2026-02-13 20:17:01 | INFO | | An Iteration is Completed| epoch=3/3 | Iteration = 500/657| loss=0.555717 | acc=82.42%
2026-02-13 20:17:01 | INFO | | An Iteration is Completed| epoch=3/3 | Iteration = 501/657| loss=0.555008 | acc=87.89%
2026-02-13 20:17:01 | INFO | | An Iteration is Completed| epoch=3/3 | Iteration = 502/657| loss=0.531896 | acc=87.50%
2026-02-13 20:17:01 | INFO | | An Iteration is Completed| epoch=3/3 | Iteration = 503/657| loss=0.516859 | acc=87.89%
2026-02-13 20:17:01 | INFO | | An Iteration is Completed| epoch=3/3 | Iteration = 504/657| loss=0.497167 | acc=87.11%
2026-02-13 20:17:01 | INFO | | An Iteration is Completed| epoch=3/3 | Iteration = 505/657| loss=0.501916 | acc=88.28%
2026-02-13 20:17:01 | INFO | | An Iteration is Completed| epoch=3/3 | Iteration = 506/657| loss=0.477637 | acc=89.06%
2026-02-13 20:17:01 | INFO | | An Iteration is Completed| epoch=3/3 | Iteration = 507/657| loss=0.531112 | acc=84.38%
2026-02-13 20:17:01 | INFO | | An Iteration is Completed| epoch=3/3 | Iteration = 508/657| loss=0.397357 | acc=91.80%
2026-02-13 20:17:01 | INFO | | An Iteration is Completed| epoch=3/3 | Iteration = 509/657| loss=0.483130 | acc=89.06%
2026-02-13 20:17:01 | INFO | | An Iteration is Completed| epoch=3/3 | Iteration = 510/657| loss=0.524854 | acc=83.59%
2026-02-13 20:17:01 | INFO | | An Iteration is Completed| epoch=3/3 | Iteration = 511/657| loss=0.517210 | acc=84.38%
2026-02-13 20:17:01 | INFO | | An Iteration is Completed| epoch=3/3 | Iteration = 512/657| loss=0.463673 | acc=90.23%
2026-02-13 20:17:01 | INFO | | An Iteration is Completed| epoch=3/3 | Iteration = 513/657| loss=0.523385 | acc=84.38%
2026-02-13 20:17:01 | INFO | | An Iteration is Completed| epoch=3/3 | Iteration = 514/657| loss=0.529214 | acc=85.94%
2026-02-13 20:17:01 | INFO | | An Iteration is Completed| epoch=3/3 | Iteration = 515/657| loss=0.577200 | acc=84.77%
2026-02-13 20:17:01 | INFO | | An Iteration is Completed| epoch=3/3 | Iteration = 516/657| loss=0.494096 | acc=87.50%
2026-02-13 20:17:01 | INFO | | An Iteration is Completed| epoch=3/3 | Iteration = 517/657| loss=0.496976 | acc=87.50%
2026-02-13 20:17:01 | INFO | | An Iteration is Completed| epoch=3/3 | Iteration = 518/657| loss=0.505663 | acc=85.55%
2026-02-13 20:17:01 | INFO | | An Iteration is Completed| epoch=3/3 | Iteration = 519/657| loss=0.489597 | acc=85.16%
2026-02-13 20:17:01 | INFO | | An Iteration is Completed| epoch=3/3 | Iteration = 520/657| loss=0.498614 | acc=87.89%
2026-02-13 20:17:01 | INFO | | An Iteration is Completed| epoch=3/3 | Iteration = 521/657| loss=0.474979 | acc=87.89%
2026-02-13 20:17:01 | INFO | | An Iteration is Completed| epoch=3/3 | Iteration = 522/657| loss=0.507124 | acc=85.94%
2026-02-13 20:17:01 | INFO | | An Iteration is Completed| epoch=3/3 | Iteration = 523/657| loss=0.488689 | acc=87.50%
2026-02-13 20:17:01 | INFO | | An Iteration is Completed| epoch=3/3 | Iteration = 524/657| loss=0.479990 | acc=86.33%
2026-02-13 20:17:01 | INFO | | An Iteration is Completed| epoch=3/3 | Iteration = 525/657| loss=0.529304 | acc=85.16%
2026-02-13 20:17:01 | INFO | | An Iteration is Completed| epoch=3/3 | Iteration = 526/657| loss=0.446696 | acc=90.62%
2026-02-13 20:17:01 | INFO | | An Iteration is Completed| epoch=3/3 | Iteration = 527/657| loss=0.588248 | acc=84.38%
2026-02-13 20:17:01 | INFO | | An Iteration is Completed| epoch=3/3 | Iteration = 528/657| loss=0.462460 | acc=89.45%
2026-02-13 20:17:01 | INFO | | An Iteration is Completed| epoch=3/3 | Iteration = 529/657| loss=0.446887 | acc=90.62%
2026-02-13 20:17:01 | INFO | | An Iteration is Completed| epoch=3/3 | Iteration = 530/657| loss=0.471117 | acc=85.16%
2026-02-13 20:17:01 | INFO | | An Iteration is Completed| epoch=3/3 | Iteration = 531/657| loss=0.472245 | acc=90.23%
2026-02-13 20:17:01 | INFO | | An Iteration is Completed| epoch=3/3 | Iteration = 532/657| loss=0.501648 | acc=89.45%
2026-02-13 20:17:01 | INFO | | An Iteration is Completed| epoch=3/3 | Iteration = 533/657| loss=0.492543 | acc=85.94%
2026-02-13 20:17:01 | INFO | | An Iteration is Completed| epoch=3/3 | Iteration = 534/657| loss=0.493758 | acc=87.89%
2026-02-13 20:17:01 | INFO | | An Iteration is Completed| epoch=3/3 | Iteration = 535/657| loss=0.490981 | acc=86.72%
2026-02-13 20:17:01 | INFO | | An Iteration is Completed| epoch=3/3 | Iteration = 536/657| loss=0.503847 | acc=87.89%
2026-02-13 20:17:01 | INFO | | An Iteration is Completed| epoch=3/3 | Iteration = 537/657| loss=0.482564 | acc=89.84%
2026-02-13 20:17:01 | INFO | | An Iteration is Completed| epoch=3/3 | Iteration = 538/657| loss=0.464883 | acc=88.28%
2026-02-13 20:17:01 | INFO | | An Iteration is Completed| epoch=3/3 | Iteration = 539/657| loss=0.470537 | acc=86.72%
2026-02-13 20:17:01 | INFO | | An Iteration is Completed| epoch=3/3 | Iteration = 540/657| loss=0.538307 | acc=85.55%
2026-02-13 20:17:01 | INFO | | An Iteration is Completed| epoch=3/3 | Iteration = 541/657| loss=0.531827 | acc=87.50%
2026-02-13 20:17:01 | INFO | | An Iteration is Completed| epoch=3/3 | Iteration = 542/657| loss=0.502723 | acc=87.50%
2026-02-13 20:17:01 | INFO | | An Iteration is Completed| epoch=3/3 | Iteration = 543/657| loss=0.435222 | acc=88.67%
2026-02-13 20:17:01 | INFO | | An Iteration is Completed| epoch=3/3 | Iteration = 544/657| loss=0.511342 | acc=85.16%
2026-02-13 20:17:01 | INFO | | An Iteration is Completed| epoch=3/3 | Iteration = 545/657| loss=0.537830 | acc=87.50%
2026-02-13 20:17:01 | INFO | | An Iteration is Completed| epoch=3/3 | Iteration = 546/657| loss=0.532573 | acc=86.33%
2026-02-13 20:17:01 | INFO | | An Iteration is Completed| epoch=3/3 | Iteration = 547/657| loss=0.498949 | acc=85.55%
2026-02-13 20:17:01 | INFO | | An Iteration is Completed| epoch=3/3 | Iteration = 548/657| loss=0.532170 | acc=85.94%
2026-02-13 20:17:01 | INFO | | An Iteration is Completed| epoch=3/3 | Iteration = 549/657| loss=0.431712 | acc=89.06%
2026-02-13 20:17:01 | INFO | | An Iteration is Completed| epoch=3/3 | Iteration = 550/657| loss=0.484041 | acc=89.84%
2026-02-13 20:17:01 | INFO | | An Iteration is Completed| epoch=3/3 | Iteration = 551/657| loss=0.499228 | acc=88.28%
2026-02-13 20:17:01 | INFO | | An Iteration is Completed| epoch=3/3 | Iteration = 552/657| loss=0.467088 | acc=86.33%
2026-02-13 20:17:01 | INFO | | An Iteration is Completed| epoch=3/3 | Iteration = 553/657| loss=0.537986 | acc=81.64%
2026-02-13 20:17:01 | INFO | | An Iteration is Completed| epoch=3/3 | Iteration = 554/657| loss=0.525774 | acc=83.98%
2026-02-13 20:17:01 | INFO | | An Iteration is Completed| epoch=3/3 | Iteration = 555/657| loss=0.581735 | acc=85.94%
2026-02-13 20:17:01 | INFO | | An Iteration is Completed| epoch=3/3 | Iteration = 556/657| loss=0.504576 | acc=88.28%
2026-02-13 20:17:01 | INFO | | An Iteration is Completed| epoch=3/3 | Iteration = 557/657| loss=0.486751 | acc=90.23%
2026-02-13 20:17:01 | INFO | | An Iteration is Completed| epoch=3/3 | Iteration = 558/657| loss=0.410714 | acc=91.02%
2026-02-13 20:17:01 | INFO | | An Iteration is Completed| epoch=3/3 | Iteration = 559/657| loss=0.515602 | acc=85.94%
2026-02-13 20:17:01 | INFO | | An Iteration is Completed| epoch=3/3 | Iteration = 560/657| loss=0.529001 | acc=88.67%
2026-02-13 20:17:01 | INFO | | An Iteration is Completed| epoch=3/3 | Iteration = 561/657| loss=0.527136 | acc=84.38%
2026-02-13 20:17:01 | INFO | | An Iteration is Completed| epoch=3/3 | Iteration = 562/657| loss=0.505410 | acc=87.11%
2026-02-13 20:17:01 | INFO | | An Iteration is Completed| epoch=3/3 | Iteration = 563/657| loss=0.409561 | acc=91.41%
2026-02-13 20:17:01 | INFO | | An Iteration is Completed| epoch=3/3 | Iteration = 564/657| loss=0.514193 | acc=89.06%
2026-02-13 20:17:01 | INFO | | An Iteration is Completed| epoch=3/3 | Iteration = 565/657| loss=0.403949 | acc=91.02%
2026-02-13 20:17:01 | INFO | | An Iteration is Completed| epoch=3/3 | Iteration = 566/657| loss=0.448068 | acc=87.89%
2026-02-13 20:17:01 | INFO | | An Iteration is Completed| epoch=3/3 | Iteration = 567/657| loss=0.469638 | acc=86.72%
2026-02-13 20:17:01 | INFO | | An Iteration is Completed| epoch=3/3 | Iteration = 568/657| loss=0.433457 | acc=87.50%
2026-02-13 20:17:01 | INFO | | An Iteration is Completed| epoch=3/3 | Iteration = 569/657| loss=0.498151 | acc=85.55%
2026-02-13 20:17:01 | INFO | | An Iteration is Completed| epoch=3/3 | Iteration = 570/657| loss=0.411745 | acc=89.84%
2026-02-13 20:17:01 | INFO | | An Iteration is Completed| epoch=3/3 | Iteration = 571/657| loss=0.451425 | acc=88.67%
2026-02-13 20:17:02 | INFO | | An Iteration is Completed| epoch=3/3 | Iteration = 572/657| loss=0.454521 | acc=87.11%
2026-02-13 20:17:02 | INFO | | An Iteration is Completed| epoch=3/3 | Iteration = 573/657| loss=0.486033 | acc=85.16%
2026-02-13 20:17:02 | INFO | | An Iteration is Completed| epoch=3/3 | Iteration = 574/657| loss=0.512018 | acc=86.33%
2026-02-13 20:17:02 | INFO | | An Iteration is Completed| epoch=3/3 | Iteration = 575/657| loss=0.543668 | acc=85.94%
2026-02-13 20:17:02 | INFO | | An Iteration is Completed| epoch=3/3 | Iteration = 576/657| loss=0.563869 | acc=84.77%
2026-02-13 20:17:02 | INFO | | An Iteration is Completed| epoch=3/3 | Iteration = 577/657| loss=0.503587 | acc=86.72%
2026-02-13 20:17:02 | INFO | | An Iteration is Completed| epoch=3/3 | Iteration = 578/657| loss=0.461204 | acc=89.06%
2026-02-13 20:17:02 | INFO | | An Iteration is Completed| epoch=3/3 | Iteration = 579/657| loss=0.444098 | acc=88.28%
2026-02-13 20:17:02 | INFO | | An Iteration is Completed| epoch=3/3 | Iteration = 580/657| loss=0.538257 | acc=85.55%
2026-02-13 20:17:02 | INFO | | An Iteration is Completed| epoch=3/3 | Iteration = 581/657| loss=0.415838 | acc=88.67%
2026-02-13 20:17:02 | INFO | | An Iteration is Completed| epoch=3/3 | Iteration = 582/657| loss=0.476558 | acc=87.89%
2026-02-13 20:17:02 | INFO | | An Iteration is Completed| epoch=3/3 | Iteration = 583/657| loss=0.515335 | acc=85.16%
2026-02-13 20:17:02 | INFO | | An Iteration is Completed| epoch=3/3 | Iteration = 584/657| loss=0.498569 | acc=88.28%
2026-02-13 20:17:02 | INFO | | An Iteration is Completed| epoch=3/3 | Iteration = 585/657| loss=0.485437 | acc=91.02%
2026-02-13 20:17:02 | INFO | | An Iteration is Completed| epoch=3/3 | Iteration = 586/657| loss=0.441366 | acc=88.67%
2026-02-13 20:17:02 | INFO | | An Iteration is Completed| epoch=3/3 | Iteration = 587/657| loss=0.479978 | acc=86.33%
2026-02-13 20:17:02 | INFO | | An Iteration is Completed| epoch=3/3 | Iteration = 588/657| loss=0.503415 | acc=87.11%
2026-02-13 20:17:02 | INFO | | An Iteration is Completed| epoch=3/3 | Iteration = 589/657| loss=0.390365 | acc=91.41%
2026-02-13 20:17:02 | INFO | | An Iteration is Completed| epoch=3/3 | Iteration = 590/657| loss=0.458097 | acc=87.50%
2026-02-13 20:17:02 | INFO | | An Iteration is Completed| epoch=3/3 | Iteration = 591/657| loss=0.426022 | acc=88.28%
2026-02-13 20:17:02 | INFO | | An Iteration is Completed| epoch=3/3 | Iteration = 592/657| loss=0.542194 | acc=84.38%
2026-02-13 20:17:02 | INFO | | An Iteration is Completed| epoch=3/3 | Iteration = 593/657| loss=0.380899 | acc=91.80%
2026-02-13 20:17:02 | INFO | | An Iteration is Completed| epoch=3/3 | Iteration = 594/657| loss=0.527877 | acc=86.33%
2026-02-13 20:17:02 | INFO | | An Iteration is Completed| epoch=3/3 | Iteration = 595/657| loss=0.513924 | acc=87.50%
2026-02-13 20:17:02 | INFO | | An Iteration is Completed| epoch=3/3 | Iteration = 596/657| loss=0.510821 | acc=87.11%
2026-02-13 20:17:02 | INFO | | An Iteration is Completed| epoch=3/3 | Iteration = 597/657| loss=0.558933 | acc=83.98%
2026-02-13 20:17:02 | INFO | | An Iteration is Completed| epoch=3/3 | Iteration = 598/657| loss=0.483279 | acc=88.67%
2026-02-13 20:17:02 | INFO | | An Iteration is Completed| epoch=3/3 | Iteration = 599/657| loss=0.446466 | acc=89.06%
2026-02-13 20:17:02 | INFO | | An Iteration is Completed| epoch=3/3 | Iteration = 600/657| loss=0.540978 | acc=84.77%
2026-02-13 20:17:02 | INFO | | An Iteration is Completed| epoch=3/3 | Iteration = 601/657| loss=0.490196 | acc=87.11%
2026-02-13 20:17:02 | INFO | | An Iteration is Completed| epoch=3/3 | Iteration = 602/657| loss=0.382228 | acc=91.02%
2026-02-13 20:17:02 | INFO | | An Iteration is Completed| epoch=3/3 | Iteration = 603/657| loss=0.393715 | acc=91.02%
2026-02-13 20:17:02 | INFO | | An Iteration is Completed| epoch=3/3 | Iteration = 604/657| loss=0.478833 | acc=85.94%
2026-02-13 20:17:02 | INFO | | An Iteration is Completed| epoch=3/3 | Iteration = 605/657| loss=0.456978 | acc=87.11%
2026-02-13 20:17:02 | INFO | | An Iteration is Completed| epoch=3/3 | Iteration = 606/657| loss=0.410809 | acc=87.50%
2026-02-13 20:17:02 | INFO | | An Iteration is Completed| epoch=3/3 | Iteration = 607/657| loss=0.493978 | acc=87.50%
2026-02-13 20:17:02 | INFO | | An Iteration is Completed| epoch=3/3 | Iteration = 608/657| loss=0.478014 | acc=86.33%
2026-02-13 20:17:02 | INFO | | An Iteration is Completed| epoch=3/3 | Iteration = 609/657| loss=0.510845 | acc=85.16%
2026-02-13 20:17:02 | INFO | | An Iteration is Completed| epoch=3/3 | Iteration = 610/657| loss=0.492659 | acc=85.94%
2026-02-13 20:17:02 | INFO | | An Iteration is Completed| epoch=3/3 | Iteration = 611/657| loss=0.508576 | acc=85.55%
2026-02-13 20:17:02 | INFO | | An Iteration is Completed| epoch=3/3 | Iteration = 612/657| loss=0.450911 | acc=85.16%
2026-02-13 20:17:02 | INFO | | An Iteration is Completed| epoch=3/3 | Iteration = 613/657| loss=0.434595 | acc=89.45%
2026-02-13 20:17:02 | INFO | | An Iteration is Completed| epoch=3/3 | Iteration = 614/657| loss=0.455542 | acc=86.72%
2026-02-13 20:17:02 | INFO | | An Iteration is Completed| epoch=3/3 | Iteration = 615/657| loss=0.442570 | acc=88.28%
2026-02-13 20:17:02 | INFO | | An Iteration is Completed| epoch=3/3 | Iteration = 616/657| loss=0.383470 | acc=90.23%
2026-02-13 20:17:02 | INFO | | An Iteration is Completed| epoch=3/3 | Iteration = 617/657| loss=0.489264 | acc=88.28%
2026-02-13 20:17:02 | INFO | | An Iteration is Completed| epoch=3/3 | Iteration = 618/657| loss=0.379362 | acc=90.62%
2026-02-13 20:17:02 | INFO | | An Iteration is Completed| epoch=3/3 | Iteration = 619/657| loss=0.460247 | acc=88.67%
2026-02-13 20:17:02 | INFO | | An Iteration is Completed| epoch=3/3 | Iteration = 620/657| loss=0.495912 | acc=85.55%
2026-02-13 20:17:02 | INFO | | An Iteration is Completed| epoch=3/3 | Iteration = 621/657| loss=0.480556 | acc=85.55%
2026-02-13 20:17:02 | INFO | | An Iteration is Completed| epoch=3/3 | Iteration = 622/657| loss=0.423625 | acc=87.89%
2026-02-13 20:17:02 | INFO | | An Iteration is Completed| epoch=3/3 | Iteration = 623/657| loss=0.434026 | acc=87.50%
2026-02-13 20:17:02 | INFO | | An Iteration is Completed| epoch=3/3 | Iteration = 624/657| loss=0.418671 | acc=88.67%
2026-02-13 20:17:02 | INFO | | An Iteration is Completed| epoch=3/3 | Iteration = 625/657| loss=0.389878 | acc=89.84%
2026-02-13 20:17:02 | INFO | | An Iteration is Completed| epoch=3/3 | Iteration = 626/657| loss=0.382752 | acc=89.06%
2026-02-13 20:17:02 | INFO | | An Iteration is Completed| epoch=3/3 | Iteration = 627/657| loss=0.453539 | acc=87.89%
2026-02-13 20:17:02 | INFO | | An Iteration is Completed| epoch=3/3 | Iteration = 628/657| loss=0.511987 | acc=84.38%
2026-02-13 20:17:02 | INFO | | An Iteration is Completed| epoch=3/3 | Iteration = 629/657| loss=0.428994 | acc=89.45%
2026-02-13 20:17:02 | INFO | | An Iteration is Completed| epoch=3/3 | Iteration = 630/657| loss=0.438597 | acc=87.50%
2026-02-13 20:17:02 | INFO | | An Iteration is Completed| epoch=3/3 | Iteration = 631/657| loss=0.420336 | acc=88.67%
2026-02-13 20:17:02 | INFO | | An Iteration is Completed| epoch=3/3 | Iteration = 632/657| loss=0.498743 | acc=85.94%
2026-02-13 20:17:02 | INFO | | An Iteration is Completed| epoch=3/3 | Iteration = 633/657| loss=0.464637 | acc=91.41%
2026-02-13 20:17:02 | INFO | | An Iteration is Completed| epoch=3/3 | Iteration = 634/657| loss=0.458476 | acc=89.45%
2026-02-13 20:17:02 | INFO | | An Iteration is Completed| epoch=3/3 | Iteration = 635/657| loss=0.467017 | acc=89.84%
2026-02-13 20:17:02 | INFO | | An Iteration is Completed| epoch=3/3 | Iteration = 636/657| loss=0.441053 | acc=87.11%
2026-02-13 20:17:02 | INFO | | An Iteration is Completed| epoch=3/3 | Iteration = 637/657| loss=0.446952 | acc=87.50%
2026-02-13 20:17:02 | INFO | | An Iteration is Completed| epoch=3/3 | Iteration = 638/657| loss=0.459721 | acc=88.28%
2026-02-13 20:17:02 | INFO | | An Iteration is Completed| epoch=3/3 | Iteration = 639/657| loss=0.386943 | acc=89.06%
2026-02-13 20:17:02 | INFO | | An Iteration is Completed| epoch=3/3 | Iteration = 640/657| loss=0.423207 | acc=89.45%
2026-02-13 20:17:02 | INFO | | An Iteration is Completed| epoch=3/3 | Iteration = 641/657| loss=0.431094 | acc=90.62%
2026-02-13 20:17:02 | INFO | | An Iteration is Completed| epoch=3/3 | Iteration = 642/657| loss=0.429617 | acc=88.28%
2026-02-13 20:17:02 | INFO | | An Iteration is Completed| epoch=3/3 | Iteration = 643/657| loss=0.477410 | acc=86.72%
2026-02-13 20:17:02 | INFO | | An Iteration is Completed| epoch=3/3 | Iteration = 644/657| loss=0.438827 | acc=87.11%
2026-02-13 20:17:02 | INFO | | An Iteration is Completed| epoch=3/3 | Iteration = 645/657| loss=0.441030 | acc=87.11%
2026-02-13 20:17:02 | INFO | | An Iteration is Completed| epoch=3/3 | Iteration = 646/657| loss=0.409123 | acc=90.23%
2026-02-13 20:17:02 | INFO | | An Iteration is Completed| epoch=3/3 | Iteration = 647/657| loss=0.372293 | acc=91.02%
2026-02-13 20:17:02 | INFO | | An Iteration is Completed| epoch=3/3 | Iteration = 648/657| loss=0.399463 | acc=89.84%
2026-02-13 20:17:02 | INFO | | An Iteration is Completed| epoch=3/3 | Iteration = 649/657| loss=0.419625 | acc=89.06%
2026-02-13 20:17:02 | INFO | | An Iteration is Completed| epoch=3/3 | Iteration = 650/657| loss=0.462238 | acc=87.89%
2026-02-13 20:17:02 | INFO | | An Iteration is Completed| epoch=3/3 | Iteration = 651/657| loss=0.486620 | acc=86.72%
2026-02-13 20:17:02 | INFO | | An Iteration is Completed| epoch=3/3 | Iteration = 652/657| loss=0.485718 | acc=83.98%
2026-02-13 20:17:02 | INFO | | An Iteration is Completed| epoch=3/3 | Iteration = 653/657| loss=0.587581 | acc=84.38%
2026-02-13 20:17:02 | INFO | | An Iteration is Completed| epoch=3/3 | Iteration = 654/657| loss=0.406675 | acc=90.23%
2026-02-13 20:17:02 | INFO | | An Iteration is Completed| epoch=3/3 | Iteration = 655/657| loss=0.392304 | acc=89.84%
2026-02-13 20:17:02 | INFO | | An Iteration is Completed| epoch=3/3 | Iteration = 656/657| loss=0.426283 | acc=88.28%
2026-02-13 20:17:02 | INFO | | An Iteration is Completed| epoch=3/3 | Iteration = 657/657| loss=0.389504 | acc=89.01%
2026-02-13 20:17:02 | INFO | | The Epoch is Completedseed=42 | batch=256| epoch=3/3| loss=0.493017| Acc=87.17%| Test_Acc=87.63%| Val Acc=87.69%| First Steady Time=17.405189037322998| Steady Epoch Time=2.353691339492798
2026-02-13 20:17:02 | INFO | Saving the final model checkpoints with seed : 42 at location: checkpoints/run_seed42_batch256_final.npz
