2026-02-12 15:19:27 | INFO | MLP Implementation with JAX From scratch.
2026-02-12 15:19:27 | INFO | Straring run 42 with Seed = 42 and Batch Size=1024
2026-02-12 15:19:27 | INFO | Total Epochs = 10
2026-02-12 15:19:34 | INFO | Total iterations = 550
2026-02-12 15:19:35 | INFO | | An Iteration is Completed| epoch=1/10 | Iteration = 1/550| loss=2.406679 | acc=9.96%| val acc=9.91
2026-02-12 15:19:35 | INFO | | An Iteration is Completed| epoch=1/10 | Iteration = 2/550| loss=2.402169 | acc=10.06%| val acc=10.26
2026-02-12 15:19:35 | INFO | | An Iteration is Completed| epoch=1/10 | Iteration = 3/550| loss=2.414964 | acc=9.77%| val acc=10.56
2026-02-12 15:19:35 | INFO | | An Iteration is Completed| epoch=1/10 | Iteration = 4/550| loss=2.359829 | acc=12.21%| val acc=11.24
2026-02-12 15:19:35 | INFO | | An Iteration is Completed| epoch=1/10 | Iteration = 5/550| loss=2.367374 | acc=9.57%| val acc=12.14
2026-02-12 15:19:35 | INFO | | An Iteration is Completed| epoch=1/10 | Iteration = 6/550| loss=2.350669 | acc=12.79%| val acc=12.74
2026-02-12 15:19:35 | INFO | | An Iteration is Completed| epoch=1/10 | Iteration = 7/550| loss=2.324721 | acc=14.55%| val acc=13.83
2026-02-12 15:19:35 | INFO | | An Iteration is Completed| epoch=1/10 | Iteration = 8/550| loss=2.306475 | acc=13.48%| val acc=15.27
2026-02-12 15:19:35 | INFO | | An Iteration is Completed| epoch=1/10 | Iteration = 9/550| loss=2.291076 | acc=17.68%| val acc=16.30
2026-02-12 15:19:36 | INFO | | An Iteration is Completed| epoch=1/10 | Iteration = 10/550| loss=2.289982 | acc=16.80%| val acc=17.34
2026-02-12 15:19:36 | INFO | | An Iteration is Completed| epoch=1/10 | Iteration = 11/550| loss=2.278235 | acc=18.95%| val acc=18.50
2026-02-12 15:19:36 | INFO | | An Iteration is Completed| epoch=1/10 | Iteration = 12/550| loss=2.249103 | acc=20.90%| val acc=19.80
2026-02-12 15:19:36 | INFO | | An Iteration is Completed| epoch=1/10 | Iteration = 13/550| loss=2.244022 | acc=19.92%| val acc=20.91
2026-02-12 15:19:36 | INFO | | An Iteration is Completed| epoch=1/10 | Iteration = 14/550| loss=2.243527 | acc=23.54%| val acc=22.05
2026-02-12 15:19:36 | INFO | | An Iteration is Completed| epoch=1/10 | Iteration = 15/550| loss=2.219687 | acc=24.22%| val acc=23.37
2026-02-12 15:19:36 | INFO | | An Iteration is Completed| epoch=1/10 | Iteration = 16/550| loss=2.222303 | acc=23.73%| val acc=24.10
2026-02-12 15:19:36 | INFO | | An Iteration is Completed| epoch=1/10 | Iteration = 17/550| loss=2.225001 | acc=22.75%| val acc=24.78
2026-02-12 15:19:36 | INFO | | An Iteration is Completed| epoch=1/10 | Iteration = 18/550| loss=2.176513 | acc=27.44%| val acc=25.80
2026-02-12 15:19:36 | INFO | | An Iteration is Completed| epoch=1/10 | Iteration = 19/550| loss=2.190704 | acc=26.56%| val acc=26.77
2026-02-12 15:19:36 | INFO | | An Iteration is Completed| epoch=1/10 | Iteration = 20/550| loss=2.177344 | acc=25.98%| val acc=27.45
2026-02-12 15:19:36 | INFO | | An Iteration is Completed| epoch=1/10 | Iteration = 21/550| loss=2.157404 | acc=29.10%| val acc=28.47
2026-02-12 15:19:36 | INFO | | An Iteration is Completed| epoch=1/10 | Iteration = 22/550| loss=2.164426 | acc=29.59%| val acc=29.31
2026-02-12 15:19:36 | INFO | | An Iteration is Completed| epoch=1/10 | Iteration = 23/550| loss=2.145545 | acc=28.52%| val acc=30.07
2026-02-12 15:19:36 | INFO | | An Iteration is Completed| epoch=1/10 | Iteration = 24/550| loss=2.131836 | acc=30.57%| val acc=31.20
2026-02-12 15:19:36 | INFO | | An Iteration is Completed| epoch=1/10 | Iteration = 25/550| loss=2.128042 | acc=29.88%| val acc=31.90
2026-02-12 15:19:36 | INFO | | An Iteration is Completed| epoch=1/10 | Iteration = 26/550| loss=2.104389 | acc=34.77%| val acc=32.77
2026-02-12 15:19:36 | INFO | | An Iteration is Completed| epoch=1/10 | Iteration = 27/550| loss=2.081341 | acc=35.64%| val acc=33.42
2026-02-12 15:19:36 | INFO | | An Iteration is Completed| epoch=1/10 | Iteration = 28/550| loss=2.120419 | acc=30.96%| val acc=34.14
2026-02-12 15:19:36 | INFO | | An Iteration is Completed| epoch=1/10 | Iteration = 29/550| loss=2.093961 | acc=35.25%| val acc=34.90
2026-02-12 15:19:36 | INFO | | An Iteration is Completed| epoch=1/10 | Iteration = 30/550| loss=2.083500 | acc=36.04%| val acc=35.59
2026-02-12 15:19:36 | INFO | | An Iteration is Completed| epoch=1/10 | Iteration = 31/550| loss=2.057994 | acc=36.33%| val acc=36.24
2026-02-12 15:19:36 | INFO | | An Iteration is Completed| epoch=1/10 | Iteration = 32/550| loss=2.056177 | acc=37.99%| val acc=37.02
2026-02-12 15:19:36 | INFO | | An Iteration is Completed| epoch=1/10 | Iteration = 33/550| loss=2.049218 | acc=37.79%| val acc=37.71
2026-02-12 15:19:36 | INFO | | An Iteration is Completed| epoch=1/10 | Iteration = 34/550| loss=2.045857 | acc=37.89%| val acc=38.49
2026-02-12 15:19:36 | INFO | | An Iteration is Completed| epoch=1/10 | Iteration = 35/550| loss=2.032948 | acc=38.38%| val acc=39.24
2026-02-12 15:19:36 | INFO | | An Iteration is Completed| epoch=1/10 | Iteration = 36/550| loss=2.028744 | acc=39.45%| val acc=39.58
2026-02-12 15:19:36 | INFO | | An Iteration is Completed| epoch=1/10 | Iteration = 37/550| loss=2.006275 | acc=41.60%| val acc=40.17
2026-02-12 15:19:36 | INFO | | An Iteration is Completed| epoch=1/10 | Iteration = 38/550| loss=2.007792 | acc=41.21%| val acc=40.75
2026-02-12 15:19:36 | INFO | | An Iteration is Completed| epoch=1/10 | Iteration = 39/550| loss=2.007799 | acc=40.82%| val acc=41.35
2026-02-12 15:19:36 | INFO | | An Iteration is Completed| epoch=1/10 | Iteration = 40/550| loss=1.972519 | acc=44.53%| val acc=41.71
2026-02-12 15:19:36 | INFO | | An Iteration is Completed| epoch=1/10 | Iteration = 41/550| loss=2.000254 | acc=41.80%| val acc=42.77
2026-02-12 15:19:36 | INFO | | An Iteration is Completed| epoch=1/10 | Iteration = 42/550| loss=1.955588 | acc=44.24%| val acc=43.22
2026-02-12 15:19:36 | INFO | | An Iteration is Completed| epoch=1/10 | Iteration = 43/550| loss=1.961147 | acc=44.34%| val acc=43.57
2026-02-12 15:19:36 | INFO | | An Iteration is Completed| epoch=1/10 | Iteration = 44/550| loss=1.929573 | acc=45.51%| val acc=44.19
2026-02-12 15:19:36 | INFO | | An Iteration is Completed| epoch=1/10 | Iteration = 45/550| loss=1.919386 | acc=46.97%| val acc=44.57
2026-02-12 15:19:36 | INFO | | An Iteration is Completed| epoch=1/10 | Iteration = 46/550| loss=1.931709 | acc=48.63%| val acc=44.94
2026-02-12 15:19:36 | INFO | | An Iteration is Completed| epoch=1/10 | Iteration = 47/550| loss=1.915844 | acc=46.78%| val acc=45.32
2026-02-12 15:19:36 | INFO | | An Iteration is Completed| epoch=1/10 | Iteration = 48/550| loss=1.917625 | acc=48.24%| val acc=45.76
2026-02-12 15:19:36 | INFO | | An Iteration is Completed| epoch=1/10 | Iteration = 49/550| loss=1.887443 | acc=46.97%| val acc=46.18
2026-02-12 15:19:36 | INFO | | An Iteration is Completed| epoch=1/10 | Iteration = 50/550| loss=1.929828 | acc=44.73%| val acc=46.65
2026-02-12 15:19:36 | INFO | | An Iteration is Completed| epoch=1/10 | Iteration = 51/550| loss=1.858805 | acc=51.27%| val acc=46.96
2026-02-12 15:19:37 | INFO | | An Iteration is Completed| epoch=1/10 | Iteration = 52/550| loss=1.879474 | acc=49.71%| val acc=47.54
2026-02-12 15:19:37 | INFO | | An Iteration is Completed| epoch=1/10 | Iteration = 53/550| loss=1.862951 | acc=52.05%| val acc=47.94
2026-02-12 15:19:37 | INFO | | An Iteration is Completed| epoch=1/10 | Iteration = 54/550| loss=1.859276 | acc=50.00%| val acc=48.51
2026-02-12 15:19:38 | INFO | | An Iteration is Completed| epoch=1/10 | Iteration = 55/550| loss=1.851928 | acc=50.21%| val acc=49.21
2026-02-12 15:19:38 | INFO | | The Epoch is Completedseed=42 | batch=1024| epoch=1/10| loss=2.108323| Acc=32.42%| Test_Acc=51.44%| Val Acc=49.21%| First Steady Time=3.3232851028442383| Steady Epoch Time=None
2026-02-12 15:19:38 | INFO | | An Iteration is Completed| epoch=2/10 | Iteration = 56/550| loss=1.847066 | acc=52.25%| val acc=49.79
2026-02-12 15:19:38 | INFO | | An Iteration is Completed| epoch=2/10 | Iteration = 57/550| loss=1.840312 | acc=52.93%| val acc=50.08
2026-02-12 15:19:38 | INFO | | An Iteration is Completed| epoch=2/10 | Iteration = 58/550| loss=1.830153 | acc=52.25%| val acc=50.69
2026-02-12 15:19:38 | INFO | | An Iteration is Completed| epoch=2/10 | Iteration = 59/550| loss=1.830519 | acc=53.12%| val acc=51.14
2026-02-12 15:19:38 | INFO | | An Iteration is Completed| epoch=2/10 | Iteration = 60/550| loss=1.798290 | acc=56.64%| val acc=51.56
2026-02-12 15:19:38 | INFO | | An Iteration is Completed| epoch=2/10 | Iteration = 61/550| loss=1.827342 | acc=51.37%| val acc=52.08
2026-02-12 15:19:38 | INFO | | An Iteration is Completed| epoch=2/10 | Iteration = 62/550| loss=1.806507 | acc=53.61%| val acc=52.55
2026-02-12 15:19:38 | INFO | | An Iteration is Completed| epoch=2/10 | Iteration = 63/550| loss=1.789188 | acc=53.81%| val acc=52.98
2026-02-12 15:19:38 | INFO | | An Iteration is Completed| epoch=2/10 | Iteration = 64/550| loss=1.789710 | acc=54.20%| val acc=53.51
2026-02-12 15:19:38 | INFO | | An Iteration is Completed| epoch=2/10 | Iteration = 65/550| loss=1.759762 | acc=56.54%| val acc=53.86
2026-02-12 15:19:38 | INFO | | An Iteration is Completed| epoch=2/10 | Iteration = 66/550| loss=1.762215 | acc=55.86%| val acc=54.05
2026-02-12 15:19:38 | INFO | | An Iteration is Completed| epoch=2/10 | Iteration = 67/550| loss=1.770767 | acc=55.47%| val acc=54.61
2026-02-12 15:19:38 | INFO | | An Iteration is Completed| epoch=2/10 | Iteration = 68/550| loss=1.748780 | acc=56.54%| val acc=55.03
2026-02-12 15:19:38 | INFO | | An Iteration is Completed| epoch=2/10 | Iteration = 69/550| loss=1.725869 | acc=58.59%| val acc=55.51
2026-02-12 15:19:38 | INFO | | An Iteration is Completed| epoch=2/10 | Iteration = 70/550| loss=1.735546 | acc=55.66%| val acc=55.88
2026-02-12 15:19:38 | INFO | | An Iteration is Completed| epoch=2/10 | Iteration = 71/550| loss=1.746220 | acc=58.11%| val acc=56.45
2026-02-12 15:19:38 | INFO | | An Iteration is Completed| epoch=2/10 | Iteration = 72/550| loss=1.697890 | acc=59.77%| val acc=56.83
2026-02-12 15:19:38 | INFO | | An Iteration is Completed| epoch=2/10 | Iteration = 73/550| loss=1.720448 | acc=59.18%| val acc=57.31
2026-02-12 15:19:38 | INFO | | An Iteration is Completed| epoch=2/10 | Iteration = 74/550| loss=1.693441 | acc=58.79%| val acc=57.62
2026-02-12 15:19:38 | INFO | | An Iteration is Completed| epoch=2/10 | Iteration = 75/550| loss=1.684139 | acc=59.47%| val acc=57.89
2026-02-12 15:19:38 | INFO | | An Iteration is Completed| epoch=2/10 | Iteration = 76/550| loss=1.681245 | acc=60.64%| val acc=58.09
2026-02-12 15:19:38 | INFO | | An Iteration is Completed| epoch=2/10 | Iteration = 77/550| loss=1.684687 | acc=59.47%| val acc=58.31
2026-02-12 15:19:38 | INFO | | An Iteration is Completed| epoch=2/10 | Iteration = 78/550| loss=1.696258 | acc=58.20%| val acc=58.75
2026-02-12 15:19:38 | INFO | | An Iteration is Completed| epoch=2/10 | Iteration = 79/550| loss=1.687990 | acc=57.32%| val acc=58.98
2026-02-12 15:19:38 | INFO | | An Iteration is Completed| epoch=2/10 | Iteration = 80/550| loss=1.669294 | acc=60.16%| val acc=59.35
2026-02-12 15:19:38 | INFO | | An Iteration is Completed| epoch=2/10 | Iteration = 81/550| loss=1.628932 | acc=62.79%| val acc=59.83
2026-02-12 15:19:38 | INFO | | An Iteration is Completed| epoch=2/10 | Iteration = 82/550| loss=1.659337 | acc=58.98%| val acc=60.09
2026-02-12 15:19:38 | INFO | | An Iteration is Completed| epoch=2/10 | Iteration = 83/550| loss=1.651329 | acc=60.25%| val acc=60.41
2026-02-12 15:19:38 | INFO | | An Iteration is Completed| epoch=2/10 | Iteration = 84/550| loss=1.620557 | acc=62.40%| val acc=60.73
2026-02-12 15:19:38 | INFO | | An Iteration is Completed| epoch=2/10 | Iteration = 85/550| loss=1.613622 | acc=61.04%| val acc=61.19
2026-02-12 15:19:38 | INFO | | An Iteration is Completed| epoch=2/10 | Iteration = 86/550| loss=1.618106 | acc=63.57%| val acc=61.48
2026-02-12 15:19:38 | INFO | | An Iteration is Completed| epoch=2/10 | Iteration = 87/550| loss=1.597846 | acc=62.79%| val acc=61.85
2026-02-12 15:19:38 | INFO | | An Iteration is Completed| epoch=2/10 | Iteration = 88/550| loss=1.592044 | acc=63.09%| val acc=62.19
2026-02-12 15:19:38 | INFO | | An Iteration is Completed| epoch=2/10 | Iteration = 89/550| loss=1.577310 | acc=65.72%| val acc=62.46
2026-02-12 15:19:39 | INFO | | An Iteration is Completed| epoch=2/10 | Iteration = 90/550| loss=1.597256 | acc=64.65%| val acc=62.66
2026-02-12 15:19:39 | INFO | | An Iteration is Completed| epoch=2/10 | Iteration = 91/550| loss=1.594541 | acc=63.67%| val acc=63.05
2026-02-12 15:19:39 | INFO | | An Iteration is Completed| epoch=2/10 | Iteration = 92/550| loss=1.560244 | acc=65.33%| val acc=63.15
2026-02-12 15:19:39 | INFO | | An Iteration is Completed| epoch=2/10 | Iteration = 93/550| loss=1.578823 | acc=62.99%| val acc=63.52
2026-02-12 15:19:39 | INFO | | An Iteration is Completed| epoch=2/10 | Iteration = 94/550| loss=1.566789 | acc=62.70%| val acc=63.88
2026-02-12 15:19:39 | INFO | | An Iteration is Completed| epoch=2/10 | Iteration = 95/550| loss=1.523306 | acc=66.80%| val acc=64.01
2026-02-12 15:19:39 | INFO | | An Iteration is Completed| epoch=2/10 | Iteration = 96/550| loss=1.536884 | acc=65.23%| val acc=64.28
2026-02-12 15:19:39 | INFO | | An Iteration is Completed| epoch=2/10 | Iteration = 97/550| loss=1.511742 | acc=66.80%| val acc=64.28
2026-02-12 15:19:39 | INFO | | An Iteration is Completed| epoch=2/10 | Iteration = 98/550| loss=1.540595 | acc=63.77%| val acc=64.62
2026-02-12 15:19:39 | INFO | | An Iteration is Completed| epoch=2/10 | Iteration = 99/550| loss=1.523600 | acc=64.16%| val acc=64.92
2026-02-12 15:19:39 | INFO | | An Iteration is Completed| epoch=2/10 | Iteration = 100/550| loss=1.514151 | acc=64.36%| val acc=65.15
2026-02-12 15:19:39 | INFO | | An Iteration is Completed| epoch=2/10 | Iteration = 101/550| loss=1.523759 | acc=64.55%| val acc=65.59
2026-02-12 15:19:39 | INFO | | An Iteration is Completed| epoch=2/10 | Iteration = 102/550| loss=1.500708 | acc=65.72%| val acc=65.78
2026-02-12 15:19:39 | INFO | | An Iteration is Completed| epoch=2/10 | Iteration = 103/550| loss=1.480869 | acc=65.82%| val acc=65.79
2026-02-12 15:19:39 | INFO | | An Iteration is Completed| epoch=2/10 | Iteration = 104/550| loss=1.485793 | acc=67.87%| val acc=65.99
2026-02-12 15:19:39 | INFO | | An Iteration is Completed| epoch=2/10 | Iteration = 105/550| loss=1.455837 | acc=67.48%| val acc=66.22
2026-02-12 15:19:39 | INFO | | An Iteration is Completed| epoch=2/10 | Iteration = 106/550| loss=1.463207 | acc=68.16%| val acc=66.26
2026-02-12 15:19:39 | INFO | | An Iteration is Completed| epoch=2/10 | Iteration = 107/550| loss=1.445878 | acc=68.85%| val acc=66.32
2026-02-12 15:19:39 | INFO | | An Iteration is Completed| epoch=2/10 | Iteration = 108/550| loss=1.432453 | acc=66.89%| val acc=66.65
2026-02-12 15:19:39 | INFO | | An Iteration is Completed| epoch=2/10 | Iteration = 109/550| loss=1.454169 | acc=67.19%| val acc=66.88
2026-02-12 15:19:39 | INFO | | An Iteration is Completed| epoch=2/10 | Iteration = 110/550| loss=1.437147 | acc=68.56%| val acc=67.32
2026-02-12 15:19:39 | INFO | | The Epoch is Completedseed=42 | batch=1024| epoch=2/10| loss=1.639526| Acc=60.90%| Test_Acc=68.14%| Val Acc=67.32%| First Steady Time=3.3232851028442383| Steady Epoch Time=1.340991735458374
2026-02-12 15:19:39 | INFO | | An Iteration is Completed| epoch=3/10 | Iteration = 111/550| loss=1.441162 | acc=67.19%| val acc=67.68
2026-02-12 15:19:39 | INFO | | An Iteration is Completed| epoch=3/10 | Iteration = 112/550| loss=1.457265 | acc=66.80%| val acc=68.05
2026-02-12 15:19:39 | INFO | | An Iteration is Completed| epoch=3/10 | Iteration = 113/550| loss=1.414102 | acc=69.14%| val acc=68.45
2026-02-12 15:19:39 | INFO | | An Iteration is Completed| epoch=3/10 | Iteration = 114/550| loss=1.432178 | acc=65.92%| val acc=68.58
2026-02-12 15:19:39 | INFO | | An Iteration is Completed| epoch=3/10 | Iteration = 115/550| loss=1.388925 | acc=71.29%| val acc=68.72
2026-02-12 15:19:39 | INFO | | An Iteration is Completed| epoch=3/10 | Iteration = 116/550| loss=1.400256 | acc=69.34%| val acc=69.05
2026-02-12 15:19:39 | INFO | | An Iteration is Completed| epoch=3/10 | Iteration = 117/550| loss=1.329428 | acc=73.54%| val acc=69.23
2026-02-12 15:19:39 | INFO | | An Iteration is Completed| epoch=3/10 | Iteration = 118/550| loss=1.374140 | acc=72.07%| val acc=69.46
2026-02-12 15:19:39 | INFO | | An Iteration is Completed| epoch=3/10 | Iteration = 119/550| loss=1.349159 | acc=71.09%| val acc=69.52
2026-02-12 15:19:39 | INFO | | An Iteration is Completed| epoch=3/10 | Iteration = 120/550| loss=1.378020 | acc=70.21%| val acc=69.73
2026-02-12 15:19:39 | INFO | | An Iteration is Completed| epoch=3/10 | Iteration = 121/550| loss=1.337933 | acc=73.14%| val acc=69.69
2026-02-12 15:19:39 | INFO | | An Iteration is Completed| epoch=3/10 | Iteration = 122/550| loss=1.380959 | acc=68.95%| val acc=69.83
2026-02-12 15:19:39 | INFO | | An Iteration is Completed| epoch=3/10 | Iteration = 123/550| loss=1.373359 | acc=69.04%| val acc=69.90
2026-02-12 15:19:39 | INFO | | An Iteration is Completed| epoch=3/10 | Iteration = 124/550| loss=1.342700 | acc=71.88%| val acc=70.03
2026-02-12 15:19:39 | INFO | | An Iteration is Completed| epoch=3/10 | Iteration = 125/550| loss=1.310852 | acc=73.05%| val acc=70.09
2026-02-12 15:19:40 | INFO | | An Iteration is Completed| epoch=3/10 | Iteration = 126/550| loss=1.340641 | acc=69.92%| val acc=70.39
2026-02-12 15:19:40 | INFO | | An Iteration is Completed| epoch=3/10 | Iteration = 127/550| loss=1.331829 | acc=71.00%| val acc=70.59
2026-02-12 15:19:40 | INFO | | An Iteration is Completed| epoch=3/10 | Iteration = 128/550| loss=1.318109 | acc=71.88%| val acc=70.76
2026-02-12 15:19:40 | INFO | | An Iteration is Completed| epoch=3/10 | Iteration = 129/550| loss=1.308681 | acc=71.09%| val acc=70.89
2026-02-12 15:19:40 | INFO | | An Iteration is Completed| epoch=3/10 | Iteration = 130/550| loss=1.315350 | acc=71.19%| val acc=71.00
2026-02-12 15:19:40 | INFO | | An Iteration is Completed| epoch=3/10 | Iteration = 131/550| loss=1.298941 | acc=72.66%| val acc=71.19
2026-02-12 15:19:40 | INFO | | An Iteration is Completed| epoch=3/10 | Iteration = 132/550| loss=1.264794 | acc=72.85%| val acc=71.36
2026-02-12 15:19:40 | INFO | | An Iteration is Completed| epoch=3/10 | Iteration = 133/550| loss=1.275617 | acc=71.78%| val acc=71.38
2026-02-12 15:19:40 | INFO | | An Iteration is Completed| epoch=3/10 | Iteration = 134/550| loss=1.269683 | acc=73.73%| val acc=71.53
2026-02-12 15:19:40 | INFO | | An Iteration is Completed| epoch=3/10 | Iteration = 135/550| loss=1.280935 | acc=73.34%| val acc=71.86
2026-02-12 15:19:40 | INFO | | An Iteration is Completed| epoch=3/10 | Iteration = 136/550| loss=1.276793 | acc=72.95%| val acc=72.00
2026-02-12 15:19:40 | INFO | | An Iteration is Completed| epoch=3/10 | Iteration = 137/550| loss=1.244083 | acc=73.34%| val acc=72.08
2026-02-12 15:19:40 | INFO | | An Iteration is Completed| epoch=3/10 | Iteration = 138/550| loss=1.258992 | acc=72.36%| val acc=72.29
2026-02-12 15:19:40 | INFO | | An Iteration is Completed| epoch=3/10 | Iteration = 139/550| loss=1.273259 | acc=71.09%| val acc=72.28
2026-02-12 15:19:40 | INFO | | An Iteration is Completed| epoch=3/10 | Iteration = 140/550| loss=1.269683 | acc=73.93%| val acc=72.43
2026-02-12 15:19:40 | INFO | | An Iteration is Completed| epoch=3/10 | Iteration = 141/550| loss=1.258033 | acc=73.34%| val acc=72.45
2026-02-12 15:19:40 | INFO | | An Iteration is Completed| epoch=3/10 | Iteration = 142/550| loss=1.204092 | acc=76.66%| val acc=72.66
2026-02-12 15:19:40 | INFO | | An Iteration is Completed| epoch=3/10 | Iteration = 143/550| loss=1.193007 | acc=76.07%| val acc=72.76
2026-02-12 15:19:40 | INFO | | An Iteration is Completed| epoch=3/10 | Iteration = 144/550| loss=1.237272 | acc=73.05%| val acc=72.80
2026-02-12 15:19:40 | INFO | | An Iteration is Completed| epoch=3/10 | Iteration = 145/550| loss=1.241725 | acc=73.14%| val acc=72.88
2026-02-12 15:19:40 | INFO | | An Iteration is Completed| epoch=3/10 | Iteration = 146/550| loss=1.212851 | acc=73.05%| val acc=73.05
2026-02-12 15:19:40 | INFO | | An Iteration is Completed| epoch=3/10 | Iteration = 147/550| loss=1.217378 | acc=72.27%| val acc=73.30
2026-02-12 15:19:40 | INFO | | An Iteration is Completed| epoch=3/10 | Iteration = 148/550| loss=1.197639 | acc=74.02%| val acc=73.46
2026-02-12 15:19:40 | INFO | | An Iteration is Completed| epoch=3/10 | Iteration = 149/550| loss=1.192170 | acc=74.02%| val acc=73.70
2026-02-12 15:19:40 | INFO | | An Iteration is Completed| epoch=3/10 | Iteration = 150/550| loss=1.232206 | acc=71.78%| val acc=73.85
2026-02-12 15:19:40 | INFO | | An Iteration is Completed| epoch=3/10 | Iteration = 151/550| loss=1.172076 | acc=75.20%| val acc=73.93
2026-02-12 15:19:40 | INFO | | An Iteration is Completed| epoch=3/10 | Iteration = 152/550| loss=1.140805 | acc=76.95%| val acc=74.03
2026-02-12 15:19:40 | INFO | | An Iteration is Completed| epoch=3/10 | Iteration = 153/550| loss=1.215656 | acc=71.19%| val acc=74.18
2026-02-12 15:19:40 | INFO | | An Iteration is Completed| epoch=3/10 | Iteration = 154/550| loss=1.163164 | acc=76.17%| val acc=74.40
2026-02-12 15:19:40 | INFO | | An Iteration is Completed| epoch=3/10 | Iteration = 155/550| loss=1.163119 | acc=76.86%| val acc=74.50
2026-02-12 15:19:40 | INFO | | An Iteration is Completed| epoch=3/10 | Iteration = 156/550| loss=1.167288 | acc=74.41%| val acc=74.65
2026-02-12 15:19:40 | INFO | | An Iteration is Completed| epoch=3/10 | Iteration = 157/550| loss=1.120829 | acc=77.15%| val acc=74.82
2026-02-12 15:19:40 | INFO | | An Iteration is Completed| epoch=3/10 | Iteration = 158/550| loss=1.138019 | acc=75.29%| val acc=74.96
2026-02-12 15:19:40 | INFO | | An Iteration is Completed| epoch=3/10 | Iteration = 159/550| loss=1.145752 | acc=75.98%| val acc=75.00
2026-02-12 15:19:40 | INFO | | An Iteration is Completed| epoch=3/10 | Iteration = 160/550| loss=1.128490 | acc=75.68%| val acc=75.15
2026-02-12 15:19:40 | INFO | | An Iteration is Completed| epoch=3/10 | Iteration = 161/550| loss=1.096800 | acc=78.32%| val acc=75.17
2026-02-12 15:19:40 | INFO | | An Iteration is Completed| epoch=3/10 | Iteration = 162/550| loss=1.100529 | acc=78.71%| val acc=75.07
2026-02-12 15:19:40 | INFO | | An Iteration is Completed| epoch=3/10 | Iteration = 163/550| loss=1.091422 | acc=77.73%| val acc=75.17
2026-02-12 15:19:40 | INFO | | An Iteration is Completed| epoch=3/10 | Iteration = 164/550| loss=1.165838 | acc=73.44%| val acc=75.35
2026-02-12 15:19:41 | INFO | | An Iteration is Completed| epoch=3/10 | Iteration = 165/550| loss=1.075726 | acc=77.38%| val acc=75.37
2026-02-12 15:19:41 | INFO | | The Epoch is Completedseed=42 | batch=1024| epoch=3/10| loss=1.261234| Acc=72.95%| Test_Acc=76.20%| Val Acc=75.37%| First Steady Time=3.3232851028442383| Steady Epoch Time=1.340991735458374
2026-02-12 15:19:41 | INFO | | An Iteration is Completed| epoch=4/10 | Iteration = 166/550| loss=1.161252 | acc=73.93%| val acc=75.63
2026-02-12 15:19:41 | INFO | | An Iteration is Completed| epoch=4/10 | Iteration = 167/550| loss=1.098752 | acc=75.68%| val acc=75.69
2026-02-12 15:19:41 | INFO | | An Iteration is Completed| epoch=4/10 | Iteration = 168/550| loss=1.103201 | acc=75.20%| val acc=75.82
2026-02-12 15:19:41 | INFO | | An Iteration is Completed| epoch=4/10 | Iteration = 169/550| loss=1.069420 | acc=78.32%| val acc=75.86
2026-02-12 15:19:41 | INFO | | An Iteration is Completed| epoch=4/10 | Iteration = 170/550| loss=1.081260 | acc=76.76%| val acc=75.89
2026-02-12 15:19:41 | INFO | | An Iteration is Completed| epoch=4/10 | Iteration = 171/550| loss=1.102044 | acc=76.76%| val acc=76.15
2026-02-12 15:19:41 | INFO | | An Iteration is Completed| epoch=4/10 | Iteration = 172/550| loss=1.058897 | acc=76.56%| val acc=76.20
2026-02-12 15:19:41 | INFO | | An Iteration is Completed| epoch=4/10 | Iteration = 173/550| loss=1.072528 | acc=77.54%| val acc=76.32
2026-02-12 15:19:41 | INFO | | An Iteration is Completed| epoch=4/10 | Iteration = 174/550| loss=1.060525 | acc=78.03%| val acc=76.42
2026-02-12 15:19:41 | INFO | | An Iteration is Completed| epoch=4/10 | Iteration = 175/550| loss=1.059732 | acc=76.46%| val acc=76.46
2026-02-12 15:19:41 | INFO | | An Iteration is Completed| epoch=4/10 | Iteration = 176/550| loss=1.031692 | acc=77.64%| val acc=76.55
2026-02-12 15:19:41 | INFO | | An Iteration is Completed| epoch=4/10 | Iteration = 177/550| loss=1.026610 | acc=79.00%| val acc=76.55
2026-02-12 15:19:41 | INFO | | An Iteration is Completed| epoch=4/10 | Iteration = 178/550| loss=1.052976 | acc=76.56%| val acc=76.70
2026-02-12 15:19:41 | INFO | | An Iteration is Completed| epoch=4/10 | Iteration = 179/550| loss=1.037806 | acc=78.03%| val acc=76.67
2026-02-12 15:19:41 | INFO | | An Iteration is Completed| epoch=4/10 | Iteration = 180/550| loss=1.016348 | acc=78.81%| val acc=76.73
2026-02-12 15:19:41 | INFO | | An Iteration is Completed| epoch=4/10 | Iteration = 181/550| loss=1.052873 | acc=76.95%| val acc=76.83
2026-02-12 15:19:41 | INFO | | An Iteration is Completed| epoch=4/10 | Iteration = 182/550| loss=1.034616 | acc=78.91%| val acc=76.89
2026-02-12 15:19:41 | INFO | | An Iteration is Completed| epoch=4/10 | Iteration = 183/550| loss=1.035557 | acc=77.83%| val acc=76.95
2026-02-12 15:19:41 | INFO | | An Iteration is Completed| epoch=4/10 | Iteration = 184/550| loss=1.023659 | acc=77.83%| val acc=77.13
2026-02-12 15:19:41 | INFO | | An Iteration is Completed| epoch=4/10 | Iteration = 185/550| loss=1.062680 | acc=75.29%| val acc=77.25
2026-02-12 15:19:41 | INFO | | An Iteration is Completed| epoch=4/10 | Iteration = 186/550| loss=1.024584 | acc=77.05%| val acc=77.26
2026-02-12 15:19:41 | INFO | | An Iteration is Completed| epoch=4/10 | Iteration = 187/550| loss=1.004427 | acc=78.52%| val acc=77.36
2026-02-12 15:19:41 | INFO | | An Iteration is Completed| epoch=4/10 | Iteration = 188/550| loss=1.007975 | acc=77.93%| val acc=77.57
2026-02-12 15:19:41 | INFO | | An Iteration is Completed| epoch=4/10 | Iteration = 189/550| loss=1.025473 | acc=76.76%| val acc=77.65
2026-02-12 15:19:41 | INFO | | An Iteration is Completed| epoch=4/10 | Iteration = 190/550| loss=0.989234 | acc=79.88%| val acc=77.63
2026-02-12 15:19:41 | INFO | | An Iteration is Completed| epoch=4/10 | Iteration = 191/550| loss=0.984201 | acc=79.88%| val acc=77.75
2026-02-12 15:19:41 | INFO | | An Iteration is Completed| epoch=4/10 | Iteration = 192/550| loss=0.975743 | acc=80.27%| val acc=77.76
2026-02-12 15:19:41 | INFO | | An Iteration is Completed| epoch=4/10 | Iteration = 193/550| loss=0.995172 | acc=77.34%| val acc=77.90
2026-02-12 15:19:41 | INFO | | An Iteration is Completed| epoch=4/10 | Iteration = 194/550| loss=1.010114 | acc=79.20%| val acc=77.95
2026-02-12 15:19:41 | INFO | | An Iteration is Completed| epoch=4/10 | Iteration = 195/550| loss=0.959160 | acc=78.52%| val acc=78.00
2026-02-12 15:19:41 | INFO | | An Iteration is Completed| epoch=4/10 | Iteration = 196/550| loss=0.959862 | acc=78.91%| val acc=78.02
2026-02-12 15:19:41 | INFO | | An Iteration is Completed| epoch=4/10 | Iteration = 197/550| loss=0.992668 | acc=77.54%| val acc=78.07
2026-02-12 15:19:41 | INFO | | An Iteration is Completed| epoch=4/10 | Iteration = 198/550| loss=0.982964 | acc=77.83%| val acc=78.16
2026-02-12 15:19:41 | INFO | | An Iteration is Completed| epoch=4/10 | Iteration = 199/550| loss=0.953347 | acc=79.88%| val acc=78.06
2026-02-12 15:19:41 | INFO | | An Iteration is Completed| epoch=4/10 | Iteration = 200/550| loss=0.943015 | acc=80.47%| val acc=78.10
2026-02-12 15:19:42 | INFO | | An Iteration is Completed| epoch=4/10 | Iteration = 201/550| loss=0.995569 | acc=77.05%| val acc=78.12
2026-02-12 15:19:42 | INFO | | An Iteration is Completed| epoch=4/10 | Iteration = 202/550| loss=0.952884 | acc=79.20%| val acc=78.13
2026-02-12 15:19:42 | INFO | | An Iteration is Completed| epoch=4/10 | Iteration = 203/550| loss=0.929352 | acc=81.45%| val acc=78.33
2026-02-12 15:19:42 | INFO | | An Iteration is Completed| epoch=4/10 | Iteration = 204/550| loss=0.933065 | acc=80.18%| val acc=78.36
2026-02-12 15:19:42 | INFO | | An Iteration is Completed| epoch=4/10 | Iteration = 205/550| loss=0.916214 | acc=80.08%| val acc=78.37
2026-02-12 15:19:42 | INFO | | An Iteration is Completed| epoch=4/10 | Iteration = 206/550| loss=0.924304 | acc=79.49%| val acc=78.42
2026-02-12 15:19:42 | INFO | | An Iteration is Completed| epoch=4/10 | Iteration = 207/550| loss=0.955302 | acc=78.61%| val acc=78.49
2026-02-12 15:19:42 | INFO | | An Iteration is Completed| epoch=4/10 | Iteration = 208/550| loss=0.970417 | acc=77.44%| val acc=78.57
2026-02-12 15:19:42 | INFO | | An Iteration is Completed| epoch=4/10 | Iteration = 209/550| loss=0.932424 | acc=79.10%| val acc=78.63
2026-02-12 15:19:42 | INFO | | An Iteration is Completed| epoch=4/10 | Iteration = 210/550| loss=0.904643 | acc=80.66%| val acc=78.69
2026-02-12 15:19:42 | INFO | | An Iteration is Completed| epoch=4/10 | Iteration = 211/550| loss=0.920292 | acc=80.08%| val acc=78.70
2026-02-12 15:19:42 | INFO | | An Iteration is Completed| epoch=4/10 | Iteration = 212/550| loss=0.924300 | acc=79.49%| val acc=78.70
2026-02-12 15:19:42 | INFO | | An Iteration is Completed| epoch=4/10 | Iteration = 213/550| loss=0.911018 | acc=78.81%| val acc=78.82
2026-02-12 15:19:42 | INFO | | An Iteration is Completed| epoch=4/10 | Iteration = 214/550| loss=0.938016 | acc=78.42%| val acc=79.00
2026-02-12 15:19:42 | INFO | | An Iteration is Completed| epoch=4/10 | Iteration = 215/550| loss=0.911368 | acc=79.49%| val acc=78.92
2026-02-12 15:19:42 | INFO | | An Iteration is Completed| epoch=4/10 | Iteration = 216/550| loss=0.940112 | acc=77.54%| val acc=78.93
2026-02-12 15:19:42 | INFO | | An Iteration is Completed| epoch=4/10 | Iteration = 217/550| loss=0.917666 | acc=78.71%| val acc=78.99
2026-02-12 15:19:42 | INFO | | An Iteration is Completed| epoch=4/10 | Iteration = 218/550| loss=0.913426 | acc=80.37%| val acc=79.07
2026-02-12 15:19:42 | INFO | | An Iteration is Completed| epoch=4/10 | Iteration = 219/550| loss=0.941359 | acc=77.44%| val acc=79.15
2026-02-12 15:19:42 | INFO | | An Iteration is Completed| epoch=4/10 | Iteration = 220/550| loss=0.902663 | acc=82.65%| val acc=79.22
2026-02-12 15:19:42 | INFO | | The Epoch is Completedseed=42 | batch=1024| epoch=4/10| loss=0.994793| Acc=78.31%| Test_Acc=79.70%| Val Acc=79.22%| First Steady Time=3.3232851028442383| Steady Epoch Time=1.340991735458374
2026-02-12 15:19:42 | INFO | | An Iteration is Completed| epoch=5/10 | Iteration = 221/550| loss=0.893475 | acc=80.27%| val acc=79.23
2026-02-12 15:19:42 | INFO | | An Iteration is Completed| epoch=5/10 | Iteration = 222/550| loss=0.884333 | acc=79.59%| val acc=79.23
2026-02-12 15:19:42 | INFO | | An Iteration is Completed| epoch=5/10 | Iteration = 223/550| loss=0.904696 | acc=79.20%| val acc=79.45
2026-02-12 15:19:42 | INFO | | An Iteration is Completed| epoch=5/10 | Iteration = 224/550| loss=0.892976 | acc=81.93%| val acc=79.43
2026-02-12 15:19:42 | INFO | | An Iteration is Completed| epoch=5/10 | Iteration = 225/550| loss=0.888351 | acc=80.66%| val acc=79.40
2026-02-12 15:19:42 | INFO | | An Iteration is Completed| epoch=5/10 | Iteration = 226/550| loss=0.875845 | acc=79.10%| val acc=79.37
2026-02-12 15:19:42 | INFO | | An Iteration is Completed| epoch=5/10 | Iteration = 227/550| loss=0.885441 | acc=79.30%| val acc=79.47
2026-02-12 15:19:42 | INFO | | An Iteration is Completed| epoch=5/10 | Iteration = 228/550| loss=0.861335 | acc=80.66%| val acc=79.55
2026-02-12 15:19:42 | INFO | | An Iteration is Completed| epoch=5/10 | Iteration = 229/550| loss=0.879457 | acc=77.64%| val acc=79.63
2026-02-12 15:19:42 | INFO | | An Iteration is Completed| epoch=5/10 | Iteration = 230/550| loss=0.857882 | acc=79.79%| val acc=79.62
2026-02-12 15:19:42 | INFO | | An Iteration is Completed| epoch=5/10 | Iteration = 231/550| loss=0.865483 | acc=80.08%| val acc=79.67
2026-02-12 15:19:42 | INFO | | An Iteration is Completed| epoch=5/10 | Iteration = 232/550| loss=0.828363 | acc=82.42%| val acc=79.76
2026-02-12 15:19:42 | INFO | | An Iteration is Completed| epoch=5/10 | Iteration = 233/550| loss=0.848660 | acc=81.25%| val acc=79.85
2026-02-12 15:19:42 | INFO | | An Iteration is Completed| epoch=5/10 | Iteration = 234/550| loss=0.841267 | acc=81.45%| val acc=79.75
2026-02-12 15:19:42 | INFO | | An Iteration is Completed| epoch=5/10 | Iteration = 235/550| loss=0.812914 | acc=83.11%| val acc=79.89
2026-02-12 15:19:42 | INFO | | An Iteration is Completed| epoch=5/10 | Iteration = 236/550| loss=0.873799 | acc=79.20%| val acc=80.03
2026-02-12 15:19:42 | INFO | | An Iteration is Completed| epoch=5/10 | Iteration = 237/550| loss=0.851195 | acc=79.79%| val acc=80.15
2026-02-12 15:19:42 | INFO | | An Iteration is Completed| epoch=5/10 | Iteration = 238/550| loss=0.855406 | acc=79.00%| val acc=80.19
2026-02-12 15:19:42 | INFO | | An Iteration is Completed| epoch=5/10 | Iteration = 239/550| loss=0.855793 | acc=80.66%| val acc=80.36
2026-02-12 15:19:42 | INFO | | An Iteration is Completed| epoch=5/10 | Iteration = 240/550| loss=0.842958 | acc=80.66%| val acc=80.30
2026-02-12 15:19:42 | INFO | | An Iteration is Completed| epoch=5/10 | Iteration = 241/550| loss=0.863476 | acc=79.88%| val acc=80.39
2026-02-12 15:19:43 | INFO | | An Iteration is Completed| epoch=5/10 | Iteration = 242/550| loss=0.846749 | acc=80.66%| val acc=80.43
2026-02-12 15:19:43 | INFO | | An Iteration is Completed| epoch=5/10 | Iteration = 243/550| loss=0.836145 | acc=80.57%| val acc=80.45
2026-02-12 15:19:43 | INFO | | An Iteration is Completed| epoch=5/10 | Iteration = 244/550| loss=0.811325 | acc=83.69%| val acc=80.46
2026-02-12 15:19:43 | INFO | | An Iteration is Completed| epoch=5/10 | Iteration = 245/550| loss=0.844001 | acc=80.76%| val acc=80.62
2026-02-12 15:19:43 | INFO | | An Iteration is Completed| epoch=5/10 | Iteration = 246/550| loss=0.813556 | acc=82.03%| val acc=80.59
2026-02-12 15:19:43 | INFO | | An Iteration is Completed| epoch=5/10 | Iteration = 247/550| loss=0.830598 | acc=79.69%| val acc=80.62
2026-02-12 15:19:43 | INFO | | An Iteration is Completed| epoch=5/10 | Iteration = 248/550| loss=0.801930 | acc=83.30%| val acc=80.60
2026-02-12 15:19:43 | INFO | | An Iteration is Completed| epoch=5/10 | Iteration = 249/550| loss=0.824492 | acc=79.59%| val acc=80.76
2026-02-12 15:19:43 | INFO | | An Iteration is Completed| epoch=5/10 | Iteration = 250/550| loss=0.838316 | acc=79.20%| val acc=80.87
2026-02-12 15:19:43 | INFO | | An Iteration is Completed| epoch=5/10 | Iteration = 251/550| loss=0.825935 | acc=80.96%| val acc=80.76
2026-02-12 15:19:43 | INFO | | An Iteration is Completed| epoch=5/10 | Iteration = 252/550| loss=0.842777 | acc=80.96%| val acc=80.96
2026-02-12 15:19:43 | INFO | | An Iteration is Completed| epoch=5/10 | Iteration = 253/550| loss=0.836094 | acc=79.79%| val acc=81.03
2026-02-12 15:19:43 | INFO | | An Iteration is Completed| epoch=5/10 | Iteration = 254/550| loss=0.763943 | acc=83.11%| val acc=81.13
2026-02-12 15:19:43 | INFO | | An Iteration is Completed| epoch=5/10 | Iteration = 255/550| loss=0.810776 | acc=80.18%| val acc=81.12
2026-02-12 15:19:43 | INFO | | An Iteration is Completed| epoch=5/10 | Iteration = 256/550| loss=0.794012 | acc=83.11%| val acc=81.06
2026-02-12 15:19:43 | INFO | | An Iteration is Completed| epoch=5/10 | Iteration = 257/550| loss=0.793163 | acc=81.84%| val acc=80.97
2026-02-12 15:19:43 | INFO | | An Iteration is Completed| epoch=5/10 | Iteration = 258/550| loss=0.784636 | acc=82.71%| val acc=80.95
2026-02-12 15:19:43 | INFO | | An Iteration is Completed| epoch=5/10 | Iteration = 259/550| loss=0.795512 | acc=81.93%| val acc=81.15
2026-02-12 15:19:43 | INFO | | An Iteration is Completed| epoch=5/10 | Iteration = 260/550| loss=0.789058 | acc=81.54%| val acc=81.23
2026-02-12 15:19:43 | INFO | | An Iteration is Completed| epoch=5/10 | Iteration = 261/550| loss=0.745736 | acc=83.89%| val acc=81.19
2026-02-12 15:19:43 | INFO | | An Iteration is Completed| epoch=5/10 | Iteration = 262/550| loss=0.803652 | acc=81.15%| val acc=81.22
2026-02-12 15:19:43 | INFO | | An Iteration is Completed| epoch=5/10 | Iteration = 263/550| loss=0.780607 | acc=81.54%| val acc=81.30
2026-02-12 15:19:43 | INFO | | An Iteration is Completed| epoch=5/10 | Iteration = 264/550| loss=0.830201 | acc=79.20%| val acc=81.45
2026-02-12 15:19:43 | INFO | | An Iteration is Completed| epoch=5/10 | Iteration = 265/550| loss=0.794254 | acc=80.66%| val acc=81.57
2026-02-12 15:19:43 | INFO | | An Iteration is Completed| epoch=5/10 | Iteration = 266/550| loss=0.796683 | acc=81.15%| val acc=81.65
2026-02-12 15:19:43 | INFO | | An Iteration is Completed| epoch=5/10 | Iteration = 267/550| loss=0.763512 | acc=82.32%| val acc=81.60
2026-02-12 15:19:43 | INFO | | An Iteration is Completed| epoch=5/10 | Iteration = 268/550| loss=0.781876 | acc=81.35%| val acc=81.56
2026-02-12 15:19:43 | INFO | | An Iteration is Completed| epoch=5/10 | Iteration = 269/550| loss=0.796376 | acc=81.45%| val acc=81.49
2026-02-12 15:19:43 | INFO | | An Iteration is Completed| epoch=5/10 | Iteration = 270/550| loss=0.757362 | acc=81.84%| val acc=81.45
2026-02-12 15:19:43 | INFO | | An Iteration is Completed| epoch=5/10 | Iteration = 271/550| loss=0.741669 | acc=81.45%| val acc=81.45
2026-02-12 15:19:43 | INFO | | An Iteration is Completed| epoch=5/10 | Iteration = 272/550| loss=0.756053 | acc=82.03%| val acc=81.65
2026-02-12 15:19:43 | INFO | | An Iteration is Completed| epoch=5/10 | Iteration = 273/550| loss=0.779301 | acc=80.08%| val acc=81.86
2026-02-12 15:19:43 | INFO | | An Iteration is Completed| epoch=5/10 | Iteration = 274/550| loss=0.720343 | acc=83.98%| val acc=81.62
2026-02-12 15:19:43 | INFO | | An Iteration is Completed| epoch=5/10 | Iteration = 275/550| loss=0.728097 | acc=85.06%| val acc=81.67
2026-02-12 15:19:43 | INFO | saving halfway model checkpoints at the path : checkpoints/run42_half.npz
2026-02-12 15:19:43 | INFO | | The Epoch is Completedseed=42 | batch=1024| epoch=5/10| loss=0.822755| Acc=81.04%| Test_Acc=82.06%| Val Acc=81.67%| First Steady Time=3.3232851028442383| Steady Epoch Time=1.340991735458374
2026-02-12 15:19:43 | INFO | | An Iteration is Completed| epoch=6/10 | Iteration = 276/550| loss=0.745763 | acc=83.11%| val acc=81.80
2026-02-12 15:19:43 | INFO | | An Iteration is Completed| epoch=6/10 | Iteration = 277/550| loss=0.722396 | acc=83.50%| val acc=81.87
2026-02-12 15:19:44 | INFO | | An Iteration is Completed| epoch=6/10 | Iteration = 278/550| loss=0.774191 | acc=81.15%| val acc=81.85
2026-02-12 15:19:44 | INFO | | An Iteration is Completed| epoch=6/10 | Iteration = 279/550| loss=0.723478 | acc=83.89%| val acc=81.99
2026-02-12 15:19:44 | INFO | | An Iteration is Completed| epoch=6/10 | Iteration = 280/550| loss=0.769306 | acc=80.86%| val acc=82.00
2026-02-12 15:19:44 | INFO | | An Iteration is Completed| epoch=6/10 | Iteration = 281/550| loss=0.728971 | acc=84.08%| val acc=82.02
2026-02-12 15:19:44 | INFO | | An Iteration is Completed| epoch=6/10 | Iteration = 282/550| loss=0.751498 | acc=82.81%| val acc=82.00
2026-02-12 15:19:44 | INFO | | An Iteration is Completed| epoch=6/10 | Iteration = 283/550| loss=0.782346 | acc=80.18%| val acc=82.22
2026-02-12 15:19:44 | INFO | | An Iteration is Completed| epoch=6/10 | Iteration = 284/550| loss=0.719564 | acc=83.50%| val acc=82.32
2026-02-12 15:19:44 | INFO | | An Iteration is Completed| epoch=6/10 | Iteration = 285/550| loss=0.753766 | acc=81.64%| val acc=82.47
2026-02-12 15:19:44 | INFO | | An Iteration is Completed| epoch=6/10 | Iteration = 286/550| loss=0.751245 | acc=80.76%| val acc=82.50
2026-02-12 15:19:44 | INFO | | An Iteration is Completed| epoch=6/10 | Iteration = 287/550| loss=0.736144 | acc=83.20%| val acc=82.53
2026-02-12 15:19:44 | INFO | | An Iteration is Completed| epoch=6/10 | Iteration = 288/550| loss=0.739644 | acc=82.32%| val acc=82.53
2026-02-12 15:19:44 | INFO | | An Iteration is Completed| epoch=6/10 | Iteration = 289/550| loss=0.739120 | acc=82.03%| val acc=82.55
2026-02-12 15:19:44 | INFO | | An Iteration is Completed| epoch=6/10 | Iteration = 290/550| loss=0.682276 | acc=83.59%| val acc=82.49
2026-02-12 15:19:44 | INFO | | An Iteration is Completed| epoch=6/10 | Iteration = 291/550| loss=0.715834 | acc=83.59%| val acc=82.55
2026-02-12 15:19:44 | INFO | | An Iteration is Completed| epoch=6/10 | Iteration = 292/550| loss=0.721146 | acc=84.47%| val acc=82.55
2026-02-12 15:19:44 | INFO | | An Iteration is Completed| epoch=6/10 | Iteration = 293/550| loss=0.687359 | acc=84.96%| val acc=82.63
2026-02-12 15:19:44 | INFO | | An Iteration is Completed| epoch=6/10 | Iteration = 294/550| loss=0.756656 | acc=81.45%| val acc=82.70
2026-02-12 15:19:44 | INFO | | An Iteration is Completed| epoch=6/10 | Iteration = 295/550| loss=0.737344 | acc=82.42%| val acc=82.70
2026-02-12 15:19:44 | INFO | | An Iteration is Completed| epoch=6/10 | Iteration = 296/550| loss=0.724938 | acc=82.23%| val acc=82.70
2026-02-12 15:19:44 | INFO | | An Iteration is Completed| epoch=6/10 | Iteration = 297/550| loss=0.703582 | acc=82.32%| val acc=82.66
2026-02-12 15:19:44 | INFO | | An Iteration is Completed| epoch=6/10 | Iteration = 298/550| loss=0.719380 | acc=82.32%| val acc=82.72
2026-02-12 15:19:44 | INFO | | An Iteration is Completed| epoch=6/10 | Iteration = 299/550| loss=0.755313 | acc=80.27%| val acc=82.85
2026-02-12 15:19:44 | INFO | | An Iteration is Completed| epoch=6/10 | Iteration = 300/550| loss=0.721095 | acc=83.01%| val acc=82.80
2026-02-12 15:19:44 | INFO | | An Iteration is Completed| epoch=6/10 | Iteration = 301/550| loss=0.711892 | acc=83.59%| val acc=82.89
2026-02-12 15:19:44 | INFO | | An Iteration is Completed| epoch=6/10 | Iteration = 302/550| loss=0.710812 | acc=83.20%| val acc=82.95
2026-02-12 15:19:44 | INFO | | An Iteration is Completed| epoch=6/10 | Iteration = 303/550| loss=0.694602 | acc=83.20%| val acc=82.99
2026-02-12 15:19:44 | INFO | | An Iteration is Completed| epoch=6/10 | Iteration = 304/550| loss=0.676650 | acc=83.40%| val acc=83.05
2026-02-12 15:19:44 | INFO | | An Iteration is Completed| epoch=6/10 | Iteration = 305/550| loss=0.746407 | acc=81.84%| val acc=83.03
2026-02-12 15:19:44 | INFO | | An Iteration is Completed| epoch=6/10 | Iteration = 306/550| loss=0.734346 | acc=82.81%| val acc=83.23
2026-02-12 15:19:44 | INFO | | An Iteration is Completed| epoch=6/10 | Iteration = 307/550| loss=0.743228 | acc=81.54%| val acc=83.15
2026-02-12 15:19:44 | INFO | | An Iteration is Completed| epoch=6/10 | Iteration = 308/550| loss=0.739601 | acc=82.71%| val acc=83.26
2026-02-12 15:19:44 | INFO | | An Iteration is Completed| epoch=6/10 | Iteration = 309/550| loss=0.719055 | acc=82.42%| val acc=83.25
2026-02-12 15:19:44 | INFO | | An Iteration is Completed| epoch=6/10 | Iteration = 310/550| loss=0.723881 | acc=83.30%| val acc=83.26
2026-02-12 15:19:44 | INFO | | An Iteration is Completed| epoch=6/10 | Iteration = 311/550| loss=0.666284 | acc=82.81%| val acc=83.33
2026-02-12 15:19:44 | INFO | | An Iteration is Completed| epoch=6/10 | Iteration = 312/550| loss=0.674951 | acc=83.11%| val acc=83.27
2026-02-12 15:19:44 | INFO | | An Iteration is Completed| epoch=6/10 | Iteration = 313/550| loss=0.687833 | acc=83.89%| val acc=83.29
2026-02-12 15:19:44 | INFO | | An Iteration is Completed| epoch=6/10 | Iteration = 314/550| loss=0.694938 | acc=83.30%| val acc=83.29
2026-02-12 15:19:44 | INFO | | An Iteration is Completed| epoch=6/10 | Iteration = 315/550| loss=0.681300 | acc=84.08%| val acc=83.22
2026-02-12 15:19:44 | INFO | | An Iteration is Completed| epoch=6/10 | Iteration = 316/550| loss=0.687526 | acc=83.89%| val acc=83.27
2026-02-12 15:19:44 | INFO | | An Iteration is Completed| epoch=6/10 | Iteration = 317/550| loss=0.663678 | acc=83.98%| val acc=83.25
2026-02-12 15:19:44 | INFO | | An Iteration is Completed| epoch=6/10 | Iteration = 318/550| loss=0.671381 | acc=83.30%| val acc=83.39
2026-02-12 15:19:44 | INFO | | An Iteration is Completed| epoch=6/10 | Iteration = 319/550| loss=0.667104 | acc=83.79%| val acc=83.45
2026-02-12 15:19:45 | INFO | | An Iteration is Completed| epoch=6/10 | Iteration = 320/550| loss=0.652500 | acc=83.69%| val acc=83.42
2026-02-12 15:19:45 | INFO | | An Iteration is Completed| epoch=6/10 | Iteration = 321/550| loss=0.707596 | acc=82.62%| val acc=83.45
2026-02-12 15:19:45 | INFO | | An Iteration is Completed| epoch=6/10 | Iteration = 322/550| loss=0.666956 | acc=84.28%| val acc=83.45
2026-02-12 15:19:45 | INFO | | An Iteration is Completed| epoch=6/10 | Iteration = 323/550| loss=0.645531 | acc=86.04%| val acc=83.47
2026-02-12 15:19:45 | INFO | | An Iteration is Completed| epoch=6/10 | Iteration = 324/550| loss=0.666103 | acc=83.59%| val acc=83.60
2026-02-12 15:19:45 | INFO | | An Iteration is Completed| epoch=6/10 | Iteration = 325/550| loss=0.647119 | acc=86.04%| val acc=83.66
2026-02-12 15:19:45 | INFO | | An Iteration is Completed| epoch=6/10 | Iteration = 326/550| loss=0.706263 | acc=82.13%| val acc=83.49
2026-02-12 15:19:45 | INFO | | An Iteration is Completed| epoch=6/10 | Iteration = 327/550| loss=0.683232 | acc=83.40%| val acc=83.49
2026-02-12 15:19:45 | INFO | | An Iteration is Completed| epoch=6/10 | Iteration = 328/550| loss=0.672380 | acc=84.18%| val acc=83.63
2026-02-12 15:19:45 | INFO | | An Iteration is Completed| epoch=6/10 | Iteration = 329/550| loss=0.662891 | acc=83.30%| val acc=83.62
2026-02-12 15:19:45 | INFO | | An Iteration is Completed| epoch=6/10 | Iteration = 330/550| loss=0.676046 | acc=83.21%| val acc=83.70
2026-02-12 15:19:45 | INFO | | The Epoch is Completedseed=42 | batch=1024| epoch=6/10| loss=0.710093| Acc=83.02%| Test_Acc=83.87%| Val Acc=83.70%| First Steady Time=3.3232851028442383| Steady Epoch Time=1.340991735458374
2026-02-12 15:19:45 | INFO | | An Iteration is Completed| epoch=7/10 | Iteration = 331/550| loss=0.663348 | acc=84.38%| val acc=83.69
2026-02-12 15:19:45 | INFO | | An Iteration is Completed| epoch=7/10 | Iteration = 332/550| loss=0.651498 | acc=84.96%| val acc=83.73
2026-02-12 15:19:45 | INFO | | An Iteration is Completed| epoch=7/10 | Iteration = 333/550| loss=0.682246 | acc=83.20%| val acc=83.70
2026-02-12 15:19:45 | INFO | | An Iteration is Completed| epoch=7/10 | Iteration = 334/550| loss=0.669463 | acc=84.86%| val acc=83.73
2026-02-12 15:19:45 | INFO | | An Iteration is Completed| epoch=7/10 | Iteration = 335/550| loss=0.681083 | acc=82.81%| val acc=83.82
2026-02-12 15:19:45 | INFO | | An Iteration is Completed| epoch=7/10 | Iteration = 336/550| loss=0.687802 | acc=83.40%| val acc=83.93
2026-02-12 15:19:45 | INFO | | An Iteration is Completed| epoch=7/10 | Iteration = 337/550| loss=0.628963 | acc=85.45%| val acc=84.00
2026-02-12 15:19:45 | INFO | | An Iteration is Completed| epoch=7/10 | Iteration = 338/550| loss=0.642936 | acc=85.25%| val acc=83.86
2026-02-12 15:19:45 | INFO | | An Iteration is Completed| epoch=7/10 | Iteration = 339/550| loss=0.642943 | acc=84.38%| val acc=83.82
2026-02-12 15:19:45 | INFO | | An Iteration is Completed| epoch=7/10 | Iteration = 340/550| loss=0.702278 | acc=81.93%| val acc=83.86
2026-02-12 15:19:45 | INFO | | An Iteration is Completed| epoch=7/10 | Iteration = 341/550| loss=0.640863 | acc=83.59%| val acc=83.77
2026-02-12 15:19:45 | INFO | | An Iteration is Completed| epoch=7/10 | Iteration = 342/550| loss=0.665167 | acc=83.40%| val acc=83.87
2026-02-12 15:19:45 | INFO | | An Iteration is Completed| epoch=7/10 | Iteration = 343/550| loss=0.646331 | acc=85.64%| val acc=84.00
2026-02-12 15:19:45 | INFO | | An Iteration is Completed| epoch=7/10 | Iteration = 344/550| loss=0.642518 | acc=85.35%| val acc=84.06
2026-02-12 15:19:45 | INFO | | An Iteration is Completed| epoch=7/10 | Iteration = 345/550| loss=0.678046 | acc=83.59%| val acc=84.09
2026-02-12 15:19:45 | INFO | | An Iteration is Completed| epoch=7/10 | Iteration = 346/550| loss=0.621521 | acc=84.08%| val acc=84.07
2026-02-12 15:19:45 | INFO | | An Iteration is Completed| epoch=7/10 | Iteration = 347/550| loss=0.652647 | acc=85.16%| val acc=84.17
2026-02-12 15:19:45 | INFO | | An Iteration is Completed| epoch=7/10 | Iteration = 348/550| loss=0.620168 | acc=85.94%| val acc=84.19
2026-02-12 15:19:45 | INFO | | An Iteration is Completed| epoch=7/10 | Iteration = 349/550| loss=0.627350 | acc=83.79%| val acc=84.16
2026-02-12 15:19:45 | INFO | | An Iteration is Completed| epoch=7/10 | Iteration = 350/550| loss=0.650051 | acc=84.96%| val acc=84.15
2026-02-12 15:19:45 | INFO | | An Iteration is Completed| epoch=7/10 | Iteration = 351/550| loss=0.650077 | acc=83.69%| val acc=84.09
2026-02-12 15:19:45 | INFO | | An Iteration is Completed| epoch=7/10 | Iteration = 352/550| loss=0.645711 | acc=83.79%| val acc=84.06
2026-02-12 15:19:45 | INFO | | An Iteration is Completed| epoch=7/10 | Iteration = 353/550| loss=0.646206 | acc=83.98%| val acc=84.07
2026-02-12 15:19:45 | INFO | | An Iteration is Completed| epoch=7/10 | Iteration = 354/550| loss=0.613186 | acc=86.04%| val acc=84.09
2026-02-12 15:19:45 | INFO | | An Iteration is Completed| epoch=7/10 | Iteration = 355/550| loss=0.610389 | acc=84.96%| val acc=84.07
2026-02-12 15:19:46 | INFO | | An Iteration is Completed| epoch=7/10 | Iteration = 356/550| loss=0.645179 | acc=83.11%| val acc=84.10
2026-02-12 15:19:46 | INFO | | An Iteration is Completed| epoch=7/10 | Iteration = 357/550| loss=0.660116 | acc=83.50%| val acc=84.19
2026-02-12 15:19:46 | INFO | | An Iteration is Completed| epoch=7/10 | Iteration = 358/550| loss=0.646035 | acc=82.42%| val acc=84.23
2026-02-12 15:19:46 | INFO | | An Iteration is Completed| epoch=7/10 | Iteration = 359/550| loss=0.623346 | acc=85.06%| val acc=84.26
2026-02-12 15:19:46 | INFO | | An Iteration is Completed| epoch=7/10 | Iteration = 360/550| loss=0.592027 | acc=84.96%| val acc=84.22
2026-02-12 15:19:46 | INFO | | An Iteration is Completed| epoch=7/10 | Iteration = 361/550| loss=0.648372 | acc=84.18%| val acc=84.29
2026-02-12 15:19:46 | INFO | | An Iteration is Completed| epoch=7/10 | Iteration = 362/550| loss=0.647948 | acc=83.01%| val acc=84.39
2026-02-12 15:19:46 | INFO | | An Iteration is Completed| epoch=7/10 | Iteration = 363/550| loss=0.587313 | acc=86.13%| val acc=84.43
2026-02-12 15:19:46 | INFO | | An Iteration is Completed| epoch=7/10 | Iteration = 364/550| loss=0.634079 | acc=84.67%| val acc=84.46
2026-02-12 15:19:46 | INFO | | An Iteration is Completed| epoch=7/10 | Iteration = 365/550| loss=0.664655 | acc=82.71%| val acc=84.50
2026-02-12 15:19:46 | INFO | | An Iteration is Completed| epoch=7/10 | Iteration = 366/550| loss=0.610618 | acc=85.16%| val acc=84.50
2026-02-12 15:19:46 | INFO | | An Iteration is Completed| epoch=7/10 | Iteration = 367/550| loss=0.565930 | acc=87.21%| val acc=84.50
2026-02-12 15:19:46 | INFO | | An Iteration is Completed| epoch=7/10 | Iteration = 368/550| loss=0.582511 | acc=86.72%| val acc=84.60
2026-02-12 15:19:46 | INFO | | An Iteration is Completed| epoch=7/10 | Iteration = 369/550| loss=0.624920 | acc=84.67%| val acc=84.65
2026-02-12 15:19:46 | INFO | | An Iteration is Completed| epoch=7/10 | Iteration = 370/550| loss=0.596249 | acc=84.08%| val acc=84.63
2026-02-12 15:19:46 | INFO | | An Iteration is Completed| epoch=7/10 | Iteration = 371/550| loss=0.639246 | acc=84.08%| val acc=84.67
2026-02-12 15:19:46 | INFO | | An Iteration is Completed| epoch=7/10 | Iteration = 372/550| loss=0.612877 | acc=83.89%| val acc=84.67
2026-02-12 15:19:46 | INFO | | An Iteration is Completed| epoch=7/10 | Iteration = 373/550| loss=0.607722 | acc=84.28%| val acc=84.70
2026-02-12 15:19:46 | INFO | | An Iteration is Completed| epoch=7/10 | Iteration = 374/550| loss=0.606310 | acc=85.74%| val acc=84.70
2026-02-12 15:19:46 | INFO | | An Iteration is Completed| epoch=7/10 | Iteration = 375/550| loss=0.616941 | acc=85.25%| val acc=84.70
2026-02-12 15:19:46 | INFO | | An Iteration is Completed| epoch=7/10 | Iteration = 376/550| loss=0.600646 | acc=85.35%| val acc=84.76
2026-02-12 15:19:46 | INFO | | An Iteration is Completed| epoch=7/10 | Iteration = 377/550| loss=0.628231 | acc=83.11%| val acc=84.62
2026-02-12 15:19:46 | INFO | | An Iteration is Completed| epoch=7/10 | Iteration = 378/550| loss=0.652416 | acc=82.91%| val acc=84.63
2026-02-12 15:19:46 | INFO | | An Iteration is Completed| epoch=7/10 | Iteration = 379/550| loss=0.637000 | acc=83.59%| val acc=84.63
2026-02-12 15:19:46 | INFO | | An Iteration is Completed| epoch=7/10 | Iteration = 380/550| loss=0.590196 | acc=85.94%| val acc=84.73
2026-02-12 15:19:46 | INFO | | An Iteration is Completed| epoch=7/10 | Iteration = 381/550| loss=0.616897 | acc=84.38%| val acc=84.75
2026-02-12 15:19:46 | INFO | | An Iteration is Completed| epoch=7/10 | Iteration = 382/550| loss=0.566352 | acc=86.43%| val acc=84.77
2026-02-12 15:19:46 | INFO | | An Iteration is Completed| epoch=7/10 | Iteration = 383/550| loss=0.606467 | acc=85.06%| val acc=84.63
2026-02-12 15:19:46 | INFO | | An Iteration is Completed| epoch=7/10 | Iteration = 384/550| loss=0.588877 | acc=85.55%| val acc=84.63
2026-02-12 15:19:46 | INFO | | An Iteration is Completed| epoch=7/10 | Iteration = 385/550| loss=0.612394 | acc=85.49%| val acc=84.72
2026-02-12 15:19:46 | INFO | | The Epoch is Completedseed=42 | batch=1024| epoch=7/10| loss=0.632380| Acc=84.49%| Test_Acc=84.91%| Val Acc=84.72%| First Steady Time=3.3232851028442383| Steady Epoch Time=1.340991735458374
2026-02-12 15:19:46 | INFO | | An Iteration is Completed| epoch=8/10 | Iteration = 386/550| loss=0.609476 | acc=85.35%| val acc=84.70
2026-02-12 15:19:46 | INFO | | An Iteration is Completed| epoch=8/10 | Iteration = 387/550| loss=0.576399 | acc=85.64%| val acc=84.69
2026-02-12 15:19:47 | INFO | | An Iteration is Completed| epoch=8/10 | Iteration = 388/550| loss=0.632070 | acc=84.57%| val acc=84.70
2026-02-12 15:19:47 | INFO | | An Iteration is Completed| epoch=8/10 | Iteration = 389/550| loss=0.590088 | acc=84.47%| val acc=84.79
2026-02-12 15:19:47 | INFO | | An Iteration is Completed| epoch=8/10 | Iteration = 390/550| loss=0.592342 | acc=86.04%| val acc=84.76
2026-02-12 15:19:47 | INFO | | An Iteration is Completed| epoch=8/10 | Iteration = 391/550| loss=0.578202 | acc=85.74%| val acc=84.85
2026-02-12 15:19:47 | INFO | | An Iteration is Completed| epoch=8/10 | Iteration = 392/550| loss=0.605759 | acc=85.06%| val acc=84.80
2026-02-12 15:19:47 | INFO | | An Iteration is Completed| epoch=8/10 | Iteration = 393/550| loss=0.573680 | acc=84.38%| val acc=84.77
2026-02-12 15:19:47 | INFO | | An Iteration is Completed| epoch=8/10 | Iteration = 394/550| loss=0.550853 | acc=86.43%| val acc=84.90
2026-02-12 15:19:47 | INFO | | An Iteration is Completed| epoch=8/10 | Iteration = 395/550| loss=0.594673 | acc=84.86%| val acc=84.92
2026-02-12 15:19:47 | INFO | | An Iteration is Completed| epoch=8/10 | Iteration = 396/550| loss=0.644742 | acc=83.89%| val acc=85.00
2026-02-12 15:19:47 | INFO | | An Iteration is Completed| epoch=8/10 | Iteration = 397/550| loss=0.577600 | acc=86.62%| val acc=85.04
2026-02-12 15:19:47 | INFO | | An Iteration is Completed| epoch=8/10 | Iteration = 398/550| loss=0.626733 | acc=82.71%| val acc=85.04
2026-02-12 15:19:47 | INFO | | An Iteration is Completed| epoch=8/10 | Iteration = 399/550| loss=0.582992 | acc=85.35%| val acc=85.07
2026-02-12 15:19:47 | INFO | | An Iteration is Completed| epoch=8/10 | Iteration = 400/550| loss=0.584446 | acc=86.23%| val acc=85.09
2026-02-12 15:19:47 | INFO | | An Iteration is Completed| epoch=8/10 | Iteration = 401/550| loss=0.618880 | acc=85.45%| val acc=85.13
2026-02-12 15:19:47 | INFO | | An Iteration is Completed| epoch=8/10 | Iteration = 402/550| loss=0.579028 | acc=85.94%| val acc=85.19
2026-02-12 15:19:47 | INFO | | An Iteration is Completed| epoch=8/10 | Iteration = 403/550| loss=0.593759 | acc=85.25%| val acc=85.23
2026-02-12 15:19:47 | INFO | | An Iteration is Completed| epoch=8/10 | Iteration = 404/550| loss=0.604938 | acc=85.06%| val acc=85.23
2026-02-12 15:19:47 | INFO | | An Iteration is Completed| epoch=8/10 | Iteration = 405/550| loss=0.575903 | acc=84.28%| val acc=85.19
2026-02-12 15:19:47 | INFO | | An Iteration is Completed| epoch=8/10 | Iteration = 406/550| loss=0.563054 | acc=85.35%| val acc=85.14
2026-02-12 15:19:47 | INFO | | An Iteration is Completed| epoch=8/10 | Iteration = 407/550| loss=0.569278 | acc=86.72%| val acc=85.20
2026-02-12 15:19:47 | INFO | | An Iteration is Completed| epoch=8/10 | Iteration = 408/550| loss=0.562017 | acc=86.04%| val acc=85.17
2026-02-12 15:19:47 | INFO | | An Iteration is Completed| epoch=8/10 | Iteration = 409/550| loss=0.561806 | acc=86.91%| val acc=85.24
2026-02-12 15:19:47 | INFO | | An Iteration is Completed| epoch=8/10 | Iteration = 410/550| loss=0.565199 | acc=85.06%| val acc=85.20
2026-02-12 15:19:47 | INFO | | An Iteration is Completed| epoch=8/10 | Iteration = 411/550| loss=0.594433 | acc=85.45%| val acc=85.19
2026-02-12 15:19:47 | INFO | | An Iteration is Completed| epoch=8/10 | Iteration = 412/550| loss=0.596128 | acc=85.64%| val acc=85.20
2026-02-12 15:19:47 | INFO | | An Iteration is Completed| epoch=8/10 | Iteration = 413/550| loss=0.586810 | acc=84.86%| val acc=85.23
2026-02-12 15:19:47 | INFO | | An Iteration is Completed| epoch=8/10 | Iteration = 414/550| loss=0.579395 | acc=85.16%| val acc=85.34
2026-02-12 15:19:47 | INFO | | An Iteration is Completed| epoch=8/10 | Iteration = 415/550| loss=0.565252 | acc=85.25%| val acc=85.46
2026-02-12 15:19:47 | INFO | | An Iteration is Completed| epoch=8/10 | Iteration = 416/550| loss=0.584883 | acc=85.35%| val acc=85.46
2026-02-12 15:19:47 | INFO | | An Iteration is Completed| epoch=8/10 | Iteration = 417/550| loss=0.600731 | acc=85.84%| val acc=85.52
2026-02-12 15:19:47 | INFO | | An Iteration is Completed| epoch=8/10 | Iteration = 418/550| loss=0.572637 | acc=86.72%| val acc=85.53
2026-02-12 15:19:47 | INFO | | An Iteration is Completed| epoch=8/10 | Iteration = 419/550| loss=0.565345 | acc=85.74%| val acc=85.47
2026-02-12 15:19:47 | INFO | | An Iteration is Completed| epoch=8/10 | Iteration = 420/550| loss=0.547963 | acc=86.13%| val acc=85.42
2026-02-12 15:19:47 | INFO | | An Iteration is Completed| epoch=8/10 | Iteration = 421/550| loss=0.573618 | acc=85.74%| val acc=85.46
2026-02-12 15:19:47 | INFO | | An Iteration is Completed| epoch=8/10 | Iteration = 422/550| loss=0.569577 | acc=86.62%| val acc=85.47
2026-02-12 15:19:47 | INFO | | An Iteration is Completed| epoch=8/10 | Iteration = 423/550| loss=0.574566 | acc=85.84%| val acc=85.44
2026-02-12 15:19:47 | INFO | | An Iteration is Completed| epoch=8/10 | Iteration = 424/550| loss=0.581116 | acc=84.38%| val acc=85.46
2026-02-12 15:19:47 | INFO | | An Iteration is Completed| epoch=8/10 | Iteration = 425/550| loss=0.539417 | acc=86.33%| val acc=85.44
2026-02-12 15:19:47 | INFO | | An Iteration is Completed| epoch=8/10 | Iteration = 426/550| loss=0.569875 | acc=85.16%| val acc=85.37
2026-02-12 15:19:48 | INFO | | An Iteration is Completed| epoch=8/10 | Iteration = 427/550| loss=0.560429 | acc=84.96%| val acc=85.39
2026-02-12 15:19:48 | INFO | | An Iteration is Completed| epoch=8/10 | Iteration = 428/550| loss=0.563345 | acc=85.45%| val acc=85.43
2026-02-12 15:19:48 | INFO | | An Iteration is Completed| epoch=8/10 | Iteration = 429/550| loss=0.580839 | acc=83.69%| val acc=85.42
2026-02-12 15:19:48 | INFO | | An Iteration is Completed| epoch=8/10 | Iteration = 430/550| loss=0.555736 | acc=85.84%| val acc=85.49
2026-02-12 15:19:48 | INFO | | An Iteration is Completed| epoch=8/10 | Iteration = 431/550| loss=0.540281 | acc=86.04%| val acc=85.50
2026-02-12 15:19:48 | INFO | | An Iteration is Completed| epoch=8/10 | Iteration = 432/550| loss=0.577643 | acc=84.96%| val acc=85.43
2026-02-12 15:19:48 | INFO | | An Iteration is Completed| epoch=8/10 | Iteration = 433/550| loss=0.581275 | acc=84.57%| val acc=85.40
2026-02-12 15:19:48 | INFO | | An Iteration is Completed| epoch=8/10 | Iteration = 434/550| loss=0.534255 | acc=87.50%| val acc=85.34
2026-02-12 15:19:48 | INFO | | An Iteration is Completed| epoch=8/10 | Iteration = 435/550| loss=0.527840 | acc=86.82%| val acc=85.42
2026-02-12 15:19:48 | INFO | | An Iteration is Completed| epoch=8/10 | Iteration = 436/550| loss=0.555481 | acc=84.96%| val acc=85.49
2026-02-12 15:19:48 | INFO | | An Iteration is Completed| epoch=8/10 | Iteration = 437/550| loss=0.531241 | acc=88.38%| val acc=85.62
2026-02-12 15:19:48 | INFO | | An Iteration is Completed| epoch=8/10 | Iteration = 438/550| loss=0.557816 | acc=85.45%| val acc=85.57
2026-02-12 15:19:48 | INFO | | An Iteration is Completed| epoch=8/10 | Iteration = 439/550| loss=0.569892 | acc=86.33%| val acc=85.60
2026-02-12 15:19:48 | INFO | | An Iteration is Completed| epoch=8/10 | Iteration = 440/550| loss=0.527517 | acc=85.92%| val acc=85.70
2026-02-12 15:19:48 | INFO | | The Epoch is Completedseed=42 | batch=1024| epoch=8/10| loss=0.576264| Acc=85.53%| Test_Acc=85.67%| Val Acc=85.70%| First Steady Time=3.3232851028442383| Steady Epoch Time=1.340991735458374
2026-02-12 15:19:48 | INFO | | An Iteration is Completed| epoch=9/10 | Iteration = 441/550| loss=0.536692 | acc=85.55%| val acc=85.63
2026-02-12 15:19:48 | INFO | | An Iteration is Completed| epoch=9/10 | Iteration = 442/550| loss=0.535946 | acc=86.33%| val acc=85.64
2026-02-12 15:19:48 | INFO | | An Iteration is Completed| epoch=9/10 | Iteration = 443/550| loss=0.538877 | acc=85.64%| val acc=85.73
2026-02-12 15:19:48 | INFO | | An Iteration is Completed| epoch=9/10 | Iteration = 444/550| loss=0.573998 | acc=84.67%| val acc=85.82
2026-02-12 15:19:48 | INFO | | An Iteration is Completed| epoch=9/10 | Iteration = 445/550| loss=0.520032 | acc=86.72%| val acc=85.89
2026-02-12 15:19:48 | INFO | | An Iteration is Completed| epoch=9/10 | Iteration = 446/550| loss=0.502254 | acc=86.52%| val acc=85.86
2026-02-12 15:19:48 | INFO | | An Iteration is Completed| epoch=9/10 | Iteration = 447/550| loss=0.580522 | acc=85.35%| val acc=85.80
2026-02-12 15:19:48 | INFO | | An Iteration is Completed| epoch=9/10 | Iteration = 448/550| loss=0.554147 | acc=86.13%| val acc=85.83
2026-02-12 15:19:48 | INFO | | An Iteration is Completed| epoch=9/10 | Iteration = 449/550| loss=0.525370 | acc=85.74%| val acc=85.86
2026-02-12 15:19:48 | INFO | | An Iteration is Completed| epoch=9/10 | Iteration = 450/550| loss=0.585370 | acc=84.77%| val acc=85.87
2026-02-12 15:19:48 | INFO | | An Iteration is Completed| epoch=9/10 | Iteration = 451/550| loss=0.578617 | acc=84.28%| val acc=85.94
2026-02-12 15:19:48 | INFO | | An Iteration is Completed| epoch=9/10 | Iteration = 452/550| loss=0.561741 | acc=85.35%| val acc=85.86
2026-02-12 15:19:48 | INFO | | An Iteration is Completed| epoch=9/10 | Iteration = 453/550| loss=0.534591 | acc=86.62%| val acc=85.86
2026-02-12 15:19:48 | INFO | | An Iteration is Completed| epoch=9/10 | Iteration = 454/550| loss=0.539471 | acc=85.55%| val acc=85.80
2026-02-12 15:19:48 | INFO | | An Iteration is Completed| epoch=9/10 | Iteration = 455/550| loss=0.552913 | acc=85.74%| val acc=85.86
2026-02-12 15:19:48 | INFO | | An Iteration is Completed| epoch=9/10 | Iteration = 456/550| loss=0.537246 | acc=87.60%| val acc=85.83
2026-02-12 15:19:48 | INFO | | An Iteration is Completed| epoch=9/10 | Iteration = 457/550| loss=0.543232 | acc=86.52%| val acc=85.87
2026-02-12 15:19:48 | INFO | | An Iteration is Completed| epoch=9/10 | Iteration = 458/550| loss=0.540482 | acc=86.04%| val acc=85.86
2026-02-12 15:19:48 | INFO | | An Iteration is Completed| epoch=9/10 | Iteration = 459/550| loss=0.525709 | acc=87.11%| val acc=85.83
2026-02-12 15:19:49 | INFO | | An Iteration is Completed| epoch=9/10 | Iteration = 460/550| loss=0.519197 | acc=86.72%| val acc=85.87
2026-02-12 15:19:49 | INFO | | An Iteration is Completed| epoch=9/10 | Iteration = 461/550| loss=0.553795 | acc=85.64%| val acc=85.82
2026-02-12 15:19:49 | INFO | | An Iteration is Completed| epoch=9/10 | Iteration = 462/550| loss=0.572136 | acc=85.84%| val acc=85.80
2026-02-12 15:19:49 | INFO | | An Iteration is Completed| epoch=9/10 | Iteration = 463/550| loss=0.494015 | acc=87.89%| val acc=85.87
2026-02-12 15:19:49 | INFO | | An Iteration is Completed| epoch=9/10 | Iteration = 464/550| loss=0.549229 | acc=85.84%| val acc=85.92
2026-02-12 15:19:49 | INFO | | An Iteration is Completed| epoch=9/10 | Iteration = 465/550| loss=0.540493 | acc=84.96%| val acc=85.86
2026-02-12 15:19:49 | INFO | | An Iteration is Completed| epoch=9/10 | Iteration = 466/550| loss=0.511652 | acc=87.40%| val acc=85.84
2026-02-12 15:19:49 | INFO | | An Iteration is Completed| epoch=9/10 | Iteration = 467/550| loss=0.535412 | acc=86.62%| val acc=85.83
2026-02-12 15:19:49 | INFO | | An Iteration is Completed| epoch=9/10 | Iteration = 468/550| loss=0.571498 | acc=84.28%| val acc=85.82
2026-02-12 15:19:49 | INFO | | An Iteration is Completed| epoch=9/10 | Iteration = 469/550| loss=0.514710 | acc=86.43%| val acc=85.83
2026-02-12 15:19:49 | INFO | | An Iteration is Completed| epoch=9/10 | Iteration = 470/550| loss=0.541195 | acc=85.84%| val acc=85.89
2026-02-12 15:19:49 | INFO | | An Iteration is Completed| epoch=9/10 | Iteration = 471/550| loss=0.536459 | acc=86.82%| val acc=86.02
2026-02-12 15:19:49 | INFO | | An Iteration is Completed| epoch=9/10 | Iteration = 472/550| loss=0.524095 | acc=87.21%| val acc=86.07
2026-02-12 15:19:49 | INFO | | An Iteration is Completed| epoch=9/10 | Iteration = 473/550| loss=0.529138 | acc=86.23%| val acc=86.03
2026-02-12 15:19:49 | INFO | | An Iteration is Completed| epoch=9/10 | Iteration = 474/550| loss=0.522323 | acc=87.01%| val acc=86.04
2026-02-12 15:19:49 | INFO | | An Iteration is Completed| epoch=9/10 | Iteration = 475/550| loss=0.508916 | acc=87.40%| val acc=86.09
2026-02-12 15:19:49 | INFO | | An Iteration is Completed| epoch=9/10 | Iteration = 476/550| loss=0.565003 | acc=84.86%| val acc=86.16
2026-02-12 15:19:49 | INFO | | An Iteration is Completed| epoch=9/10 | Iteration = 477/550| loss=0.564924 | acc=84.47%| val acc=86.13
2026-02-12 15:19:49 | INFO | | An Iteration is Completed| epoch=9/10 | Iteration = 478/550| loss=0.480741 | acc=88.38%| val acc=85.96
2026-02-12 15:19:49 | INFO | | An Iteration is Completed| epoch=9/10 | Iteration = 479/550| loss=0.579638 | acc=84.47%| val acc=86.04
2026-02-12 15:19:49 | INFO | | An Iteration is Completed| epoch=9/10 | Iteration = 480/550| loss=0.517593 | acc=87.01%| val acc=86.07
2026-02-12 15:19:49 | INFO | | An Iteration is Completed| epoch=9/10 | Iteration = 481/550| loss=0.502521 | acc=87.01%| val acc=86.19
2026-02-12 15:19:49 | INFO | | An Iteration is Completed| epoch=9/10 | Iteration = 482/550| loss=0.505904 | acc=86.82%| val acc=86.26
2026-02-12 15:19:49 | INFO | | An Iteration is Completed| epoch=9/10 | Iteration = 483/550| loss=0.547097 | acc=85.55%| val acc=86.23
2026-02-12 15:19:49 | INFO | | An Iteration is Completed| epoch=9/10 | Iteration = 484/550| loss=0.543372 | acc=86.23%| val acc=86.23
2026-02-12 15:19:49 | INFO | | An Iteration is Completed| epoch=9/10 | Iteration = 485/550| loss=0.511574 | acc=87.11%| val acc=86.27
2026-02-12 15:19:49 | INFO | | An Iteration is Completed| epoch=9/10 | Iteration = 486/550| loss=0.538777 | acc=86.72%| val acc=86.26
2026-02-12 15:19:49 | INFO | | An Iteration is Completed| epoch=9/10 | Iteration = 487/550| loss=0.521896 | acc=86.62%| val acc=86.26
2026-02-12 15:19:49 | INFO | | An Iteration is Completed| epoch=9/10 | Iteration = 488/550| loss=0.531476 | acc=86.33%| val acc=86.23
2026-02-12 15:19:49 | INFO | | An Iteration is Completed| epoch=9/10 | Iteration = 489/550| loss=0.521546 | acc=86.04%| val acc=86.32
2026-02-12 15:19:49 | INFO | | An Iteration is Completed| epoch=9/10 | Iteration = 490/550| loss=0.512822 | acc=86.91%| val acc=86.29
2026-02-12 15:19:49 | INFO | | An Iteration is Completed| epoch=9/10 | Iteration = 491/550| loss=0.524134 | acc=87.60%| val acc=86.29
2026-02-12 15:19:49 | INFO | | An Iteration is Completed| epoch=9/10 | Iteration = 492/550| loss=0.454727 | acc=90.33%| val acc=86.34
2026-02-12 15:19:49 | INFO | | An Iteration is Completed| epoch=9/10 | Iteration = 493/550| loss=0.513845 | acc=86.91%| val acc=86.29
2026-02-12 15:19:49 | INFO | | An Iteration is Completed| epoch=9/10 | Iteration = 494/550| loss=0.522024 | acc=87.01%| val acc=86.37
2026-02-12 15:19:49 | INFO | | An Iteration is Completed| epoch=9/10 | Iteration = 495/550| loss=0.517893 | acc=87.06%| val acc=86.37
2026-02-12 15:19:49 | INFO | | The Epoch is Completedseed=42 | batch=1024| epoch=9/10| loss=0.534074| Acc=86.32%| Test_Acc=86.40%| Val Acc=86.37%| First Steady Time=3.3232851028442383| Steady Epoch Time=1.340991735458374
2026-02-12 15:19:49 | INFO | | An Iteration is Completed| epoch=10/10 | Iteration = 496/550| loss=0.499584 | acc=87.40%| val acc=86.37
2026-02-12 15:19:50 | INFO | | An Iteration is Completed| epoch=10/10 | Iteration = 497/550| loss=0.519346 | acc=86.43%| val acc=86.42
2026-02-12 15:19:50 | INFO | | An Iteration is Completed| epoch=10/10 | Iteration = 498/550| loss=0.515742 | acc=86.43%| val acc=86.40
2026-02-12 15:19:50 | INFO | | An Iteration is Completed| epoch=10/10 | Iteration = 499/550| loss=0.501190 | acc=87.01%| val acc=86.42
2026-02-12 15:19:50 | INFO | | An Iteration is Completed| epoch=10/10 | Iteration = 500/550| loss=0.456309 | acc=88.48%| val acc=86.40
2026-02-12 15:19:50 | INFO | | An Iteration is Completed| epoch=10/10 | Iteration = 501/550| loss=0.501742 | acc=87.01%| val acc=86.37
2026-02-12 15:19:50 | INFO | | An Iteration is Completed| epoch=10/10 | Iteration = 502/550| loss=0.526468 | acc=86.04%| val acc=86.33
2026-02-12 15:19:50 | INFO | | An Iteration is Completed| epoch=10/10 | Iteration = 503/550| loss=0.513466 | acc=85.55%| val acc=86.40
2026-02-12 15:19:50 | INFO | | An Iteration is Completed| epoch=10/10 | Iteration = 504/550| loss=0.518806 | acc=87.21%| val acc=86.44
2026-02-12 15:19:50 | INFO | | An Iteration is Completed| epoch=10/10 | Iteration = 505/550| loss=0.515227 | acc=87.11%| val acc=86.37
2026-02-12 15:19:50 | INFO | | An Iteration is Completed| epoch=10/10 | Iteration = 506/550| loss=0.462629 | acc=88.77%| val acc=86.39
2026-02-12 15:19:50 | INFO | | An Iteration is Completed| epoch=10/10 | Iteration = 507/550| loss=0.535632 | acc=84.28%| val acc=86.30
2026-02-12 15:19:50 | INFO | | An Iteration is Completed| epoch=10/10 | Iteration = 508/550| loss=0.516255 | acc=86.52%| val acc=86.40
2026-02-12 15:19:50 | INFO | | An Iteration is Completed| epoch=10/10 | Iteration = 509/550| loss=0.466809 | acc=88.57%| val acc=86.46
2026-02-12 15:19:50 | INFO | | An Iteration is Completed| epoch=10/10 | Iteration = 510/550| loss=0.563005 | acc=84.86%| val acc=86.49
2026-02-12 15:19:50 | INFO | | An Iteration is Completed| epoch=10/10 | Iteration = 511/550| loss=0.509727 | acc=87.21%| val acc=86.43
2026-02-12 15:19:50 | INFO | | An Iteration is Completed| epoch=10/10 | Iteration = 512/550| loss=0.447699 | acc=89.16%| val acc=86.53
2026-02-12 15:19:50 | INFO | | An Iteration is Completed| epoch=10/10 | Iteration = 513/550| loss=0.487934 | acc=86.52%| val acc=86.49
2026-02-12 15:19:50 | INFO | | An Iteration is Completed| epoch=10/10 | Iteration = 514/550| loss=0.488413 | acc=87.50%| val acc=86.60
2026-02-12 15:19:50 | INFO | | An Iteration is Completed| epoch=10/10 | Iteration = 515/550| loss=0.504156 | acc=86.33%| val acc=86.57
2026-02-12 15:19:50 | INFO | | An Iteration is Completed| epoch=10/10 | Iteration = 516/550| loss=0.519150 | acc=85.84%| val acc=86.72
2026-02-12 15:19:50 | INFO | | An Iteration is Completed| epoch=10/10 | Iteration = 517/550| loss=0.481612 | acc=87.70%| val acc=86.64
2026-02-12 15:19:50 | INFO | | An Iteration is Completed| epoch=10/10 | Iteration = 518/550| loss=0.526440 | acc=85.94%| val acc=86.67
2026-02-12 15:19:50 | INFO | | An Iteration is Completed| epoch=10/10 | Iteration = 519/550| loss=0.518084 | acc=86.62%| val acc=86.74
2026-02-12 15:19:50 | INFO | | An Iteration is Completed| epoch=10/10 | Iteration = 520/550| loss=0.508776 | acc=87.01%| val acc=86.69
2026-02-12 15:19:50 | INFO | | An Iteration is Completed| epoch=10/10 | Iteration = 521/550| loss=0.505735 | acc=86.62%| val acc=86.62
2026-02-12 15:19:50 | INFO | | An Iteration is Completed| epoch=10/10 | Iteration = 522/550| loss=0.521690 | acc=86.13%| val acc=86.69
2026-02-12 15:19:50 | INFO | | An Iteration is Completed| epoch=10/10 | Iteration = 523/550| loss=0.463344 | acc=88.38%| val acc=86.70
2026-02-12 15:19:50 | INFO | | An Iteration is Completed| epoch=10/10 | Iteration = 524/550| loss=0.501898 | acc=87.79%| val acc=86.77
2026-02-12 15:19:50 | INFO | | An Iteration is Completed| epoch=10/10 | Iteration = 525/550| loss=0.474179 | acc=88.67%| val acc=86.79
2026-02-12 15:19:50 | INFO | | An Iteration is Completed| epoch=10/10 | Iteration = 526/550| loss=0.542260 | acc=85.25%| val acc=86.74
2026-02-12 15:19:50 | INFO | | An Iteration is Completed| epoch=10/10 | Iteration = 527/550| loss=0.499208 | acc=87.79%| val acc=86.66
2026-02-12 15:19:50 | INFO | | An Iteration is Completed| epoch=10/10 | Iteration = 528/550| loss=0.468381 | acc=88.57%| val acc=86.69
2026-02-12 15:19:50 | INFO | | An Iteration is Completed| epoch=10/10 | Iteration = 529/550| loss=0.487124 | acc=87.70%| val acc=86.76
2026-02-12 15:19:50 | INFO | | An Iteration is Completed| epoch=10/10 | Iteration = 530/550| loss=0.480161 | acc=87.30%| val acc=86.76
2026-02-12 15:19:50 | INFO | | An Iteration is Completed| epoch=10/10 | Iteration = 531/550| loss=0.516574 | acc=86.43%| val acc=86.77
2026-02-12 15:19:50 | INFO | | An Iteration is Completed| epoch=10/10 | Iteration = 532/550| loss=0.533885 | acc=85.16%| val acc=86.77
2026-02-12 15:19:50 | INFO | | An Iteration is Completed| epoch=10/10 | Iteration = 533/550| loss=0.521892 | acc=85.94%| val acc=86.79
2026-02-12 15:19:51 | INFO | | An Iteration is Completed| epoch=10/10 | Iteration = 534/550| loss=0.520550 | acc=85.35%| val acc=86.86
2026-02-12 15:19:51 | INFO | | An Iteration is Completed| epoch=10/10 | Iteration = 535/550| loss=0.508256 | acc=86.04%| val acc=86.86
2026-02-12 15:19:51 | INFO | | An Iteration is Completed| epoch=10/10 | Iteration = 536/550| loss=0.496106 | acc=86.43%| val acc=86.90
2026-02-12 15:19:51 | INFO | | An Iteration is Completed| epoch=10/10 | Iteration = 537/550| loss=0.533021 | acc=85.55%| val acc=86.92
2026-02-12 15:19:51 | INFO | | An Iteration is Completed| epoch=10/10 | Iteration = 538/550| loss=0.536474 | acc=86.23%| val acc=86.92
2026-02-12 15:19:51 | INFO | | An Iteration is Completed| epoch=10/10 | Iteration = 539/550| loss=0.467131 | acc=88.09%| val acc=86.92
2026-02-12 15:19:51 | INFO | | An Iteration is Completed| epoch=10/10 | Iteration = 540/550| loss=0.480034 | acc=88.48%| val acc=86.89
2026-02-12 15:19:51 | INFO | | An Iteration is Completed| epoch=10/10 | Iteration = 541/550| loss=0.518185 | acc=85.84%| val acc=86.87
2026-02-12 15:19:51 | INFO | | An Iteration is Completed| epoch=10/10 | Iteration = 542/550| loss=0.494967 | acc=85.74%| val acc=86.93
2026-02-12 15:19:51 | INFO | | An Iteration is Completed| epoch=10/10 | Iteration = 543/550| loss=0.465859 | acc=88.96%| val acc=86.94
2026-02-12 15:19:51 | INFO | | An Iteration is Completed| epoch=10/10 | Iteration = 544/550| loss=0.484341 | acc=88.28%| val acc=86.94
2026-02-12 15:19:51 | INFO | | An Iteration is Completed| epoch=10/10 | Iteration = 545/550| loss=0.507037 | acc=86.62%| val acc=86.90
2026-02-12 15:19:51 | INFO | | An Iteration is Completed| epoch=10/10 | Iteration = 546/550| loss=0.486597 | acc=87.01%| val acc=86.96
2026-02-12 15:19:51 | INFO | | An Iteration is Completed| epoch=10/10 | Iteration = 547/550| loss=0.492231 | acc=88.28%| val acc=86.89
2026-02-12 15:19:51 | INFO | | An Iteration is Completed| epoch=10/10 | Iteration = 548/550| loss=0.450723 | acc=87.70%| val acc=86.97
2026-02-12 15:19:51 | INFO | | An Iteration is Completed| epoch=10/10 | Iteration = 549/550| loss=0.503928 | acc=85.64%| val acc=87.00
2026-02-12 15:19:51 | INFO | | An Iteration is Completed| epoch=10/10 | Iteration = 550/550| loss=0.497175 | acc=88.05%| val acc=87.02
2026-02-12 15:19:51 | INFO | | The Epoch is Completedseed=42 | batch=1024| epoch=10/10| loss=0.501171| Acc=86.93%| Test_Acc=86.94%| Val Acc=87.02%| First Steady Time=3.3232851028442383| Steady Epoch Time=1.340991735458374
2026-02-12 15:19:51 | INFO | Saving the final model checkpoints with seed : 42 at location: checkpoints/run42_final.npz
